
Load existing NView match, begin...
Load matthieuLaMerde.nvm...

20170213_150420
image_size:	2048x1152
focal_length:	1763.556
#sift count:	3740

20170213_150422
image_size:	2048x1152
focal_length:	1763.556
#sift count:	3934

20170213_150421
image_size:	2048x1152
focal_length:	1763.556
#sift count:	3778

20170213_150424
image_size:	2048x1152
focal_length:	1763.556
#sift count:	3834

20170213_150419
image_size:	2048x1152
focal_length:	1763.556
#sift count:	3197

20170213_150426
image_size:	2048x1152
focal_length:	1763.556
#sift count:	3549

20170213_150428
image_size:	2048x1152
focal_length:	1763.556
#sift count:	4035

20170213_150432
image_size:	2048x1152
focal_length:	1763.556
#sift count:	3461

20170213_150255
image_size:	2048x1152
focal_length:	1763.556
#sift count:	3543

20170213_150256
image_size:	2048x1152
focal_length:	1763.556
#sift count:	3247

20170213_150258
image_size:	2048x1152
focal_length:	1763.556
#sift count:	3548

20170213_150301
image_size:	2048x1152
focal_length:	1763.556
#sift count:	3411

20170213_150303
image_size:	2048x1152
focal_length:	1763.556
#sift count:	4153

20170213_150304
image_size:	2048x1152
focal_length:	1763.556
#sift count:	3818

20170213_150302
image_size:	2048x1152
focal_length:	1763.556
#sift count:	3503

20170213_150305
image_size:	2048x1152
focal_length:	1763.556
#sift count:	3699

20170213_150307
image_size:	2048x1152
focal_length:	1763.556
#sift count:	3869

20170213_150308
image_size:	2048x1152
focal_length:	1763.556
#sift count:	3625

20170213_150309
image_size:	2048x1152
focal_length:	1763.556
#sift count:	4225

20170213_150310
image_size:	2048x1152
focal_length:	1763.556
#sift count:	3895

20170213_150312
image_size:	2048x1152
focal_length:	1763.556
#sift count:	3868

20170213_150314
image_size:	2048x1152
focal_length:	1763.556
#sift count:	4028

20170213_150313
image_size:	2048x1152
focal_length:	1763.556
#sift count:	3424

20170213_150315
image_size:	2048x1152
focal_length:	1763.556
#sift count:	3647

20170213_150405
image_size:	2048x1152
focal_length:	1763.556
#sift count:	4013

20170213_150408
image_size:	2048x1152
focal_length:	1763.556
#sift count:	4693

20170213_150407
image_size:	2048x1152
focal_length:	1763.556
#sift count:	4026

20170213_150409
image_size:	2048x1152
focal_length:	1763.556
#sift count:	3505

20170213_150411
image_size:	2048x1152
focal_length:	1763.556
#sift count:	4374

20170213_150412
image_size:	2048x1152
focal_length:	1763.556
#sift count:	4463

20170213_150413
image_size:	2048x1152
focal_length:	1763.556
#sift count:	3886

20170213_150415
image_size:	2048x1152
focal_length:	1763.556
#sift count:	4128

20170213_150402
image_size:	2048x1152
focal_length:	1763.556
#sift count:	4228

20170213_150401
image_size:	2048x1152
focal_length:	1763.556
#sift count:	3638

20170213_150359
image_size:	2048x1152
focal_length:	1763.556
#sift count:	3785

20170213_150253
image_size:	2048x1152
focal_length:	1763.556
#sift count:	2956

20170213_150319
image_size:	2048x1152
focal_length:	1763.556
#sift count:	3666

20170213_150320
image_size:	2048x1152
focal_length:	1763.556
#sift count:	3376

20170213_150324
image_size:	2048x1152
focal_length:	1763.556
#sift count:	3510

20170213_150322
image_size:	2048x1152
focal_length:	1763.556
#sift count:	3425

20170213_150327
image_size:	2048x1152
focal_length:	1763.556
#sift count:	4336

20170213_150329
image_size:	2048x1152
focal_length:	1763.556
#sift count:	4166

20170213_150331
image_size:	2048x1152
focal_length:	1763.556
#sift count:	4069

20170213_150333
image_size:	2048x1152
focal_length:	1763.556
#sift count:	4576

20170213_150325
image_size:	2048x1152
focal_length:	1763.556
#sift count:	3428

20170213_150250
image_size:	2048x1152
focal_length:	1763.556
#sift count:	3112

20170213_150249
image_size:	2048x1152
focal_length:	1763.556
#sift count:	3156

20170213_150247
image_size:	2048x1152
focal_length:	1763.556
#sift count:	3479

20170213_150336
image_size:	2048x1152
focal_length:	1763.556
#sift count:	4595

20170213_150339
image_size:	2048x1152
focal_length:	1763.556
#sift count:	4530

20170213_150340
image_size:	2048x1152
focal_length:	1763.556
#sift count:	3791

20170213_150341
image_size:	2048x1152
focal_length:	1763.556
#sift count:	4296

20170213_150342
image_size:	2048x1152
focal_length:	1763.556
#sift count:	4046

20170213_150344
image_size:	2048x1152
focal_length:	1763.556
#sift count:	3865

20170213_150345
image_size:	2048x1152
focal_length:	1763.556
#sift count:	3624

20170213_150347
image_size:	2048x1152
focal_length:	1763.556
#sift count:	3216

20170213_150348
image_size:	2048x1152
focal_length:	1763.556
#sift count:	3620

20170213_150349
image_size:	2048x1152
focal_length:	1763.556
#sift count:	3472

20170213_150352
image_size:	2048x1152
focal_length:	1763.556
#sift count:	3242

20170213_150351
image_size:	2048x1152
focal_length:	1763.556
#sift count:	3403

20170213_150354
image_size:	2048x1152
focal_length:	1763.556
#sift count:	3450

20170213_150427
image_size:	2048x1152
focal_length:	1763.556
#sift count:	2641

20170213_150406
image_size:	2048x1152
focal_length:	1763.556
#sift count:	2452

20170213_150433
image_size:	2048x1152
focal_length:	1763.556
#sift count:	2809

20170213_150246
image_size:	2048x1152
focal_length:	1763.556
#sift count:	2594

20170213_150244
image_size:	2048x1152
focal_length:	1763.556
#sift count:	3050

20170213_150243
image_size:	2048x1152
focal_length:	1763.556
#sift count:	2919

20170213_150300
image_size:	2048x1152
focal_length:	1763.556
#sift count:	2162

20170213_150316
image_size:	2048x1152
focal_length:	1763.556
#sift count:	1995

Loading 16927 3D points...
# images loaded:	69
**************************************
Change the number of pixel-loaded images by 
modifying param_visual_data_budget in nv.ini
Use the PAUSE button to skip the pixel loading
**************************************
Loading image pixel data ...done in 5s
Loading matching records ...done in 2s
----------------------------------------------------------------
Load existing NView match, finished
Totally 8.000 seconds used


Run dense reconstruction, begin...

#############################
Undistorting 69 images in model #0
param_undistortion_thread_num = 0
NOTE: using 8 threads...
#00: 201..50420 -> 00000000.jpg, 1.166 sec
#05: 201..50255 -> 00000008.jpg, 1.177 sec
#03: 201..50426 -> 00000005.jpg, 1.209 sec
#02: 201..50424 -> 00000003.jpg, 1.211 sec
#04: 201..50432 -> 00000007.jpg, 1.212 sec
#06: 201..50258 -> 00000010.jpg, 1.215 sec
#07: 201..50301 -> 00000011.jpg, 1.218 sec
#01: 201..50421 -> 00000002.jpg, 1.218 sec
#03: 201..50428 -> 00000006.jpg, 1.123 sec
#05: 201..50256 -> 00000009.jpg, 1.192 sec
#02: 201..50419 -> 00000004.jpg, 1.140 sec
#07: 201..50307 -> 00000016.jpg, 1.131 sec
#00: 201..50422 -> 00000001.jpg, 1.233 sec
#01: 201..50309 -> 00000018.jpg, 1.151 sec
#04: 201..50303 -> 00000012.jpg, 1.165 sec
#06: 201..50302 -> 00000014.jpg, 1.161 sec
#00: 201..50407 -> 00000026.jpg, 1.063 sec
#01: 201..50310 -> 00000019.jpg, 1.073 sec
#03: 201..50312 -> 00000020.jpg, 1.127 sec
#05: 201..50313 -> 00000022.jpg, 1.108 sec
#06: 201..50305 -> 00000015.jpg, 1.064 sec
#02: 201..50405 -> 00000024.jpg, 1.106 sec
#04: 201..50304 -> 00000013.jpg, 1.103 sec
#07: 201..50308 -> 00000017.jpg, 1.152 sec
#00: 201..50409 -> 00000027.jpg, 1.103 sec
#05: 201..50315 -> 00000023.jpg, 1.078 sec
#01: 201..50411 -> 00000028.jpg, 1.088 sec
#03: 201..50314 -> 00000021.jpg, 1.084 sec
#02: 201..50408 -> 00000025.jpg, 1.089 sec
#06: 201..50413 -> 00000030.jpg, 1.102 sec
#04: 201..50402 -> 00000032.jpg, 1.094 sec
#07: 201..50359 -> 00000034.jpg, 1.067 sec
#03: 201..50327 -> 00000040.jpg, 1.121 sec
#00: 201..50319 -> 00000036.jpg, 1.130 sec
#01: 201..50412 -> 00000029.jpg, 1.150 sec
#05: 201..50324 -> 00000038.jpg, 1.160 sec
#02: 201..50331 -> 00000042.jpg, 1.148 sec
#04: 201..50401 -> 00000033.jpg, 1.128 sec
#06: 201..50415 -> 00000031.jpg, 1.151 sec
#07: 201..50253 -> 00000035.jpg, 1.137 sec
#01: 201..50325 -> 00000044.jpg, 1.101 sec
#03: 201..50329 -> 00000041.jpg, 1.167 sec
#04: 201..50249 -> 00000046.jpg, 1.118 sec
#05: 201..50322 -> 00000039.jpg, 1.133 sec
#00: 201..50320 -> 00000037.jpg, 1.163 sec
#07: 201..50340 -> 00000050.jpg, 1.110 sec
#06: 201..50336 -> 00000048.jpg, 1.117 sec
#02: 201..50333 -> 00000043.jpg, 1.131 sec
#06: 201..50339 -> 00000049.jpg, 1.082 sec
#03: 201..50342 -> 00000052.jpg, 1.132 sec
#01: 201..50250 -> 00000045.jpg, 1.164 sec
#00: 201..50348 -> 00000056.jpg, 1.134 sec
#07: 201..50341 -> 00000051.jpg, 1.140 sec
#05: 201..50345 -> 00000054.jpg, 1.152 sec
#04: 201..50247 -> 00000047.jpg, 1.164 sec
#02: 201..50352 -> 00000058.jpg, 1.143 sec
#01: 201..50406 -> 00000062.jpg, 1.028 sec
#03: 201..50344 -> 00000053.jpg, 1.032 sec
#05: 201..50347 -> 00000055.jpg, 1.078 sec
#07: 201..50246 -> 00000064.jpg, 1.100 sec
#04: 201..50243 -> 00000066.jpg, 1.093 sec
#00: 201..50349 -> 00000057.jpg, 1.126 sec
#06: 201..50354 -> 00000060.jpg, 1.166 sec
#02: 201..50351 -> 00000059.jpg, 1.135 sec
#01: 201..50433 -> 00000063.jpg, 0.858 sec
#03: 201..50316 -> 00000068.jpg, 0.850 sec
#06: 201..50427 -> 00000061.jpg, 0.767 sec
#07: 201..50244 -> 00000065.jpg, 0.803 sec
#04: 201..50300 -> 00000067.jpg, 0.803 sec
----------------------------------------------------------------
Running Yasutaka Furukawa's CMVS tool...
cmvs F:\photoNathan\matthieuLeRigolo.nvm.cmvs\00\ 50 8
genOption F:\photoNathan\matthieuLeRigolo.nvm.cmvs\00\ 1 2 0.700000 7 3 8
1 cluster is generated for pmvs reconstruction.
pmvs2 F:\photoNathan\matthieuLeRigolo.nvm.cmvs\00\ option-0000
This may take a little more time, waiting...
157 seconds were used by PMVS
Loading option-0000.ply, 162135 vertices ...

#############################
You can manually remove bad MVS points:
1. Switch to dense MVS points mode;
2. Hit F1 key to enter the selection mode;
3. Select points by dragging a rectangle;
4. Hit DELETE to delete the selected points.

#############################
Save to matthieuLeRigolo.nvm ... done
Save F:\photoNathan\matthieuLeRigolo.0.ply ...done
----------------------------------------------------------------
Run dense reconstruction, finished
Totally 176.000 seconds used

