#
# A fatal error has been detected by the Java Runtime Environment:
#
#  EXCEPTION_ACCESS_VIOLATION (0xc0000005) at pc=0x000000005f72a088, pid=19620, tid=11732
#
# JRE version: Java(TM) SE Runtime Environment (8.0_51-b16) (build 1.8.0_51-b16)
# Java VM: Java HotSpot(TM) 64-Bit Server VM (25.51-b03 mixed mode windows-amd64 compressed oops)
# Problematic frame:
# V  [jvm.dll+0x15a088]
#
# Failed to write core dump. Minidumps are not enabled by default on client versions of Windows
#
# If you would like to submit a bug report, please visit:
#   http://bugreport.java.com/bugreport/crash.jsp
# The crash happened outside the Java Virtual Machine in native code.
# See problematic frame for where to report the bug.
#

---------------  T H R E A D  ---------------

Current thread (0x0000000026c43000):  JavaThread "AWT-EventQueue-0" [_thread_in_native, id=11732, stack(0x0000000028a80000,0x0000000028b80000)]

siginfo: ExceptionCode=0xc0000005, writing address 0x0000000000000270

Registers:
RAX=0x000000000000dead, RBX=0x0000000000000000, RCX=0x000000001edfd800, RDX=0x0000000002544e68
RSP=0x0000000028b7dfa0, RBP=0x0000000002544e68, RSI=0x0000000000000000, RDI=0x0000000000000009
R8 =0x0000000000000000, R9 =0x0000000000000009, R10=0x000000005fd60d50, R11=0x000000005f7f7bb0
R12=0x0000000000000000, R13=0x0000000027bc7448, R14=0x0000000028b7e108, R15=0x0000000026c43000
RIP=0x000000005f72a088, EFLAGS=0x0000000000010246

Top of Stack: (sp=0x0000000028b7dfa0)
0x0000000028b7dfa0:   000000005fba5510 0000000000000000
0x0000000028b7dfb0:   0000000000000000 0000000002bc7540
0x0000000028b7dfc0:   0000000002bc7540 0000000000000000
0x0000000028b7dfd0:   0000000000000000 0000000000000000
0x0000000028b7dfe0:   0000000000000009 000000005f000000
0x0000000028b7dff0:   000000001f29d300 00007ffa6acf600d
0x0000000028b7e000:   0000000000000009 00000000000003e8
0x0000000028b7e010:   0000000000000009 000000000000085f
0x0000000028b7e020:   00000000269ecc0c 000000005fdcd7f8
0x0000000028b7e030:   0000000002577730 0000000002586937
0x0000000028b7e040:   0000000028b7e0d0 0000000027bc7448
0x0000000028b7e050:   0000000003b594cb 0000000027bc7578
0x0000000028b7e060:   0000000028b7e0c0 0000000027bcad70
0x0000000028b7e070:   0000000000000000 0000000027bc7578
0x0000000028b7e080:   0000000000000009 00000006c121d0d0
0x0000000028b7e090:   0000000028b7e080 0000000000000000 

Instructions: (pc=0x000000005f72a088)
0x000000005f72a068:   8b ea 3d ab de 00 00 74 17 8b 83 88 02 00 00 3d
0x000000005f72a078:   ac de 00 00 74 0a 48 8b cb e8 7a fb 0d 00 33 db
0x000000005f72a088:   c7 83 70 02 00 00 05 00 00 00 83 3d df 09 6a 00
0x000000005f72a098:   01 75 09 80 3d 41 fc 69 00 00 74 18 80 3d 39 fc 


Register to memory mapping:

RAX=0x000000000000dead is an unknown value
RBX=0x0000000000000000 is an unknown value
RCX=0x000000001edfd800 is an unknown value
RDX=0x0000000002544e68 is a global jni handle
RSP=0x0000000028b7dfa0 is pointing into the stack for thread: 0x0000000026c43000
RBP=0x0000000002544e68 is a global jni handle
RSI=0x0000000000000000 is an unknown value
RDI=0x0000000000000009 is an unknown value
R8 =0x0000000000000000 is an unknown value
R9 =0x0000000000000009 is an unknown value
R10=0x000000005fd60d50 is an unknown value
R11=0x000000005f7f7bb0 is an unknown value
R12=0x0000000000000000 is an unknown value
R13={method} {0x0000000027bc7450} 'nativeReadBuf' '(JI)I' in 'ch/aplu/jaw/NativeHandler'
R14=0x0000000028b7e108 is pointing into the stack for thread: 0x0000000026c43000
R15=0x0000000026c43000 is a thread


Stack: [0x0000000028a80000,0x0000000028b80000],  sp=0x0000000028b7dfa0,  free space=1015k
Native frames: (J=compiled Java code, j=interpreted, Vv=VM code, C=native code)
V  [jvm.dll+0x15a088]
C  [xboxcontroller64.dll+0x600d]
C  0x0000000002586937

Java frames: (J=compiled Java code, j=interpreted, Vv=VM code)
j  ch.aplu.jaw.NativeHandler.nativeReadBuf(JI)I+0
j  ch.aplu.jaw.NativeHandler.readBuf(I)I+33
j  ch.aplu.xboxcontroller.XboxController.readData()Lch/aplu/xboxcontroller/ControllerState;+15
j  ch.aplu.xboxcontroller.XboxController.access$000(Lch/aplu/xboxcontroller/XboxController;)Lch/aplu/xboxcontroller/ControllerState;+1
j  ch.aplu.xboxcontroller.XboxController$1.actionPerformed(Ljava/awt/event/ActionEvent;)V+4
j  javax.swing.Timer.fireActionPerformed(Ljava/awt/event/ActionEvent;)V+34
j  javax.swing.Timer$DoPostEvent.run()V+74
j  java.awt.event.InvocationEvent.dispatch()V+47
j  java.awt.EventQueue.dispatchEventImpl(Ljava/awt/AWTEvent;Ljava/lang/Object;)V+21
j  java.awt.EventQueue.access$500(Ljava/awt/EventQueue;Ljava/awt/AWTEvent;Ljava/lang/Object;)V+3
j  java.awt.EventQueue$3.run()Ljava/lang/Void;+32
j  java.awt.EventQueue$3.run()Ljava/lang/Object;+1
v  ~StubRoutines::call_stub
J 1184  java.security.AccessController.doPrivileged(Ljava/security/PrivilegedAction;Ljava/security/AccessControlContext;)Ljava/lang/Object; (0 bytes) @ 0x0000000002988226 [0x00000000029881c0+0x66]
j  java.security.ProtectionDomain$1.doIntersectionPrivilege(Ljava/security/PrivilegedAction;Ljava/security/AccessControlContext;Ljava/security/AccessControlContext;)Ljava/lang/Object;+28
j  java.awt.EventQueue.dispatchEvent(Ljava/awt/AWTEvent;)V+46
j  java.awt.EventDispatchThread.pumpOneEventForFilters(I)V+245
j  java.awt.EventDispatchThread.pumpEventsForFilter(ILjava/awt/Conditional;Ljava/awt/EventFilter;)V+35
j  java.awt.EventDispatchThread.pumpEventsForHierarchy(ILjava/awt/Conditional;Ljava/awt/Component;)V+11
j  java.awt.EventDispatchThread.pumpEvents(ILjava/awt/Conditional;)V+4
j  java.awt.EventDispatchThread.pumpEvents(Ljava/awt/Conditional;)V+3
j  java.awt.EventDispatchThread.run()V+9
v  ~StubRoutines::call_stub

---------------  P R O C E S S  ---------------

Java Threads: ( => current thread )
  0x0000000026c46000 JavaThread "DestroyJavaVM" [_thread_blocked, id=14300, stack(0x0000000002370000,0x0000000002470000)]
=>0x0000000026c43000 JavaThread "AWT-EventQueue-0" [_thread_in_native, id=11732, stack(0x0000000028a80000,0x0000000028b80000)]
  0x0000000026c48800 JavaThread "AWT-Windows" daemon [_thread_in_native, id=18784, stack(0x0000000028780000,0x0000000028880000)]
  0x0000000026a0f800 JavaThread "AWT-Shutdown" [_thread_blocked, id=472, stack(0x0000000028680000,0x0000000028780000)]
  0x0000000026a0f000 JavaThread "Java2D Disposer" daemon [_thread_blocked, id=13892, stack(0x0000000028580000,0x0000000028680000)]
  0x00000000269ed800 JavaThread "TimerQueue" daemon [_thread_blocked, id=12596, stack(0x0000000028480000,0x0000000028580000)]
  0x00000000269eb000 JavaThread "Thread-4" [_thread_in_native, id=8912, stack(0x0000000027e80000,0x0000000027f80000)]
  0x000000001f1e4000 JavaThread "Prism Font Disposer" daemon [_thread_blocked, id=8084, stack(0x0000000025eb0000,0x0000000025fb0000)]
  0x000000001eee5000 JavaThread "Thread-3" daemon [_thread_in_native, id=8668, stack(0x0000000023d50000,0x0000000023e50000)]
  0x000000001edfc000 JavaThread "Thread-1" daemon [_thread_blocked, id=17636, stack(0x000000001f5b0000,0x000000001f6b0000)]
  0x000000001e07b800 JavaThread "Service Thread" daemon [_thread_blocked, id=236, stack(0x000000001e9b0000,0x000000001eab0000)]
  0x000000001dfe9800 JavaThread "C1 CompilerThread3" daemon [_thread_blocked, id=6976, stack(0x000000001e8b0000,0x000000001e9b0000)]
  0x000000001dfe4800 JavaThread "C2 CompilerThread2" daemon [_thread_blocked, id=20308, stack(0x000000001e7b0000,0x000000001e8b0000)]
  0x000000001dfe0800 JavaThread "C2 CompilerThread1" daemon [_thread_blocked, id=12012, stack(0x000000001e6b0000,0x000000001e7b0000)]
  0x000000001dfdd000 JavaThread "C2 CompilerThread0" daemon [_thread_blocked, id=2152, stack(0x000000001e5b0000,0x000000001e6b0000)]
  0x000000001dfd9000 JavaThread "Attach Listener" daemon [_thread_blocked, id=14532, stack(0x000000001e4b0000,0x000000001e5b0000)]
  0x000000001dfd8000 JavaThread "Signal Dispatcher" daemon [_thread_blocked, id=1696, stack(0x000000001e3b0000,0x000000001e4b0000)]
  0x000000000256c800 JavaThread "Finalizer" daemon [_thread_blocked, id=7216, stack(0x000000001deb0000,0x000000001dfb0000)]
  0x0000000002565800 JavaThread "Reference Handler" daemon [_thread_blocked, id=20544, stack(0x000000001ddb0000,0x000000001deb0000)]

Other Threads:
  0x000000001bfd9000 VMThread [stack: 0x000000001dcb0000,0x000000001ddb0000] [id=8120]
  0x000000001e01e000 WatcherThread [stack: 0x000000001eab0000,0x000000001ebb0000] [id=9988]

VM state:not at safepoint (normal execution)

VM Mutex/Monitor currently owned by a thread: None

Heap:
 PSYoungGen      total 76288K, used 5810K [0x000000076b100000, 0x0000000770600000, 0x00000007c0000000)
  eden space 65536K, 8% used [0x000000076b100000,0x000000076b6acb20,0x000000076f100000)
  from space 10752K, 0% used [0x000000076f100000,0x000000076f100000,0x000000076fb80000)
  to   space 10752K, 0% used [0x000000076fb80000,0x000000076fb80000,0x0000000770600000)
 ParOldGen       total 175104K, used 7268K [0x00000006c1200000, 0x00000006cbd00000, 0x000000076b100000)
  object space 175104K, 4% used [0x00000006c1200000,0x00000006c1919180,0x00000006cbd00000)
 Metaspace       used 18989K, capacity 19842K, committed 20096K, reserved 1067008K
  class space    used 2685K, capacity 2870K, committed 2944K, reserved 1048576K

Card table byte_map: [0x0000000011930000,0x0000000012130000] byte_map_base: 0x000000000e327000

Marking Bits: (ParMarkBitMap*) 0x000000005fdd4040
 Begin Bits: [0x0000000012e80000, 0x0000000016e38000)
 End Bits:   [0x0000000016e38000, 0x000000001adf0000)

Polling page: 0x0000000000ab0000

CodeCache: size=245760Kb used=6504Kb max_used=6509Kb free=239255Kb
 bounds [0x0000000002570000, 0x0000000002bd0000, 0x0000000011570000]
 total_blobs=2849 nmethods=2143 adapters=617
 compilation: enabled

Compilation events (10 events):
Event: 14.078 Thread 0x000000001dfe9800 nmethod 2137 0x0000000002bc8790 code [0x0000000002bc89e0, 0x0000000002bc98b8]
Event: 14.079 Thread 0x000000001dfe0800 nmethod 2135 0x0000000002bc7750 code [0x0000000002bc78c0, 0x0000000002bc8198]
Event: 14.080 Thread 0x000000001dfe9800 2138       3       java.util.LinkedList$ListItr::hasNext (20 bytes)
Event: 14.080 Thread 0x000000001dfe9800 nmethod 2138 0x0000000002bcd090 code [0x0000000002bcd1e0, 0x0000000002bcd3b0]
Event: 14.121 Thread 0x000000001dfe9800 2140       3       java.awt.EventQueue::postEvent (13 bytes)
Event: 14.121 Thread 0x000000001dfe9800 nmethod 2140 0x0000000002bcc910 code [0x0000000002bccaa0, 0x0000000002bccec8]
Event: 14.173 Thread 0x000000001dfe9800 2141       3       java.util.concurrent.locks.ReentrantLock::lockInterruptibly (9 bytes)
Event: 14.174 Thread 0x000000001dfe9800 nmethod 2141 0x0000000002bcc010 code [0x0000000002bcc1c0, 0x0000000002bcc6d8]
Event: 14.174 Thread 0x000000001dfe9800 2142       3       java.util.concurrent.locks.AbstractQueuedSynchronizer::acquireInterruptibly (28 bytes)
Event: 14.174 Thread 0x000000001dfe9800 nmethod 2142 0x0000000002bcb890 code [0x0000000002bcba40, 0x0000000002bcbe78]

GC Heap History (4 events):
Event: 14.036 GC heap before
{Heap before GC invocations=1 (full 0):
 PSYoungGen      total 76288K, used 53169K [0x000000076b100000, 0x0000000770600000, 0x00000007c0000000)
  eden space 65536K, 81% used [0x000000076b100000,0x000000076e4ec520,0x000000076f100000)
  from space 10752K, 0% used [0x000000076fb80000,0x000000076fb80000,0x0000000770600000)
  to   space 10752K, 0% used [0x000000076f100000,0x000000076f100000,0x000000076fb80000)
 ParOldGen       total 175104K, used 0K [0x00000006c1200000, 0x00000006cbd00000, 0x000000076b100000)
  object space 175104K, 0% used [0x00000006c1200000,0x00000006c1200000,0x00000006cbd00000)
 Metaspace       used 18972K, capacity 19816K, committed 20096K, reserved 1067008K
  class space    used 2680K, capacity 2863K, committed 2944K, reserved 1048576K
Event: 14.042 GC heap after
Heap after GC invocations=1 (full 0):
 PSYoungGen      total 76288K, used 9406K [0x000000076b100000, 0x0000000770600000, 0x00000007c0000000)
  eden space 65536K, 0% used [0x000000076b100000,0x000000076b100000,0x000000076f100000)
  from space 10752K, 87% used [0x000000076f100000,0x000000076fa2f980,0x000000076fb80000)
  to   space 10752K, 0% used [0x000000076fb80000,0x000000076fb80000,0x0000000770600000)
 ParOldGen       total 175104K, used 88K [0x00000006c1200000, 0x00000006cbd00000, 0x000000076b100000)
  object space 175104K, 0% used [0x00000006c1200000,0x00000006c1216010,0x00000006cbd00000)
 Metaspace       used 18972K, capacity 19816K, committed 20096K, reserved 1067008K
  class space    used 2680K, capacity 2863K, committed 2944K, reserved 1048576K
}
Event: 14.042 GC heap before
{Heap before GC invocations=2 (full 1):
 PSYoungGen      total 76288K, used 9406K [0x000000076b100000, 0x0000000770600000, 0x00000007c0000000)
  eden space 65536K, 0% used [0x000000076b100000,0x000000076b100000,0x000000076f100000)
  from space 10752K, 87% used [0x000000076f100000,0x000000076fa2f980,0x000000076fb80000)
  to   space 10752K, 0% used [0x000000076fb80000,0x000000076fb80000,0x0000000770600000)
 ParOldGen       total 175104K, used 88K [0x00000006c1200000, 0x00000006cbd00000, 0x000000076b100000)
  object space 175104K, 0% used [0x00000006c1200000,0x00000006c1216010,0x00000006cbd00000)
 Metaspace       used 18972K, capacity 19816K, committed 20096K, reserved 1067008K
  class space    used 2680K, capacity 2863K, committed 2944K, reserved 1048576K
Event: 14.070 GC heap after
Heap after GC invocations=2 (full 1):
 PSYoungGen      total 76288K, used 0K [0x000000076b100000, 0x0000000770600000, 0x00000007c0000000)
  eden space 65536K, 0% used [0x000000076b100000,0x000000076b100000,0x000000076f100000)
  from space 10752K, 0% used [0x000000076f100000,0x000000076f100000,0x000000076fb80000)
  to   space 10752K, 0% used [0x000000076fb80000,0x000000076fb80000,0x0000000770600000)
 ParOldGen       total 175104K, used 7268K [0x00000006c1200000, 0x00000006cbd00000, 0x000000076b100000)
  object space 175104K, 4% used [0x00000006c1200000,0x00000006c1919180,0x00000006cbd00000)
 Metaspace       used 18972K, capacity 19816K, committed 20096K, reserved 1067008K
  class space    used 2680K, capacity 2863K, committed 2944K, reserved 1048576K
}

Deoptimization events (10 events):
Event: 0.574 Thread 0x000000001edfd800 Uncommon trap: reason=class_check action=maybe_recompile pc=0x00000000026b0290 method=java.lang.String.equals(Ljava/lang/Object;)Z @ 8
Event: 0.655 Thread 0x000000001edfd800 Uncommon trap: reason=unstable_if action=reinterpret pc=0x000000000292d1b8 method=jdk.internal.org.objectweb.asm.Type.getArgumentsAndReturnSizes(Ljava/lang/String;)I @ 47
Event: 3.062 Thread 0x00000000269e3800 Uncommon trap: reason=predicate action=maybe_recompile pc=0x00000000028791f8 method=sun.net.www.ParseUtil.encodePath(Ljava/lang/String;Z)Ljava/lang/String; @ 36
Event: 3.218 Thread 0x000000001edfd800 Uncommon trap: reason=unstable_if action=reinterpret pc=0x0000000002a058ac method=java.io.ByteArrayInputStream.read()I @ 8
Event: 3.218 Thread 0x000000001edfd800 Uncommon trap: reason=class_check action=maybe_recompile pc=0x0000000002939370 method=java.io.FilterInputStream.read()I @ 4
Event: 3.218 Thread 0x000000001edfd800 Uncommon trap: reason=class_check action=maybe_recompile pc=0x0000000002939370 method=java.io.FilterInputStream.read()I @ 4
Event: 3.218 Thread 0x000000001edfd800 Uncommon trap: reason=class_check action=maybe_recompile pc=0x0000000002939370 method=java.io.FilterInputStream.read()I @ 4
Event: 3.218 Thread 0x000000001edfd800 Uncommon trap: reason=class_check action=maybe_recompile pc=0x0000000002939370 method=java.io.FilterInputStream.read()I @ 4
Event: 14.074 Thread 0x000000001edfd800 Uncommon trap: reason=unstable_if action=reinterpret pc=0x000000000290dc98 method=java.lang.ref.SoftReference.get()Ljava/lang/Object; @ 17
Event: 14.075 Thread 0x000000001edfd800 Uncommon trap: reason=unstable_if action=reinterpret pc=0x00000000029f2ddc method=java.lang.ref.ReferenceQueue.poll()Ljava/lang/ref/Reference; @ 4

Internal exceptions (10 events):
Event: 10.519 Thread 0x00000000269e3800 Exception <a 'sun/net/ConnectionResetException': > (0x000000076dac7320) thrown at [C:\re\workspace\8-2-build-windows-amd64-cygwin\jdk8u51\3951\hotspot\src\share\vm\prims\jni.cpp, line 735]
Event: 10.519 Thread 0x00000000269e3800 Exception <a 'sun/net/ConnectionResetException': > (0x000000076dac74f8) thrown at [C:\re\workspace\8-2-build-windows-amd64-cygwin\jdk8u51\3951\hotspot\src\share\vm\prims\jni.cpp, line 735]
Event: 10.657 Thread 0x0000000026c43000 Exception <a 'java/net/SocketException': Connection reset by peer: socket write error> (0x000000076e13a780) thrown at [C:\re\workspace\8-2-build-windows-amd64-cygwin\jdk8u51\3951\hotspot\src\share\vm\prims\jni.cpp, line 735]
Event: 10.709 Thread 0x0000000026c43000 Exception <a 'java/net/SocketException': Connection reset by peer: socket write error> (0x000000076e13abf0) thrown at [C:\re\workspace\8-2-build-windows-amd64-cygwin\jdk8u51\3951\hotspot\src\share\vm\prims\jni.cpp, line 735]
Event: 10.860 Thread 0x0000000026c43000 Exception <a 'java/net/SocketException': Connection reset by peer: socket write error> (0x000000076e13b258) thrown at [C:\re\workspace\8-2-build-windows-amd64-cygwin\jdk8u51\3951\hotspot\src\share\vm\prims\jni.cpp, line 735]
Event: 10.911 Thread 0x0000000026c43000 Exception <a 'java/net/SocketException': Connection reset by peer: socket write error> (0x000000076e13b6c8) thrown at [C:\re\workspace\8-2-build-windows-amd64-cygwin\jdk8u51\3951\hotspot\src\share\vm\prims\jni.cpp, line 735]
Event: 10.962 Thread 0x0000000026c43000 Exception <a 'java/net/SocketException': Connection reset by peer: socket write error> (0x000000076e13bb30) thrown at [C:\re\workspace\8-2-build-windows-amd64-cygwin\jdk8u51\3951\hotspot\src\share\vm\prims\jni.cpp, line 735]
Event: 11.065 Thread 0x0000000026c43000 Exception <a 'java/net/SocketException': Connection reset by peer: socket write error> (0x000000076e13c0a0) thrown at [C:\re\workspace\8-2-build-windows-amd64-cygwin\jdk8u51\3951\hotspot\src\share\vm\prims\jni.cpp, line 735]
Event: 11.167 Thread 0x0000000026c43000 Exception <a 'java/net/SocketException': Connection reset by peer: socket write error> (0x000000076e13c8d0) thrown at [C:\re\workspace\8-2-build-windows-amd64-cygwin\jdk8u51\3951\hotspot\src\share\vm\prims\jni.cpp, line 735]
Event: 11.268 Thread 0x0000000026c43000 Exception <a 'java/net/SocketException': Connection reset by peer: socket write error> (0x000000076e13ce40) thrown at [C:\re\workspace\8-2-build-windows-amd64-cygwin\jdk8u51\3951\hotspot\src\share\vm\prims\jni.cpp, line 735]

Events (10 events):
Event: 14.078 loading class javafx/application/Application done
Event: 14.079 loading class com/sun/javafx/tk/quantum/QuantumRenderer
Event: 14.079 loading class com/sun/javafx/tk/quantum/QuantumRenderer done
Event: 14.080 loading class com/sun/javafx/tk/quantum/QuantumToolkit
Event: 14.080 loading class com/sun/javafx/tk/quantum/QuantumToolkit done
Event: 14.080 Thread 0x000000001ee26800 Thread exited: 0x000000001ee26800
Event: 14.080 Thread 0x0000000002473800 Thread exited: 0x0000000002473800
Event: 14.080 Thread 0x0000000026c46000 Thread added: 0x0000000026c46000
Event: 14.080 Thread 0x000000001edfd800 Thread exited: 0x000000001edfd800
Event: 14.087 Thread 0x000000001e3ad800 Thread exited: 0x000000001e3ad800


Dynamic libraries:
0x00007ff6250d0000 - 0x00007ff625107000 	C:\Program Files\Java\jdk1.8.0_51\jre\bin\java.exe
0x00007ffa7a8d0000 - 0x00007ffa7aaa1000 	C:\WINDOWS\SYSTEM32\ntdll.dll
0x00007ffa78130000 - 0x00007ffa781db000 	C:\WINDOWS\System32\KERNEL32.DLL
0x00007ffa777b0000 - 0x00007ffa779cd000 	C:\WINDOWS\System32\KERNELBASE.dll
0x00007ffa7a6f0000 - 0x00007ffa7a792000 	C:\WINDOWS\System32\ADVAPI32.dll
0x00007ffa79c20000 - 0x00007ffa79cbe000 	C:\WINDOWS\System32\msvcrt.dll
0x00007ffa79cc0000 - 0x00007ffa79d19000 	C:\WINDOWS\System32\sechost.dll
0x00007ffa7a050000 - 0x00007ffa7a171000 	C:\WINDOWS\System32\RPCRT4.dll
0x00007ffa79890000 - 0x00007ffa799f5000 	C:\WINDOWS\System32\USER32.dll
0x00007ffa77d90000 - 0x00007ffa77dae000 	C:\WINDOWS\System32\win32u.dll
0x00007ffa79be0000 - 0x00007ffa79c14000 	C:\WINDOWS\System32\GDI32.dll
0x00007ffa77c00000 - 0x00007ffa77d82000 	C:\WINDOWS\System32\gdi32full.dll
0x00007ffa6af50000 - 0x00007ffa6b1c9000 	C:\WINDOWS\WinSxS\amd64_microsoft.windows.common-controls_6595b64144ccf1df_6.0.14393.447_none_42191651c6827bb3\COMCTL32.dll
0x00007ffa77e60000 - 0x00007ffa78128000 	C:\WINDOWS\System32\combase.dll
0x00007ffa77600000 - 0x00007ffa776f5000 	C:\WINDOWS\System32\ucrtbase.dll
0x00007ffa774a0000 - 0x00007ffa7750a000 	C:\WINDOWS\System32\bcryptPrimitives.dll
0x00007ffa79a60000 - 0x00007ffa79a8e000 	C:\WINDOWS\System32\IMM32.DLL
0x000000005f4f0000 - 0x000000005f5c2000 	C:\Program Files\Java\jdk1.8.0_51\jre\bin\msvcr100.dll
0x000000005f5d0000 - 0x000000005fe53000 	C:\Program Files\Java\jdk1.8.0_51\jre\bin\server\jvm.dll
0x00007ffa79bd0000 - 0x00007ffa79bd8000 	C:\WINDOWS\System32\PSAPI.DLL
0x00007ffa6f900000 - 0x00007ffa6f909000 	C:\WINDOWS\SYSTEM32\WSOCK32.dll
0x00007ffa74dc0000 - 0x00007ffa74de3000 	C:\WINDOWS\SYSTEM32\WINMM.dll
0x00007ffa69800000 - 0x00007ffa6980a000 	C:\WINDOWS\SYSTEM32\VERSION.dll
0x00007ffa7a680000 - 0x00007ffa7a6ea000 	C:\WINDOWS\System32\WS2_32.dll
0x0000000000a80000 - 0x0000000000aab000 	C:\WINDOWS\SYSTEM32\WINMMBASE.dll
0x00007ffa77510000 - 0x00007ffa77552000 	C:\WINDOWS\System32\cfgmgr32.dll
0x0000000061160000 - 0x000000006116f000 	C:\Program Files\Java\jdk1.8.0_51\jre\bin\verify.dll
0x0000000060fc0000 - 0x0000000060fe9000 	C:\Program Files\Java\jdk1.8.0_51\jre\bin\java.dll
0x0000000060fa0000 - 0x0000000060fb6000 	C:\Program Files\Java\jdk1.8.0_51\jre\bin\zip.dll
0x00007ffa781e0000 - 0x00007ffa796e9000 	C:\WINDOWS\System32\SHELL32.dll
0x00007ffa76dc0000 - 0x00007ffa7749a000 	C:\WINDOWS\System32\windows.storage.dll
0x00007ffa76d60000 - 0x00007ffa76dac000 	C:\WINDOWS\System32\powrprof.dll
0x00007ffa7a870000 - 0x00007ffa7a8c2000 	C:\WINDOWS\System32\shlwapi.dll
0x00007ffa76d30000 - 0x00007ffa76d3f000 	C:\WINDOWS\System32\kernel.appcore.dll
0x00007ffa77700000 - 0x00007ffa777a9000 	C:\WINDOWS\System32\shcore.dll
0x00007ffa76d40000 - 0x00007ffa76d54000 	C:\WINDOWS\System32\profapi.dll
0x000000005f0b0000 - 0x000000005f0dc000 	C:\Program Files\Java\jdk1.8.0_51\jre\bin\prism_d3d.dll
0x00007ffa46fc0000 - 0x00007ffa4714d000 	C:\WINDOWS\system32\d3d9.dll
0x00007ffa746d0000 - 0x00007ffa746f6000 	C:\WINDOWS\SYSTEM32\dwmapi.dll
0x00007ffa75410000 - 0x00007ffa754a5000 	C:\WINDOWS\system32\uxtheme.dll
0x00007ffa79f90000 - 0x00007ffa7a04f000 	C:\WINDOWS\System32\OLEAUT32.dll
0x00007ffa77560000 - 0x00007ffa775fc000 	C:\WINDOWS\System32\msvcp_win.dll
0x00007ffa79a90000 - 0x00007ffa79bc7000 	C:\WINDOWS\System32\ole32.dll
0x000000005f060000 - 0x000000005f0a1000 	C:\Program Files\Java\jdk1.8.0_51\jre\bin\glass.dll
0x00007ffa79d20000 - 0x00007ffa79e1a000 	C:\WINDOWS\System32\COMDLG32.dll
0x00007ffa79e30000 - 0x00007ffa79f8b000 	C:\WINDOWS\System32\MSCTF.dll
0x0000000060950000 - 0x0000000060965000 	C:\Program Files\Java\jdk1.8.0_51\jre\bin\javafx_font.dll
0x00007ffa60b90000 - 0x00007ffa60df9000 	C:\WINDOWS\SYSTEM32\dwrite.dll
0x00007ffa7a5e0000 - 0x00007ffa7a67f000 	C:\WINDOWS\System32\clbcatq.dll
0x00007ffa6d380000 - 0x00007ffa6d528000 	C:\WINDOWS\SYSTEM32\WindowsCodecs.dll
0x00007ffa69330000 - 0x00007ffa69379000 	C:\WINDOWS\system32\dataexchange.dll
0x00007ffa741d0000 - 0x00007ffa74321000 	C:\WINDOWS\system32\dcomp.dll
0x00007ffa733c0000 - 0x00007ffa73676000 	C:\WINDOWS\system32\d3d11.dll
0x00007ffa75cc0000 - 0x00007ffa75d5f000 	C:\WINDOWS\system32\dxgi.dll
0x00007ffa75760000 - 0x00007ffa7587c000 	C:\WINDOWS\system32\twinapi.appcore.dll
0x00007ffa76910000 - 0x00007ffa7693b000 	C:\WINDOWS\system32\bcrypt.dll
0x000000005f100000 - 0x000000005f111000 	C:\Program Files\Java\jdk1.8.0_51\jre\bin\prism_common.dll
0x0000000060f80000 - 0x0000000060f9a000 	C:\Program Files\Java\jdk1.8.0_51\jre\bin\net.dll
0x00007ffa76660000 - 0x00007ffa766bc000 	C:\WINDOWS\system32\mswsock.dll
0x00007ffa6acf0000 - 0x00007ffa6ad01000 	C:\Users\Nathan\Documents\NetBeansProjects\panorabot\panorabotClient\xboxcontroller64.dll
0x0000000061170000 - 0x0000000061208000 	C:\WINDOWS\SYSTEM32\MSVCP100.dll
0x00007ffa75240000 - 0x00007ffa75247000 	C:\WINDOWS\SYSTEM32\XINPUT9_1_0.dll
0x00007ffa74b20000 - 0x00007ffa74b2e000 	C:\WINDOWS\SYSTEM32\XInput1_4.dll
0x00007ffa75a00000 - 0x00007ffa75a28000 	C:\WINDOWS\SYSTEM32\DEVOBJ.dll
0x000000005f350000 - 0x000000005f4e8000 	C:\Program Files\Java\jdk1.8.0_51\jre\bin\awt.dll
0x00007ffa75080000 - 0x00007ffa750fa000 	C:\WINDOWS\SYSTEM32\apphelp.dll
0x00007ffa66cd0000 - 0x00007ffa66e62000 	C:\WINDOWS\SYSTEM32\dbghelp.dll

VM Arguments:
jvm_args: -Dfile.encoding=UTF-8 
java_command: panorabotClient.ihm.panorabotClient
java_class_path (initial): C:\Users\Nathan\Documents\NetBeansProjects\panorabot\panorabotClient\lib\XboxController.jar;C:\Users\Nathan\Documents\NetBeansProjects\panorabot\panorabotClient\lib\aplu5.jar;C:\Users\Nathan\Documents\NetBeansProjects\panorabot\panorabotClient\lib\jSSC-2.8.0-Release;C:\Users\Nathan\Documents\NetBeansProjects\panorabot\panorabotClient\lib\jaw.jar;C:\Users\Nathan\Documents\NetBeansProjects\panorabot\panorabotClient\lib\OpenImaj\BezierUtils-1.0.0.jar;C:\Users\Nathan\Documents\NetBeansProjects\panorabot\panorabotClient\lib\OpenImaj\FaceTracker-1.3.1.jar;C:\Users\Nathan\Documents\NetBeansProjects\panorabot\panorabotClient\lib\OpenImaj\IREval-1.3.1.jar;C:\Users\Nathan\Documents\NetBeansProjects\panorabot\panorabotClient\lib\OpenImaj\ImprovedArgs4J-1.3.1.jar;C:\Users\Nathan\Documents\NetBeansProjects\panorabot\panorabotClient\lib\OpenImaj\JTransforms-1.3.1.jar;C:\Users\Nathan\Documents\NetBeansProjects\panorabot\panorabotClient\lib\OpenImaj\Jama-1.0.2.jar;C:\Users\Nathan\Documents\NetBeansProjects\panorabot\panorabotClient\lib\OpenImaj\MatrixLib-1.3.1.jar;C:\Users\Nathan\Documents\NetBeansProjects\panorabot\panorabotClient\lib\OpenImaj\animation-1.3.1.jar;C:\Users\Nathan\Documents\NetBeansProjects\panorabot\panorabotClient\lib\OpenImaj\apache-commons-sanselan.jar;C:\Users\Nathan\Documents\NetBeansProjects\panorabot\panorabotClient\lib\OpenImaj\apache-jakarta-commons-httpclient.jar;C:\Users\Nathan\Documents\NetBeansProjects\panorabot\panorabotClient\lib\OpenImaj\apache-logging-log4j.jar;C:\Users\Nathan\Documents\NetBeansProjects\panorabot\panorabotClient\lib\OpenImaj\arpack-combo-0.1.jar;C:\Users\Nathan\Documents\NetBeansProjects\panorabot\panorabotClient\lib\OpenImaj\bridj-0.6.2.jar;C:\Users\Nathan\Documents\NetBeansProjects\panorabot\panorabotClient\lib\OpenImaj\clustering-1.3.1.jar;C:\Users\Nathan\Documents\NetBeansProjects\panorabot\panorabotClient\lib\OpenImaj\colt-1.2.0.jar;C:\Users\Nathan\Documents\NetBeansProjects\panorabot\panorabotClie
Launcher Type: SUN_STANDARD

Environment Variables:
JAVA_HOME=C:\Program Files\Java\jdk1.8.0_51
PATH=C:\ProgramData\Oracle\Java\javapath;C:\Program Files (x86)\Intel\iCLS Client\;C:\Program Files\Intel\iCLS Client\;C:\Windows\system32;C:\Windows;C:\Windows\System32\Wbem;C:\Windows\System32\WindowsPowerShell\v1.0\;C:\Program Files (x86)\Acer\abFiles\;C:\Program Files\Intel\Intel(R) Management Engine Components\DAL;C:\Program Files (x86)\Intel\Intel(R) Management Engine Components\DAL;C:\Program Files\Intel\Intel(R) Management Engine Components\IPT;C:\Program Files (x86)\Intel\Intel(R) Management Engine Components\IPT;C:\WINDOWS\system32;C:\WINDOWS;C:\WINDOWS\System32\Wbem;C:\WINDOWS\System32\WindowsPowerShell\v1.0\;C:\Program Files (x86)\GtkSharp\2.12\bin;D:\Programmes\Brackets\command;C:\Program Files (x86)\Skype\Phone\;C:\Program Files (x86)\NVIDIA Corporation\PhysX\Common;C:\Program Files\apache-maven-3.3.9\bin;C:\WINDOWS\system32;C:\WINDOWS;C:\WINDOWS\System32\Wbem;C:\WINDOWS\System32\WindowsPowerShell\v1.0\;C:\Program Files (x86)\IVI Foundation\VISA\WinNT\Bin;C:\Users\Nathan\Desktop\CMPMVS_0_6_0;C:\Users\Nathan\AppData\Local\Microsoft\WindowsApps;
USERNAME=Nathan
OS=Windows_NT
PROCESSOR_IDENTIFIER=Intel64 Family 6 Model 60 Stepping 3, GenuineIntel



---------------  S Y S T E M  ---------------

OS: Windows 10.0 , 64 bit Build 14393 (10.0.14393.0)

CPU:total 8 (4 cores per cpu, 2 threads per core) family 6 model 60 stepping 3, cmov, cx8, fxsr, mmx, sse, sse2, sse3, ssse3, sse4.1, sse4.2, popcnt, avx, avx2, aes, clmul, erms, lzcnt, ht, tsc, tscinvbit, bmi1, bmi2

Memory: 4k page, physical 16698648k(11272164k free), swap 19713304k(13133980k free)

vm_info: Java HotSpot(TM) 64-Bit Server VM (25.51-b03) for windows-amd64 JRE (1.8.0_51-b16), built on Jun  8 2015 18:03:07 by "java_re" with MS VC++ 10.0 (VS2010)

time: Tue Feb 21 09:36:40 2017
elapsed time: 14 seconds (0d 0h 0m 14s)

