#
# A fatal error has been detected by the Java Runtime Environment:
#
#  EXCEPTION_ACCESS_VIOLATION (0xc0000005) at pc=0x000000005f4aa088, pid=7172, tid=8924
#
# JRE version: Java(TM) SE Runtime Environment (8.0_51-b16) (build 1.8.0_51-b16)
# Java VM: Java HotSpot(TM) 64-Bit Server VM (25.51-b03 mixed mode windows-amd64 compressed oops)
# Problematic frame:
# V  [jvm.dll+0x15a088]
#
# Failed to write core dump. Minidumps are not enabled by default on client versions of Windows
#
# If you would like to submit a bug report, please visit:
#   http://bugreport.java.com/bugreport/crash.jsp
# The crash happened outside the Java Virtual Machine in native code.
# See problematic frame for where to report the bug.
#

---------------  T H R E A D  ---------------

Current thread (0x000000001f92b800):  JavaThread "AWT-EventQueue-0" [_thread_in_native, id=8924, stack(0x0000000027cb0000,0x0000000027db0000)]

siginfo: ExceptionCode=0xc0000005, writing address 0x0000000000000270

Registers:
RAX=0x000000000000dead, RBX=0x0000000000000000, RCX=0x000000001f3f7800, RDX=0x000000001f3f8f78
RSP=0x0000000027dae2f0, RBP=0x000000001f3f8f78, RSI=0x0000000000000000, RDI=0x0000000000000009
R8 =0x0000000000000000, R9 =0x0000000000000009, R10=0x000000005fae0d50, R11=0x000000005f577bb0
R12=0x0000000000000000, R13=0x00000000272a5da0, R14=0x0000000027dae458, R15=0x000000001f92b800
RIP=0x000000005f4aa088, EFLAGS=0x0000000000010246

Top of Stack: (sp=0x0000000027dae2f0)
0x0000000027dae2f0:   0000000003225ccf 0000000000000000
0x0000000027dae300:   000000000000f000 0000000002c06cb4
0x0000000027dae310:   0000000000000000 0000000003223df0
0x0000000027dae320:   0000000003223f80 0000000003223b90
0x0000000027dae330:   0000000000000009 000000005f36000a
0x0000000027dae340:   000000001f8419c0 00007ffa6981600d
0x0000000027dae350:   0000000000000009 00000000000003e8
0x0000000027dae360:   0000000000000009 0000000003223f80
0x0000000027dae370:   000000001e66f5d8 00000000032265a8
0x0000000027dae380:   0000000002bc7730 0000000002bd6937
0x0000000027dae390:   0000000027dae420 00000000272a5da0
0x0000000027dae3a0:   0000000003b594d8 00000000272a5ed0
0x0000000027dae3b0:   0000000027dae410 00000000272a96c8
0x0000000027dae3c0:   0000000000000000 00000000272a5ed0
0x0000000027dae3d0:   0000000000000009 00000006c121d428
0x0000000027dae3e0:   0000000027dae3d0 0000000000000000 

Instructions: (pc=0x000000005f4aa088)
0x000000005f4aa068:   8b ea 3d ab de 00 00 74 17 8b 83 88 02 00 00 3d
0x000000005f4aa078:   ac de 00 00 74 0a 48 8b cb e8 7a fb 0d 00 33 db
0x000000005f4aa088:   c7 83 70 02 00 00 05 00 00 00 83 3d df 09 6a 00
0x000000005f4aa098:   01 75 09 80 3d 41 fc 69 00 00 74 18 80 3d 39 fc 


Register to memory mapping:

RAX=0x000000000000dead is an unknown value
RBX=0x0000000000000000 is an unknown value
RCX=0x000000001f3f7800 is an unknown value
RDX=0x000000001f3f8f78 is a global jni handle
RSP=0x0000000027dae2f0 is pointing into the stack for thread: 0x000000001f92b800
RBP=0x000000001f3f8f78 is a global jni handle
RSI=0x0000000000000000 is an unknown value
RDI=0x0000000000000009 is an unknown value
R8 =0x0000000000000000 is an unknown value
R9 =0x0000000000000009 is an unknown value
R10=0x000000005fae0d50 is an unknown value
R11=0x000000005f577bb0 is an unknown value
R12=0x0000000000000000 is an unknown value
R13={method} {0x00000000272a5da8} 'nativeReadBuf' '(JI)I' in 'ch/aplu/jaw/NativeHandler'
R14=0x0000000027dae458 is pointing into the stack for thread: 0x000000001f92b800
R15=0x000000001f92b800 is a thread


Stack: [0x0000000027cb0000,0x0000000027db0000],  sp=0x0000000027dae2f0,  free space=1016k
Native frames: (J=compiled Java code, j=interpreted, Vv=VM code, C=native code)
V  [jvm.dll+0x15a088]
C  [xboxcontroller64.dll+0x600d]
C  0x0000000002bd6937

Java frames: (J=compiled Java code, j=interpreted, Vv=VM code)
j  ch.aplu.jaw.NativeHandler.nativeReadBuf(JI)I+0
j  ch.aplu.jaw.NativeHandler.readBuf(I)I+33
j  ch.aplu.xboxcontroller.XboxController.readData()Lch/aplu/xboxcontroller/ControllerState;+15
j  ch.aplu.xboxcontroller.XboxController.access$000(Lch/aplu/xboxcontroller/XboxController;)Lch/aplu/xboxcontroller/ControllerState;+1
j  ch.aplu.xboxcontroller.XboxController$1.actionPerformed(Ljava/awt/event/ActionEvent;)V+4
j  javax.swing.Timer.fireActionPerformed(Ljava/awt/event/ActionEvent;)V+34
j  javax.swing.Timer$DoPostEvent.run()V+74
j  java.awt.event.InvocationEvent.dispatch()V+47
j  java.awt.EventQueue.dispatchEventImpl(Ljava/awt/AWTEvent;Ljava/lang/Object;)V+21
j  java.awt.EventQueue.access$500(Ljava/awt/EventQueue;Ljava/awt/AWTEvent;Ljava/lang/Object;)V+3
j  java.awt.EventQueue$3.run()Ljava/lang/Void;+32
j  java.awt.EventQueue$3.run()Ljava/lang/Object;+1
v  ~StubRoutines::call_stub
J 1187  java.security.AccessController.doPrivileged(Ljava/security/PrivilegedAction;Ljava/security/AccessControlContext;)Ljava/lang/Object; (0 bytes) @ 0x0000000002fcfd66 [0x0000000002fcfd00+0x66]
J 1990 C1 java.security.ProtectionDomain$1.doIntersectionPrivilege(Ljava/security/PrivilegedAction;Ljava/security/AccessControlContext;Ljava/security/AccessControlContext;)Ljava/lang/Object; (32 bytes) @ 0x0000000003198a44 [0x0000000003198740+0x304]
j  java.awt.EventQueue.dispatchEvent(Ljava/awt/AWTEvent;)V+46
J 2167 C1 java.awt.EventDispatchThread.pumpOneEventForFilters(I)V (295 bytes) @ 0x0000000003225cd4 [0x0000000003223f80+0x1d54]
j  java.awt.EventDispatchThread.pumpEventsForFilter(ILjava/awt/Conditional;Ljava/awt/EventFilter;)V+35
j  java.awt.EventDispatchThread.pumpEventsForHierarchy(ILjava/awt/Conditional;Ljava/awt/Component;)V+11
j  java.awt.EventDispatchThread.pumpEvents(ILjava/awt/Conditional;)V+4
j  java.awt.EventDispatchThread.pumpEvents(Ljava/awt/Conditional;)V+3
j  java.awt.EventDispatchThread.run()V+9
v  ~StubRoutines::call_stub

---------------  P R O C E S S  ---------------

Java Threads: ( => current thread )
  0x000000001f930000 JavaThread "DestroyJavaVM" [_thread_blocked, id=11492, stack(0x0000000002950000,0x0000000002a50000)]
=>0x000000001f92b800 JavaThread "AWT-EventQueue-0" [_thread_in_native, id=8924, stack(0x0000000027cb0000,0x0000000027db0000)]
  0x000000001f92e800 JavaThread "AWT-Windows" daemon [_thread_in_native, id=17544, stack(0x0000000027bb0000,0x0000000027cb0000)]
  0x000000001f6bd800 JavaThread "AWT-Shutdown" [_thread_blocked, id=14224, stack(0x0000000027ab0000,0x0000000027bb0000)]
  0x000000001f6bd000 JavaThread "Java2D Disposer" daemon [_thread_blocked, id=16088, stack(0x00000000279b0000,0x0000000027ab0000)]
  0x000000001f939000 JavaThread "TimerQueue" daemon [_thread_blocked, id=8796, stack(0x00000000278b0000,0x00000000279b0000)]
  0x000000001f6b4000 JavaThread "Thread-4" [_thread_in_native, id=12472, stack(0x0000000027550000,0x0000000027650000)]
  0x000000001f784800 JavaThread "Prism Font Disposer" daemon [_thread_blocked, id=10260, stack(0x0000000026550000,0x0000000026650000)]
  0x000000001f470800 JavaThread "Thread-2" daemon [_thread_in_native, id=20552, stack(0x00000000243f0000,0x00000000244f0000)]
  0x000000001f3e3000 JavaThread "Thread-1" daemon [_thread_blocked, id=8000, stack(0x000000001fc60000,0x000000001fd60000)]
  0x000000001e684800 JavaThread "Service Thread" daemon [_thread_blocked, id=8244, stack(0x000000001f020000,0x000000001f120000)]
  0x000000001e657000 JavaThread "C1 CompilerThread3" daemon [_thread_blocked, id=11620, stack(0x000000001ef20000,0x000000001f020000)]
  0x000000001e654000 JavaThread "C2 CompilerThread2" daemon [_thread_blocked, id=6600, stack(0x000000001ee20000,0x000000001ef20000)]
  0x000000001e650000 JavaThread "C2 CompilerThread1" daemon [_thread_blocked, id=8864, stack(0x000000001ed20000,0x000000001ee20000)]
  0x000000001e64c000 JavaThread "C2 CompilerThread0" daemon [_thread_blocked, id=17864, stack(0x000000001ec20000,0x000000001ed20000)]
  0x000000001e648800 JavaThread "Attach Listener" daemon [_thread_blocked, id=8664, stack(0x000000001eb20000,0x000000001ec20000)]
  0x000000001e647800 JavaThread "Signal Dispatcher" daemon [_thread_blocked, id=9724, stack(0x000000001ea20000,0x000000001eb20000)]
  0x0000000002bbc000 JavaThread "Finalizer" daemon [_thread_blocked, id=5752, stack(0x000000001e520000,0x000000001e620000)]
  0x000000001c62d800 JavaThread "Reference Handler" daemon [_thread_blocked, id=2712, stack(0x000000001e420000,0x000000001e520000)]

Other Threads:
  0x000000001c629000 VMThread [stack: 0x000000001e320000,0x000000001e420000] [id=15816]
  0x000000001e685000 WatcherThread [stack: 0x000000001f120000,0x000000001f220000] [id=22356]

VM state:not at safepoint (normal execution)

VM Mutex/Monitor currently owned by a thread: None

Heap:
 PSYoungGen      total 76288K, used 5811K [0x000000076b100000, 0x0000000770600000, 0x00000007c0000000)
  eden space 65536K, 8% used [0x000000076b100000,0x000000076b6acc10,0x000000076f100000)
  from space 10752K, 0% used [0x000000076f100000,0x000000076f100000,0x000000076fb80000)
  to   space 10752K, 0% used [0x000000076fb80000,0x000000076fb80000,0x0000000770600000)
 ParOldGen       total 175104K, used 7317K [0x00000006c1200000, 0x00000006cbd00000, 0x000000076b100000)
  object space 175104K, 4% used [0x00000006c1200000,0x00000006c1925418,0x00000006cbd00000)
 Metaspace       used 19199K, capacity 20046K, committed 20352K, reserved 1067008K
  class space    used 2696K, capacity 2864K, committed 2944K, reserved 1048576K

Card table byte_map: [0x0000000011f80000,0x0000000012780000] byte_map_base: 0x000000000e977000

Marking Bits: (ParMarkBitMap*) 0x000000005fb54040
 Begin Bits: [0x00000000134d0000, 0x0000000017488000)
 End Bits:   [0x0000000017488000, 0x000000001b440000)

Polling page: 0x00000000028e0000

CodeCache: size=245760Kb used=6545Kb max_used=6545Kb free=239214Kb
 bounds [0x0000000002bc0000, 0x0000000003230000, 0x0000000011bc0000]
 total_blobs=2853 nmethods=2151 adapters=613
 compilation: enabled

Compilation events (10 events):
Event: 37.334 Thread 0x000000001e657000 2175       3       javax.swing.TimerQueue$DelayedTimer::setTime (6 bytes)
Event: 37.334 Thread 0x000000001e657000 nmethod 2175 0x0000000002cce050 code [0x0000000002cce1a0, 0x0000000002cce310]
Event: 37.334 Thread 0x000000001e657000 2176       3       java.awt.EventDispatchThread$HierarchyEventFilter::acceptEvent (225 bytes)
Event: 37.337 Thread 0x000000001e657000 nmethod 2176 0x0000000003222050 code [0x00000000032222a0, 0x00000000032236c8]
Event: 37.337 Thread 0x000000001e657000 2177       3       java.awt.EventQueue$3::<init> (20 bytes)
Event: 37.337 Thread 0x000000001e657000 nmethod 2177 0x0000000002cdfbd0 code [0x0000000002cdfd20, 0x0000000002cdff10]
Event: 37.337 Thread 0x000000001e657000 2178       3       java.awt.EventQueue::getAccessControlContextFrom (53 bytes)
Event: 37.338 Thread 0x000000001e657000 nmethod 2178 0x0000000003228210 code [0x0000000003228400, 0x0000000003228f28]
Event: 37.338 Thread 0x000000001e657000 2174       3       java.util.concurrent.locks.AbstractQueuedSynchronizer$ConditionObject::doSignalAll (36 bytes)
Event: 37.339 Thread 0x000000001e657000 nmethod 2174 0x0000000002cdf610 code [0x0000000002cdf780, 0x0000000002cdfa88]

GC Heap History (4 events):
Event: 36.366 GC heap before
{Heap before GC invocations=1 (full 0):
 PSYoungGen      total 76288K, used 53215K [0x000000076b100000, 0x0000000770600000, 0x00000007c0000000)
  eden space 65536K, 81% used [0x000000076b100000,0x000000076e4f7e58,0x000000076f100000)
  from space 10752K, 0% used [0x000000076fb80000,0x000000076fb80000,0x0000000770600000)
  to   space 10752K, 0% used [0x000000076f100000,0x000000076f100000,0x000000076fb80000)
 ParOldGen       total 175104K, used 0K [0x00000006c1200000, 0x00000006cbd00000, 0x000000076b100000)
  object space 175104K, 0% used [0x00000006c1200000,0x00000006c1200000,0x00000006cbd00000)
 Metaspace       used 19153K, capacity 19956K, committed 20096K, reserved 1067008K
  class space    used 2691K, capacity 2857K, committed 2944K, reserved 1048576K
Event: 36.385 GC heap after
Heap after GC invocations=1 (full 0):
 PSYoungGen      total 76288K, used 9467K [0x000000076b100000, 0x0000000770600000, 0x00000007c0000000)
  eden space 65536K, 0% used [0x000000076b100000,0x000000076b100000,0x000000076f100000)
  from space 10752K, 88% used [0x000000076f100000,0x000000076fa3ef30,0x000000076fb80000)
  to   space 10752K, 0% used [0x000000076fb80000,0x000000076fb80000,0x0000000770600000)
 ParOldGen       total 175104K, used 88K [0x00000006c1200000, 0x00000006cbd00000, 0x000000076b100000)
  object space 175104K, 0% used [0x00000006c1200000,0x00000006c1216010,0x00000006cbd00000)
 Metaspace       used 19153K, capacity 19956K, committed 20096K, reserved 1067008K
  class space    used 2691K, capacity 2857K, committed 2944K, reserved 1048576K
}
Event: 36.385 GC heap before
{Heap before GC invocations=2 (full 1):
 PSYoungGen      total 76288K, used 9467K [0x000000076b100000, 0x0000000770600000, 0x00000007c0000000)
  eden space 65536K, 0% used [0x000000076b100000,0x000000076b100000,0x000000076f100000)
  from space 10752K, 88% used [0x000000076f100000,0x000000076fa3ef30,0x000000076fb80000)
  to   space 10752K, 0% used [0x000000076fb80000,0x000000076fb80000,0x0000000770600000)
 ParOldGen       total 175104K, used 88K [0x00000006c1200000, 0x00000006cbd00000, 0x000000076b100000)
  object space 175104K, 0% used [0x00000006c1200000,0x00000006c1216010,0x00000006cbd00000)
 Metaspace       used 19153K, capacity 19956K, committed 20096K, reserved 1067008K
  class space    used 2691K, capacity 2857K, committed 2944K, reserved 1048576K
Event: 36.466 GC heap after
Heap after GC invocations=2 (full 1):
 PSYoungGen      total 76288K, used 0K [0x000000076b100000, 0x0000000770600000, 0x00000007c0000000)
  eden space 65536K, 0% used [0x000000076b100000,0x000000076b100000,0x000000076f100000)
  from space 10752K, 0% used [0x000000076f100000,0x000000076f100000,0x000000076fb80000)
  to   space 10752K, 0% used [0x000000076fb80000,0x000000076fb80000,0x0000000770600000)
 ParOldGen       total 175104K, used 7317K [0x00000006c1200000, 0x00000006cbd00000, 0x000000076b100000)
  object space 175104K, 4% used [0x00000006c1200000,0x00000006c1925418,0x00000006cbd00000)
 Metaspace       used 19153K, capacity 19956K, committed 20096K, reserved 1067008K
  class space    used 2691K, capacity 2857K, committed 2944K, reserved 1048576K
}

Deoptimization events (10 events):
Event: 2.682 Thread 0x000000001f3f7800 Uncommon trap: reason=unstable_if action=reinterpret pc=0x0000000002cea8c0 method=java.lang.CharacterData.of(I)Ljava/lang/CharacterData; @ 4
Event: 2.798 Thread 0x000000001f3f7800 Uncommon trap: reason=unstable_if action=reinterpret pc=0x0000000002f6dcf8 method=jdk.internal.org.objectweb.asm.Type.getArgumentsAndReturnSizes(Ljava/lang/String;)I @ 47
Event: 10.936 Thread 0x000000001f3f7800 Uncommon trap: reason=predicate action=maybe_recompile pc=0x0000000002ebe838 method=sun.net.www.ParseUtil.encodePath(Ljava/lang/String;Z)Ljava/lang/String; @ 36
Event: 11.214 Thread 0x000000001f3f7800 Uncommon trap: reason=class_check action=maybe_recompile pc=0x0000000002f57b30 method=java.io.FilterInputStream.read()I @ 4
Event: 11.214 Thread 0x000000001f3f7800 Uncommon trap: reason=class_check action=maybe_recompile pc=0x0000000002f57b30 method=java.io.FilterInputStream.read()I @ 4
Event: 11.214 Thread 0x000000001f3f7800 Uncommon trap: reason=class_check action=maybe_recompile pc=0x0000000002f57b30 method=java.io.FilterInputStream.read()I @ 4
Event: 11.214 Thread 0x000000001f3f7800 Uncommon trap: reason=class_check action=maybe_recompile pc=0x0000000002f57b30 method=java.io.FilterInputStream.read()I @ 4
Event: 36.473 Thread 0x0000000002bbc000 Uncommon trap: reason=unstable_if action=reinterpret pc=0x0000000002fe361c method=java.lang.ref.ReferenceQueue.poll()Ljava/lang/ref/Reference; @ 4
Event: 36.488 Thread 0x000000001f3f7800 Uncommon trap: reason=unstable_if action=reinterpret pc=0x0000000002f49718 method=java.lang.ref.SoftReference.get()Ljava/lang/Object; @ 17
Event: 36.489 Thread 0x000000001f3f7800 Uncommon trap: reason=unstable_if action=reinterpret pc=0x0000000002f70894 method=java.lang.ref.ReferenceQueue.poll()Ljava/lang/ref/Reference; @ 4

Internal exceptions (10 events):
Event: 0.606 Thread 0x0000000002ac3800 Exception <a 'java/lang/NullPointerException'> (0x000000076b673b20) thrown at [C:\re\workspace\8-2-build-windows-amd64-cygwin\jdk8u51\3951\hotspot\src\share\vm\interpreter\linkResolver.cpp, line 1178]
Event: 1.271 Thread 0x000000001f3f7800 Exception <a 'java/lang/NullPointerException'> (0x000000076c4589a8) thrown at [C:\re\workspace\8-2-build-windows-amd64-cygwin\jdk8u51\3951\hotspot\src\share\vm\interpreter\linkResolver.cpp, line 1178]
Event: 1.272 Thread 0x000000001f3f7800 Exception <a 'java/lang/NullPointerException'> (0x000000076c4589a8) thrown at [C:\re\workspace\8-2-build-windows-amd64-cygwin\jdk8u51\3951\hotspot\src\share\vm\prims\jvm.cpp, line 1386]
Event: 1.429 Thread 0x000000001f3f7800 Exception <a 'java/lang/ArrayIndexOutOfBoundsException': 78> (0x000000076c5f4520) thrown at [C:\re\workspace\8-2-build-windows-amd64-cygwin\jdk8u51\3951\hotspot\src\share\vm\interpreter\interpreterRuntime.cpp, line 366]
Event: 1.431 Thread 0x000000001f3f7800 Exception <a 'java/lang/ArrayIndexOutOfBoundsException': 18> (0x000000076c5f5348) thrown at [C:\re\workspace\8-2-build-windows-amd64-cygwin\jdk8u51\3951\hotspot\src\share\vm\interpreter\interpreterRuntime.cpp, line 366]
Event: 1.432 Thread 0x000000001f3f7800 Exception <a 'java/lang/ArrayIndexOutOfBoundsException': 86> (0x000000076c5f6640) thrown at [C:\re\workspace\8-2-build-windows-amd64-cygwin\jdk8u51\3951\hotspot\src\share\vm\interpreter\interpreterRuntime.cpp, line 366]
Event: 1.446 Thread 0x000000001f3f7800 Exception <a 'java/lang/ArrayIndexOutOfBoundsException'> (0x000000076c60f450) thrown at [C:\re\workspace\8-2-build-windows-amd64-cygwin\jdk8u51\3951\hotspot\src\share\vm\runtime\sharedRuntime.cpp, line 605]
Event: 1.589 Thread 0x000000001f3f7800 Exception <a 'java/lang/ArrayIndexOutOfBoundsException'> (0x000000076c8c0370) thrown at [C:\re\workspace\8-2-build-windows-amd64-cygwin\jdk8u51\3951\hotspot\src\share\vm\runtime\sharedRuntime.cpp, line 605]
Event: 1.898 Thread 0x000000001f3f7800 Implicit null exception at 0x0000000002e634b5 to 0x0000000002e636e1
Event: 11.112 Thread 0x000000001f3f7800 Exception <a 'java/io/FileNotFoundException'> (0x000000076da02f38) thrown at [C:\re\workspace\8-2-build-windows-amd64-cygwin\jdk8u51\3951\hotspot\src\share\vm\prims\jni.cpp, line 709]

Events (10 events):
Event: 36.503 loading class javafx/application/Application done
Event: 36.519 loading class com/sun/javafx/tk/quantum/QuantumRenderer
Event: 36.519 loading class com/sun/javafx/tk/quantum/QuantumRenderer done
Event: 36.520 loading class com/sun/javafx/tk/quantum/QuantumToolkit
Event: 36.520 loading class com/sun/javafx/tk/quantum/QuantumToolkit done
Event: 36.521 Thread 0x000000001f471000 Thread exited: 0x000000001f471000
Event: 36.521 Thread 0x0000000002ac3800 Thread exited: 0x0000000002ac3800
Event: 36.521 Thread 0x000000001f930000 Thread added: 0x000000001f930000
Event: 36.524 Thread 0x000000001f3f7800 Thread exited: 0x000000001f3f7800
Event: 36.546 Thread 0x000000001f3da000 Thread exited: 0x000000001f3da000


Dynamic libraries:
0x00007ff656ff0000 - 0x00007ff657027000 	C:\Program Files\Java\jdk1.8.0_51\jre\bin\java.exe
0x00007ffa7a8d0000 - 0x00007ffa7aaa1000 	C:\WINDOWS\SYSTEM32\ntdll.dll
0x00007ffa78130000 - 0x00007ffa781db000 	C:\WINDOWS\System32\KERNEL32.DLL
0x00007ffa777b0000 - 0x00007ffa779cd000 	C:\WINDOWS\System32\KERNELBASE.dll
0x00007ffa7a6f0000 - 0x00007ffa7a792000 	C:\WINDOWS\System32\ADVAPI32.dll
0x00007ffa79c20000 - 0x00007ffa79cbe000 	C:\WINDOWS\System32\msvcrt.dll
0x00007ffa79cc0000 - 0x00007ffa79d19000 	C:\WINDOWS\System32\sechost.dll
0x00007ffa7a050000 - 0x00007ffa7a171000 	C:\WINDOWS\System32\RPCRT4.dll
0x00007ffa79890000 - 0x00007ffa799f5000 	C:\WINDOWS\System32\USER32.dll
0x00007ffa77d90000 - 0x00007ffa77dae000 	C:\WINDOWS\System32\win32u.dll
0x00007ffa79be0000 - 0x00007ffa79c14000 	C:\WINDOWS\System32\GDI32.dll
0x00007ffa77c00000 - 0x00007ffa77d82000 	C:\WINDOWS\System32\gdi32full.dll
0x00007ffa6af50000 - 0x00007ffa6b1c9000 	C:\WINDOWS\WinSxS\amd64_microsoft.windows.common-controls_6595b64144ccf1df_6.0.14393.447_none_42191651c6827bb3\COMCTL32.dll
0x00007ffa77e60000 - 0x00007ffa78128000 	C:\WINDOWS\System32\combase.dll
0x00007ffa77600000 - 0x00007ffa776f5000 	C:\WINDOWS\System32\ucrtbase.dll
0x00007ffa774a0000 - 0x00007ffa7750a000 	C:\WINDOWS\System32\bcryptPrimitives.dll
0x00007ffa79a60000 - 0x00007ffa79a8e000 	C:\WINDOWS\System32\IMM32.DLL
0x000000005f270000 - 0x000000005f342000 	C:\Program Files\Java\jdk1.8.0_51\jre\bin\msvcr100.dll
0x000000005f350000 - 0x000000005fbd3000 	C:\Program Files\Java\jdk1.8.0_51\jre\bin\server\jvm.dll
0x00007ffa79bd0000 - 0x00007ffa79bd8000 	C:\WINDOWS\System32\PSAPI.DLL
0x00007ffa6fbc0000 - 0x00007ffa6fbc9000 	C:\WINDOWS\SYSTEM32\WSOCK32.dll
0x00007ffa69800000 - 0x00007ffa6980a000 	C:\WINDOWS\SYSTEM32\VERSION.dll
0x00007ffa74dc0000 - 0x00007ffa74de3000 	C:\WINDOWS\SYSTEM32\WINMM.dll
0x00007ffa7a680000 - 0x00007ffa7a6ea000 	C:\WINDOWS\System32\WS2_32.dll
0x0000000002870000 - 0x000000000289b000 	C:\WINDOWS\SYSTEM32\WINMMBASE.dll
0x00007ffa77510000 - 0x00007ffa77552000 	C:\WINDOWS\System32\cfgmgr32.dll
0x00000000610e0000 - 0x00000000610ef000 	C:\Program Files\Java\jdk1.8.0_51\jre\bin\verify.dll
0x000000005f240000 - 0x000000005f269000 	C:\Program Files\Java\jdk1.8.0_51\jre\bin\java.dll
0x00000000610c0000 - 0x00000000610d6000 	C:\Program Files\Java\jdk1.8.0_51\jre\bin\zip.dll
0x00007ffa781e0000 - 0x00007ffa796e9000 	C:\WINDOWS\System32\SHELL32.dll
0x00007ffa76dc0000 - 0x00007ffa7749a000 	C:\WINDOWS\System32\windows.storage.dll
0x00007ffa76d60000 - 0x00007ffa76dac000 	C:\WINDOWS\System32\powrprof.dll
0x00007ffa7a870000 - 0x00007ffa7a8c2000 	C:\WINDOWS\System32\shlwapi.dll
0x00007ffa76d30000 - 0x00007ffa76d3f000 	C:\WINDOWS\System32\kernel.appcore.dll
0x00007ffa77700000 - 0x00007ffa777a9000 	C:\WINDOWS\System32\shcore.dll
0x00007ffa76d40000 - 0x00007ffa76d54000 	C:\WINDOWS\System32\profapi.dll
0x000000005ffe0000 - 0x000000006000c000 	C:\Program Files\Java\jdk1.8.0_51\jre\bin\prism_d3d.dll
0x00007ffa4f560000 - 0x00007ffa4f6ed000 	C:\WINDOWS\system32\d3d9.dll
0x00007ffa746d0000 - 0x00007ffa746f6000 	C:\WINDOWS\SYSTEM32\dwmapi.dll
0x00007ffa75410000 - 0x00007ffa754a5000 	C:\WINDOWS\system32\uxtheme.dll
0x00007ffa79f90000 - 0x00007ffa7a04f000 	C:\WINDOWS\System32\OLEAUT32.dll
0x00007ffa77560000 - 0x00007ffa775fc000 	C:\WINDOWS\System32\msvcp_win.dll
0x00007ffa79a90000 - 0x00007ffa79bc7000 	C:\WINDOWS\System32\ole32.dll
0x0000000060010000 - 0x0000000060051000 	C:\Program Files\Java\jdk1.8.0_51\jre\bin\glass.dll
0x00007ffa79d20000 - 0x00007ffa79e1a000 	C:\WINDOWS\System32\COMDLG32.dll
0x00007ffa79e30000 - 0x00007ffa79f8b000 	C:\WINDOWS\System32\MSCTF.dll
0x000000005ffc0000 - 0x000000005ffd5000 	C:\Program Files\Java\jdk1.8.0_51\jre\bin\javafx_font.dll
0x00007ffa6ce40000 - 0x00007ffa6d0a9000 	C:\WINDOWS\SYSTEM32\dwrite.dll
0x00007ffa7a5e0000 - 0x00007ffa7a67f000 	C:\WINDOWS\System32\clbcatq.dll
0x00007ffa6d380000 - 0x00007ffa6d528000 	C:\WINDOWS\SYSTEM32\WindowsCodecs.dll
0x00007ffa690a0000 - 0x00007ffa690e9000 	C:\WINDOWS\system32\dataexchange.dll
0x00007ffa733c0000 - 0x00007ffa73676000 	C:\WINDOWS\system32\d3d11.dll
0x00007ffa741d0000 - 0x00007ffa74321000 	C:\WINDOWS\system32\dcomp.dll
0x00007ffa75cc0000 - 0x00007ffa75d5f000 	C:\WINDOWS\system32\dxgi.dll
0x00007ffa75760000 - 0x00007ffa7587c000 	C:\WINDOWS\system32\twinapi.appcore.dll
0x00007ffa76910000 - 0x00007ffa7693b000 	C:\WINDOWS\system32\bcrypt.dll
0x000000005ffa0000 - 0x000000005ffb1000 	C:\Program Files\Java\jdk1.8.0_51\jre\bin\prism_common.dll
0x0000000060e70000 - 0x0000000060e8a000 	C:\Program Files\Java\jdk1.8.0_51\jre\bin\net.dll
0x00007ffa76660000 - 0x00007ffa766bc000 	C:\WINDOWS\system32\mswsock.dll
0x00007ffa69810000 - 0x00007ffa69821000 	C:\Users\Nathan\Documents\NetBeansProjects\panorabot\panorabotClient\xboxcontroller64.dll
0x0000000060060000 - 0x00000000600f8000 	C:\WINDOWS\SYSTEM32\MSVCP100.dll
0x00007ffa6f950000 - 0x00007ffa6f957000 	C:\WINDOWS\SYSTEM32\XINPUT9_1_0.dll
0x00007ffa6f320000 - 0x00007ffa6f32e000 	C:\WINDOWS\SYSTEM32\XInput1_4.dll
0x00007ffa75a00000 - 0x00007ffa75a28000 	C:\WINDOWS\SYSTEM32\DEVOBJ.dll
0x000000005f080000 - 0x000000005f218000 	C:\Program Files\Java\jdk1.8.0_51\jre\bin\awt.dll
0x00007ffa75080000 - 0x00007ffa750fa000 	C:\WINDOWS\SYSTEM32\apphelp.dll
0x00007ffa66cd0000 - 0x00007ffa66e62000 	C:\WINDOWS\SYSTEM32\dbghelp.dll

VM Arguments:
jvm_args: -Dfile.encoding=UTF-8 
java_command: panorabotClient.ihm.panorabotClient
java_class_path (initial): C:\Users\Nathan\Documents\NetBeansProjects\panorabot\panorabotClient\lib\XboxController.jar;C:\Users\Nathan\Documents\NetBeansProjects\panorabot\panorabotClient\lib\aplu5.jar;C:\Users\Nathan\Documents\NetBeansProjects\panorabot\panorabotClient\lib\jSSC-2.8.0-Release;C:\Users\Nathan\Documents\NetBeansProjects\panorabot\panorabotClient\lib\jaw.jar;C:\Users\Nathan\Documents\NetBeansProjects\panorabot\panorabotClient\lib\OpenImaj\BezierUtils-1.0.0.jar;C:\Users\Nathan\Documents\NetBeansProjects\panorabot\panorabotClient\lib\OpenImaj\FaceTracker-1.3.1.jar;C:\Users\Nathan\Documents\NetBeansProjects\panorabot\panorabotClient\lib\OpenImaj\IREval-1.3.1.jar;C:\Users\Nathan\Documents\NetBeansProjects\panorabot\panorabotClient\lib\OpenImaj\ImprovedArgs4J-1.3.1.jar;C:\Users\Nathan\Documents\NetBeansProjects\panorabot\panorabotClient\lib\OpenImaj\JTransforms-1.3.1.jar;C:\Users\Nathan\Documents\NetBeansProjects\panorabot\panorabotClient\lib\OpenImaj\Jama-1.0.2.jar;C:\Users\Nathan\Documents\NetBeansProjects\panorabot\panorabotClient\lib\OpenImaj\MatrixLib-1.3.1.jar;C:\Users\Nathan\Documents\NetBeansProjects\panorabot\panorabotClient\lib\OpenImaj\animation-1.3.1.jar;C:\Users\Nathan\Documents\NetBeansProjects\panorabot\panorabotClient\lib\OpenImaj\apache-commons-sanselan.jar;C:\Users\Nathan\Documents\NetBeansProjects\panorabot\panorabotClient\lib\OpenImaj\apache-jakarta-commons-httpclient.jar;C:\Users\Nathan\Documents\NetBeansProjects\panorabot\panorabotClient\lib\OpenImaj\apache-logging-log4j.jar;C:\Users\Nathan\Documents\NetBeansProjects\panorabot\panorabotClient\lib\OpenImaj\arpack-combo-0.1.jar;C:\Users\Nathan\Documents\NetBeansProjects\panorabot\panorabotClient\lib\OpenImaj\bridj-0.6.2.jar;C:\Users\Nathan\Documents\NetBeansProjects\panorabot\panorabotClient\lib\OpenImaj\clustering-1.3.1.jar;C:\Users\Nathan\Documents\NetBeansProjects\panorabot\panorabotClient\lib\OpenImaj\colt-1.2.0.jar;C:\Users\Nathan\Documents\NetBeansProjects\panorabot\panorabotClie
Launcher Type: SUN_STANDARD

Environment Variables:
JAVA_HOME=C:\Program Files\Java\jdk1.8.0_51
PATH=C:\ProgramData\Oracle\Java\javapath;C:\Program Files (x86)\Intel\iCLS Client\;C:\Program Files\Intel\iCLS Client\;C:\Windows\system32;C:\Windows;C:\Windows\System32\Wbem;C:\Windows\System32\WindowsPowerShell\v1.0\;C:\Program Files (x86)\Acer\abFiles\;C:\Program Files\Intel\Intel(R) Management Engine Components\DAL;C:\Program Files (x86)\Intel\Intel(R) Management Engine Components\DAL;C:\Program Files\Intel\Intel(R) Management Engine Components\IPT;C:\Program Files (x86)\Intel\Intel(R) Management Engine Components\IPT;C:\WINDOWS\system32;C:\WINDOWS;C:\WINDOWS\System32\Wbem;C:\WINDOWS\System32\WindowsPowerShell\v1.0\;C:\Program Files (x86)\GtkSharp\2.12\bin;D:\Programmes\Brackets\command;C:\Program Files (x86)\Skype\Phone\;C:\Program Files (x86)\NVIDIA Corporation\PhysX\Common;C:\Program Files\apache-maven-3.3.9\bin;C:\WINDOWS\system32;C:\WINDOWS;C:\WINDOWS\System32\Wbem;C:\WINDOWS\System32\WindowsPowerShell\v1.0\;C:\Program Files (x86)\IVI Foundation\VISA\WinNT\Bin;C:\Users\Nathan\Desktop\CMPMVS_0_6_0;C:\Users\Nathan\AppData\Local\Microsoft\WindowsApps;
USERNAME=Nathan
OS=Windows_NT
PROCESSOR_IDENTIFIER=Intel64 Family 6 Model 60 Stepping 3, GenuineIntel



---------------  S Y S T E M  ---------------

OS: Windows 10.0 , 64 bit Build 14393 (10.0.14393.0)

CPU:total 8 (4 cores per cpu, 2 threads per core) family 6 model 60 stepping 3, cmov, cx8, fxsr, mmx, sse, sse2, sse3, ssse3, sse4.1, sse4.2, popcnt, avx, avx2, aes, clmul, erms, lzcnt, ht, tsc, tscinvbit, bmi1, bmi2

Memory: 4k page, physical 16698648k(9960232k free), swap 19713304k(11338608k free)

vm_info: Java HotSpot(TM) 64-Bit Server VM (25.51-b03) for windows-amd64 JRE (1.8.0_51-b16), built on Jun  8 2015 18:03:07 by "java_re" with MS VC++ 10.0 (VS2010)

time: Fri Feb 24 15:34:16 2017
elapsed time: 38 seconds (0d 0h 0m 38s)

