#
# A fatal error has been detected by the Java Runtime Environment:
#
#  EXCEPTION_ACCESS_VIOLATION (0xc0000005) at pc=0x000000005f72a088, pid=16012, tid=10556
#
# JRE version: Java(TM) SE Runtime Environment (8.0_51-b16) (build 1.8.0_51-b16)
# Java VM: Java HotSpot(TM) 64-Bit Server VM (25.51-b03 mixed mode windows-amd64 compressed oops)
# Problematic frame:
# V  [jvm.dll+0x15a088]
#
# Failed to write core dump. Minidumps are not enabled by default on client versions of Windows
#
# If you would like to submit a bug report, please visit:
#   http://bugreport.java.com/bugreport/crash.jsp
# The crash happened outside the Java Virtual Machine in native code.
# See problematic frame for where to report the bug.
#

---------------  T H R E A D  ---------------

Current thread (0x0000000027269800):  JavaThread "AWT-EventQueue-0" [_thread_in_native, id=10556, stack(0x0000000028b60000,0x0000000028c60000)]

siginfo: ExceptionCode=0xc0000005, writing address 0x0000000000000270

Registers:
RAX=0x000000000000dead, RBX=0x0000000000000000, RCX=0x000000001ee82800, RDX=0x000000001ee9b180
RSP=0x0000000028c5dd70, RBP=0x000000001ee9b180, RSI=0x0000000000000000, RDI=0x0000000000000009
R8 =0x0000000000000000, R9 =0x0000000000000009, R10=0x000000005fd60d50, R11=0x000000005f7f7bb0
R12=0x0000000000000000, R13=0x0000000026cdcc48, R14=0x0000000028c5ded8, R15=0x0000000027269800
RIP=0x000000005f72a088, EFLAGS=0x0000000000010246

Top of Stack: (sp=0x0000000028c5dd70)
0x0000000028c5dd70:   0000000000000000 0000000000000000
0x0000000028c5dd80:   0000000028c5df00 000000005f7c37ba
0x0000000028c5dd90:   0000000000000400 0000000028731428
0x0000000028c5dda0:   0000000002518750 0000000000000003
0x0000000028c5ddb0:   0000000000000009 000000076f14db68
0x0000000028c5ddc0:   000000001f2940d0 00007ffa732b600d
0x0000000028c5ddd0:   0000000000000009 00000000000003e8
0x0000000028c5dde0:   0000000000000009 00000000286f1440
0x0000000028c5ddf0:   000000001f2acf92 000000005f7c39b7
0x0000000028c5de00:   0000000002607730 0000000002616937
0x0000000028c5de10:   0000000028c5dea0 0000000026cdcc48
0x0000000028c5de20:   0000000003b58b74 0000000026cdcd78
0x0000000028c5de30:   0000000028c5de90 0000000026ce0570
0x0000000028c5de40:   0000000000000000 0000000026cdcd78
0x0000000028c5de50:   0000000000000021 00000006c1712898
0x0000000028c5de60:   0000000028c5de50 0000000000000000 

Instructions: (pc=0x000000005f72a088)
0x000000005f72a068:   8b ea 3d ab de 00 00 74 17 8b 83 88 02 00 00 3d
0x000000005f72a078:   ac de 00 00 74 0a 48 8b cb e8 7a fb 0d 00 33 db
0x000000005f72a088:   c7 83 70 02 00 00 05 00 00 00 83 3d df 09 6a 00
0x000000005f72a098:   01 75 09 80 3d 41 fc 69 00 00 74 18 80 3d 39 fc 


Register to memory mapping:

RAX=0x000000000000dead is an unknown value
RBX=0x0000000000000000 is an unknown value
RCX=0x000000001ee82800 is an unknown value
RDX=0x000000001ee9b180 is a global jni handle
RSP=0x0000000028c5dd70 is pointing into the stack for thread: 0x0000000027269800
RBP=0x000000001ee9b180 is a global jni handle
RSI=0x0000000000000000 is an unknown value
RDI=0x0000000000000009 is an unknown value
R8 =0x0000000000000000 is an unknown value
R9 =0x0000000000000009 is an unknown value
R10=0x000000005fd60d50 is an unknown value
R11=0x000000005f7f7bb0 is an unknown value
R12=0x0000000000000000 is an unknown value
R13={method} {0x0000000026cdcc50} 'nativeReadBuf' '(JI)I' in 'ch/aplu/jaw/NativeHandler'
R14=0x0000000028c5ded8 is pointing into the stack for thread: 0x0000000027269800
R15=0x0000000027269800 is a thread


Stack: [0x0000000028b60000,0x0000000028c60000],  sp=0x0000000028c5dd70,  free space=1015k
Native frames: (J=compiled Java code, j=interpreted, Vv=VM code, C=native code)
V  [jvm.dll+0x15a088]
C  [xboxcontroller64.dll+0x600d]
C  0x0000000002616937

Java frames: (J=compiled Java code, j=interpreted, Vv=VM code)
j  ch.aplu.jaw.NativeHandler.nativeReadBuf(JI)I+0
j  ch.aplu.jaw.NativeHandler.readBuf(I)I+33
j  ch.aplu.xboxcontroller.XboxController.readData()Lch/aplu/xboxcontroller/ControllerState;+15
j  ch.aplu.xboxcontroller.XboxController.access$000(Lch/aplu/xboxcontroller/XboxController;)Lch/aplu/xboxcontroller/ControllerState;+1
j  ch.aplu.xboxcontroller.XboxController$1.actionPerformed(Ljava/awt/event/ActionEvent;)V+4
j  javax.swing.Timer.fireActionPerformed(Ljava/awt/event/ActionEvent;)V+34
j  javax.swing.Timer$DoPostEvent.run()V+74
j  java.awt.event.InvocationEvent.dispatch()V+47
j  java.awt.EventQueue.dispatchEventImpl(Ljava/awt/AWTEvent;Ljava/lang/Object;)V+21
j  java.awt.EventQueue.access$500(Ljava/awt/EventQueue;Ljava/awt/AWTEvent;Ljava/lang/Object;)V+3
j  java.awt.EventQueue$3.run()Ljava/lang/Void;+32
j  java.awt.EventQueue$3.run()Ljava/lang/Object;+1
v  ~StubRoutines::call_stub
J 1242  java.security.AccessController.doPrivileged(Ljava/security/PrivilegedAction;Ljava/security/AccessControlContext;)Ljava/lang/Object; (0 bytes) @ 0x0000000002a49ea6 [0x0000000002a49e40+0x66]
J 2281 C1 java.security.ProtectionDomain$1.doIntersectionPrivilege(Ljava/security/PrivilegedAction;Ljava/security/AccessControlContext;Ljava/security/AccessControlContext;)Ljava/lang/Object; (32 bytes) @ 0x0000000002c9f4c4 [0x0000000002c9f1c0+0x304]
j  java.awt.EventQueue.dispatchEvent(Ljava/awt/AWTEvent;)V+46
j  java.awt.EventDispatchThread.pumpOneEventForFilters(I)V+245
j  java.awt.EventDispatchThread.pumpEventsForFilter(ILjava/awt/Conditional;Ljava/awt/EventFilter;)V+35
j  java.awt.EventDispatchThread.pumpEventsForHierarchy(ILjava/awt/Conditional;Ljava/awt/Component;)V+11
j  java.awt.EventDispatchThread.pumpEvents(ILjava/awt/Conditional;)V+4
j  java.awt.EventDispatchThread.pumpEvents(Ljava/awt/Conditional;)V+3
j  java.awt.EventDispatchThread.run()V+9
v  ~StubRoutines::call_stub

---------------  P R O C E S S  ---------------

Java Threads: ( => current thread )
  0x0000000027266800 JavaThread "DestroyJavaVM" [_thread_blocked, id=21548, stack(0x0000000002360000,0x0000000002460000)]
=>0x0000000027269800 JavaThread "AWT-EventQueue-0" [_thread_in_native, id=10556, stack(0x0000000028b60000,0x0000000028c60000)]
  0x0000000027264800 JavaThread "AWT-Windows" daemon [_thread_in_native, id=16588, stack(0x0000000028a60000,0x0000000028b60000)]
  0x000000002740d800 JavaThread "AWT-Shutdown" [_thread_blocked, id=14772, stack(0x0000000028960000,0x0000000028a60000)]
  0x000000002740a800 JavaThread "Java2D Disposer" daemon [_thread_blocked, id=11472, stack(0x0000000028860000,0x0000000028960000)]
  0x000000001f2f6800 JavaThread "TimerQueue" daemon [_thread_blocked, id=8696, stack(0x0000000028560000,0x0000000028660000)]
  0x000000001f2ac800 JavaThread "Thread-4" [_thread_in_native, id=3328, stack(0x0000000026f90000,0x0000000027090000)]
  0x000000001f43d800 JavaThread "Prism Font Disposer" daemon [_thread_blocked, id=21692, stack(0x0000000025f90000,0x0000000026090000)]
  0x000000001ef56800 JavaThread "Thread-3" daemon [_thread_in_native, id=13112, stack(0x0000000023dd0000,0x0000000023ed0000)]
  0x000000001eea4800 JavaThread "Thread-1" daemon [_thread_blocked, id=1388, stack(0x000000001f730000,0x000000001f830000)]
  0x000000001e10a800 JavaThread "Service Thread" daemon [_thread_blocked, id=20080, stack(0x000000001ea40000,0x000000001eb40000)]
  0x000000001e078000 JavaThread "C1 CompilerThread3" daemon [_thread_blocked, id=4996, stack(0x000000001e940000,0x000000001ea40000)]
  0x000000001e074000 JavaThread "C2 CompilerThread2" daemon [_thread_blocked, id=11824, stack(0x000000001e840000,0x000000001e940000)]
  0x000000001e073800 JavaThread "C2 CompilerThread1" daemon [_thread_blocked, id=19884, stack(0x000000001e740000,0x000000001e840000)]
  0x000000001e06f800 JavaThread "C2 CompilerThread0" daemon [_thread_blocked, id=17464, stack(0x000000001e640000,0x000000001e740000)]
  0x000000001e068800 JavaThread "Attach Listener" daemon [_thread_blocked, id=15680, stack(0x000000001e540000,0x000000001e640000)]
  0x000000001e067800 JavaThread "Signal Dispatcher" daemon [_thread_blocked, id=3732, stack(0x000000001e440000,0x000000001e540000)]
  0x00000000025fc000 JavaThread "Finalizer" daemon [_thread_blocked, id=17136, stack(0x000000001df40000,0x000000001e040000)]
  0x000000001c06d800 JavaThread "Reference Handler" daemon [_thread_blocked, id=9436, stack(0x000000001de40000,0x000000001df40000)]

Other Threads:
  0x000000001c068800 VMThread [stack: 0x000000001dd40000,0x000000001de40000] [id=4108]
  0x000000001e10b800 WatcherThread [stack: 0x000000001eb40000,0x000000001ec40000] [id=6712]

VM state:not at safepoint (normal execution)

VM Mutex/Monitor currently owned by a thread: None

Heap:
 PSYoungGen      total 76288K, used 2494K [0x000000076b100000, 0x0000000770600000, 0x00000007c0000000)
  eden space 65536K, 3% used [0x000000076b100000,0x000000076b36f818,0x000000076f100000)
  from space 10752K, 0% used [0x000000076fb80000,0x000000076fb80000,0x0000000770600000)
  to   space 10752K, 0% used [0x000000076f100000,0x000000076f100000,0x000000076fb80000)
 ParOldGen       total 175104K, used 7279K [0x00000006c1200000, 0x00000006cbd00000, 0x000000076b100000)
  object space 175104K, 4% used [0x00000006c1200000,0x00000006c191bdf0,0x00000006cbd00000)
 Metaspace       used 19766K, capacity 20586K, committed 20736K, reserved 1067008K
  class space    used 2756K, capacity 2966K, committed 3072K, reserved 1048576K

Card table byte_map: [0x00000000119c0000,0x00000000121c0000] byte_map_base: 0x000000000e3b7000

Marking Bits: (ParMarkBitMap*) 0x000000005fdd4040
 Begin Bits: [0x0000000012f10000, 0x0000000016ec8000)
 End Bits:   [0x0000000016ec8000, 0x000000001ae80000)

Polling page: 0x00000000022d0000

CodeCache: size=245760Kb used=7216Kb max_used=7225Kb free=238544Kb
 bounds [0x0000000002600000, 0x0000000002d20000, 0x0000000011600000]
 total_blobs=3139 nmethods=2419 adapters=631
 compilation: enabled

Compilation events (10 events):
Event: 17.896 Thread 0x000000001e074000 2414       4       java.util.concurrent.locks.AbstractQueuedSynchronizer::release (33 bytes)
Event: 17.904 Thread 0x000000001e074000 nmethod 2414 0x0000000002ce24d0 code [0x0000000002ce2620, 0x0000000002ce2828]
Event: 18.468 Thread 0x000000001e078000 2415       3       java.util.concurrent.ThreadPoolExecutor::isRunning (10 bytes)
Event: 18.468 Thread 0x000000001e078000 nmethod 2415 0x0000000002ce2190 code [0x0000000002ce22e0, 0x0000000002ce2470]
Event: 18.469 Thread 0x000000001e078000 2416       3       sun.invoke.util.BytecodeDescriptor::unparseMethod (68 bytes)
Event: 18.470 Thread 0x000000001e06f800 2417       4       java.util.concurrent.locks.ReentrantLock$Sync::tryRelease (45 bytes)
Event: 18.470 Thread 0x000000001e078000 nmethod 2416 0x0000000002d0edd0 code [0x0000000002d0f020, 0x0000000002d0fef8]
Event: 18.470 Thread 0x000000001e06f800 nmethod 2417 0x0000000002c43ad0 code [0x0000000002c43c00, 0x0000000002c43cb8]
Event: 18.472 Thread 0x000000001e078000 2418       3       java.util.LinkedList$ListItr::hasNext (20 bytes)
Event: 18.472 Thread 0x000000001e078000 nmethod 2418 0x0000000002d0e650 code [0x0000000002d0e7a0, 0x0000000002d0e970]

GC Heap History (10 events):
Event: 2.747 GC heap before
{Heap before GC invocations=1 (full 0):
 PSYoungGen      total 76288K, used 65536K [0x000000076b100000, 0x0000000770600000, 0x00000007c0000000)
  eden space 65536K, 100% used [0x000000076b100000,0x000000076f100000,0x000000076f100000)
  from space 10752K, 0% used [0x000000076fb80000,0x000000076fb80000,0x0000000770600000)
  to   space 10752K, 0% used [0x000000076f100000,0x000000076f100000,0x000000076fb80000)
 ParOldGen       total 175104K, used 0K [0x00000006c1200000, 0x00000006cbd00000, 0x000000076b100000)
  object space 175104K, 0% used [0x00000006c1200000,0x00000006c1200000,0x00000006cbd00000)
 Metaspace       used 19354K, capacity 20172K, committed 20480K, reserved 1067008K
  class space    used 2749K, capacity 2959K, committed 3072K, reserved 1048576K
Event: 2.767 GC heap after
Heap after GC invocations=1 (full 0):
 PSYoungGen      total 76288K, used 10729K [0x000000076b100000, 0x0000000770600000, 0x00000007c0000000)
  eden space 65536K, 0% used [0x000000076b100000,0x000000076b100000,0x000000076f100000)
  from space 10752K, 99% used [0x000000076f100000,0x000000076fb7a708,0x000000076fb80000)
  to   space 10752K, 0% used [0x000000076fb80000,0x000000076fb80000,0x0000000770600000)
 ParOldGen       total 175104K, used 2475K [0x00000006c1200000, 0x00000006cbd00000, 0x000000076b100000)
  object space 175104K, 1% used [0x00000006c1200000,0x00000006c146af90,0x00000006cbd00000)
 Metaspace       used 19354K, capacity 20172K, committed 20480K, reserved 1067008K
  class space    used 2749K, capacity 2959K, committed 3072K, reserved 1048576K
}
Event: 7.479 GC heap before
{Heap before GC invocations=2 (full 0):
 PSYoungGen      total 76288K, used 76071K [0x000000076b100000, 0x0000000770600000, 0x00000007c0000000)
  eden space 65536K, 99% used [0x000000076b100000,0x000000076f0cf7c0,0x000000076f100000)
  from space 10752K, 99% used [0x000000076f100000,0x000000076fb7a708,0x000000076fb80000)
  to   space 10752K, 0% used [0x000000076fb80000,0x000000076fb80000,0x0000000770600000)
 ParOldGen       total 175104K, used 2475K [0x00000006c1200000, 0x00000006cbd00000, 0x000000076b100000)
  object space 175104K, 1% used [0x00000006c1200000,0x00000006c146af90,0x00000006cbd00000)
 Metaspace       used 19519K, capacity 20304K, committed 20480K, reserved 1067008K
  class space    used 2750K, capacity 2959K, committed 3072K, reserved 1048576K
Event: 7.499 GC heap after
Heap after GC invocations=2 (full 0):
 PSYoungGen      total 76288K, used 10740K [0x000000076b100000, 0x0000000770600000, 0x00000007c0000000)
  eden space 65536K, 0% used [0x000000076b100000,0x000000076b100000,0x000000076f100000)
  from space 10752K, 99% used [0x000000076fb80000,0x00000007705fd000,0x0000000770600000)
  to   space 10752K, 0% used [0x000000076f100000,0x000000076f100000,0x000000076fb80000)
 ParOldGen       total 175104K, used 8965K [0x00000006c1200000, 0x00000006cbd00000, 0x000000076b100000)
  object space 175104K, 5% used [0x00000006c1200000,0x00000006c1ac14e0,0x00000006cbd00000)
 Metaspace       used 19519K, capacity 20304K, committed 20480K, reserved 1067008K
  class space    used 2750K, capacity 2959K, committed 3072K, reserved 1048576K
}
Event: 12.310 GC heap before
{Heap before GC invocations=3 (full 0):
 PSYoungGen      total 76288K, used 76276K [0x000000076b100000, 0x0000000770600000, 0x00000007c0000000)
  eden space 65536K, 100% used [0x000000076b100000,0x000000076f100000,0x000000076f100000)
  from space 10752K, 99% used [0x000000076fb80000,0x00000007705fd000,0x0000000770600000)
  to   space 10752K, 0% used [0x000000076f100000,0x000000076f100000,0x000000076fb80000)
 ParOldGen       total 175104K, used 8965K [0x00000006c1200000, 0x00000006cbd00000, 0x000000076b100000)
  object space 175104K, 5% used [0x00000006c1200000,0x00000006c1ac14e0,0x00000006cbd00000)
 Metaspace       used 19613K, capacity 20368K, committed 20736K, reserved 1067008K
  class space    used 2750K, capacity 2959K, committed 3072K, reserved 1048576K
Event: 12.335 GC heap after
Heap after GC invocations=3 (full 0):
 PSYoungGen      total 76288K, used 10729K [0x000000076b100000, 0x0000000770600000, 0x00000007c0000000)
  eden space 65536K, 0% used [0x000000076b100000,0x000000076b100000,0x000000076f100000)
  from space 10752K, 99% used [0x000000076f100000,0x000000076fb7a5b0,0x000000076fb80000)
  to   space 10752K, 0% used [0x000000076fb80000,0x000000076fb80000,0x0000000770600000)
 ParOldGen       total 175104K, used 23931K [0x00000006c1200000, 0x00000006cbd00000, 0x000000076b100000)
  object space 175104K, 13% used [0x00000006c1200000,0x00000006c295eeb0,0x00000006cbd00000)
 Metaspace       used 19613K, capacity 20368K, committed 20736K, reserved 1067008K
  class space    used 2750K, capacity 2959K, committed 3072K, reserved 1048576K
}
Event: 18.431 GC heap before
{Heap before GC invocations=4 (full 0):
 PSYoungGen      total 76288K, used 45866K [0x000000076b100000, 0x0000000770600000, 0x00000007c0000000)
  eden space 65536K, 53% used [0x000000076b100000,0x000000076d350550,0x000000076f100000)
  from space 10752K, 99% used [0x000000076f100000,0x000000076fb7a5b0,0x000000076fb80000)
  to   space 10752K, 0% used [0x000000076fb80000,0x000000076fb80000,0x0000000770600000)
 ParOldGen       total 175104K, used 23931K [0x00000006c1200000, 0x00000006cbd00000, 0x000000076b100000)
  object space 175104K, 13% used [0x00000006c1200000,0x00000006c295eeb0,0x00000006cbd00000)
 Metaspace       used 19751K, capacity 20560K, committed 20736K, reserved 1067008K
  class space    used 2751K, capacity 2959K, committed 3072K, reserved 1048576K
Event: 18.435 GC heap after
Heap after GC invocations=4 (full 0):
 PSYoungGen      total 76288K, used 4193K [0x000000076b100000, 0x0000000770600000, 0x00000007c0000000)
  eden space 65536K, 0% used [0x000000076b100000,0x000000076b100000,0x000000076f100000)
  from space 10752K, 38% used [0x000000076fb80000,0x000000076ff98450,0x0000000770600000)
  to   space 10752K, 0% used [0x000000076f100000,0x000000076f100000,0x000000076fb80000)
 ParOldGen       total 175104K, used 23939K [0x00000006c1200000, 0x00000006cbd00000, 0x000000076b100000)
  object space 175104K, 13% used [0x00000006c1200000,0x00000006c2960eb0,0x00000006cbd00000)
 Metaspace       used 19751K, capacity 20560K, committed 20736K, reserved 1067008K
  class space    used 2751K, capacity 2959K, committed 3072K, reserved 1048576K
}
Event: 18.435 GC heap before
{Heap before GC invocations=5 (full 1):
 PSYoungGen      total 76288K, used 4193K [0x000000076b100000, 0x0000000770600000, 0x00000007c0000000)
  eden space 65536K, 0% used [0x000000076b100000,0x000000076b100000,0x000000076f100000)
  from space 10752K, 38% used [0x000000076fb80000,0x000000076ff98450,0x0000000770600000)
  to   space 10752K, 0% used [0x000000076f100000,0x000000076f100000,0x000000076fb80000)
 ParOldGen       total 175104K, used 23939K [0x00000006c1200000, 0x00000006cbd00000, 0x000000076b100000)
  object space 175104K, 13% used [0x00000006c1200000,0x00000006c2960eb0,0x00000006cbd00000)
 Metaspace       used 19751K, capacity 20560K, committed 20736K, reserved 1067008K
  class space    used 2751K, capacity 2959K, committed 3072K, reserved 1048576K
Event: 18.463 GC heap after
Heap after GC invocations=5 (full 1):
 PSYoungGen      total 76288K, used 0K [0x000000076b100000, 0x0000000770600000, 0x00000007c0000000)
  eden space 65536K, 0% used [0x000000076b100000,0x000000076b100000,0x000000076f100000)
  from space 10752K, 0% used [0x000000076fb80000,0x000000076fb80000,0x0000000770600000)
  to   space 10752K, 0% used [0x000000076f100000,0x000000076f100000,0x000000076fb80000)
 ParOldGen       total 175104K, used 7279K [0x00000006c1200000, 0x00000006cbd00000, 0x000000076b100000)
  object space 175104K, 4% used [0x00000006c1200000,0x00000006c191bdf0,0x00000006cbd00000)
 Metaspace       used 19751K, capacity 20560K, committed 20736K, reserved 1067008K
  class space    used 2751K, capacity 2959K, committed 3072K, reserved 1048576K
}

Deoptimization events (10 events):
Event: 1.956 Thread 0x000000001ee82800 Uncommon trap: reason=unstable_if action=reinterpret pc=0x0000000002a9b7ac method=java.io.ByteArrayInputStream.read()I @ 8
Event: 1.956 Thread 0x000000001ee82800 Uncommon trap: reason=class_check action=maybe_recompile pc=0x00000000029d7770 method=java.io.FilterInputStream.read()I @ 4
Event: 1.956 Thread 0x000000001ee82800 Uncommon trap: reason=class_check action=maybe_recompile pc=0x00000000029d7770 method=java.io.FilterInputStream.read()I @ 4
Event: 1.956 Thread 0x000000001ee82800 Uncommon trap: reason=class_check action=maybe_recompile pc=0x00000000029d7770 method=java.io.FilterInputStream.read()I @ 4
Event: 1.956 Thread 0x000000001ee82800 Uncommon trap: reason=class_check action=maybe_recompile pc=0x00000000029d7770 method=java.io.FilterInputStream.read()I @ 4
Event: 2.045 Thread 0x000000001f2a9800 Uncommon trap: reason=unstable_if action=reinterpret pc=0x0000000002af0048 method=org.openimaj.image.FImage.toByteImage()[B @ 19
Event: 2.785 Thread 0x000000001ee79000 Uncommon trap: reason=unstable_if action=reinterpret pc=0x0000000002aa2c5c method=java.lang.ref.ReferenceQueue.poll()Ljava/lang/ref/Reference; @ 4
Event: 8.035 Thread 0x000000001ee79000 Uncommon trap: reason=unstable_if action=reinterpret pc=0x00000000029a6798 method=java.lang.ref.SoftReference.get()Ljava/lang/Object; @ 17
Event: 14.847 Thread 0x000000001f2a9800 Uncommon trap: reason=unstable_if action=reinterpret pc=0x0000000002bea934 method=java.net.SocketInputStream.read([BIII)I @ 86
Event: 14.847 Thread 0x000000001f2a9800 Uncommon trap: reason=unloaded action=reinterpret pc=0x0000000002b432bc method=java.io.ObjectInputStream$PeekInputStream.readFully([BII)V @ 29

Internal exceptions (10 events):
Event: 0.312 Thread 0x000000001ee82800 Exception <a 'java/lang/NullPointerException'> (0x000000076c455610) thrown at [C:\re\workspace\8-2-build-windows-amd64-cygwin\jdk8u51\3951\hotspot\src\share\vm\interpreter\linkResolver.cpp, line 1178]
Event: 0.312 Thread 0x000000001ee82800 Exception <a 'java/lang/NullPointerException'> (0x000000076c455610) thrown at [C:\re\workspace\8-2-build-windows-amd64-cygwin\jdk8u51\3951\hotspot\src\share\vm\prims\jvm.cpp, line 1386]
Event: 0.350 Thread 0x000000001ee82800 Exception <a 'java/lang/ArrayIndexOutOfBoundsException': 78> (0x000000076c5f1f28) thrown at [C:\re\workspace\8-2-build-windows-amd64-cygwin\jdk8u51\3951\hotspot\src\share\vm\interpreter\interpreterRuntime.cpp, line 366]
Event: 0.351 Thread 0x000000001ee82800 Exception <a 'java/lang/ArrayIndexOutOfBoundsException': 18> (0x000000076c5f2d50) thrown at [C:\re\workspace\8-2-build-windows-amd64-cygwin\jdk8u51\3951\hotspot\src\share\vm\interpreter\interpreterRuntime.cpp, line 366]
Event: 0.351 Thread 0x000000001ee82800 Exception <a 'java/lang/ArrayIndexOutOfBoundsException': 86> (0x000000076c5f4048) thrown at [C:\re\workspace\8-2-build-windows-amd64-cygwin\jdk8u51\3951\hotspot\src\share\vm\interpreter\interpreterRuntime.cpp, line 366]
Event: 0.355 Thread 0x000000001ee82800 Exception <a 'java/lang/ArrayIndexOutOfBoundsException'> (0x000000076c60ce58) thrown at [C:\re\workspace\8-2-build-windows-amd64-cygwin\jdk8u51\3951\hotspot\src\share\vm\runtime\sharedRuntime.cpp, line 605]
Event: 0.391 Thread 0x000000001ee82800 Exception <a 'java/lang/ArrayIndexOutOfBoundsException'> (0x000000076c8bdad0) thrown at [C:\re\workspace\8-2-build-windows-amd64-cygwin\jdk8u51\3951\hotspot\src\share\vm\runtime\sharedRuntime.cpp, line 605]
Event: 0.469 Thread 0x000000001ee82800 Implicit null exception at 0x00000000028e5335 to 0x00000000028e5561
Event: 1.936 Thread 0x000000001ee82800 Exception <a 'java/io/FileNotFoundException'> (0x000000076daa27c0) thrown at [C:\re\workspace\8-2-build-windows-amd64-cygwin\jdk8u51\3951\hotspot\src\share\vm\prims\jni.cpp, line 709]
Event: 1.942 Thread 0x000000001f2a9800 Implicit null exception at 0x00000000028201d6 to 0x0000000002820519

Events (10 events):
Event: 18.469 loading class javafx/application/Application done
Event: 18.471 loading class com/sun/javafx/tk/quantum/QuantumRenderer
Event: 18.471 loading class com/sun/javafx/tk/quantum/QuantumRenderer done
Event: 18.471 loading class com/sun/javafx/tk/quantum/QuantumToolkit
Event: 18.471 loading class com/sun/javafx/tk/quantum/QuantumToolkit done
Event: 18.472 Thread 0x000000001ef2e000 Thread exited: 0x000000001ef2e000
Event: 18.472 Thread 0x0000000002503800 Thread exited: 0x0000000002503800
Event: 18.472 Thread 0x0000000027266800 Thread added: 0x0000000027266800
Event: 18.472 Thread 0x000000001ee82800 Thread exited: 0x000000001ee82800
Event: 18.483 Thread 0x000000001ee79000 Thread exited: 0x000000001ee79000


Dynamic libraries:
0x00007ff6250d0000 - 0x00007ff625107000 	C:\Program Files\Java\jdk1.8.0_51\jre\bin\java.exe
0x00007ffa7a8d0000 - 0x00007ffa7aaa1000 	C:\WINDOWS\SYSTEM32\ntdll.dll
0x00007ffa78130000 - 0x00007ffa781db000 	C:\WINDOWS\System32\KERNEL32.DLL
0x00007ffa777b0000 - 0x00007ffa779cd000 	C:\WINDOWS\System32\KERNELBASE.dll
0x00007ffa7a6f0000 - 0x00007ffa7a792000 	C:\WINDOWS\System32\ADVAPI32.dll
0x00007ffa79c20000 - 0x00007ffa79cbe000 	C:\WINDOWS\System32\msvcrt.dll
0x00007ffa79cc0000 - 0x00007ffa79d19000 	C:\WINDOWS\System32\sechost.dll
0x00007ffa7a050000 - 0x00007ffa7a171000 	C:\WINDOWS\System32\RPCRT4.dll
0x00007ffa79890000 - 0x00007ffa799f5000 	C:\WINDOWS\System32\USER32.dll
0x00007ffa77d90000 - 0x00007ffa77dae000 	C:\WINDOWS\System32\win32u.dll
0x00007ffa79be0000 - 0x00007ffa79c14000 	C:\WINDOWS\System32\GDI32.dll
0x00007ffa77c00000 - 0x00007ffa77d82000 	C:\WINDOWS\System32\gdi32full.dll
0x00007ffa6af50000 - 0x00007ffa6b1c9000 	C:\WINDOWS\WinSxS\amd64_microsoft.windows.common-controls_6595b64144ccf1df_6.0.14393.447_none_42191651c6827bb3\COMCTL32.dll
0x00007ffa77e60000 - 0x00007ffa78128000 	C:\WINDOWS\System32\combase.dll
0x00007ffa77600000 - 0x00007ffa776f5000 	C:\WINDOWS\System32\ucrtbase.dll
0x00007ffa774a0000 - 0x00007ffa7750a000 	C:\WINDOWS\System32\bcryptPrimitives.dll
0x00007ffa79a60000 - 0x00007ffa79a8e000 	C:\WINDOWS\System32\IMM32.DLL
0x000000005f4f0000 - 0x000000005f5c2000 	C:\Program Files\Java\jdk1.8.0_51\jre\bin\msvcr100.dll
0x000000005f5d0000 - 0x000000005fe53000 	C:\Program Files\Java\jdk1.8.0_51\jre\bin\server\jvm.dll
0x00007ffa79bd0000 - 0x00007ffa79bd8000 	C:\WINDOWS\System32\PSAPI.DLL
0x00007ffa69800000 - 0x00007ffa6980a000 	C:\WINDOWS\SYSTEM32\VERSION.dll
0x00007ffa74dc0000 - 0x00007ffa74de3000 	C:\WINDOWS\SYSTEM32\WINMM.dll
0x00007ffa6f900000 - 0x00007ffa6f909000 	C:\WINDOWS\SYSTEM32\WSOCK32.dll
0x00007ffa7a680000 - 0x00007ffa7a6ea000 	C:\WINDOWS\System32\WS2_32.dll
0x0000000000af0000 - 0x0000000000b1b000 	C:\WINDOWS\SYSTEM32\WINMMBASE.dll
0x00007ffa77510000 - 0x00007ffa77552000 	C:\WINDOWS\System32\cfgmgr32.dll
0x0000000061160000 - 0x000000006116f000 	C:\Program Files\Java\jdk1.8.0_51\jre\bin\verify.dll
0x0000000060fc0000 - 0x0000000060fe9000 	C:\Program Files\Java\jdk1.8.0_51\jre\bin\java.dll
0x0000000060fa0000 - 0x0000000060fb6000 	C:\Program Files\Java\jdk1.8.0_51\jre\bin\zip.dll
0x00007ffa781e0000 - 0x00007ffa796e9000 	C:\WINDOWS\System32\SHELL32.dll
0x00007ffa76dc0000 - 0x00007ffa7749a000 	C:\WINDOWS\System32\windows.storage.dll
0x00007ffa76d60000 - 0x00007ffa76dac000 	C:\WINDOWS\System32\powrprof.dll
0x00007ffa7a870000 - 0x00007ffa7a8c2000 	C:\WINDOWS\System32\shlwapi.dll
0x00007ffa76d30000 - 0x00007ffa76d3f000 	C:\WINDOWS\System32\kernel.appcore.dll
0x00007ffa77700000 - 0x00007ffa777a9000 	C:\WINDOWS\System32\shcore.dll
0x00007ffa76d40000 - 0x00007ffa76d54000 	C:\WINDOWS\System32\profapi.dll
0x000000005f0b0000 - 0x000000005f0dc000 	C:\Program Files\Java\jdk1.8.0_51\jre\bin\prism_d3d.dll
0x00007ffa46fc0000 - 0x00007ffa4714d000 	C:\WINDOWS\system32\d3d9.dll
0x00007ffa746d0000 - 0x00007ffa746f6000 	C:\WINDOWS\SYSTEM32\dwmapi.dll
0x00007ffa75410000 - 0x00007ffa754a5000 	C:\WINDOWS\system32\uxtheme.dll
0x00007ffa79f90000 - 0x00007ffa7a04f000 	C:\WINDOWS\System32\OLEAUT32.dll
0x00007ffa77560000 - 0x00007ffa775fc000 	C:\WINDOWS\System32\msvcp_win.dll
0x00007ffa79a90000 - 0x00007ffa79bc7000 	C:\WINDOWS\System32\ole32.dll
0x000000005f060000 - 0x000000005f0a1000 	C:\Program Files\Java\jdk1.8.0_51\jre\bin\glass.dll
0x00007ffa79d20000 - 0x00007ffa79e1a000 	C:\WINDOWS\System32\COMDLG32.dll
0x00007ffa79e30000 - 0x00007ffa79f8b000 	C:\WINDOWS\System32\MSCTF.dll
0x0000000060950000 - 0x0000000060965000 	C:\Program Files\Java\jdk1.8.0_51\jre\bin\javafx_font.dll
0x00007ffa60b90000 - 0x00007ffa60df9000 	C:\WINDOWS\SYSTEM32\dwrite.dll
0x00007ffa7a5e0000 - 0x00007ffa7a67f000 	C:\WINDOWS\System32\clbcatq.dll
0x00007ffa6d380000 - 0x00007ffa6d528000 	C:\WINDOWS\SYSTEM32\WindowsCodecs.dll
0x00007ffa69330000 - 0x00007ffa69379000 	C:\WINDOWS\system32\dataexchange.dll
0x00007ffa741d0000 - 0x00007ffa74321000 	C:\WINDOWS\system32\dcomp.dll
0x00007ffa733c0000 - 0x00007ffa73676000 	C:\WINDOWS\system32\d3d11.dll
0x00007ffa75cc0000 - 0x00007ffa75d5f000 	C:\WINDOWS\system32\dxgi.dll
0x00007ffa75760000 - 0x00007ffa7587c000 	C:\WINDOWS\system32\twinapi.appcore.dll
0x00007ffa76910000 - 0x00007ffa7693b000 	C:\WINDOWS\system32\bcrypt.dll
0x000000005f100000 - 0x000000005f111000 	C:\Program Files\Java\jdk1.8.0_51\jre\bin\prism_common.dll
0x0000000060f80000 - 0x0000000060f9a000 	C:\Program Files\Java\jdk1.8.0_51\jre\bin\net.dll
0x00007ffa76660000 - 0x00007ffa766bc000 	C:\WINDOWS\system32\mswsock.dll
0x00007ffa732b0000 - 0x00007ffa732c1000 	C:\Users\Nathan\Documents\NetBeansProjects\panorabot\panorabotClient\xboxcontroller64.dll
0x00007ffa75240000 - 0x00007ffa75247000 	C:\WINDOWS\SYSTEM32\XINPUT9_1_0.dll
0x0000000061170000 - 0x0000000061208000 	C:\WINDOWS\SYSTEM32\MSVCP100.dll
0x00007ffa74b20000 - 0x00007ffa74b2e000 	C:\WINDOWS\SYSTEM32\XInput1_4.dll
0x00007ffa75a00000 - 0x00007ffa75a28000 	C:\WINDOWS\SYSTEM32\DEVOBJ.dll
0x000000005f350000 - 0x000000005f4e8000 	C:\Program Files\Java\jdk1.8.0_51\jre\bin\awt.dll
0x00007ffa75080000 - 0x00007ffa750fa000 	C:\WINDOWS\SYSTEM32\apphelp.dll
0x00007ffa66cd0000 - 0x00007ffa66e62000 	C:\WINDOWS\SYSTEM32\dbghelp.dll

VM Arguments:
jvm_args: -Dfile.encoding=UTF-8 
java_command: panorabotClient.ihm.panorabotClient
java_class_path (initial): C:\Users\Nathan\Documents\NetBeansProjects\panorabot\panorabotClient\lib\XboxController.jar;C:\Users\Nathan\Documents\NetBeansProjects\panorabot\panorabotClient\lib\aplu5.jar;C:\Users\Nathan\Documents\NetBeansProjects\panorabot\panorabotClient\lib\jSSC-2.8.0-Release;C:\Users\Nathan\Documents\NetBeansProjects\panorabot\panorabotClient\lib\jaw.jar;C:\Users\Nathan\Documents\NetBeansProjects\panorabot\panorabotClient\lib\OpenImaj\BezierUtils-1.0.0.jar;C:\Users\Nathan\Documents\NetBeansProjects\panorabot\panorabotClient\lib\OpenImaj\FaceTracker-1.3.1.jar;C:\Users\Nathan\Documents\NetBeansProjects\panorabot\panorabotClient\lib\OpenImaj\IREval-1.3.1.jar;C:\Users\Nathan\Documents\NetBeansProjects\panorabot\panorabotClient\lib\OpenImaj\ImprovedArgs4J-1.3.1.jar;C:\Users\Nathan\Documents\NetBeansProjects\panorabot\panorabotClient\lib\OpenImaj\JTransforms-1.3.1.jar;C:\Users\Nathan\Documents\NetBeansProjects\panorabot\panorabotClient\lib\OpenImaj\Jama-1.0.2.jar;C:\Users\Nathan\Documents\NetBeansProjects\panorabot\panorabotClient\lib\OpenImaj\MatrixLib-1.3.1.jar;C:\Users\Nathan\Documents\NetBeansProjects\panorabot\panorabotClient\lib\OpenImaj\animation-1.3.1.jar;C:\Users\Nathan\Documents\NetBeansProjects\panorabot\panorabotClient\lib\OpenImaj\apache-commons-sanselan.jar;C:\Users\Nathan\Documents\NetBeansProjects\panorabot\panorabotClient\lib\OpenImaj\apache-jakarta-commons-httpclient.jar;C:\Users\Nathan\Documents\NetBeansProjects\panorabot\panorabotClient\lib\OpenImaj\apache-logging-log4j.jar;C:\Users\Nathan\Documents\NetBeansProjects\panorabot\panorabotClient\lib\OpenImaj\arpack-combo-0.1.jar;C:\Users\Nathan\Documents\NetBeansProjects\panorabot\panorabotClient\lib\OpenImaj\bridj-0.6.2.jar;C:\Users\Nathan\Documents\NetBeansProjects\panorabot\panorabotClient\lib\OpenImaj\clustering-1.3.1.jar;C:\Users\Nathan\Documents\NetBeansProjects\panorabot\panorabotClient\lib\OpenImaj\colt-1.2.0.jar;C:\Users\Nathan\Documents\NetBeansProjects\panorabot\panorabotClie
Launcher Type: SUN_STANDARD

Environment Variables:
JAVA_HOME=C:\Program Files\Java\jdk1.8.0_51
PATH=C:\ProgramData\Oracle\Java\javapath;C:\Program Files (x86)\Intel\iCLS Client\;C:\Program Files\Intel\iCLS Client\;C:\Windows\system32;C:\Windows;C:\Windows\System32\Wbem;C:\Windows\System32\WindowsPowerShell\v1.0\;C:\Program Files (x86)\Acer\abFiles\;C:\Program Files\Intel\Intel(R) Management Engine Components\DAL;C:\Program Files (x86)\Intel\Intel(R) Management Engine Components\DAL;C:\Program Files\Intel\Intel(R) Management Engine Components\IPT;C:\Program Files (x86)\Intel\Intel(R) Management Engine Components\IPT;C:\WINDOWS\system32;C:\WINDOWS;C:\WINDOWS\System32\Wbem;C:\WINDOWS\System32\WindowsPowerShell\v1.0\;C:\Program Files (x86)\GtkSharp\2.12\bin;D:\Programmes\Brackets\command;C:\Program Files (x86)\Skype\Phone\;C:\Program Files (x86)\NVIDIA Corporation\PhysX\Common;C:\Program Files\apache-maven-3.3.9\bin;C:\WINDOWS\system32;C:\WINDOWS;C:\WINDOWS\System32\Wbem;C:\WINDOWS\System32\WindowsPowerShell\v1.0\;C:\Program Files (x86)\IVI Foundation\VISA\WinNT\Bin;C:\Users\Nathan\Desktop\CMPMVS_0_6_0;C:\Users\Nathan\AppData\Local\Microsoft\WindowsApps;
USERNAME=Nathan
OS=Windows_NT
PROCESSOR_IDENTIFIER=Intel64 Family 6 Model 60 Stepping 3, GenuineIntel



---------------  S Y S T E M  ---------------

OS: Windows 10.0 , 64 bit Build 14393 (10.0.14393.0)

CPU:total 8 (4 cores per cpu, 2 threads per core) family 6 model 60 stepping 3, cmov, cx8, fxsr, mmx, sse, sse2, sse3, ssse3, sse4.1, sse4.2, popcnt, avx, avx2, aes, clmul, erms, lzcnt, ht, tsc, tscinvbit, bmi1, bmi2

Memory: 4k page, physical 16698648k(11209860k free), swap 19713304k(13131288k free)

vm_info: Java HotSpot(TM) 64-Bit Server VM (25.51-b03) for windows-amd64 JRE (1.8.0_51-b16), built on Jun  8 2015 18:03:07 by "java_re" with MS VC++ 10.0 (VS2010)

time: Tue Feb 21 09:29:08 2017
elapsed time: 19 seconds (0d 0h 0m 19s)

