#
# A fatal error has been detected by the Java Runtime Environment:
#
#  EXCEPTION_ACCESS_VIOLATION (0xc0000005) at pc=0x000000005f68a088, pid=9220, tid=21240
#
# JRE version: Java(TM) SE Runtime Environment (8.0_51-b16) (build 1.8.0_51-b16)
# Java VM: Java HotSpot(TM) 64-Bit Server VM (25.51-b03 mixed mode windows-amd64 compressed oops)
# Problematic frame:
# V  [jvm.dll+0x15a088]
#
# Failed to write core dump. Minidumps are not enabled by default on client versions of Windows
#
# If you would like to submit a bug report, please visit:
#   http://bugreport.java.com/bugreport/crash.jsp
# The crash happened outside the Java Virtual Machine in native code.
# See problematic frame for where to report the bug.
#

---------------  T H R E A D  ---------------

Current thread (0x0000000020012800):  JavaThread "AWT-EventQueue-0" [_thread_in_native, id=21240, stack(0x0000000028680000,0x0000000028780000)]

siginfo: ExceptionCode=0xc0000005, writing address 0x0000000000000270

Registers:
RAX=0x000000000000dead, RBX=0x0000000000000000, RCX=0x000000001fa34800, RDX=0x0000000003244a50
RSP=0x000000002877db20, RBP=0x0000000003244a50, RSI=0x0000000000000000, RDI=0x0000000000000009
R8 =0x0000000000000000, R9 =0x0000000000000009, R10=0x000000005fcc0d50, R11=0x000000005f757bb0
R12=0x0000000000000000, R13=0x0000000024f7fbb0, R14=0x000000002877dc88, R15=0x0000000020012800
RIP=0x000000005f68a088, EFLAGS=0x0000000000010246

Top of Stack: (sp=0x000000002877db20)
0x000000002877db20:   000000000318de20 000000005f743585
0x000000002877db30:   0000000000000010 0000000000000000
0x000000002877db40:   0000000000000000 00000000032b7b40
0x000000002877db50:   00000000032b7b60 000000005f5cebc0
0x000000002877db60:   0000000000000009 0000000000000010
0x000000002877db70:   0000000020065ee0 00007ffa7015600d
0x000000002877db80:   0000000000000009 00000000000003e8
0x000000002877db90:   0000000000000009 0000000003b7ed00
0x000000002877dba0:   000000002004222a 0000000000000000
0x000000002877dbb0:   0000000003277730 0000000003286937
0x000000002877dbc0:   000000002877dc50 0000000024f7fbb0
0x000000002877dbd0:   0000000003b701f5 0000000024f7fce0
0x000000002877dbe0:   000000002877dc40 0000000027971828
0x000000002877dbf0:   0000000000000000 0000000024f7fce0
0x000000002877dc00:   0000000000000001 000000076d84f280
0x000000002877dc10:   000000002877dc00 0000000000000000 

Instructions: (pc=0x000000005f68a088)
0x000000005f68a068:   8b ea 3d ab de 00 00 74 17 8b 83 88 02 00 00 3d
0x000000005f68a078:   ac de 00 00 74 0a 48 8b cb e8 7a fb 0d 00 33 db
0x000000005f68a088:   c7 83 70 02 00 00 05 00 00 00 83 3d df 09 6a 00
0x000000005f68a098:   01 75 09 80 3d 41 fc 69 00 00 74 18 80 3d 39 fc 


Register to memory mapping:

RAX=0x000000000000dead is an unknown value
RBX=0x0000000000000000 is an unknown value
RCX=0x000000001fa34800 is an unknown value
RDX=0x0000000003244a50 is a global jni handle
RSP=0x000000002877db20 is pointing into the stack for thread: 0x0000000020012800
RBP=0x0000000003244a50 is a global jni handle
RSI=0x0000000000000000 is an unknown value
RDI=0x0000000000000009 is an unknown value
R8 =0x0000000000000000 is an unknown value
R9 =0x0000000000000009 is an unknown value
R10=0x000000005fcc0d50 is an unknown value
R11=0x000000005f757bb0 is an unknown value
R12=0x0000000000000000 is an unknown value
R13={method} {0x0000000024f7fbb8} 'nativeReadBuf' '(JI)I' in 'ch/aplu/jaw/NativeHandler'
R14=0x000000002877dc88 is pointing into the stack for thread: 0x0000000020012800
R15=0x0000000020012800 is a thread


Stack: [0x0000000028680000,0x0000000028780000],  sp=0x000000002877db20,  free space=1014k
Native frames: (J=compiled Java code, j=interpreted, Vv=VM code, C=native code)
V  [jvm.dll+0x15a088]
C  [xboxcontroller64.dll+0x600d]
C  0x0000000003286937

Java frames: (J=compiled Java code, j=interpreted, Vv=VM code)
j  ch.aplu.jaw.NativeHandler.nativeReadBuf(JI)I+0
j  ch.aplu.jaw.NativeHandler.readBuf(I)I+33
j  ch.aplu.xboxcontroller.XboxController.readData()Lch/aplu/xboxcontroller/ControllerState;+15
j  ch.aplu.xboxcontroller.XboxController.access$000(Lch/aplu/xboxcontroller/XboxController;)Lch/aplu/xboxcontroller/ControllerState;+1
j  ch.aplu.xboxcontroller.XboxController$1.actionPerformed(Ljava/awt/event/ActionEvent;)V+4
j  javax.swing.Timer.fireActionPerformed(Ljava/awt/event/ActionEvent;)V+34
j  javax.swing.Timer$DoPostEvent.run()V+74
j  java.awt.event.InvocationEvent.dispatch()V+47
j  java.awt.EventQueue.dispatchEventImpl(Ljava/awt/AWTEvent;Ljava/lang/Object;)V+21
j  java.awt.EventQueue.access$500(Ljava/awt/EventQueue;Ljava/awt/AWTEvent;Ljava/lang/Object;)V+3
j  java.awt.EventQueue$3.run()Ljava/lang/Void;+32
j  java.awt.EventQueue$3.run()Ljava/lang/Object;+1
v  ~StubRoutines::call_stub
J 1253  java.security.AccessController.doPrivileged(Ljava/security/PrivilegedAction;Ljava/security/AccessControlContext;)Ljava/lang/Object; (0 bytes) @ 0x00000000036cbb26 [0x00000000036cbac0+0x66]
J 2652 C1 java.security.ProtectionDomain$1.doIntersectionPrivilege(Ljava/security/PrivilegedAction;Ljava/security/AccessControlContext;Ljava/security/AccessControlContext;)Ljava/lang/Object; (32 bytes) @ 0x0000000003a69e04 [0x0000000003a69b00+0x304]
j  java.awt.EventQueue.dispatchEvent(Ljava/awt/AWTEvent;)V+46
J 2972 C1 java.awt.EventDispatchThread.pumpOneEventForFilters(I)V (295 bytes) @ 0x0000000003b4fb54 [0x0000000003b4de00+0x1d54]
j  java.awt.EventDispatchThread.pumpEventsForFilter(ILjava/awt/Conditional;Ljava/awt/EventFilter;)V+35
j  java.awt.EventDispatchThread.pumpEventsForHierarchy(ILjava/awt/Conditional;Ljava/awt/Component;)V+11
j  java.awt.EventDispatchThread.pumpEvents(ILjava/awt/Conditional;)V+4
j  java.awt.EventDispatchThread.pumpEvents(Ljava/awt/Conditional;)V+3
j  java.awt.EventDispatchThread.run()V+9
v  ~StubRoutines::call_stub

---------------  P R O C E S S  ---------------

Java Threads: ( => current thread )
  0x0000000020013000 JavaThread "DestroyJavaVM" [_thread_blocked, id=7648, stack(0x0000000003040000,0x0000000003140000)]
=>0x0000000020012800 JavaThread "AWT-EventQueue-0" [_thread_in_native, id=21240, stack(0x0000000028680000,0x0000000028780000)]
  0x0000000020010000 JavaThread "AWT-Windows" daemon [_thread_in_native, id=15428, stack(0x0000000028580000,0x0000000028680000)]
  0x000000002007c000 JavaThread "AWT-Shutdown" [_thread_blocked, id=16704, stack(0x0000000028480000,0x0000000028580000)]
  0x000000002007b800 JavaThread "Java2D Disposer" daemon [_thread_blocked, id=21840, stack(0x0000000028380000,0x0000000028480000)]
  0x000000001feab800 JavaThread "TimerQueue" daemon [_thread_blocked, id=22140, stack(0x0000000028280000,0x0000000028380000)]
  0x0000000020041000 JavaThread "Thread-5" [_thread_in_native, id=864, stack(0x0000000027c30000,0x0000000027d30000)]
  0x0000000020024800 JavaThread "Thread-4" [_thread_in_native, id=13380, stack(0x0000000027b30000,0x0000000027c30000)]
  0x000000001fceb800 JavaThread "Prism Font Disposer" daemon [_thread_blocked, id=704, stack(0x0000000026c30000,0x0000000026d30000)]
  0x000000001facb000 JavaThread "Thread-3" daemon [_thread_in_native, id=12404, stack(0x0000000024af0000,0x0000000024bf0000)]
  0x000000001fa25800 JavaThread "Thread-1" daemon [_thread_blocked, id=2560, stack(0x0000000020360000,0x0000000020460000)]
  0x000000001edd4000 JavaThread "Service Thread" daemon [_thread_blocked, id=11784, stack(0x000000001f710000,0x000000001f810000)]
  0x000000001ed47000 JavaThread "C1 CompilerThread3" daemon [_thread_blocked, id=8488, stack(0x000000001f610000,0x000000001f710000)]
  0x000000001ed40800 JavaThread "C2 CompilerThread2" daemon [_thread_blocked, id=20816, stack(0x000000001f510000,0x000000001f610000)]
  0x000000001ed3f000 JavaThread "C2 CompilerThread1" daemon [_thread_blocked, id=12244, stack(0x000000001f410000,0x000000001f510000)]
  0x000000001ed3b000 JavaThread "C2 CompilerThread0" daemon [_thread_blocked, id=22108, stack(0x000000001f310000,0x000000001f410000)]
  0x000000001ed38000 JavaThread "Attach Listener" daemon [_thread_blocked, id=20724, stack(0x000000001f210000,0x000000001f310000)]
  0x000000001ed37000 JavaThread "Signal Dispatcher" daemon [_thread_blocked, id=17600, stack(0x000000001f110000,0x000000001f210000)]
  0x000000000326a800 JavaThread "Finalizer" daemon [_thread_blocked, id=7520, stack(0x000000001ec10000,0x000000001ed10000)]
  0x0000000003264000 JavaThread "Reference Handler" daemon [_thread_blocked, id=19972, stack(0x000000001eb10000,0x000000001ec10000)]

Other Threads:
  0x000000001cd29800 VMThread [stack: 0x000000001ea10000,0x000000001eb10000] [id=20760]
  0x000000001eddd000 WatcherThread [stack: 0x000000001f810000,0x000000001f910000] [id=14708]

VM state:not at safepoint (normal execution)

VM Mutex/Monitor currently owned by a thread: None

Heap:
 PSYoungGen      total 76288K, used 57102K [0x000000076b100000, 0x0000000770600000, 0x00000007c0000000)
  eden space 65536K, 87% used [0x000000076b100000,0x000000076e8c3ad0,0x000000076f100000)
  from space 10752K, 0% used [0x000000076fb80000,0x000000076fb80000,0x0000000770600000)
  to   space 10752K, 0% used [0x000000076f100000,0x000000076f100000,0x000000076fb80000)
 ParOldGen       total 175104K, used 0K [0x00000006c1200000, 0x00000006cbd00000, 0x000000076b100000)
  object space 175104K, 0% used [0x00000006c1200000,0x00000006c1200000,0x00000006cbd00000)
 Metaspace       used 19397K, capacity 20240K, committed 20352K, reserved 1067008K
  class space    used 2669K, capacity 2871K, committed 2944K, reserved 1048576K

Card table byte_map: [0x0000000012630000,0x0000000012e30000] byte_map_base: 0x000000000f027000

Marking Bits: (ParMarkBitMap*) 0x000000005fd34040
 Begin Bits: [0x0000000013b80000, 0x0000000017b38000)
 End Bits:   [0x0000000017b38000, 0x000000001baf0000)

Polling page: 0x0000000001810000

CodeCache: size=245760Kb used=9303Kb max_used=9314Kb free=236456Kb
 bounds [0x0000000003270000, 0x0000000003b90000, 0x0000000012270000]
 total_blobs=3712 nmethods=3011 adapters=612
 compilation: enabled

Compilation events (10 events):
Event: 22.747 Thread 0x000000001ed47000 3006   !   3       com.sun.javafx.sg.prism.NGNode::accumulateGroupDirtyRegion (652 bytes)
Event: 22.755 Thread 0x000000001ed47000 nmethod 3006 0x0000000003b863d0 code [0x0000000003b868e0, 0x0000000003b8a2d8]
Event: 22.890 Thread 0x000000001ed47000 3007       3       sun.invoke.util.BytecodeDescriptor::unparseMethod (68 bytes)
Event: 22.891 Thread 0x000000001ed47000 nmethod 3007 0x0000000003b808d0 code [0x0000000003b80b20, 0x0000000003b819f8]
Event: 22.893 Thread 0x000000001ed47000 3009       3       java.util.LinkedList$ListItr::hasNext (20 bytes)
Event: 22.893 Thread 0x000000001ed47000 nmethod 3009 0x0000000003b63510 code [0x0000000003b63660, 0x0000000003b63830]
Event: 23.652 Thread 0x000000001ed40800 3010       4       java.util.concurrent.locks.ReentrantLock$NonfairSync::lock (25 bytes)
Event: 23.657 Thread 0x000000001ed40800 nmethod 3010 0x0000000003b7eb90 code [0x0000000003b7ed00, 0x0000000003b7ee88]
Event: 23.855 Thread 0x000000001ed47000 3011       1       sun.awt.AWTAutoShutdown::getInstance (4 bytes)
Event: 23.855 Thread 0x000000001ed47000 nmethod 3011 0x0000000003b1c190 code [0x0000000003b1c2e0, 0x0000000003b1c3d0]

GC Heap History (0 events):
No events

Deoptimization events (10 events):
Event: 2.255 Thread 0x000000001fa34800 Uncommon trap: reason=unstable_if action=reinterpret pc=0x00000000037131ec method=java.io.ByteArrayInputStream.read()I @ 8
Event: 2.255 Thread 0x000000001fa34800 Uncommon trap: reason=class_check action=maybe_recompile pc=0x0000000003634730 method=java.io.FilterInputStream.read()I @ 4
Event: 2.255 Thread 0x000000001fa34800 Uncommon trap: reason=class_check action=maybe_recompile pc=0x0000000003634730 method=java.io.FilterInputStream.read()I @ 4
Event: 2.255 Thread 0x000000001fa34800 Uncommon trap: reason=class_check action=maybe_recompile pc=0x0000000003634730 method=java.io.FilterInputStream.read()I @ 4
Event: 2.255 Thread 0x000000001fa34800 Uncommon trap: reason=class_check action=maybe_recompile pc=0x0000000003634730 method=java.io.FilterInputStream.read()I @ 4
Event: 7.488 Thread 0x0000000020012800 Uncommon trap: reason=unstable_if action=reinterpret pc=0x00000000038290bc method=java.lang.ThreadLocal.get()Ljava/lang/Object; @ 11
Event: 9.102 Thread 0x000000001fa34800 Uncommon trap: reason=array_check action=maybe_recompile pc=0x00000000038eea10 method=com.sun.javafx.css.SimpleSelector.applies(Ljavafx/css/Styleable;[Ljava/util/Set;I)Z @ 37
Event: 9.103 Thread 0x000000001fa34800 Uncommon trap: reason=array_check action=maybe_recompile pc=0x00000000038eea10 method=com.sun.javafx.css.SimpleSelector.applies(Ljavafx/css/Styleable;[Ljava/util/Set;I)Z @ 37
Event: 9.103 Thread 0x000000001fa34800 Uncommon trap: reason=array_check action=maybe_recompile pc=0x00000000038eea10 method=com.sun.javafx.css.SimpleSelector.applies(Ljavafx/css/Styleable;[Ljava/util/Set;I)Z @ 37
Event: 9.103 Thread 0x000000001fa34800 Uncommon trap: reason=array_check action=maybe_recompile pc=0x00000000038eea10 method=com.sun.javafx.css.SimpleSelector.applies(Ljavafx/css/Styleable;[Ljava/util/Set;I)Z @ 37

Internal exceptions (10 events):
Event: 0.460 Thread 0x000000001fa34800 Implicit null exception at 0x0000000003547075 to 0x00000000035472a1
Event: 2.220 Thread 0x000000001fa34800 Exception <a 'java/io/FileNotFoundException'> (0x000000076d8829a8) thrown at [C:\re\workspace\8-2-build-windows-amd64-cygwin\jdk8u51\3951\hotspot\src\share\vm\prims\jni.cpp, line 709]
Event: 3.094 Thread 0x0000000020024800 Exception <a 'java/net/ConnectException': Connection refused: connect> (0x000000076d984040) thrown at [C:\re\workspace\8-2-build-windows-amd64-cygwin\jdk8u51\3951\hotspot\src\share\vm\prims\jni.cpp, line 735]
Event: 6.096 Thread 0x0000000020024800 Exception <a 'java/net/ConnectException': Connection refused: connect> (0x000000076d984c40) thrown at [C:\re\workspace\8-2-build-windows-amd64-cygwin\jdk8u51\3951\hotspot\src\share\vm\prims\jni.cpp, line 735]
Event: 7.488 Thread 0x0000000020012800 Implicit null exception at 0x0000000003828fdc to 0x00000000038290a9
Event: 9.100 Thread 0x0000000020024800 Exception <a 'java/net/ConnectException': Connection refused: connect> (0x000000076d9856a0) thrown at [C:\re\workspace\8-2-build-windows-amd64-cygwin\jdk8u51\3951\hotspot\src\share\vm\prims\jni.cpp, line 735]
Event: 12.102 Thread 0x0000000020024800 Exception <a 'java/net/ConnectException': Connection refused: connect> (0x000000076d986100) thrown at [C:\re\workspace\8-2-build-windows-amd64-cygwin\jdk8u51\3951\hotspot\src\share\vm\prims\jni.cpp, line 735]
Event: 15.104 Thread 0x0000000020024800 Exception <a 'java/net/ConnectException': Connection refused: connect> (0x000000076d986b60) thrown at [C:\re\workspace\8-2-build-windows-amd64-cygwin\jdk8u51\3951\hotspot\src\share\vm\prims\jni.cpp, line 735]
Event: 18.107 Thread 0x0000000020024800 Exception <a 'java/net/ConnectException': Connection refused: connect> (0x000000076d9875c0) thrown at [C:\re\workspace\8-2-build-windows-amd64-cygwin\jdk8u51\3951\hotspot\src\share\vm\prims\jni.cpp, line 735]
Event: 21.109 Thread 0x0000000020024800 Exception <a 'java/net/ConnectException': Connection refused: connect> (0x000000076d988110) thrown at [C:\re\workspace\8-2-build-windows-amd64-cygwin\jdk8u51\3951\hotspot\src\share\vm\prims\jni.cpp, line 735]

Events (10 events):
Event: 22.890 loading class javafx/application/Application done
Event: 22.892 loading class com/sun/javafx/tk/quantum/QuantumRenderer
Event: 22.892 loading class com/sun/javafx/tk/quantum/QuantumRenderer done
Event: 22.893 loading class com/sun/javafx/tk/quantum/QuantumToolkit
Event: 22.893 loading class com/sun/javafx/tk/quantum/QuantumToolkit done
Event: 22.893 Thread 0x000000001faa1000 Thread exited: 0x000000001faa1000
Event: 22.893 Thread 0x000000000316e000 Thread exited: 0x000000000316e000
Event: 22.893 Thread 0x0000000020013000 Thread added: 0x0000000020013000
Event: 22.893 Thread 0x000000001fa34800 Thread exited: 0x000000001fa34800
Event: 22.900 Thread 0x000000001f9e9000 Thread exited: 0x000000001f9e9000


Dynamic libraries:
0x00007ff7d0260000 - 0x00007ff7d0297000 	C:\Program Files\Java\jdk1.8.0_51\jre\bin\java.exe
0x00007ffa7a8d0000 - 0x00007ffa7aaa1000 	C:\WINDOWS\SYSTEM32\ntdll.dll
0x00007ffa78130000 - 0x00007ffa781db000 	C:\WINDOWS\System32\KERNEL32.DLL
0x00007ffa777b0000 - 0x00007ffa779cd000 	C:\WINDOWS\System32\KERNELBASE.dll
0x00007ffa7a6f0000 - 0x00007ffa7a792000 	C:\WINDOWS\System32\ADVAPI32.dll
0x00007ffa79c20000 - 0x00007ffa79cbe000 	C:\WINDOWS\System32\msvcrt.dll
0x00007ffa79cc0000 - 0x00007ffa79d19000 	C:\WINDOWS\System32\sechost.dll
0x00007ffa7a050000 - 0x00007ffa7a171000 	C:\WINDOWS\System32\RPCRT4.dll
0x00007ffa79890000 - 0x00007ffa799f5000 	C:\WINDOWS\System32\USER32.dll
0x00007ffa77d90000 - 0x00007ffa77dae000 	C:\WINDOWS\System32\win32u.dll
0x00007ffa79be0000 - 0x00007ffa79c14000 	C:\WINDOWS\System32\GDI32.dll
0x00007ffa77c00000 - 0x00007ffa77d82000 	C:\WINDOWS\System32\gdi32full.dll
0x00007ffa6af50000 - 0x00007ffa6b1c9000 	C:\WINDOWS\WinSxS\amd64_microsoft.windows.common-controls_6595b64144ccf1df_6.0.14393.447_none_42191651c6827bb3\COMCTL32.dll
0x00007ffa77e60000 - 0x00007ffa78128000 	C:\WINDOWS\System32\combase.dll
0x00007ffa77600000 - 0x00007ffa776f5000 	C:\WINDOWS\System32\ucrtbase.dll
0x00007ffa774a0000 - 0x00007ffa7750a000 	C:\WINDOWS\System32\bcryptPrimitives.dll
0x00007ffa79a60000 - 0x00007ffa79a8e000 	C:\WINDOWS\System32\IMM32.DLL
0x000000005f450000 - 0x000000005f522000 	C:\Program Files\Java\jdk1.8.0_51\jre\bin\msvcr100.dll
0x000000005f530000 - 0x000000005fdb3000 	C:\Program Files\Java\jdk1.8.0_51\jre\bin\server\jvm.dll
0x00007ffa79bd0000 - 0x00007ffa79bd8000 	C:\WINDOWS\System32\PSAPI.DLL
0x00007ffa69800000 - 0x00007ffa6980a000 	C:\WINDOWS\SYSTEM32\VERSION.dll
0x00007ffa74dc0000 - 0x00007ffa74de3000 	C:\WINDOWS\SYSTEM32\WINMM.dll
0x00007ffa68600000 - 0x00007ffa68609000 	C:\WINDOWS\SYSTEM32\WSOCK32.dll
0x00007ffa7a680000 - 0x00007ffa7a6ea000 	C:\WINDOWS\System32\WS2_32.dll
0x0000000001870000 - 0x000000000189b000 	C:\WINDOWS\SYSTEM32\WINMMBASE.dll
0x00007ffa77510000 - 0x00007ffa77552000 	C:\WINDOWS\System32\cfgmgr32.dll
0x0000000061190000 - 0x000000006119f000 	C:\Program Files\Java\jdk1.8.0_51\jre\bin\verify.dll
0x0000000061120000 - 0x0000000061149000 	C:\Program Files\Java\jdk1.8.0_51\jre\bin\java.dll
0x0000000061100000 - 0x0000000061116000 	C:\Program Files\Java\jdk1.8.0_51\jre\bin\zip.dll
0x00007ffa781e0000 - 0x00007ffa796e9000 	C:\WINDOWS\System32\SHELL32.dll
0x00007ffa76dc0000 - 0x00007ffa7749a000 	C:\WINDOWS\System32\windows.storage.dll
0x00007ffa76d60000 - 0x00007ffa76dac000 	C:\WINDOWS\System32\powrprof.dll
0x00007ffa7a870000 - 0x00007ffa7a8c2000 	C:\WINDOWS\System32\shlwapi.dll
0x00007ffa76d30000 - 0x00007ffa76d3f000 	C:\WINDOWS\System32\kernel.appcore.dll
0x00007ffa77700000 - 0x00007ffa777a9000 	C:\WINDOWS\System32\shcore.dll
0x00007ffa76d40000 - 0x00007ffa76d54000 	C:\WINDOWS\System32\profapi.dll
0x00000000611e0000 - 0x000000006120c000 	C:\Program Files\Java\jdk1.8.0_51\jre\bin\prism_d3d.dll
0x00007ffa4fb90000 - 0x00007ffa4fd1d000 	C:\WINDOWS\system32\d3d9.dll
0x00007ffa746d0000 - 0x00007ffa746f6000 	C:\WINDOWS\SYSTEM32\dwmapi.dll
0x00007ffa75410000 - 0x00007ffa754a5000 	C:\WINDOWS\system32\uxtheme.dll
0x00007ffa79f90000 - 0x00007ffa7a04f000 	C:\WINDOWS\System32\OLEAUT32.dll
0x00007ffa77560000 - 0x00007ffa775fc000 	C:\WINDOWS\System32\msvcp_win.dll
0x00007ffa79a90000 - 0x00007ffa79bc7000 	C:\WINDOWS\System32\ole32.dll
0x000000005f200000 - 0x000000005f241000 	C:\Program Files\Java\jdk1.8.0_51\jre\bin\glass.dll
0x00007ffa79d20000 - 0x00007ffa79e1a000 	C:\WINDOWS\System32\COMDLG32.dll
0x00007ffa79e30000 - 0x00007ffa79f8b000 	C:\WINDOWS\System32\MSCTF.dll
0x000000005f0f0000 - 0x000000005f105000 	C:\Program Files\Java\jdk1.8.0_51\jre\bin\javafx_font.dll
0x00007ffa60b90000 - 0x00007ffa60df9000 	C:\WINDOWS\SYSTEM32\dwrite.dll
0x00007ffa7a5e0000 - 0x00007ffa7a67f000 	C:\WINDOWS\System32\clbcatq.dll
0x00007ffa6d380000 - 0x00007ffa6d528000 	C:\WINDOWS\SYSTEM32\WindowsCodecs.dll
0x00007ffa69160000 - 0x00007ffa691a9000 	C:\WINDOWS\system32\dataexchange.dll
0x00007ffa733c0000 - 0x00007ffa73676000 	C:\WINDOWS\system32\d3d11.dll
0x00007ffa741d0000 - 0x00007ffa74321000 	C:\WINDOWS\system32\dcomp.dll
0x00007ffa75cc0000 - 0x00007ffa75d5f000 	C:\WINDOWS\system32\dxgi.dll
0x00007ffa75760000 - 0x00007ffa7587c000 	C:\WINDOWS\system32\twinapi.appcore.dll
0x00007ffa76910000 - 0x00007ffa7693b000 	C:\WINDOWS\system32\bcrypt.dll
0x000000005f0d0000 - 0x000000005f0e1000 	C:\Program Files\Java\jdk1.8.0_51\jre\bin\prism_common.dll
0x00000000610e0000 - 0x00000000610fa000 	C:\Program Files\Java\jdk1.8.0_51\jre\bin\net.dll
0x00007ffa76660000 - 0x00007ffa766bc000 	C:\WINDOWS\system32\mswsock.dll
0x00007ffa70150000 - 0x00007ffa70161000 	C:\Users\Nathan\Documents\NetBeansProjects\panorabot\panorabotClient\xboxcontroller64.dll
0x000000005ff20000 - 0x000000005ffb8000 	C:\WINDOWS\SYSTEM32\MSVCP100.dll
0x00007ffa70140000 - 0x00007ffa70147000 	C:\WINDOWS\SYSTEM32\XINPUT9_1_0.dll
0x00007ffa76440000 - 0x00007ffa764e0000 	C:\WINDOWS\SYSTEM32\DNSAPI.dll
0x00007ffa79e20000 - 0x00007ffa79e28000 	C:\WINDOWS\System32\NSI.dll
0x00007ffa763f0000 - 0x00007ffa76428000 	C:\WINDOWS\SYSTEM32\IPHLPAPI.DLL
0x0000000062000000 - 0x0000000062026000 	C:\Program Files\Bonjour\mdnsNSP.dll
0x00007ffa6eab0000 - 0x00007ffa6eaba000 	C:\Windows\System32\rasadhlp.dll
0x00007ffa711f0000 - 0x00007ffa7125a000 	C:\WINDOWS\System32\fwpuclnt.dll
0x00007ffa6feb0000 - 0x00007ffa6febe000 	C:\WINDOWS\SYSTEM32\XInput1_4.dll
0x00007ffa75a00000 - 0x00007ffa75a28000 	C:\WINDOWS\SYSTEM32\DEVOBJ.dll
0x000000005f2b0000 - 0x000000005f448000 	C:\Program Files\Java\jdk1.8.0_51\jre\bin\awt.dll
0x00007ffa75080000 - 0x00007ffa750fa000 	C:\WINDOWS\SYSTEM32\apphelp.dll
0x00007ffa66cd0000 - 0x00007ffa66e62000 	C:\WINDOWS\SYSTEM32\dbghelp.dll

VM Arguments:
jvm_args: -Dfile.encoding=UTF-8 
java_command: panorabotClient.ihm.panorabotClient
java_class_path (initial): C:\Users\Nathan\Documents\NetBeansProjects\panorabot\panorabotClient\lib\XboxController.jar;C:\Users\Nathan\Documents\NetBeansProjects\panorabot\panorabotClient\lib\aplu5.jar;C:\Users\Nathan\Documents\NetBeansProjects\panorabot\panorabotClient\lib\jSSC-2.8.0-Release;C:\Users\Nathan\Documents\NetBeansProjects\panorabot\panorabotClient\lib\jaw.jar;C:\Users\Nathan\Documents\NetBeansProjects\panorabot\panorabotClient\build\classes
Launcher Type: SUN_STANDARD

Environment Variables:
JAVA_HOME=C:\Program Files\Java\jdk1.8.0_51
PATH=C:\ProgramData\Oracle\Java\javapath;C:\Program Files (x86)\Intel\iCLS Client\;C:\Program Files\Intel\iCLS Client\;C:\Windows\system32;C:\Windows;C:\Windows\System32\Wbem;C:\Windows\System32\WindowsPowerShell\v1.0\;C:\Program Files (x86)\Acer\abFiles\;C:\Program Files\Intel\Intel(R) Management Engine Components\DAL;C:\Program Files (x86)\Intel\Intel(R) Management Engine Components\DAL;C:\Program Files\Intel\Intel(R) Management Engine Components\IPT;C:\Program Files (x86)\Intel\Intel(R) Management Engine Components\IPT;C:\WINDOWS\system32;C:\WINDOWS;C:\WINDOWS\System32\Wbem;C:\WINDOWS\System32\WindowsPowerShell\v1.0\;C:\Program Files (x86)\GtkSharp\2.12\bin;D:\Programmes\Brackets\command;C:\Program Files (x86)\Skype\Phone\;C:\Program Files (x86)\NVIDIA Corporation\PhysX\Common;C:\Program Files\apache-maven-3.3.9\bin;C:\WINDOWS\system32;C:\WINDOWS;C:\WINDOWS\System32\Wbem;C:\WINDOWS\System32\WindowsPowerShell\v1.0\;C:\Program Files (x86)\IVI Foundation\VISA\WinNT\Bin;C:\Users\Nathan\Desktop\CMPMVS_0_6_0;C:\Users\Nathan\AppData\Local\Microsoft\WindowsApps;
USERNAME=Nathan
OS=Windows_NT
PROCESSOR_IDENTIFIER=Intel64 Family 6 Model 60 Stepping 3, GenuineIntel



---------------  S Y S T E M  ---------------

OS: Windows 10.0 , 64 bit Build 14393 (10.0.14393.0)

CPU:total 8 (4 cores per cpu, 2 threads per core) family 6 model 60 stepping 3, cmov, cx8, fxsr, mmx, sse, sse2, sse3, ssse3, sse4.1, sse4.2, popcnt, avx, avx2, aes, clmul, erms, lzcnt, ht, tsc, tscinvbit, bmi1, bmi2

Memory: 4k page, physical 16698648k(10308144k free), swap 19713304k(11423172k free)

vm_info: Java HotSpot(TM) 64-Bit Server VM (25.51-b03) for windows-amd64 JRE (1.8.0_51-b16), built on Jun  8 2015 18:03:07 by "java_re" with MS VC++ 10.0 (VS2010)

time: Mon Feb 20 15:46:45 2017
elapsed time: 23 seconds (0d 0h 0m 23s)

