#
# A fatal error has been detected by the Java Runtime Environment:
#
#  EXCEPTION_ACCESS_VIOLATION (0xc0000005) at pc=0x000000005f68a088, pid=11960, tid=12528
#
# JRE version: Java(TM) SE Runtime Environment (8.0_51-b16) (build 1.8.0_51-b16)
# Java VM: Java HotSpot(TM) 64-Bit Server VM (25.51-b03 mixed mode windows-amd64 compressed oops)
# Problematic frame:
# V  [jvm.dll+0x15a088]
#
# Failed to write core dump. Minidumps are not enabled by default on client versions of Windows
#
# If you would like to submit a bug report, please visit:
#   http://bugreport.java.com/bugreport/crash.jsp
# The crash happened outside the Java Virtual Machine in native code.
# See problematic frame for where to report the bug.
#

---------------  T H R E A D  ---------------

Current thread (0x000000001ed7a800):  JavaThread "AWT-EventQueue-0" [_thread_in_native, id=12528, stack(0x00000000288b0000,0x00000000289b0000)]

siginfo: ExceptionCode=0xc0000005, writing address 0x0000000000000270

Registers:
RAX=0x000000000000dead, RBX=0x0000000000000000, RCX=0x000000001ecd6800, RDX=0x0000000002532cc0
RSP=0x00000000289ad9c0, RBP=0x0000000002532cc0, RSI=0x0000000000000000, RDI=0x0000000000000009
R8 =0x0000000000000000, R9 =0x0000000000000009, R10=0x000000005fcc0d50, R11=0x000000005f757bb0
R12=0x0000000000000000, R13=0x0000000024242bc8, R14=0x00000000289adb28, R15=0x000000001ed7a800
RIP=0x000000005f68a088, EFLAGS=0x0000000000010246

Top of Stack: (sp=0x00000000289ad9c0)
0x00000000289ad9c0:   00000000289aeaf0 0000000028010000
0x00000000289ad9d0:   0000000002b7d6c0 000000005f827fbe
0x00000000289ad9e0:   0000000002b7e5a0 0000000002b7d6c0
0x00000000289ad9f0:   0000000002b7e5a0 0000000002b7e6c8
0x00000000289ada00:   000000005fb14238 00000000289ad990
0x00000000289ada10:   000000001e260570 00007ffa7014600d
0x00000000289ada20:   0000000000000009 00000000000003e8
0x00000000289ada30:   0000000000000009 000000005f80344e
0x00000000289ada40:   000000001e26e428 0000000002b7e5df
0x00000000289ada50:   0000000026c2d530 0000000002576937
0x00000000289ada60:   00000000289adaf0 0000000024242bc8
0x00000000289ada70:   000000076d884738 000000005f749932
0x00000000289ada80:   000000001b604178 00000000025a6eb0
0x00000000289ada90:   0000000002b7e5a0 0000000002b7e6c8
0x00000000289adaa0:   0000000000000001 000000076d884738
0x00000000289adab0:   00000000289adaa0 0000000000000000 

Instructions: (pc=0x000000005f68a088)
0x000000005f68a068:   8b ea 3d ab de 00 00 74 17 8b 83 88 02 00 00 3d
0x000000005f68a078:   ac de 00 00 74 0a 48 8b cb e8 7a fb 0d 00 33 db
0x000000005f68a088:   c7 83 70 02 00 00 05 00 00 00 83 3d df 09 6a 00
0x000000005f68a098:   01 75 09 80 3d 41 fc 69 00 00 74 18 80 3d 39 fc 


Register to memory mapping:

RAX=0x000000000000dead is an unknown value
RBX=0x0000000000000000 is an unknown value
RCX=0x000000001ecd6800 is an unknown value
RDX=0x0000000002532cc0 is a global jni handle
RSP=0x00000000289ad9c0 is pointing into the stack for thread: 0x000000001ed7a800
RBP=0x0000000002532cc0 is a global jni handle
RSI=0x0000000000000000 is an unknown value
RDI=0x0000000000000009 is an unknown value
R8 =0x0000000000000000 is an unknown value
R9 =0x0000000000000009 is an unknown value
R10=0x000000005fcc0d50 is an unknown value
R11=0x000000005f757bb0 is an unknown value
R12=0x0000000000000000 is an unknown value
R13={method} {0x0000000024242bd0} 'nativeReadBuf' '(JI)I' in 'ch/aplu/jaw/NativeHandler'
R14=0x00000000289adb28 is pointing into the stack for thread: 0x000000001ed7a800
R15=0x000000001ed7a800 is a thread


Stack: [0x00000000288b0000,0x00000000289b0000],  sp=0x00000000289ad9c0,  free space=1014k
Native frames: (J=compiled Java code, j=interpreted, Vv=VM code, C=native code)
V  [jvm.dll+0x15a088]
C  [xboxcontroller64.dll+0x600d]
C  0x0000000002576937

Java frames: (J=compiled Java code, j=interpreted, Vv=VM code)
j  ch.aplu.jaw.NativeHandler.nativeReadBuf(JI)I+0
j  ch.aplu.jaw.NativeHandler.readBuf(I)I+33
J 2102 C1 ch.aplu.xboxcontroller.XboxController.readData()Lch/aplu/xboxcontroller/ControllerState; (290 bytes) @ 0x0000000002b9666c [0x0000000002b963a0+0x2cc]
J 2100 C1 ch.aplu.xboxcontroller.XboxController$1.actionPerformed(Ljava/awt/event/ActionEvent;)V (1099 bytes) @ 0x0000000002b8a3f4 [0x0000000002b8a320+0xd4]
J 2099 C1 javax.swing.Timer.fireActionPerformed(Ljava/awt/event/ActionEvent;)V (46 bytes) @ 0x0000000002b899cc [0x0000000002b89760+0x26c]
J 2096 C1 javax.swing.Timer$DoPostEvent.run()V (95 bytes) @ 0x0000000002b94dec [0x0000000002b940a0+0xd4c]
J 2095 C1 java.awt.event.InvocationEvent.dispatch()V (69 bytes) @ 0x0000000002b88f94 [0x0000000002b88d80+0x214]
J 2092 C1 java.awt.EventQueue.dispatchEventImpl(Ljava/awt/AWTEvent;Ljava/lang/Object;)V (149 bytes) @ 0x0000000002b909f4 [0x0000000002b8ef40+0x1ab4]
J 2076 C1 java.awt.EventQueue$3.run()Ljava/lang/Void; (60 bytes) @ 0x0000000002b7fedc [0x0000000002b7fcc0+0x21c]
J 2075 C1 java.awt.EventQueue$3.run()Ljava/lang/Object; (5 bytes) @ 0x0000000002b7f94c [0x0000000002b7f8c0+0x8c]
v  ~StubRoutines::call_stub
J 1160  java.security.AccessController.doPrivileged(Ljava/security/PrivilegedAction;Ljava/security/AccessControlContext;)Ljava/lang/Object; (0 bytes) @ 0x0000000002974ce6 [0x0000000002974c80+0x66]
J 2067 C1 java.awt.EventQueue.dispatchEvent(Ljava/awt/AWTEvent;)V (80 bytes) @ 0x0000000002b7df84 [0x0000000002b7d6c0+0x8c4]
J 2049 C1 java.awt.EventDispatchThread.pumpOneEventForFilters(I)V (295 bytes) @ 0x0000000002b68714 [0x0000000002b669c0+0x1d54]
j  java.awt.EventDispatchThread.pumpEventsForFilter(ILjava/awt/Conditional;Ljava/awt/EventFilter;)V+35
j  java.awt.EventDispatchThread.pumpEventsForHierarchy(ILjava/awt/Conditional;Ljava/awt/Component;)V+11
j  java.awt.EventDispatchThread.pumpEvents(ILjava/awt/Conditional;)V+4
j  java.awt.EventDispatchThread.pumpEvents(Ljava/awt/Conditional;)V+3
j  java.awt.EventDispatchThread.run()V+9
v  ~StubRoutines::call_stub

---------------  P R O C E S S  ---------------

Java Threads: ( => current thread )
  0x000000001ed76000 JavaThread "DestroyJavaVM" [_thread_blocked, id=19508, stack(0x0000000002360000,0x0000000002460000)]
=>0x000000001ed7a800 JavaThread "AWT-EventQueue-0" [_thread_in_native, id=12528, stack(0x00000000288b0000,0x00000000289b0000)]
  0x000000001f278800 JavaThread "AWT-Windows" daemon [_thread_in_native, id=10068, stack(0x00000000287b0000,0x00000000288b0000)]
  0x000000001e2f3800 JavaThread "AWT-Shutdown" [_thread_blocked, id=7040, stack(0x00000000286b0000,0x00000000287b0000)]
  0x000000001e2ea800 JavaThread "Java2D Disposer" daemon [_thread_blocked, id=2816, stack(0x00000000285b0000,0x00000000286b0000)]
  0x000000001e289000 JavaThread "TimerQueue" daemon [_thread_blocked, id=9020, stack(0x00000000274e0000,0x00000000275e0000)]
  0x000000001e267000 JavaThread "Thread-5" [_thread_in_native, id=19288, stack(0x0000000026ee0000,0x0000000026fe0000)]
  0x000000001f0c7000 JavaThread "Prism Font Disposer" daemon [_thread_blocked, id=11772, stack(0x0000000025ee0000,0x0000000025fe0000)]
  0x000000001ed64000 JavaThread "Thread-3" daemon [_thread_in_native, id=1360, stack(0x0000000023de0000,0x0000000023ee0000)]
  0x000000001ecc6000 JavaThread "Thread-1" daemon [_thread_blocked, id=11800, stack(0x000000001f650000,0x000000001f750000)]
  0x000000001e09d800 JavaThread "Service Thread" daemon [_thread_blocked, id=17796, stack(0x000000001e9d0000,0x000000001ead0000)]
  0x000000001e008800 JavaThread "C1 CompilerThread3" daemon [_thread_blocked, id=11516, stack(0x000000001e8d0000,0x000000001e9d0000)]
  0x000000001e000000 JavaThread "C2 CompilerThread2" daemon [_thread_blocked, id=13456, stack(0x000000001e7d0000,0x000000001e8d0000)]
  0x000000001dffe000 JavaThread "C2 CompilerThread1" daemon [_thread_blocked, id=20976, stack(0x000000001e6d0000,0x000000001e7d0000)]
  0x000000001dffa800 JavaThread "C2 CompilerThread0" daemon [_thread_blocked, id=5688, stack(0x000000001e5d0000,0x000000001e6d0000)]
  0x000000001dff7800 JavaThread "Attach Listener" daemon [_thread_blocked, id=6636, stack(0x000000001e4d0000,0x000000001e5d0000)]
  0x000000001dff6000 JavaThread "Signal Dispatcher" daemon [_thread_blocked, id=9576, stack(0x000000001e3d0000,0x000000001e4d0000)]
  0x000000000255b000 JavaThread "Finalizer" daemon [_thread_blocked, id=18520, stack(0x000000001ded0000,0x000000001dfd0000)]
  0x0000000002554000 JavaThread "Reference Handler" daemon [_thread_blocked, id=3896, stack(0x000000001ddd0000,0x000000001ded0000)]

Other Threads:
  0x000000001bfc8800 VMThread [stack: 0x000000001dcd0000,0x000000001ddd0000] [id=1112]
  0x000000001e02b000 WatcherThread [stack: 0x000000001ead0000,0x000000001ebd0000] [id=18356]

VM state:not at safepoint (normal execution)

VM Mutex/Monitor currently owned by a thread: None

Heap:
 PSYoungGen      total 76288K, used 53169K [0x000000076b100000, 0x0000000770600000, 0x00000007c0000000)
  eden space 65536K, 81% used [0x000000076b100000,0x000000076e4ec568,0x000000076f100000)
  from space 10752K, 0% used [0x000000076fb80000,0x000000076fb80000,0x0000000770600000)
  to   space 10752K, 0% used [0x000000076f100000,0x000000076f100000,0x000000076fb80000)
 ParOldGen       total 175104K, used 0K [0x00000006c1200000, 0x00000006cbd00000, 0x000000076b100000)
  object space 175104K, 0% used [0x00000006c1200000,0x00000006c1200000,0x00000006cbd00000)
 Metaspace       used 18791K, capacity 19534K, committed 19840K, reserved 1067008K
  class space    used 2668K, capacity 2870K, committed 2944K, reserved 1048576K

Card table byte_map: [0x0000000011920000,0x0000000012120000] byte_map_base: 0x000000000e317000

Marking Bits: (ParMarkBitMap*) 0x000000005fd34040
 Begin Bits: [0x0000000012e70000, 0x0000000016e28000)
 End Bits:   [0x0000000016e28000, 0x000000001ade0000)

Polling page: 0x00000000006e0000

CodeCache: size=245760Kb used=6477Kb max_used=6481Kb free=239282Kb
 bounds [0x0000000002560000, 0x0000000002bc0000, 0x0000000011560000]
 total_blobs=2855 nmethods=2150 adapters=617
 compilation: enabled

Compilation events (10 events):
Event: 160.777 Thread 0x000000001dffe000 2176       4       javafx.scene.Node::getGeomBounds (141 bytes)
Event: 160.785 Thread 0x000000001e000000 2177       4       com.sun.javafx.collections.VetoableListDecorator::get (11 bytes)
Event: 160.787 Thread 0x000000001dffe000 nmethod 2176 0x0000000002bb4a10 code [0x0000000002bb4b80, 0x0000000002bb4e88]
Event: 160.787 Thread 0x000000001e000000 nmethod 2177 0x0000000002bb4550 code [0x0000000002bb46a0, 0x0000000002bb47d8]
Event: 160.788 Thread 0x000000001dffa800 2178       4       javafx.scene.Node::getLocalBounds (162 bytes)
Event: 160.806 Thread 0x000000001dffa800 nmethod 2178 0x0000000002bb5a90 code [0x0000000002bb5c80, 0x0000000002bb62d0]
Event: 161.245 Thread 0x000000001e008800 2179       3       sun.invoke.util.BytecodeDescriptor::unparseMethod (68 bytes)
Event: 161.245 Thread 0x000000001e008800 nmethod 2179 0x0000000002bb7110 code [0x0000000002bb7360, 0x0000000002bb8238]
Event: 161.248 Thread 0x000000001e008800 2180       3       java.util.LinkedList$ListItr::hasNext (20 bytes)
Event: 161.248 Thread 0x000000001e008800 nmethod 2180 0x0000000002bb56d0 code [0x0000000002bb5820, 0x0000000002bb59f0]

GC Heap History (0 events):
No events

Deoptimization events (10 events):
Event: 0.557 Thread 0x000000001ecd6800 Uncommon trap: reason=unstable_if action=reinterpret pc=0x00000000028a3674 method=java.lang.String.regionMatches(ZILjava/lang/String;II)Z @ 123
Event: 0.569 Thread 0x000000001ecd6800 Uncommon trap: reason=class_check action=maybe_recompile pc=0x0000000002688994 method=java.lang.String.equals(Ljava/lang/Object;)Z @ 8
Event: 0.664 Thread 0x000000001ecd6800 Uncommon trap: reason=unstable_if action=reinterpret pc=0x00000000028f5838 method=jdk.internal.org.objectweb.asm.Type.getArgumentsAndReturnSizes(Ljava/lang/String;)I @ 47
Event: 5.448 Thread 0x000000001e25b800 Uncommon trap: reason=predicate action=maybe_recompile pc=0x0000000002855778 method=sun.net.www.ParseUtil.encodePath(Ljava/lang/String;Z)Ljava/lang/String; @ 36
Event: 5.612 Thread 0x000000001ecd6800 Uncommon trap: reason=unstable_if action=reinterpret pc=0x00000000029fe2ec method=java.io.ByteArrayInputStream.read()I @ 8
Event: 5.612 Thread 0x000000001ecd6800 Uncommon trap: reason=class_check action=maybe_recompile pc=0x00000000029177f0 method=java.io.FilterInputStream.read()I @ 4
Event: 5.613 Thread 0x000000001ecd6800 Uncommon trap: reason=class_check action=maybe_recompile pc=0x00000000029177f0 method=java.io.FilterInputStream.read()I @ 4
Event: 5.613 Thread 0x000000001ecd6800 Uncommon trap: reason=class_check action=maybe_recompile pc=0x00000000029177f0 method=java.io.FilterInputStream.read()I @ 4
Event: 5.613 Thread 0x000000001ecd6800 Uncommon trap: reason=class_check action=maybe_recompile pc=0x00000000029177f0 method=java.io.FilterInputStream.read()I @ 4
Event: 161.248 Thread 0x000000001ed76000 Uncommon trap: reason=unstable_if action=reinterpret pc=0x0000000002ba08a4 method=java.security.AccessControlContext.optimize()Ljava/security/AccessControlContext; @ 49

Internal exceptions (10 events):
Event: 0.290 Thread 0x000000001ecd6800 Exception <a 'java/lang/NullPointerException'> (0x000000076c2f30d0) thrown at [C:\re\workspace\8-2-build-windows-amd64-cygwin\jdk8u51\3951\hotspot\src\share\vm\interpreter\linkResolver.cpp, line 1178]
Event: 0.290 Thread 0x000000001ecd6800 Exception <a 'java/lang/NullPointerException'> (0x000000076c2f30d0) thrown at [C:\re\workspace\8-2-build-windows-amd64-cygwin\jdk8u51\3951\hotspot\src\share\vm\prims\jvm.cpp, line 1386]
Event: 0.329 Thread 0x000000001ecd6800 Exception <a 'java/lang/ArrayIndexOutOfBoundsException': 78> (0x000000076c488130) thrown at [C:\re\workspace\8-2-build-windows-amd64-cygwin\jdk8u51\3951\hotspot\src\share\vm\interpreter\interpreterRuntime.cpp, line 366]
Event: 0.330 Thread 0x000000001ecd6800 Exception <a 'java/lang/ArrayIndexOutOfBoundsException': 18> (0x000000076c488f58) thrown at [C:\re\workspace\8-2-build-windows-amd64-cygwin\jdk8u51\3951\hotspot\src\share\vm\interpreter\interpreterRuntime.cpp, line 366]
Event: 0.330 Thread 0x000000001ecd6800 Exception <a 'java/lang/ArrayIndexOutOfBoundsException': 86> (0x000000076c48a250) thrown at [C:\re\workspace\8-2-build-windows-amd64-cygwin\jdk8u51\3951\hotspot\src\share\vm\interpreter\interpreterRuntime.cpp, line 366]
Event: 0.333 Thread 0x000000001ecd6800 Exception <a 'java/lang/ArrayIndexOutOfBoundsException'> (0x000000076c4a3060) thrown at [C:\re\workspace\8-2-build-windows-amd64-cygwin\jdk8u51\3951\hotspot\src\share\vm\runtime\sharedRuntime.cpp, line 605]
Event: 0.370 Thread 0x000000001ecd6800 Exception <a 'java/lang/ArrayIndexOutOfBoundsException'> (0x000000076c753d40) thrown at [C:\re\workspace\8-2-build-windows-amd64-cygwin\jdk8u51\3951\hotspot\src\share\vm\runtime\sharedRuntime.cpp, line 605]
Event: 0.448 Thread 0x000000001ecd6800 Implicit null exception at 0x00000000028352f5 to 0x0000000002835521
Event: 5.579 Thread 0x000000001ecd6800 Exception <a 'java/io/FileNotFoundException'> (0x000000076d8b7898) thrown at [C:\re\workspace\8-2-build-windows-amd64-cygwin\jdk8u51\3951\hotspot\src\share\vm\prims\jni.cpp, line 709]
Event: 161.248 Thread 0x000000001ed76000 Implicit null exception at 0x0000000002ba0640 to 0x0000000002ba0891

Events (10 events):
Event: 161.248 loading class com/sun/javafx/tk/quantum/QuantumToolkit
Event: 161.248 loading class com/sun/javafx/tk/quantum/QuantumToolkit done
Event: 161.248 Thread 0x000000001ed46000 Thread exited: 0x000000001ed46000
Event: 161.248 Thread 0x000000000228e000 Thread exited: 0x000000000228e000
Event: 161.248 Thread 0x000000001ed76000 Thread added: 0x000000001ed76000
Event: 161.248 Thread 0x000000001ed76000 Uncommon trap: trap_request=0xffffff65 fr.pc=0x0000000002ba08a4
Event: 161.248 Thread 0x000000001ed76000 DEOPT PACKING pc=0x0000000002ba08a4 sp=0x000000000245f0d0
Event: 161.248 Thread 0x000000001ed76000 DEOPT UNPACKING pc=0x00000000025a582a sp=0x000000000245f048 mode 2
Event: 161.249 Thread 0x000000001ecd6800 Thread exited: 0x000000001ecd6800
Event: 161.253 Thread 0x000000001ec8c800 Thread exited: 0x000000001ec8c800


Dynamic libraries:
0x00007ff7d0260000 - 0x00007ff7d0297000 	C:\Program Files\Java\jdk1.8.0_51\jre\bin\java.exe
0x00007ffa7a8d0000 - 0x00007ffa7aaa1000 	C:\WINDOWS\SYSTEM32\ntdll.dll
0x00007ffa78130000 - 0x00007ffa781db000 	C:\WINDOWS\System32\KERNEL32.DLL
0x00007ffa777b0000 - 0x00007ffa779cd000 	C:\WINDOWS\System32\KERNELBASE.dll
0x00007ffa7a6f0000 - 0x00007ffa7a792000 	C:\WINDOWS\System32\ADVAPI32.dll
0x00007ffa79c20000 - 0x00007ffa79cbe000 	C:\WINDOWS\System32\msvcrt.dll
0x00007ffa79cc0000 - 0x00007ffa79d19000 	C:\WINDOWS\System32\sechost.dll
0x00007ffa7a050000 - 0x00007ffa7a171000 	C:\WINDOWS\System32\RPCRT4.dll
0x00007ffa79890000 - 0x00007ffa799f5000 	C:\WINDOWS\System32\USER32.dll
0x00007ffa77d90000 - 0x00007ffa77dae000 	C:\WINDOWS\System32\win32u.dll
0x00007ffa79be0000 - 0x00007ffa79c14000 	C:\WINDOWS\System32\GDI32.dll
0x00007ffa77c00000 - 0x00007ffa77d82000 	C:\WINDOWS\System32\gdi32full.dll
0x00007ffa6af50000 - 0x00007ffa6b1c9000 	C:\WINDOWS\WinSxS\amd64_microsoft.windows.common-controls_6595b64144ccf1df_6.0.14393.447_none_42191651c6827bb3\COMCTL32.dll
0x00007ffa77e60000 - 0x00007ffa78128000 	C:\WINDOWS\System32\combase.dll
0x00007ffa77600000 - 0x00007ffa776f5000 	C:\WINDOWS\System32\ucrtbase.dll
0x00007ffa774a0000 - 0x00007ffa7750a000 	C:\WINDOWS\System32\bcryptPrimitives.dll
0x00007ffa79a60000 - 0x00007ffa79a8e000 	C:\WINDOWS\System32\IMM32.DLL
0x000000005f450000 - 0x000000005f522000 	C:\Program Files\Java\jdk1.8.0_51\jre\bin\msvcr100.dll
0x000000005f530000 - 0x000000005fdb3000 	C:\Program Files\Java\jdk1.8.0_51\jre\bin\server\jvm.dll
0x00007ffa79bd0000 - 0x00007ffa79bd8000 	C:\WINDOWS\System32\PSAPI.DLL
0x00007ffa68600000 - 0x00007ffa68609000 	C:\WINDOWS\SYSTEM32\WSOCK32.dll
0x00007ffa69800000 - 0x00007ffa6980a000 	C:\WINDOWS\SYSTEM32\VERSION.dll
0x00007ffa74dc0000 - 0x00007ffa74de3000 	C:\WINDOWS\SYSTEM32\WINMM.dll
0x00007ffa7a680000 - 0x00007ffa7a6ea000 	C:\WINDOWS\System32\WS2_32.dll
0x0000000002290000 - 0x00000000022bb000 	C:\WINDOWS\SYSTEM32\WINMMBASE.dll
0x00007ffa77510000 - 0x00007ffa77552000 	C:\WINDOWS\System32\cfgmgr32.dll
0x0000000061190000 - 0x000000006119f000 	C:\Program Files\Java\jdk1.8.0_51\jre\bin\verify.dll
0x0000000061120000 - 0x0000000061149000 	C:\Program Files\Java\jdk1.8.0_51\jre\bin\java.dll
0x0000000061100000 - 0x0000000061116000 	C:\Program Files\Java\jdk1.8.0_51\jre\bin\zip.dll
0x00007ffa781e0000 - 0x00007ffa796e9000 	C:\WINDOWS\System32\SHELL32.dll
0x00007ffa76dc0000 - 0x00007ffa7749a000 	C:\WINDOWS\System32\windows.storage.dll
0x00007ffa76d60000 - 0x00007ffa76dac000 	C:\WINDOWS\System32\powrprof.dll
0x00007ffa7a870000 - 0x00007ffa7a8c2000 	C:\WINDOWS\System32\shlwapi.dll
0x00007ffa76d30000 - 0x00007ffa76d3f000 	C:\WINDOWS\System32\kernel.appcore.dll
0x00007ffa77700000 - 0x00007ffa777a9000 	C:\WINDOWS\System32\shcore.dll
0x00007ffa76d40000 - 0x00007ffa76d54000 	C:\WINDOWS\System32\profapi.dll
0x00000000611e0000 - 0x000000006120c000 	C:\Program Files\Java\jdk1.8.0_51\jre\bin\prism_d3d.dll
0x00007ffa4fb90000 - 0x00007ffa4fd1d000 	C:\WINDOWS\system32\d3d9.dll
0x00007ffa746d0000 - 0x00007ffa746f6000 	C:\WINDOWS\SYSTEM32\dwmapi.dll
0x00007ffa75410000 - 0x00007ffa754a5000 	C:\WINDOWS\system32\uxtheme.dll
0x00007ffa79f90000 - 0x00007ffa7a04f000 	C:\WINDOWS\System32\OLEAUT32.dll
0x00007ffa77560000 - 0x00007ffa775fc000 	C:\WINDOWS\System32\msvcp_win.dll
0x00007ffa79a90000 - 0x00007ffa79bc7000 	C:\WINDOWS\System32\ole32.dll
0x000000005f200000 - 0x000000005f241000 	C:\Program Files\Java\jdk1.8.0_51\jre\bin\glass.dll
0x00007ffa79d20000 - 0x00007ffa79e1a000 	C:\WINDOWS\System32\COMDLG32.dll
0x00007ffa79e30000 - 0x00007ffa79f8b000 	C:\WINDOWS\System32\MSCTF.dll
0x000000005f0f0000 - 0x000000005f105000 	C:\Program Files\Java\jdk1.8.0_51\jre\bin\javafx_font.dll
0x00007ffa60b90000 - 0x00007ffa60df9000 	C:\WINDOWS\SYSTEM32\dwrite.dll
0x00007ffa7a5e0000 - 0x00007ffa7a67f000 	C:\WINDOWS\System32\clbcatq.dll
0x00007ffa6d380000 - 0x00007ffa6d528000 	C:\WINDOWS\SYSTEM32\WindowsCodecs.dll
0x00007ffa69160000 - 0x00007ffa691a9000 	C:\WINDOWS\system32\dataexchange.dll
0x00007ffa741d0000 - 0x00007ffa74321000 	C:\WINDOWS\system32\dcomp.dll
0x00007ffa733c0000 - 0x00007ffa73676000 	C:\WINDOWS\system32\d3d11.dll
0x00007ffa75cc0000 - 0x00007ffa75d5f000 	C:\WINDOWS\system32\dxgi.dll
0x00007ffa75760000 - 0x00007ffa7587c000 	C:\WINDOWS\system32\twinapi.appcore.dll
0x00007ffa76910000 - 0x00007ffa7693b000 	C:\WINDOWS\system32\bcrypt.dll
0x000000005f0d0000 - 0x000000005f0e1000 	C:\Program Files\Java\jdk1.8.0_51\jre\bin\prism_common.dll
0x00000000610e0000 - 0x00000000610fa000 	C:\Program Files\Java\jdk1.8.0_51\jre\bin\net.dll
0x00007ffa76660000 - 0x00007ffa766bc000 	C:\WINDOWS\system32\mswsock.dll
0x00007ffa70140000 - 0x00007ffa70151000 	C:\Users\Nathan\Documents\NetBeansProjects\panorabot\panorabotClient\xboxcontroller64.dll
0x000000005ff20000 - 0x000000005ffb8000 	C:\WINDOWS\SYSTEM32\MSVCP100.dll
0x00007ffa74b20000 - 0x00007ffa74b27000 	C:\WINDOWS\SYSTEM32\XINPUT9_1_0.dll
0x00007ffa73180000 - 0x00007ffa7318e000 	C:\WINDOWS\SYSTEM32\XInput1_4.dll
0x00007ffa75a00000 - 0x00007ffa75a28000 	C:\WINDOWS\SYSTEM32\DEVOBJ.dll
0x000000005f2b0000 - 0x000000005f448000 	C:\Program Files\Java\jdk1.8.0_51\jre\bin\awt.dll
0x00007ffa75080000 - 0x00007ffa750fa000 	C:\WINDOWS\SYSTEM32\apphelp.dll
0x00007ffa66cd0000 - 0x00007ffa66e62000 	C:\WINDOWS\SYSTEM32\dbghelp.dll

VM Arguments:
jvm_args: -Dfile.encoding=UTF-8 
java_command: panorabotClient.ihm.panorabotClient
java_class_path (initial): C:\Users\Nathan\Documents\NetBeansProjects\panorabot\panorabotClient\lib\XboxController.jar;C:\Users\Nathan\Documents\NetBeansProjects\panorabot\panorabotClient\lib\aplu5.jar;C:\Users\Nathan\Documents\NetBeansProjects\panorabot\panorabotClient\lib\jSSC-2.8.0-Release;C:\Users\Nathan\Documents\NetBeansProjects\panorabot\panorabotClient\lib\jaw.jar;C:\Users\Nathan\Documents\NetBeansProjects\panorabot\panorabotClient\build\classes
Launcher Type: SUN_STANDARD

Environment Variables:
JAVA_HOME=C:\Program Files\Java\jdk1.8.0_51
PATH=C:\ProgramData\Oracle\Java\javapath;C:\Program Files (x86)\Intel\iCLS Client\;C:\Program Files\Intel\iCLS Client\;C:\Windows\system32;C:\Windows;C:\Windows\System32\Wbem;C:\Windows\System32\WindowsPowerShell\v1.0\;C:\Program Files (x86)\Acer\abFiles\;C:\Program Files\Intel\Intel(R) Management Engine Components\DAL;C:\Program Files (x86)\Intel\Intel(R) Management Engine Components\DAL;C:\Program Files\Intel\Intel(R) Management Engine Components\IPT;C:\Program Files (x86)\Intel\Intel(R) Management Engine Components\IPT;C:\WINDOWS\system32;C:\WINDOWS;C:\WINDOWS\System32\Wbem;C:\WINDOWS\System32\WindowsPowerShell\v1.0\;C:\Program Files (x86)\GtkSharp\2.12\bin;D:\Programmes\Brackets\command;C:\Program Files (x86)\Skype\Phone\;C:\Program Files (x86)\NVIDIA Corporation\PhysX\Common;C:\Program Files\apache-maven-3.3.9\bin;C:\WINDOWS\system32;C:\WINDOWS;C:\WINDOWS\System32\Wbem;C:\WINDOWS\System32\WindowsPowerShell\v1.0\;C:\Program Files (x86)\IVI Foundation\VISA\WinNT\Bin;C:\Users\Nathan\Desktop\CMPMVS_0_6_0;C:\Users\Nathan\AppData\Local\Microsoft\WindowsApps;
USERNAME=Nathan
OS=Windows_NT
PROCESSOR_IDENTIFIER=Intel64 Family 6 Model 60 Stepping 3, GenuineIntel



---------------  S Y S T E M  ---------------

OS: Windows 10.0 , 64 bit Build 14393 (10.0.14393.0)

CPU:total 8 (4 cores per cpu, 2 threads per core) family 6 model 60 stepping 3, cmov, cx8, fxsr, mmx, sse, sse2, sse3, ssse3, sse4.1, sse4.2, popcnt, avx, avx2, aes, clmul, erms, lzcnt, ht, tsc, tscinvbit, bmi1, bmi2

Memory: 4k page, physical 16698648k(9813544k free), swap 19713304k(10989688k free)

vm_info: Java HotSpot(TM) 64-Bit Server VM (25.51-b03) for windows-amd64 JRE (1.8.0_51-b16), built on Jun  8 2015 18:03:07 by "java_re" with MS VC++ 10.0 (VS2010)

time: Mon Feb 20 16:40:06 2017
elapsed time: 162 seconds (0d 0h 2m 42s)

