#
# A fatal error has been detected by the Java Runtime Environment:
#
#  EXCEPTION_ACCESS_VIOLATION (0xc0000005) at pc=0x00007ffa6a396006, pid=21284, tid=10524
#
# JRE version: Java(TM) SE Runtime Environment (8.0_51-b16) (build 1.8.0_51-b16)
# Java VM: Java HotSpot(TM) 64-Bit Server VM (25.51-b03 mixed mode windows-amd64 compressed oops)
# Problematic frame:
# C  [xboxcontroller64.dll+0x6006]
#
# Failed to write core dump. Minidumps are not enabled by default on client versions of Windows
#
# If you would like to submit a bug report, please visit:
#   http://bugreport.java.com/bugreport/crash.jsp
# The crash happened outside the Java Virtual Machine in native code.
# See problematic frame for where to report the bug.
#

---------------  T H R E A D  ---------------

Current thread (0x000000001f819000):  JavaThread "AWT-EventQueue-0" [_thread_in_native, id=10524, stack(0x00000000284f0000,0x00000000285f0000)]

siginfo: ExceptionCode=0xc0000005, reading address 0x0000000066c16e51

Registers:
RAX=0x000000001f793a20, RBX=0x0000000000000009, RCX=0x000000001f8cb9f8, RDX=0x000000001fb3dad0
RSP=0x00000000285ee190, RBP=0x00000000000003e8, RSI=0x0000000000000009, RDI=0x000000001ecb9630
R8 =0x0000000000000000, R9 =0x0000000000000009, R10=0x0000000066c167c1, R11=0x000000005f7f7bb0
R12=0x0000000000000000, R13=0x00000000275e8448, R14=0x00000000285ee298, R15=0x000000001f819000
RIP=0x00007ffa6a396006, EFLAGS=0x0000000000010246

Top of Stack: (sp=0x00000000285ee190)
0x00000000285ee190:   0000000003037730 00000000030467c9
0x00000000285ee1a0:   000000001f819000 000000001f819000
0x00000000285ee1b0:   000000001f793a20 0000000003b58a63
0x00000000285ee1c0:   0000000003037730 0000000003046937
0x00000000285ee1d0:   00000000285ee260 00000000275e8448
0x00000000285ee1e0:   0000000003b58a63 000000000304651d
0x00000000285ee1f0:   000000001f819000 00000000275e8448
0x00000000285ee200:   0000000003b58a63 000000001f819000
0x00000000285ee210:   0000000000000011 00000006c142fb10
0x00000000285ee220:   00000000285ee210 00000000275e8448
0x00000000285ee230:   00000000285ee298 00000000275ebd70
0x00000000285ee240:   0000000000000000 00000000275e8448
0x00000000285ee250:   0000000000000000 00000000285ee280
0x00000000285ee260:   00000000285ee2e0 0000000003037730
0x00000000285ee270:   0000000000000000 000000000303f976
0x00000000285ee280:   0000000000000009 000000001ecd96d0 

Instructions: (pc=0x00007ffa6a396006)
0x00007ffa6a395fe6:   48 63 57 68 48 8b 47 30 3b de 48 8d 14 50 0f 4c
0x00007ffa6a395ff6:   f3 45 33 c0 48 89 54 24 20 48 8b 57 10 44 8b ce
0x00007ffa6a396006:   41 ff 92 90 06 00 00 01 77 68 8b 47 68 3b 47 5c
0x00007ffa6a396016:   75 05 33 c0 89 47 68 29 77 6c 8b c6 48 8b 6c 24 


Register to memory mapping:

RAX=0x000000001f793a20 is an unknown value
RBX=0x0000000000000009 is an unknown value
RCX=0x000000001f8cb9f8 is an unknown value
RDX=0x000000001fb3dad0 is a global jni handle
RSP=0x00000000285ee190 is pointing into the stack for thread: 0x000000001f819000
RBP=0x00000000000003e8 is an unknown value
RSI=0x0000000000000009 is an unknown value
RDI=0x000000001ecb9630 is an unknown value
R8 =0x0000000000000000 is an unknown value
R9 =0x0000000000000009 is an unknown value
R10=0x0000000066c167c1 is an unknown value
R11=0x000000005f7f7bb0 is an unknown value
R12=0x0000000000000000 is an unknown value
R13={method} {0x00000000275e8450} 'nativeReadBuf' '(JI)I' in 'ch/aplu/jaw/NativeHandler'
R14=0x00000000285ee298 is pointing into the stack for thread: 0x000000001f819000
R15=0x000000001f819000 is a thread


Stack: [0x00000000284f0000,0x00000000285f0000],  sp=0x00000000285ee190,  free space=1016k
Native frames: (J=compiled Java code, j=interpreted, Vv=VM code, C=native code)
C  [xboxcontroller64.dll+0x6006]
C  0x0000000003046937

Java frames: (J=compiled Java code, j=interpreted, Vv=VM code)
j  ch.aplu.jaw.NativeHandler.nativeReadBuf(JI)I+0
j  ch.aplu.jaw.NativeHandler.readBuf(I)I+33
j  ch.aplu.xboxcontroller.XboxController.readData()Lch/aplu/xboxcontroller/ControllerState;+15
j  ch.aplu.xboxcontroller.XboxController.access$000(Lch/aplu/xboxcontroller/XboxController;)Lch/aplu/xboxcontroller/ControllerState;+1
j  ch.aplu.xboxcontroller.XboxController$1.actionPerformed(Ljava/awt/event/ActionEvent;)V+4
j  javax.swing.Timer.fireActionPerformed(Ljava/awt/event/ActionEvent;)V+34
j  javax.swing.Timer$DoPostEvent.run()V+74
j  java.awt.event.InvocationEvent.dispatch()V+47
j  java.awt.EventQueue.dispatchEventImpl(Ljava/awt/AWTEvent;Ljava/lang/Object;)V+21
J 2882 C1 java.awt.EventQueue$3.run()Ljava/lang/Void; (60 bytes) @ 0x000000000365bb1c [0x000000000365b900+0x21c]
J 2881 C1 java.awt.EventQueue$3.run()Ljava/lang/Object; (5 bytes) @ 0x000000000333fa4c [0x000000000333f9c0+0x8c]
v  ~StubRoutines::call_stub
J 1180  java.security.AccessController.doPrivileged(Ljava/security/PrivilegedAction;Ljava/security/AccessControlContext;)Ljava/lang/Object; (0 bytes) @ 0x0000000003454ca6 [0x0000000003454c40+0x66]
J 2873 C1 java.awt.EventQueue.dispatchEvent(Ljava/awt/AWTEvent;)V (80 bytes) @ 0x00000000031caf84 [0x00000000031ca6c0+0x8c4]
J 2793 C1 java.awt.EventDispatchThread.pumpOneEventForFilters(I)V (295 bytes) @ 0x00000000037a26d4 [0x00000000037a0980+0x1d54]
j  java.awt.EventDispatchThread.pumpEventsForFilter(ILjava/awt/Conditional;Ljava/awt/EventFilter;)V+35
j  java.awt.EventDispatchThread.pumpEventsForHierarchy(ILjava/awt/Conditional;Ljava/awt/Component;)V+11
j  java.awt.EventDispatchThread.pumpEvents(ILjava/awt/Conditional;)V+4
j  java.awt.EventDispatchThread.pumpEvents(Ljava/awt/Conditional;)V+3
j  java.awt.EventDispatchThread.run()V+9
v  ~StubRoutines::call_stub

---------------  P R O C E S S  ---------------

Java Threads: ( => current thread )
  0x000000001f81d800 JavaThread "DestroyJavaVM" [_thread_blocked, id=11860, stack(0x0000000002d50000,0x0000000002e50000)]
  0x000000001f81c000 JavaThread "RMI TCP Connection(2)-192.168.2.2" daemon [_thread_in_native, id=7472, stack(0x000000002c390000,0x000000002c490000)]
  0x000000001f818000 JavaThread "JMX server connection timeout 30" daemon [_thread_blocked, id=9524, stack(0x000000002c090000,0x000000002c190000)]
  0x000000001f81b000 JavaThread "RMI Scheduler(0)" daemon [_thread_blocked, id=8016, stack(0x000000002bf90000,0x000000002c090000)]
  0x000000001f81e000 JavaThread "RMI TCP Connection(1)-192.168.2.2" daemon [_thread_in_native, id=10824, stack(0x000000002be90000,0x000000002bf90000)]
  0x000000001f819800 JavaThread "RMI TCP Accept-0" daemon [_thread_in_native, id=8196, stack(0x000000002bc90000,0x000000002bd90000)]
=>0x000000001f819000 JavaThread "AWT-EventQueue-0" [_thread_in_native, id=10524, stack(0x00000000284f0000,0x00000000285f0000)]
  0x000000001f81c800 JavaThread "AWT-Windows" daemon [_thread_in_native, id=7612, stack(0x00000000281f0000,0x00000000282f0000)]
  0x000000001f838000 JavaThread "AWT-Shutdown" [_thread_blocked, id=21240, stack(0x00000000280f0000,0x00000000281f0000)]
  0x000000001f835000 JavaThread "Java2D Disposer" daemon [_thread_blocked, id=11328, stack(0x0000000027ff0000,0x00000000280f0000)]
  0x000000001f80f800 JavaThread "TimerQueue" daemon [_thread_blocked, id=5528, stack(0x0000000027ef0000,0x0000000027ff0000)]
  0x000000001ecd6800 JavaThread "Thread-4" [_thread_in_native, id=4668, stack(0x00000000278b0000,0x00000000279b0000)]
  0x000000001fb49000 JavaThread "Prism Font Disposer" daemon [_thread_blocked, id=17448, stack(0x0000000025870000,0x0000000025970000)]
  0x000000001f9be800 JavaThread "Thread-3" daemon [_thread_in_native, id=17072, stack(0x0000000024830000,0x0000000024930000)]
  0x000000001f8ca800 JavaThread "Thread-1" daemon [_thread_blocked, id=17996, stack(0x00000000200a0000,0x00000000201a0000)]
  0x000000001eb4d000 JavaThread "Service Thread" daemon [_thread_blocked, id=14796, stack(0x000000001f480000,0x000000001f580000)]
  0x000000001eaba800 JavaThread "C1 CompilerThread3" daemon [_thread_blocked, id=14080, stack(0x000000001f380000,0x000000001f480000)]
  0x000000001eab3800 JavaThread "C2 CompilerThread2" daemon [_thread_blocked, id=20744, stack(0x000000001f280000,0x000000001f380000)]
  0x000000001eaaf800 JavaThread "C2 CompilerThread1" daemon [_thread_blocked, id=2308, stack(0x000000001f180000,0x000000001f280000)]
  0x000000001eaac000 JavaThread "C2 CompilerThread0" daemon [_thread_blocked, id=12252, stack(0x000000001f080000,0x000000001f180000)]
  0x000000001eaa9000 JavaThread "Attach Listener" daemon [_thread_blocked, id=13392, stack(0x000000001ef80000,0x000000001f080000)]
  0x000000001eaa8000 JavaThread "Signal Dispatcher" daemon [_thread_blocked, id=14848, stack(0x000000001ee80000,0x000000001ef80000)]
  0x000000000302d000 JavaThread "Finalizer" daemon [_thread_blocked, id=14672, stack(0x000000001e980000,0x000000001ea80000)]
  0x0000000003026000 JavaThread "Reference Handler" daemon [_thread_blocked, id=7188, stack(0x000000001e880000,0x000000001e980000)]

Other Threads:
  0x000000001ca99800 VMThread [stack: 0x000000001e780000,0x000000001e880000] [id=18280]
  0x000000001eb4e000 WatcherThread [stack: 0x000000001f580000,0x000000001f680000] [id=9956]

VM state:not at safepoint (normal execution)

VM Mutex/Monitor currently owned by a thread: None

Heap:
 PSYoungGen      total 86016K, used 4198K [0x000000076b100000, 0x0000000771d80000, 0x00000007c0000000)
  eden space 64000K, 6% used [0x000000076b100000,0x000000076b519bd8,0x000000076ef80000)
  from space 22016K, 0% used [0x0000000770800000,0x0000000770800000,0x0000000771d80000)
  to   space 23552K, 0% used [0x000000076ef80000,0x000000076ef80000,0x0000000770680000)
 ParOldGen       total 83456K, used 49360K [0x00000006c1200000, 0x00000006c6380000, 0x000000076b100000)
  object space 83456K, 59% used [0x00000006c1200000,0x00000006c4234338,0x00000006c6380000)
 Metaspace       used 22919K, capacity 23892K, committed 24240K, reserved 1071104K
  class space    used 3161K, capacity 3381K, committed 3504K, reserved 1048576K

Card table byte_map: [0x00000000123f0000,0x0000000012bf0000] byte_map_base: 0x000000000ede7000

Marking Bits: (ParMarkBitMap*) 0x000000005fdd4040
 Begin Bits: [0x0000000013940000, 0x00000000178f8000)
 End Bits:   [0x00000000178f8000, 0x000000001b8b0000)

Polling page: 0x0000000001580000

CodeCache: size=245760Kb used=7729Kb max_used=7741Kb free=238030Kb
 bounds [0x0000000003030000, 0x00000000037d0000, 0x0000000012030000]
 total_blobs=3426 nmethods=2675 adapters=662
 compilation: enabled

Compilation events (10 events):
Event: 33.285 Thread 0x000000001eaba800 2892   !   3       sun.reflect.GeneratedMethodAccessor20::invoke (61 bytes)
Event: 33.286 Thread 0x000000001eaba800 nmethod 2892 0x0000000003364d50 code [0x0000000003364f20, 0x0000000003365608]
Event: 33.287 Thread 0x000000001eaba800 2890   !   3       sun.reflect.GeneratedMethodAccessor25::invoke (61 bytes)
Event: 33.288 Thread 0x000000001eaba800 nmethod 2890 0x0000000003364150 code [0x0000000003364320, 0x0000000003364a08]
Event: 33.288 Thread 0x000000001eaba800 2891   !   3       sun.reflect.GeneratedMethodAccessor26::invoke (68 bytes)
Event: 33.289 Thread 0x000000001eaba800 nmethod 2891 0x0000000003363290 code [0x0000000003363480, 0x0000000003363ce8]
Event: 33.289 Thread 0x000000001eaba800 2893   !   3       sun.reflect.GeneratedMethodAccessor21::invoke (68 bytes)
Event: 33.290 Thread 0x000000001eaba800 nmethod 2893 0x0000000003563bd0 code [0x0000000003563dc0, 0x0000000003564628]
Event: 33.290 Thread 0x000000001eaba800 2894   !   3       sun.reflect.GeneratedMethodAccessor22::invoke (61 bytes)
Event: 33.291 Thread 0x000000001eaba800 nmethod 2894 0x0000000003562fd0 code [0x00000000035631a0, 0x0000000003563888]

GC Heap History (10 events):
Event: 14.070 GC heap before
{Heap before GC invocations=4 (full 1):
 PSYoungGen      total 76288K, used 65536K [0x000000076b100000, 0x0000000770600000, 0x00000007c0000000)
  eden space 65536K, 100% used [0x000000076b100000,0x000000076f100000,0x000000076f100000)
  from space 10752K, 0% used [0x000000076fb80000,0x000000076fb80000,0x0000000770600000)
  to   space 10752K, 0% used [0x000000076f100000,0x000000076f100000,0x000000076fb80000)
 ParOldGen       total 83456K, used 12849K [0x00000006c1200000, 0x00000006c6380000, 0x000000076b100000)
  object space 83456K, 15% used [0x00000006c1200000,0x00000006c1e8c5e0,0x00000006c6380000)
 Metaspace       used 22574K, capacity 23474K, committed 23600K, reserved 1069056K
  class space    used 3149K, capacity 3362K, committed 3376K, reserved 1048576K
Event: 14.076 GC heap after
Heap after GC invocations=4 (full 1):
 PSYoungGen      total 76288K, used 10710K [0x000000076b100000, 0x0000000770600000, 0x00000007c0000000)
  eden space 65536K, 0% used [0x000000076b100000,0x000000076b100000,0x000000076f100000)
  from space 10752K, 99% used [0x000000076f100000,0x000000076fb75a10,0x000000076fb80000)
  to   space 10752K, 0% used [0x000000076fb80000,0x000000076fb80000,0x0000000770600000)
 ParOldGen       total 83456K, used 13157K [0x00000006c1200000, 0x00000006c6380000, 0x000000076b100000)
  object space 83456K, 15% used [0x00000006c1200000,0x00000006c1ed95f0,0x00000006c6380000)
 Metaspace       used 22574K, capacity 23474K, committed 23600K, reserved 1069056K
  class space    used 3149K, capacity 3362K, committed 3376K, reserved 1048576K
}
Event: 18.907 GC heap before
{Heap before GC invocations=5 (full 1):
 PSYoungGen      total 76288K, used 76246K [0x000000076b100000, 0x0000000770600000, 0x00000007c0000000)
  eden space 65536K, 100% used [0x000000076b100000,0x000000076f100000,0x000000076f100000)
  from space 10752K, 99% used [0x000000076f100000,0x000000076fb75a10,0x000000076fb80000)
  to   space 10752K, 0% used [0x000000076fb80000,0x000000076fb80000,0x0000000770600000)
 ParOldGen       total 83456K, used 13157K [0x00000006c1200000, 0x00000006c6380000, 0x000000076b100000)
  object space 83456K, 15% used [0x00000006c1200000,0x00000006c1ed95f0,0x00000006c6380000)
 Metaspace       used 22653K, capacity 23620K, committed 23856K, reserved 1069056K
  class space    used 3151K, capacity 3365K, committed 3376K, reserved 1048576K
Event: 18.920 GC heap after
Heap after GC invocations=5 (full 1):
 PSYoungGen      total 76288K, used 10729K [0x000000076b100000, 0x0000000770600000, 0x00000007c0000000)
  eden space 65536K, 0% used [0x000000076b100000,0x000000076b100000,0x000000076f100000)
  from space 10752K, 99% used [0x000000076fb80000,0x00000007705fa5f0,0x0000000770600000)
  to   space 10752K, 0% used [0x000000076f100000,0x000000076f100000,0x000000076fb80000)
 ParOldGen       total 83456K, used 23202K [0x00000006c1200000, 0x00000006c6380000, 0x000000076b100000)
  object space 83456K, 27% used [0x00000006c1200000,0x00000006c28a8800,0x00000006c6380000)
 Metaspace       used 22653K, capacity 23620K, committed 23856K, reserved 1069056K
  class space    used 3151K, capacity 3365K, committed 3376K, reserved 1048576K
}
Event: 23.849 GC heap before
{Heap before GC invocations=6 (full 1):
 PSYoungGen      total 76288K, used 76265K [0x000000076b100000, 0x0000000770600000, 0x00000007c0000000)
  eden space 65536K, 100% used [0x000000076b100000,0x000000076f100000,0x000000076f100000)
  from space 10752K, 99% used [0x000000076fb80000,0x00000007705fa5f0,0x0000000770600000)
  to   space 10752K, 0% used [0x000000076f100000,0x000000076f100000,0x000000076fb80000)
 ParOldGen       total 83456K, used 23202K [0x00000006c1200000, 0x00000006c6380000, 0x000000076b100000)
  object space 83456K, 27% used [0x00000006c1200000,0x00000006c28a8800,0x00000006c6380000)
 Metaspace       used 22751K, capacity 23690K, committed 23856K, reserved 1069056K
  class space    used 3152K, capacity 3366K, committed 3376K, reserved 1048576K
Event: 23.858 GC heap after
Heap after GC invocations=6 (full 1):
 PSYoungGen      total 74752K, used 10727K [0x000000076b100000, 0x0000000772080000, 0x00000007c0000000)
  eden space 64000K, 0% used [0x000000076b100000,0x000000076b100000,0x000000076ef80000)
  from space 10752K, 99% used [0x000000076f100000,0x000000076fb79d20,0x000000076fb80000)
  to   space 25088K, 0% used [0x0000000770800000,0x0000000770800000,0x0000000772080000)
 ParOldGen       total 83456K, used 33842K [0x00000006c1200000, 0x00000006c6380000, 0x000000076b100000)
  object space 83456K, 40% used [0x00000006c1200000,0x00000006c330ca40,0x00000006c6380000)
 Metaspace       used 22751K, capacity 23690K, committed 23856K, reserved 1069056K
  class space    used 3152K, capacity 3366K, committed 3376K, reserved 1048576K
}
Event: 26.762 GC heap before
{Heap before GC invocations=7 (full 1):
 PSYoungGen      total 74752K, used 49942K [0x000000076b100000, 0x0000000772080000, 0x00000007c0000000)
  eden space 64000K, 61% used [0x000000076b100000,0x000000076d74be38,0x000000076ef80000)
  from space 10752K, 99% used [0x000000076f100000,0x000000076fb79d20,0x000000076fb80000)
  to   space 25088K, 0% used [0x0000000770800000,0x0000000770800000,0x0000000772080000)
 ParOldGen       total 83456K, used 33842K [0x00000006c1200000, 0x00000006c6380000, 0x000000076b100000)
  object space 83456K, 40% used [0x00000006c1200000,0x00000006c330ca40,0x00000006c6380000)
 Metaspace       used 22853K, capacity 23802K, committed 23856K, reserved 1069056K
  class space    used 3156K, capacity 3374K, committed 3376K, reserved 1048576K
Event: 26.769 GC heap after
Heap after GC invocations=7 (full 1):
 PSYoungGen      total 86016K, used 15993K [0x000000076b100000, 0x0000000771d80000, 0x00000007c0000000)
  eden space 64000K, 0% used [0x000000076b100000,0x000000076b100000,0x000000076ef80000)
  from space 22016K, 72% used [0x0000000770800000,0x000000077179e730,0x0000000771d80000)
  to   space 23552K, 0% used [0x000000076ef80000,0x000000076ef80000,0x0000000770680000)
 ParOldGen       total 83456K, used 33850K [0x00000006c1200000, 0x00000006c6380000, 0x000000076b100000)
  object space 83456K, 40% used [0x00000006c1200000,0x00000006c330ea40,0x00000006c6380000)
 Metaspace       used 22853K, capacity 23802K, committed 23856K, reserved 1069056K
  class space    used 3156K, capacity 3374K, committed 3376K, reserved 1048576K
}
Event: 26.769 GC heap before
{Heap before GC invocations=8 (full 2):
 PSYoungGen      total 86016K, used 15993K [0x000000076b100000, 0x0000000771d80000, 0x00000007c0000000)
  eden space 64000K, 0% used [0x000000076b100000,0x000000076b100000,0x000000076ef80000)
  from space 22016K, 72% used [0x0000000770800000,0x000000077179e730,0x0000000771d80000)
  to   space 23552K, 0% used [0x000000076ef80000,0x000000076ef80000,0x0000000770680000)
 ParOldGen       total 83456K, used 33850K [0x00000006c1200000, 0x00000006c6380000, 0x000000076b100000)
  object space 83456K, 40% used [0x00000006c1200000,0x00000006c330ea40,0x00000006c6380000)
 Metaspace       used 22853K, capacity 23802K, committed 23856K, reserved 1069056K
  class space    used 3156K, capacity 3374K, committed 3376K, reserved 1048576K
Event: 26.831 GC heap after
Heap after GC invocations=8 (full 2):
 PSYoungGen      total 86016K, used 0K [0x000000076b100000, 0x0000000771d80000, 0x00000007c0000000)
  eden space 64000K, 0% used [0x000000076b100000,0x000000076b100000,0x000000076ef80000)
  from space 22016K, 0% used [0x0000000770800000,0x0000000770800000,0x0000000771d80000)
  to   space 23552K, 0% used [0x000000076ef80000,0x000000076ef80000,0x0000000770680000)
 ParOldGen       total 83456K, used 49360K [0x00000006c1200000, 0x00000006c6380000, 0x000000076b100000)
  object space 83456K, 59% used [0x00000006c1200000,0x00000006c4234338,0x00000006c6380000)
 Metaspace       used 22853K, capacity 23802K, committed 23856K, reserved 1069056K
  class space    used 3156K, capacity 3374K, committed 3376K, reserved 1048576K
}

Deoptimization events (10 events):
Event: 9.854 Thread 0x000000001eaa9000 Uncommon trap: reason=unstable_if action=reinterpret pc=0x00000000033c4e98 method=java.lang.ref.SoftReference.get()Ljava/lang/Object; @ 17
Event: 9.856 Thread 0x000000001eaa9000 Uncommon trap: reason=unstable_if action=reinterpret pc=0x000000000333dde4 method=java.lang.String.indexOf([CII[CIII)I @ 3
Event: 9.874 Thread 0x000000001eaa9000 Uncommon trap: reason=class_check action=maybe_recompile pc=0x00000000033f5b54 method=java.util.HashMap.putVal(ILjava/lang/Object;Ljava/lang/Object;ZZ)Ljava/lang/Object; @ 253
Event: 9.877 Thread 0x000000001eaa9000 Uncommon trap: reason=class_check action=maybe_recompile pc=0x00000000033f5b54 method=java.util.HashMap.putVal(ILjava/lang/Object;Ljava/lang/Object;ZZ)Ljava/lang/Object; @ 253
Event: 9.881 Thread 0x000000001eaa9000 Uncommon trap: reason=class_check action=maybe_recompile pc=0x00000000033f5b54 method=java.util.HashMap.putVal(ILjava/lang/Object;Ljava/lang/Object;ZZ)Ljava/lang/Object; @ 253
Event: 9.881 Thread 0x000000001eaa9000 Uncommon trap: reason=class_check action=maybe_recompile pc=0x00000000033f5b54 method=java.util.HashMap.putVal(ILjava/lang/Object;Ljava/lang/Object;ZZ)Ljava/lang/Object; @ 253
Event: 9.915 Thread 0x000000001eaa9000 Uncommon trap: reason=class_check action=maybe_recompile pc=0x00000000033e6a78 method=java.util.HashMap.putVal(ILjava/lang/Object;Ljava/lang/Object;ZZ)Ljava/lang/Object; @ 253
Event: 10.223 Thread 0x000000001f81e000 Uncommon trap: reason=class_check action=maybe_recompile pc=0x000000000363dbd0 method=java.io.ObjectInputStream$PeekInputStream.read([BII)I @ 20
Event: 10.223 Thread 0x000000001f81e000 Uncommon trap: reason=class_check action=maybe_recompile pc=0x000000000363dbd0 method=java.io.ObjectInputStream$PeekInputStream.read([BII)I @ 20
Event: 10.223 Thread 0x000000001f81e000 Uncommon trap: reason=unstable_if action=reinterpret pc=0x000000000363e160 method=java.io.ObjectInputStream$PeekInputStream.read([BII)I @ 10

Internal exceptions (10 events):
Event: 10.228 Thread 0x000000001f81e000 Exception <a 'java/lang/NoSuchMethodError': <clinit>> (0x000000076be3afc8) thrown at [C:\re\workspace\8-2-build-windows-amd64-cygwin\jdk8u51\3951\hotspot\src\share\vm\prims\jni.cpp, line 1598]
Event: 10.232 Thread 0x000000001f81e000 Exception <a 'java/lang/ClassNotFoundException': javax/management/remote/rmi/RMIConnectionImpl_Skel> (0x000000076be3fe70) thrown at [C:\re\workspace\8-2-build-windows-amd64-cygwin\jdk8u51\3951\hotspot\src\share\vm\classfile\systemDictionary.cpp, line 210]
Event: 10.247 Thread 0x000000001f81e000 Exception <a 'java/lang/NoSuchMethodError': <clinit>> (0x000000076bf30698) thrown at [C:\re\workspace\8-2-build-windows-amd64-cygwin\jdk8u51\3951\hotspot\src\share\vm\prims\jni.cpp, line 1598]
Event: 10.252 Thread 0x000000001f81e000 Exception <a 'java/lang/NoSuchMethodError': <clinit>> (0x000000076bf3f7a0) thrown at [C:\re\workspace\8-2-build-windows-amd64-cygwin\jdk8u51\3951\hotspot\src\share\vm\prims\jni.cpp, line 1598]
Event: 10.253 Thread 0x000000001f81e000 Exception <a 'java/lang/NoSuchMethodError': <clinit>> (0x000000076bf4d338) thrown at [C:\re\workspace\8-2-build-windows-amd64-cygwin\jdk8u51\3951\hotspot\src\share\vm\prims\jni.cpp, line 1598]
Event: 10.253 Thread 0x000000001f81e000 Exception <a 'java/lang/NoSuchMethodError': <clinit>> (0x000000076bf4dc50) thrown at [C:\re\workspace\8-2-build-windows-amd64-cygwin\jdk8u51\3951\hotspot\src\share\vm\prims\jni.cpp, line 1598]
Event: 10.254 Thread 0x000000001f81e000 Exception <a 'java/lang/NoSuchMethodError': <clinit>> (0x000000076bf5a608) thrown at [C:\re\workspace\8-2-build-windows-amd64-cygwin\jdk8u51\3951\hotspot\src\share\vm\prims\jni.cpp, line 1598]
Event: 10.254 Thread 0x000000001f81e000 Exception <a 'java/lang/NoSuchMethodError': <clinit>> (0x000000076bf5b1b0) thrown at [C:\re\workspace\8-2-build-windows-amd64-cygwin\jdk8u51\3951\hotspot\src\share\vm\prims\jni.cpp, line 1598]
Event: 10.255 Thread 0x000000001f81e000 Exception <a 'java/lang/NoSuchMethodError': <clinit>> (0x000000076bf5bd28) thrown at [C:\re\workspace\8-2-build-windows-amd64-cygwin\jdk8u51\3951\hotspot\src\share\vm\prims\jni.cpp, line 1598]
Event: 11.290 Thread 0x000000001f81e000 Exception <a 'java/lang/NoSuchMethodError': <clinit>> (0x000000076bfa9150) thrown at [C:\re\workspace\8-2-build-windows-amd64-cygwin\jdk8u51\3951\hotspot\src\share\vm\prims\jni.cpp, line 1598]

Events (10 events):
Event: 30.284 Thread 0x000000001eaba800 flushing nmethod 0x0000000003688fd0
Event: 30.284 Thread 0x000000001eaba800 flushing nmethod 0x00000000036892d0
Event: 31.283 Executing VM operation: ThreadDump
Event: 31.283 Executing VM operation: ThreadDump done
Event: 31.289 Executing VM operation: FindDeadlocks
Event: 31.289 Executing VM operation: FindDeadlocks done
Event: 32.285 Executing VM operation: ThreadDump
Event: 32.285 Executing VM operation: ThreadDump done
Event: 33.284 Executing VM operation: ThreadDump
Event: 33.284 Executing VM operation: ThreadDump done


Dynamic libraries:
0x00007ff6250d0000 - 0x00007ff625107000 	C:\Program Files\Java\jdk1.8.0_51\jre\bin\java.exe
0x00007ffa7a8d0000 - 0x00007ffa7aaa1000 	C:\WINDOWS\SYSTEM32\ntdll.dll
0x00007ffa78130000 - 0x00007ffa781db000 	C:\WINDOWS\System32\KERNEL32.DLL
0x00007ffa777b0000 - 0x00007ffa779cd000 	C:\WINDOWS\System32\KERNELBASE.dll
0x00007ffa7a6f0000 - 0x00007ffa7a792000 	C:\WINDOWS\System32\ADVAPI32.dll
0x00007ffa79c20000 - 0x00007ffa79cbe000 	C:\WINDOWS\System32\msvcrt.dll
0x00007ffa79cc0000 - 0x00007ffa79d19000 	C:\WINDOWS\System32\sechost.dll
0x00007ffa7a050000 - 0x00007ffa7a171000 	C:\WINDOWS\System32\RPCRT4.dll
0x00007ffa79890000 - 0x00007ffa799f5000 	C:\WINDOWS\System32\USER32.dll
0x00007ffa77d90000 - 0x00007ffa77dae000 	C:\WINDOWS\System32\win32u.dll
0x00007ffa79be0000 - 0x00007ffa79c14000 	C:\WINDOWS\System32\GDI32.dll
0x00007ffa77c00000 - 0x00007ffa77d82000 	C:\WINDOWS\System32\gdi32full.dll
0x00007ffa6af50000 - 0x00007ffa6b1c9000 	C:\WINDOWS\WinSxS\amd64_microsoft.windows.common-controls_6595b64144ccf1df_6.0.14393.447_none_42191651c6827bb3\COMCTL32.dll
0x00007ffa77e60000 - 0x00007ffa78128000 	C:\WINDOWS\System32\combase.dll
0x00007ffa77600000 - 0x00007ffa776f5000 	C:\WINDOWS\System32\ucrtbase.dll
0x00007ffa774a0000 - 0x00007ffa7750a000 	C:\WINDOWS\System32\bcryptPrimitives.dll
0x00007ffa79a60000 - 0x00007ffa79a8e000 	C:\WINDOWS\System32\IMM32.DLL
0x000000005f4f0000 - 0x000000005f5c2000 	C:\Program Files\Java\jdk1.8.0_51\jre\bin\msvcr100.dll
0x000000005f5d0000 - 0x000000005fe53000 	C:\Program Files\Java\jdk1.8.0_51\jre\bin\server\jvm.dll
0x00007ffa79bd0000 - 0x00007ffa79bd8000 	C:\WINDOWS\System32\PSAPI.DLL
0x00007ffa6f900000 - 0x00007ffa6f909000 	C:\WINDOWS\SYSTEM32\WSOCK32.dll
0x00007ffa74dc0000 - 0x00007ffa74de3000 	C:\WINDOWS\SYSTEM32\WINMM.dll
0x00007ffa69800000 - 0x00007ffa6980a000 	C:\WINDOWS\SYSTEM32\VERSION.dll
0x00007ffa7a680000 - 0x00007ffa7a6ea000 	C:\WINDOWS\System32\WS2_32.dll
0x0000000001510000 - 0x000000000153b000 	C:\WINDOWS\SYSTEM32\WINMMBASE.dll
0x00007ffa77510000 - 0x00007ffa77552000 	C:\WINDOWS\System32\cfgmgr32.dll
0x0000000061160000 - 0x000000006116f000 	C:\Program Files\Java\jdk1.8.0_51\jre\bin\verify.dll
0x0000000060fc0000 - 0x0000000060fe9000 	C:\Program Files\Java\jdk1.8.0_51\jre\bin\java.dll
0x0000000060fa0000 - 0x0000000060fb6000 	C:\Program Files\Java\jdk1.8.0_51\jre\bin\zip.dll
0x00007ffa781e0000 - 0x00007ffa796e9000 	C:\WINDOWS\System32\SHELL32.dll
0x00007ffa76dc0000 - 0x00007ffa7749a000 	C:\WINDOWS\System32\windows.storage.dll
0x00007ffa76d60000 - 0x00007ffa76dac000 	C:\WINDOWS\System32\powrprof.dll
0x00007ffa7a870000 - 0x00007ffa7a8c2000 	C:\WINDOWS\System32\shlwapi.dll
0x00007ffa76d30000 - 0x00007ffa76d3f000 	C:\WINDOWS\System32\kernel.appcore.dll
0x00007ffa77700000 - 0x00007ffa777a9000 	C:\WINDOWS\System32\shcore.dll
0x00007ffa76d40000 - 0x00007ffa76d54000 	C:\WINDOWS\System32\profapi.dll
0x000000005f0f0000 - 0x000000005f11c000 	C:\Program Files\Java\jdk1.8.0_51\jre\bin\prism_d3d.dll
0x00007ffa46fc0000 - 0x00007ffa4714d000 	C:\WINDOWS\system32\d3d9.dll
0x00007ffa746d0000 - 0x00007ffa746f6000 	C:\WINDOWS\SYSTEM32\dwmapi.dll
0x00007ffa75410000 - 0x00007ffa754a5000 	C:\WINDOWS\system32\uxtheme.dll
0x00007ffa79f90000 - 0x00007ffa7a04f000 	C:\WINDOWS\System32\OLEAUT32.dll
0x00007ffa77560000 - 0x00007ffa775fc000 	C:\WINDOWS\System32\msvcp_win.dll
0x00007ffa79a90000 - 0x00007ffa79bc7000 	C:\WINDOWS\System32\ole32.dll
0x000000005f0a0000 - 0x000000005f0e1000 	C:\Program Files\Java\jdk1.8.0_51\jre\bin\glass.dll
0x00007ffa79d20000 - 0x00007ffa79e1a000 	C:\WINDOWS\System32\COMDLG32.dll
0x00007ffa79e30000 - 0x00007ffa79f8b000 	C:\WINDOWS\System32\MSCTF.dll
0x0000000060950000 - 0x0000000060965000 	C:\Program Files\Java\jdk1.8.0_51\jre\bin\javafx_font.dll
0x00007ffa60b90000 - 0x00007ffa60df9000 	C:\WINDOWS\SYSTEM32\dwrite.dll
0x00007ffa7a5e0000 - 0x00007ffa7a67f000 	C:\WINDOWS\System32\clbcatq.dll
0x00007ffa6d380000 - 0x00007ffa6d528000 	C:\WINDOWS\SYSTEM32\WindowsCodecs.dll
0x00007ffa69330000 - 0x00007ffa69379000 	C:\WINDOWS\system32\dataexchange.dll
0x00007ffa741d0000 - 0x00007ffa74321000 	C:\WINDOWS\system32\dcomp.dll
0x00007ffa733c0000 - 0x00007ffa73676000 	C:\WINDOWS\system32\d3d11.dll
0x00007ffa75cc0000 - 0x00007ffa75d5f000 	C:\WINDOWS\system32\dxgi.dll
0x00007ffa75760000 - 0x00007ffa7587c000 	C:\WINDOWS\system32\twinapi.appcore.dll
0x00007ffa76910000 - 0x00007ffa7693b000 	C:\WINDOWS\system32\bcrypt.dll
0x000000005f080000 - 0x000000005f091000 	C:\Program Files\Java\jdk1.8.0_51\jre\bin\prism_common.dll
0x0000000060f80000 - 0x0000000060f9a000 	C:\Program Files\Java\jdk1.8.0_51\jre\bin\net.dll
0x00007ffa76660000 - 0x00007ffa766bc000 	C:\WINDOWS\system32\mswsock.dll
0x00007ffa6a390000 - 0x00007ffa6a3a1000 	C:\Users\Nathan\Documents\NetBeansProjects\panorabot\panorabotClient\xboxcontroller64.dll
0x0000000061170000 - 0x0000000061208000 	C:\WINDOWS\SYSTEM32\MSVCP100.dll
0x00007ffa74b20000 - 0x00007ffa74b27000 	C:\WINDOWS\SYSTEM32\XINPUT9_1_0.dll
0x00007ffa73c80000 - 0x00007ffa73c8e000 	C:\WINDOWS\SYSTEM32\XInput1_4.dll
0x00007ffa75a00000 - 0x00007ffa75a28000 	C:\WINDOWS\SYSTEM32\DEVOBJ.dll
0x000000005f350000 - 0x000000005f4e8000 	C:\Program Files\Java\jdk1.8.0_51\jre\bin\awt.dll
0x00007ffa75080000 - 0x00007ffa750fa000 	C:\WINDOWS\SYSTEM32\apphelp.dll
0x00007ffa76440000 - 0x00007ffa764e0000 	C:\WINDOWS\SYSTEM32\DNSAPI.dll
0x00007ffa79e20000 - 0x00007ffa79e28000 	C:\WINDOWS\System32\NSI.dll
0x00007ffa763f0000 - 0x00007ffa76428000 	C:\WINDOWS\SYSTEM32\IPHLPAPI.DLL
0x0000000062000000 - 0x0000000062026000 	C:\Program Files\Bonjour\mdnsNSP.dll
0x00007ffa6eab0000 - 0x00007ffa6eaba000 	C:\Windows\System32\rasadhlp.dll
0x00007ffa711f0000 - 0x00007ffa7125a000 	C:\WINDOWS\System32\fwpuclnt.dll
0x0000000061150000 - 0x000000006115d000 	C:\Program Files\Java\jdk1.8.0_51\jre\bin\management.dll
0x0000000060f60000 - 0x0000000060f71000 	C:\Program Files\Java\jdk1.8.0_51\jre\bin\nio.dll
0x00007ffa76800000 - 0x00007ffa76817000 	C:\WINDOWS\SYSTEM32\CRYPTSP.dll
0x00007ffa76270000 - 0x00007ffa762a3000 	C:\WINDOWS\system32\rsaenh.dll
0x00007ffa764e0000 - 0x00007ffa764ff000 	C:\WINDOWS\SYSTEM32\USERENV.dll
0x00007ffa76820000 - 0x00007ffa7682b000 	C:\WINDOWS\SYSTEM32\CRYPTBASE.dll
0x00007ffa72920000 - 0x00007ffa72936000 	C:\WINDOWS\SYSTEM32\dhcpcsvc6.DLL
0x00007ffa728f0000 - 0x00007ffa7290a000 	C:\WINDOWS\SYSTEM32\dhcpcsvc.DLL
0x00007ffa66c80000 - 0x00007ffa66c96000 	C:\WINDOWS\system32\napinsp.dll
0x00007ffa62900000 - 0x00007ffa6291a000 	C:\WINDOWS\system32\pnrpnsp.dll
0x00007ffa74ee0000 - 0x00007ffa74ef8000 	C:\WINDOWS\system32\NLAapi.dll
0x00007ffa65f10000 - 0x00007ffa65f1e000 	C:\WINDOWS\System32\winrnr.dll
0x00007ffa60fb0000 - 0x00007ffa60fc5000 	C:\WINDOWS\System32\wshbth.dll
0x00007ffa66cd0000 - 0x00007ffa66e62000 	C:\WINDOWS\SYSTEM32\dbghelp.dll

VM Arguments:
jvm_args: -Dfile.encoding=UTF-8 
java_command: panorabotClient.ihm.panorabotClient
java_class_path (initial): C:\Users\Nathan\Documents\NetBeansProjects\panorabot\panorabotClient\lib\XboxController.jar;C:\Users\Nathan\Documents\NetBeansProjects\panorabot\panorabotClient\lib\aplu5.jar;C:\Users\Nathan\Documents\NetBeansProjects\panorabot\panorabotClient\lib\jSSC-2.8.0-Release;C:\Users\Nathan\Documents\NetBeansProjects\panorabot\panorabotClient\lib\jaw.jar;C:\Users\Nathan\Documents\NetBeansProjects\panorabot\panorabotClient\lib\OpenImaj\BezierUtils-1.0.0.jar;C:\Users\Nathan\Documents\NetBeansProjects\panorabot\panorabotClient\lib\OpenImaj\FaceTracker-1.3.1.jar;C:\Users\Nathan\Documents\NetBeansProjects\panorabot\panorabotClient\lib\OpenImaj\IREval-1.3.1.jar;C:\Users\Nathan\Documents\NetBeansProjects\panorabot\panorabotClient\lib\OpenImaj\ImprovedArgs4J-1.3.1.jar;C:\Users\Nathan\Documents\NetBeansProjects\panorabot\panorabotClient\lib\OpenImaj\JTransforms-1.3.1.jar;C:\Users\Nathan\Documents\NetBeansProjects\panorabot\panorabotClient\lib\OpenImaj\Jama-1.0.2.jar;C:\Users\Nathan\Documents\NetBeansProjects\panorabot\panorabotClient\lib\OpenImaj\MatrixLib-1.3.1.jar;C:\Users\Nathan\Documents\NetBeansProjects\panorabot\panorabotClient\lib\OpenImaj\animation-1.3.1.jar;C:\Users\Nathan\Documents\NetBeansProjects\panorabot\panorabotClient\lib\OpenImaj\apache-commons-sanselan.jar;C:\Users\Nathan\Documents\NetBeansProjects\panorabot\panorabotClient\lib\OpenImaj\apache-jakarta-commons-httpclient.jar;C:\Users\Nathan\Documents\NetBeansProjects\panorabot\panorabotClient\lib\OpenImaj\apache-logging-log4j.jar;C:\Users\Nathan\Documents\NetBeansProjects\panorabot\panorabotClient\lib\OpenImaj\arpack-combo-0.1.jar;C:\Users\Nathan\Documents\NetBeansProjects\panorabot\panorabotClient\lib\OpenImaj\bridj-0.6.2.jar;C:\Users\Nathan\Documents\NetBeansProjects\panorabot\panorabotClient\lib\OpenImaj\clustering-1.3.1.jar;C:\Users\Nathan\Documents\NetBeansProjects\panorabot\panorabotClient\lib\OpenImaj\colt-1.2.0.jar;C:\Users\Nathan\Documents\NetBeansProjects\panorabot\panorabotClie
Launcher Type: SUN_STANDARD

Environment Variables:
JAVA_HOME=C:\Program Files\Java\jdk1.8.0_51
PATH=C:\ProgramData\Oracle\Java\javapath;C:\Program Files (x86)\Intel\iCLS Client\;C:\Program Files\Intel\iCLS Client\;C:\Windows\system32;C:\Windows;C:\Windows\System32\Wbem;C:\Windows\System32\WindowsPowerShell\v1.0\;C:\Program Files (x86)\Acer\abFiles\;C:\Program Files\Intel\Intel(R) Management Engine Components\DAL;C:\Program Files (x86)\Intel\Intel(R) Management Engine Components\DAL;C:\Program Files\Intel\Intel(R) Management Engine Components\IPT;C:\Program Files (x86)\Intel\Intel(R) Management Engine Components\IPT;C:\WINDOWS\system32;C:\WINDOWS;C:\WINDOWS\System32\Wbem;C:\WINDOWS\System32\WindowsPowerShell\v1.0\;C:\Program Files (x86)\GtkSharp\2.12\bin;D:\Programmes\Brackets\command;C:\Program Files (x86)\Skype\Phone\;C:\Program Files (x86)\NVIDIA Corporation\PhysX\Common;C:\Program Files\apache-maven-3.3.9\bin;C:\WINDOWS\system32;C:\WINDOWS;C:\WINDOWS\System32\Wbem;C:\WINDOWS\System32\WindowsPowerShell\v1.0\;C:\Program Files (x86)\IVI Foundation\VISA\WinNT\Bin;C:\Users\Nathan\Desktop\CMPMVS_0_6_0;C:\Users\Nathan\AppData\Local\Microsoft\WindowsApps;
USERNAME=Nathan
OS=Windows_NT
PROCESSOR_IDENTIFIER=Intel64 Family 6 Model 60 Stepping 3, GenuineIntel



---------------  S Y S T E M  ---------------

OS: Windows 10.0 , 64 bit Build 14393 (10.0.14393.0)

CPU:total 8 (4 cores per cpu, 2 threads per core) family 6 model 60 stepping 3, cmov, cx8, fxsr, mmx, sse, sse2, sse3, ssse3, sse4.1, sse4.2, popcnt, avx, avx2, aes, clmul, erms, lzcnt, ht, tsc, tscinvbit, bmi1, bmi2

Memory: 4k page, physical 16698648k(11286560k free), swap 19713304k(13413096k free)

vm_info: Java HotSpot(TM) 64-Bit Server VM (25.51-b03) for windows-amd64 JRE (1.8.0_51-b16), built on Jun  8 2015 18:03:07 by "java_re" with MS VC++ 10.0 (VS2010)

time: Tue Feb 21 09:18:27 2017
elapsed time: 33 seconds (0d 0h 0m 33s)

