#
# A fatal error has been detected by the Java Runtime Environment:
#
#  EXCEPTION_ACCESS_VIOLATION (0xc0000005) at pc=0x000000000000000c, pid=9952, tid=7016
#
# JRE version: Java(TM) SE Runtime Environment (8.0_51-b16) (build 1.8.0_51-b16)
# Java VM: Java HotSpot(TM) 64-Bit Server VM (25.51-b03 mixed mode windows-amd64 compressed oops)
# Problematic frame:
# C  0x000000000000000c
#
# Failed to write core dump. Minidumps are not enabled by default on client versions of Windows
#
# If you would like to submit a bug report, please visit:
#   http://bugreport.java.com/bugreport/crash.jsp
# The crash happened outside the Java Virtual Machine in native code.
# See problematic frame for where to report the bug.
#

---------------  T H R E A D  ---------------

Current thread (0x000000001f55d800):  JavaThread "AWT-EventQueue-0" [_thread_in_native, id=7016, stack(0x0000000028d40000,0x0000000028e40000)]

siginfo: ExceptionCode=0xc0000005, ExceptionInformation=0x0000000000000008 0x000000000000000c

Registers:
RAX=0x000000001f7dccf0, RBX=0x0000000000000009, RCX=0x000000001f4439f8, RDX=0x000000001f5f5588
RSP=0x0000000028e3d9a8, RBP=0x00000000000003e8, RSI=0x0000000000000009, RDI=0x000000001f770fd0
R8 =0x0000000000000000, R9 =0x0000000000000009, R10=0x000000001f443a08, R11=0x0000000063d87bb0
R12=0x0000000000000000, R13=0x0000000024a6fb38, R14=0x0000000028e3dab8, R15=0x000000001f55d800
RIP=0x000000000000000c, EFLAGS=0x0000000000010246

Top of Stack: (sp=0x0000000028e3d9a8)
0x0000000028e3d9a8:   00007ffd4ed8600d 00000000283363e0
0x0000000028e3d9b8:   0000000002cb67c9 0000000000000000
0x0000000028e3d9c8:   000000001f55d800 000000001f7dccf0
0x0000000028e3d9d8:   000000076d7d7fb8 00000000283363e0
0x0000000028e3d9e8:   0000000002cb6937 0000000028e3da80
0x0000000028e3d9f8:   0000000024a6fb38 000000076d7d7fb8
0x0000000028e3da08:   0000000002cb651d 000000001f55d800
0x0000000028e3da18:   0000000024a6fb38 000000076d7d7fb8
0x0000000028e3da28:   000000001f55d800 0000000000000001
0x0000000028e3da38:   000000076d7d7fb8 0000000028e3da30
0x0000000028e3da48:   0000000024a6fb38 0000000028e3dab8
0x0000000028e3da58:   0000000024a73460 0000000000000000
0x0000000028e3da68:   0000000024a6fb38 0000000000000000
0x0000000028e3da78:   0000000028e3daa0 0000000028e3db00
0x0000000028e3da88:   0000000002ca7730 0000000000000000
0x0000000028e3da98:   0000000002caf976 0000000000000009 

Instructions: (pc=0x000000000000000c)
0xffffffffffffffec:   


Register to memory mapping:

RAX=0x000000001f7dccf0 is an unknown value
RBX=0x0000000000000009 is an unknown value
RCX=0x000000001f4439f8 is an unknown value
RDX=0x000000001f5f5588 is a global jni handle
RSP=0x0000000028e3d9a8 is pointing into the stack for thread: 0x000000001f55d800
RBP=0x00000000000003e8 is an unknown value
RSI=0x0000000000000009 is an unknown value
RDI=0x000000001f770fd0 is an unknown value
R8 =0x0000000000000000 is an unknown value
R9 =0x0000000000000009 is an unknown value
R10=0x000000001f443a08 is an unknown value
R11=0x0000000063d87bb0 is an unknown value
R12=0x0000000000000000 is an unknown value
R13={method} {0x0000000024a6fb40} 'nativeReadBuf' '(JI)I' in 'ch/aplu/jaw/NativeHandler'
R14=0x0000000028e3dab8 is pointing into the stack for thread: 0x000000001f55d800
R15=0x000000001f55d800 is a thread


Stack: [0x0000000028d40000,0x0000000028e40000],  sp=0x0000000028e3d9a8,  free space=1014k
Native frames: (J=compiled Java code, j=interpreted, Vv=VM code, C=native code)
C  0x000000000000000c

Java frames: (J=compiled Java code, j=interpreted, Vv=VM code)
j  ch.aplu.jaw.NativeHandler.nativeReadBuf(JI)I+0
j  ch.aplu.jaw.NativeHandler.readBuf(I)I+33
J 3279 C1 ch.aplu.xboxcontroller.XboxController.readData()Lch/aplu/xboxcontroller/ControllerState; (290 bytes) @ 0x00000000036c031c [0x00000000036c0040+0x2dc]
J 3277 C1 ch.aplu.xboxcontroller.XboxController$1.actionPerformed(Ljava/awt/event/ActionEvent;)V (1099 bytes) @ 0x00000000036ba1f4 [0x00000000036ba120+0xd4]
J 3276 C1 javax.swing.Timer.fireActionPerformed(Ljava/awt/event/ActionEvent;)V (46 bytes) @ 0x00000000036ae0cc [0x00000000036ade60+0x26c]
J 3273 C1 javax.swing.Timer$DoPostEvent.run()V (95 bytes) @ 0x00000000036b866c [0x00000000036b7920+0xd4c]
J 3272 C1 java.awt.event.InvocationEvent.dispatch()V (69 bytes) @ 0x00000000036b7054 [0x00000000036b6e40+0x214]
J 3269 C1 java.awt.EventQueue.dispatchEventImpl(Ljava/awt/AWTEvent;Ljava/lang/Object;)V (149 bytes) @ 0x00000000036b3874 [0x00000000036b1dc0+0x1ab4]
J 3224 C1 java.awt.EventQueue$3.run()Ljava/lang/Void; (60 bytes) @ 0x000000000368695c [0x0000000003686740+0x21c]
J 3223 C1 java.awt.EventQueue$3.run()Ljava/lang/Object; (5 bytes) @ 0x00000000036863cc [0x0000000003686340+0x8c]
v  ~StubRoutines::call_stub
J 1195  java.security.AccessController.doPrivileged(Ljava/security/PrivilegedAction;Ljava/security/AccessControlContext;)Ljava/lang/Object; (0 bytes) @ 0x00000000030c72e6 [0x00000000030c7280+0x66]
J 3215 C1 java.awt.EventQueue.dispatchEvent(Ljava/awt/AWTEvent;)V (80 bytes) @ 0x0000000003681c44 [0x0000000003681380+0x8c4]
J 3005 C1 java.awt.EventDispatchThread.pumpOneEventForFilters(I)V (295 bytes) @ 0x00000000035af594 [0x00000000035ad840+0x1d54]
j  java.awt.EventDispatchThread.pumpEventsForFilter(ILjava/awt/Conditional;Ljava/awt/EventFilter;)V+35
j  java.awt.EventDispatchThread.pumpEventsForHierarchy(ILjava/awt/Conditional;Ljava/awt/Component;)V+11
j  java.awt.EventDispatchThread.pumpEvents(ILjava/awt/Conditional;)V+4
j  java.awt.EventDispatchThread.pumpEvents(Ljava/awt/Conditional;)V+3
j  java.awt.EventDispatchThread.run()V+9
v  ~StubRoutines::call_stub

---------------  P R O C E S S  ---------------

Java Threads: ( => current thread )
  0x000000001f558000 JavaThread "DestroyJavaVM" [_thread_blocked, id=6084, stack(0x0000000002aa0000,0x0000000002ba0000)]
=>0x000000001f55d800 JavaThread "AWT-EventQueue-0" [_thread_in_native, id=7016, stack(0x0000000028d40000,0x0000000028e40000)]
  0x000000001f7a1000 JavaThread "AWT-Windows" daemon [_thread_in_native, id=5692, stack(0x0000000028c40000,0x0000000028d40000)]
  0x000000001f79e800 JavaThread "AWT-Shutdown" [_thread_blocked, id=9868, stack(0x0000000028b40000,0x0000000028c40000)]
  0x0000000025706000 JavaThread "Java2D Disposer" daemon [_thread_blocked, id=12496, stack(0x0000000028a40000,0x0000000028b40000)]
  0x0000000025703800 JavaThread "TimerQueue" daemon [_thread_blocked, id=10156, stack(0x0000000028940000,0x0000000028a40000)]
  0x000000002569a800 JavaThread "Thread-5" [_thread_in_native, id=9536, stack(0x00000000285e0000,0x00000000286e0000)]
  0x000000001f617000 JavaThread "Prism Font Disposer" daemon [_thread_blocked, id=15944, stack(0x00000000275e0000,0x00000000276e0000)]
  0x000000001f4d1800 JavaThread "Thread-3" daemon [_thread_in_native, id=10520, stack(0x00000000245e0000,0x00000000246e0000)]
  0x000000001f43e800 JavaThread "Thread-1" daemon [_thread_blocked, id=12248, stack(0x000000001fe50000,0x000000001ff50000)]
  0x000000001e826000 JavaThread "Service Thread" daemon [_thread_blocked, id=6652, stack(0x000000001f160000,0x000000001f260000)]
  0x000000001e798800 JavaThread "C1 CompilerThread3" daemon [_thread_blocked, id=2216, stack(0x000000001f060000,0x000000001f160000)]
  0x000000001e791000 JavaThread "C2 CompilerThread2" daemon [_thread_blocked, id=6908, stack(0x000000001ef60000,0x000000001f060000)]
  0x000000001e78c800 JavaThread "C2 CompilerThread1" daemon [_thread_blocked, id=7764, stack(0x000000001ee60000,0x000000001ef60000)]
  0x000000001e789000 JavaThread "C2 CompilerThread0" daemon [_thread_blocked, id=5004, stack(0x000000001ed60000,0x000000001ee60000)]
  0x000000001e785800 JavaThread "Attach Listener" daemon [_thread_blocked, id=7888, stack(0x000000001ec60000,0x000000001ed60000)]
  0x000000001e784800 JavaThread "Signal Dispatcher" daemon [_thread_blocked, id=6452, stack(0x000000001eb60000,0x000000001ec60000)]
  0x0000000002c99800 JavaThread "Finalizer" daemon [_thread_blocked, id=15544, stack(0x000000001e660000,0x000000001e760000)]
  0x0000000002c93000 JavaThread "Reference Handler" daemon [_thread_blocked, id=4016, stack(0x000000001e560000,0x000000001e660000)]

Other Threads:
  0x000000001c759000 VMThread [stack: 0x000000001e460000,0x000000001e560000] [id=5216]
  0x000000001e829000 WatcherThread [stack: 0x000000001f260000,0x000000001f360000] [id=15900]

VM state:not at safepoint (normal execution)

VM Mutex/Monitor currently owned by a thread: None

Heap:
 PSYoungGen      total 76288K, used 62415K [0x000000076b100000, 0x0000000770600000, 0x00000007c0000000)
  eden space 65536K, 95% used [0x000000076b100000,0x000000076edf3d68,0x000000076f100000)
  from space 10752K, 0% used [0x000000076fb80000,0x000000076fb80000,0x0000000770600000)
  to   space 10752K, 0% used [0x000000076f100000,0x000000076f100000,0x000000076fb80000)
 ParOldGen       total 175104K, used 0K [0x00000006c1200000, 0x00000006cbd00000, 0x000000076b100000)
  object space 175104K, 0% used [0x00000006c1200000,0x00000006c1200000,0x00000006cbd00000)
 Metaspace       used 19127K, capacity 19822K, committed 20224K, reserved 1067008K
  class space    used 2552K, capacity 2724K, committed 2816K, reserved 1048576K

Card table byte_map: [0x0000000012060000,0x0000000012860000] byte_map_base: 0x000000000ea57000

Marking Bits: (ParMarkBitMap*) 0x0000000064364040
 Begin Bits: [0x00000000135b0000, 0x0000000017568000)
 End Bits:   [0x0000000017568000, 0x000000001b520000)

Polling page: 0x0000000000e30000

CodeCache: size=245760Kb used=10399Kb max_used=10410Kb free=235360Kb
 bounds [0x0000000002ca0000, 0x00000000036e0000, 0x0000000011ca0000]
 total_blobs=3991 nmethods=3300 adapters=602
 compilation: enabled

Compilation events (10 events):
Event: 138.761 Thread 0x000000001e791000 3296       4       sun.awt.AppContext::getAppContext (51 bytes)
Event: 138.761 Thread 0x000000001e791000 nmethod 3296 0x00000000036c86d0 code [0x00000000036c8800, 0x00000000036c8898]
Event: 142.115 Thread 0x000000001e789000 3297       4       java.util.concurrent.locks.AbstractQueuedSynchronizer$ConditionObject::awaitNanos (156 bytes)
Event: 142.153 Thread 0x000000001e789000 nmethod 3297 0x00000000036ceed0 code [0x00000000036cf0c0, 0x00000000036cfef0]
Event: 168.141 Thread 0x000000001e78c800 3298       4       java.awt.AWTEvent::<init> (81 bytes)
Event: 168.148 Thread 0x000000001e78c800 nmethod 3298 0x00000000036cc890 code [0x00000000036cca00, 0x00000000036ccdf8]
Event: 169.208 Thread 0x000000001e791000 3299       4       java.awt.EventQueue::eventToCacheIndex (80 bytes)
Event: 169.209 Thread 0x000000001e791000 nmethod 3299 0x00000000036cebd0 code [0x00000000036ced20, 0x00000000036cedf8]
Event: 175.817 Thread 0x000000001e789000 3300       4       java.util.HashSet::add (20 bytes)
Event: 175.818 Thread 0x000000001e789000 nmethod 3300 0x00000000036ce810 code [0x00000000036ce960, 0x00000000036cea88]

GC Heap History (0 events):
No events

Deoptimization events (10 events):
Event: 3.072 Thread 0x000000001f443800 Uncommon trap: reason=class_check action=maybe_recompile pc=0x000000000318965c method=javafx.scene.Node.updateLocalToParentTransform()V @ 11
Event: 3.078 Thread 0x000000001f443800 Uncommon trap: reason=class_check action=maybe_recompile pc=0x000000000318965c method=javafx.scene.Node.updateLocalToParentTransform()V @ 11
Event: 3.092 Thread 0x000000001f443800 Uncommon trap: reason=class_check action=maybe_recompile pc=0x000000000318965c method=javafx.scene.Node.updateLocalToParentTransform()V @ 11
Event: 21.910 Thread 0x000000001f42a000 Uncommon trap: reason=unstable_if action=reinterpret pc=0x000000000351ba14 method=com.sun.javafx.geom.RectBounds.intersects(Lcom/sun/javafx/geom/BaseBounds;)Z @ 41
Event: 31.365 Thread 0x000000001f443800 Uncommon trap: reason=bimorphic action=maybe_recompile pc=0x00000000034c8178 method=com.sun.javafx.event.EventHandlerManager.dispatchCapturingEvent(Ljavafx/event/Event;)Ljavafx/event/Event; @ 1
Event: 31.365 Thread 0x000000001f443800 Uncommon trap: reason=class_check action=maybe_recompile pc=0x00000000035c51c8 method=com.sun.javafx.event.EventHandlerManager.dispatchBubblingEvent(Ljavafx/event/Event;)Ljavafx/event/Event; @ 1
Event: 31.365 Thread 0x000000001f443800 Uncommon trap: reason=bimorphic action=maybe_recompile pc=0x00000000034c8178 method=com.sun.javafx.event.EventHandlerManager.dispatchCapturingEvent(Ljavafx/event/Event;)Ljavafx/event/Event; @ 1
Event: 31.365 Thread 0x000000001f443800 Uncommon trap: reason=class_check action=maybe_recompile pc=0x00000000035c51c8 method=com.sun.javafx.event.EventHandlerManager.dispatchBubblingEvent(Ljavafx/event/Event;)Ljavafx/event/Event; @ 1
Event: 31.369 Thread 0x000000001f443800 Uncommon trap: reason=bimorphic action=maybe_recompile pc=0x00000000034c8178 method=com.sun.javafx.event.EventHandlerManager.dispatchCapturingEvent(Ljavafx/event/Event;)Ljavafx/event/Event; @ 1
Event: 31.369 Thread 0x000000001f443800 Uncommon trap: reason=class_check action=maybe_recompile pc=0x00000000035c51c8 method=com.sun.javafx.event.EventHandlerManager.dispatchBubblingEvent(Ljavafx/event/Event;)Ljavafx/event/Event; @ 1

Internal exceptions (10 events):
Event: 0.127 Thread 0x0000000002a9e000 Exception <a 'java/lang/NullPointerException'> (0x000000076b5dea30) thrown at [C:\re\workspace\8-2-build-windows-amd64-cygwin\jdk8u51\3951\hotspot\src\share\vm\interpreter\linkResolver.cpp, line 1178]
Event: 0.305 Thread 0x000000001f443800 Exception <a 'java/lang/NullPointerException'> (0x000000076c2eee30) thrown at [C:\re\workspace\8-2-build-windows-amd64-cygwin\jdk8u51\3951\hotspot\src\share\vm\interpreter\linkResolver.cpp, line 1178]
Event: 0.306 Thread 0x000000001f443800 Exception <a 'java/lang/NullPointerException'> (0x000000076c2eee30) thrown at [C:\re\workspace\8-2-build-windows-amd64-cygwin\jdk8u51\3951\hotspot\src\share\vm\prims\jvm.cpp, line 1386]
Event: 0.346 Thread 0x000000001f443800 Exception <a 'java/lang/ArrayIndexOutOfBoundsException': 78> (0x000000076c4833a0) thrown at [C:\re\workspace\8-2-build-windows-amd64-cygwin\jdk8u51\3951\hotspot\src\share\vm\interpreter\interpreterRuntime.cpp, line 366]
Event: 0.346 Thread 0x000000001f443800 Exception <a 'java/lang/ArrayIndexOutOfBoundsException': 18> (0x000000076c4841c8) thrown at [C:\re\workspace\8-2-build-windows-amd64-cygwin\jdk8u51\3951\hotspot\src\share\vm\interpreter\interpreterRuntime.cpp, line 366]
Event: 0.346 Thread 0x000000001f443800 Exception <a 'java/lang/ArrayIndexOutOfBoundsException': 86> (0x000000076c4854c0) thrown at [C:\re\workspace\8-2-build-windows-amd64-cygwin\jdk8u51\3951\hotspot\src\share\vm\interpreter\interpreterRuntime.cpp, line 366]
Event: 0.350 Thread 0x000000001f443800 Exception <a 'java/lang/ArrayIndexOutOfBoundsException'> (0x000000076c49e2d0) thrown at [C:\re\workspace\8-2-build-windows-amd64-cygwin\jdk8u51\3951\hotspot\src\share\vm\runtime\sharedRuntime.cpp, line 605]
Event: 0.386 Thread 0x000000001f443800 Exception <a 'java/lang/ArrayIndexOutOfBoundsException'> (0x000000076c74ecd8) thrown at [C:\re\workspace\8-2-build-windows-amd64-cygwin\jdk8u51\3951\hotspot\src\share\vm\runtime\sharedRuntime.cpp, line 605]
Event: 0.452 Thread 0x000000001f443800 Implicit null exception at 0x0000000002f66535 to 0x0000000002f66761
Event: 2.104 Thread 0x000000001f443800 Exception <a 'java/io/FileNotFoundException'> (0x000000076d80aad0) thrown at [C:\re\workspace\8-2-build-windows-amd64-cygwin\jdk8u51\3951\hotspot\src\share\vm\prims\jni.cpp, line 709]

Events (10 events):
Event: 31.373 loading class javafx/application/Application done
Event: 31.375 loading class com/sun/javafx/tk/quantum/QuantumRenderer
Event: 31.375 loading class com/sun/javafx/tk/quantum/QuantumRenderer done
Event: 31.376 loading class com/sun/javafx/tk/quantum/QuantumToolkit
Event: 31.376 loading class com/sun/javafx/tk/quantum/QuantumToolkit done
Event: 31.376 Thread 0x000000001f4d7000 Thread exited: 0x000000001f4d7000
Event: 31.376 Thread 0x0000000002a9e000 Thread exited: 0x0000000002a9e000
Event: 31.376 Thread 0x000000001f558000 Thread added: 0x000000001f558000
Event: 31.376 Thread 0x000000001f443800 Thread exited: 0x000000001f443800
Event: 31.384 Thread 0x000000001f42a000 Thread exited: 0x000000001f42a000


Dynamic libraries:
0x00007ff7ae1d0000 - 0x00007ff7ae207000 	C:\Program Files\Java\jdk1.8.0_51\bin\java.exe
0x00007ffd5f060000 - 0x00007ffd5f231000 	C:\WINDOWS\SYSTEM32\ntdll.dll
0x00007ffd5eca0000 - 0x00007ffd5ed4b000 	C:\WINDOWS\System32\KERNEL32.DLL
0x00007ffd5b710000 - 0x00007ffd5b92d000 	C:\WINDOWS\System32\KERNELBASE.dll
0x00007ffd5e9f0000 - 0x00007ffd5ea92000 	C:\WINDOWS\System32\ADVAPI32.dll
0x00007ffd5e830000 - 0x00007ffd5e8ce000 	C:\WINDOWS\System32\msvcrt.dll
0x00007ffd5e7d0000 - 0x00007ffd5e829000 	C:\WINDOWS\System32\sechost.dll
0x00007ffd5eb60000 - 0x00007ffd5ec81000 	C:\WINDOWS\System32\RPCRT4.dll
0x00007ffd5eef0000 - 0x00007ffd5f055000 	C:\WINDOWS\System32\USER32.dll
0x00007ffd5bbf0000 - 0x00007ffd5bc0e000 	C:\WINDOWS\System32\win32u.dll
0x00007ffd5c920000 - 0x00007ffd5c954000 	C:\WINDOWS\System32\GDI32.dll
0x00007ffd5c460000 - 0x00007ffd5c5e2000 	C:\WINDOWS\System32\gdi32full.dll
0x00007ffd4f300000 - 0x00007ffd4f579000 	C:\WINDOWS\WinSxS\amd64_microsoft.windows.common-controls_6595b64144ccf1df_6.0.14393.447_none_42191651c6827bb3\COMCTL32.dll
0x00007ffd5c650000 - 0x00007ffd5c918000 	C:\WINDOWS\System32\combase.dll
0x00007ffd5bc10000 - 0x00007ffd5bd05000 	C:\WINDOWS\System32\ucrtbase.dll
0x00007ffd5c3f0000 - 0x00007ffd5c45a000 	C:\WINDOWS\System32\bcryptPrimitives.dll
0x00007ffd5e940000 - 0x00007ffd5e96e000 	C:\WINDOWS\System32\IMM32.DLL
0x00000000646f0000 - 0x00000000647c2000 	C:\Program Files\Java\jdk1.8.0_51\jre\bin\msvcr100.dll
0x0000000063b60000 - 0x00000000643e3000 	C:\Program Files\Java\jdk1.8.0_51\jre\bin\server\jvm.dll
0x00007ffd5ec90000 - 0x00007ffd5ec98000 	C:\WINDOWS\System32\PSAPI.DLL
0x00007ffd4ec50000 - 0x00007ffd4ec5a000 	C:\WINDOWS\SYSTEM32\VERSION.dll
0x00007ffd53e90000 - 0x00007ffd53e99000 	C:\WINDOWS\SYSTEM32\WSOCK32.dll
0x00007ffd59710000 - 0x00007ffd59733000 	C:\WINDOWS\SYSTEM32\WINMM.dll
0x00007ffd5e540000 - 0x00007ffd5e5aa000 	C:\WINDOWS\System32\WS2_32.dll
0x0000000000e50000 - 0x0000000000e7b000 	C:\WINDOWS\SYSTEM32\WINMMBASE.dll
0x00007ffd5bba0000 - 0x00007ffd5bbe2000 	C:\WINDOWS\System32\cfgmgr32.dll
0x00000000646e0000 - 0x00000000646ef000 	C:\Program Files\Java\jdk1.8.0_51\jre\bin\verify.dll
0x0000000063b30000 - 0x0000000063b59000 	C:\Program Files\Java\jdk1.8.0_51\jre\bin\java.dll
0x00000000646c0000 - 0x00000000646d6000 	C:\Program Files\Java\jdk1.8.0_51\jre\bin\zip.dll
0x00007ffd5c960000 - 0x00007ffd5de69000 	C:\WINDOWS\System32\SHELL32.dll
0x00007ffd5bd10000 - 0x00007ffd5c3ea000 	C:\WINDOWS\System32\windows.storage.dll
0x00007ffd5b500000 - 0x00007ffd5b54c000 	C:\WINDOWS\System32\powrprof.dll
0x00007ffd5e990000 - 0x00007ffd5e9e2000 	C:\WINDOWS\System32\shlwapi.dll
0x00007ffd5b4f0000 - 0x00007ffd5b4ff000 	C:\WINDOWS\System32\kernel.appcore.dll
0x00007ffd5b550000 - 0x00007ffd5b5f9000 	C:\WINDOWS\System32\shcore.dll
0x00007ffd5b4d0000 - 0x00007ffd5b4e4000 	C:\WINDOWS\System32\profapi.dll
0x0000000061de0000 - 0x0000000061e0c000 	C:\Program Files\Java\jdk1.8.0_51\jre\bin\prism_d3d.dll
0x00007ffd47850000 - 0x00007ffd479dd000 	C:\WINDOWS\system32\d3d9.dll
0x00007ffd58f80000 - 0x00007ffd58fa6000 	C:\WINDOWS\SYSTEM32\dwmapi.dll
0x00007ffd59ba0000 - 0x00007ffd59c35000 	C:\WINDOWS\system32\uxtheme.dll
0x00007ffd5e5b0000 - 0x00007ffd5e66f000 	C:\WINDOWS\System32\OLEAUT32.dll
0x00007ffd5b930000 - 0x00007ffd5b9cc000 	C:\WINDOWS\System32\msvcp_win.dll
0x00007ffd5ed50000 - 0x00007ffd5ee87000 	C:\WINDOWS\System32\ole32.dll
0x0000000061d90000 - 0x0000000061dd1000 	C:\Program Files\Java\jdk1.8.0_51\jre\bin\glass.dll
0x00007ffd5e2a0000 - 0x00007ffd5e39a000 	C:\WINDOWS\System32\COMDLG32.dll
0x00007ffd5e670000 - 0x00007ffd5e7cb000 	C:\WINDOWS\System32\MSCTF.dll
0x0000000061d70000 - 0x0000000061d85000 	C:\Program Files\Java\jdk1.8.0_51\jre\bin\javafx_font.dll
0x00007ffd4d9b0000 - 0x00007ffd4dc19000 	C:\WINDOWS\SYSTEM32\dwrite.dll
0x00007ffd5eac0000 - 0x00007ffd5eb5f000 	C:\WINDOWS\System32\clbcatq.dll
0x00007ffd521a0000 - 0x00007ffd52348000 	C:\WINDOWS\SYSTEM32\WindowsCodecs.dll
0x00007ffd4cdd0000 - 0x00007ffd4ce19000 	C:\WINDOWS\system32\dataexchange.dll
0x00007ffd586a0000 - 0x00007ffd587f1000 	C:\WINDOWS\system32\dcomp.dll
0x00007ffd57950000 - 0x00007ffd57c06000 	C:\WINDOWS\system32\d3d11.dll
0x00007ffd5a450000 - 0x00007ffd5a4ef000 	C:\WINDOWS\system32\dxgi.dll
0x00007ffd59ef0000 - 0x00007ffd5a00c000 	C:\WINDOWS\system32\twinapi.appcore.dll
0x00007ffd5b0a0000 - 0x00007ffd5b0cb000 	C:\WINDOWS\system32\bcrypt.dll
0x0000000061d50000 - 0x0000000061d61000 	C:\Program Files\Java\jdk1.8.0_51\jre\bin\prism_common.dll
0x0000000063b10000 - 0x0000000063b2a000 	C:\Program Files\Java\jdk1.8.0_51\jre\bin\net.dll
0x00007ffd5adf0000 - 0x00007ffd5ae4c000 	C:\WINDOWS\system32\mswsock.dll
0x00007ffd4ed80000 - 0x00007ffd4ed91000 	C:\Users\Nathan\Documents\NetBeansProjects\panorabot\panorabotClient\xboxcontroller64.dll
0x00000000647d0000 - 0x0000000064868000 	C:\WINDOWS\SYSTEM32\MSVCP100.dll
0x00007ffd58540000 - 0x00007ffd58547000 	C:\WINDOWS\SYSTEM32\XINPUT9_1_0.dll
0x00007ffd57790000 - 0x00007ffd5779e000 	C:\WINDOWS\SYSTEM32\XInput1_4.dll
0x00007ffd5a190000 - 0x00007ffd5a1b8000 	C:\WINDOWS\SYSTEM32\DEVOBJ.dll
0x0000000063950000 - 0x0000000063ae8000 	C:\Program Files\Java\jdk1.8.0_51\jre\bin\awt.dll
0x00007ffd59740000 - 0x00007ffd597ba000 	C:\WINDOWS\SYSTEM32\apphelp.dll
0x00007ffd4aef0000 - 0x00007ffd4b082000 	C:\WINDOWS\SYSTEM32\dbghelp.dll

VM Arguments:
jvm_args: -Dfile.encoding=UTF-8 
java_command: panorabotClient.ihm.panorabotClient
java_class_path (initial): C:\Users\Nathan\Documents\NetBeansProjects\panorabot\panorabotClient\lib\XboxController.jar;C:\Users\Nathan\Documents\NetBeansProjects\panorabot\panorabotClient\lib\aplu5.jar;C:\Users\Nathan\Documents\NetBeansProjects\panorabot\panorabotClient\lib\jSSC-2.8.0-Release;C:\Users\Nathan\Documents\NetBeansProjects\panorabot\panorabotClient\lib\jaw.jar;C:\Users\Nathan\Documents\NetBeansProjects\panorabot\panorabotClient\build\classes
Launcher Type: SUN_STANDARD

Environment Variables:
JAVA_HOME=C:\Program Files\Java\jdk1.8.0_51
PATH=C:\ProgramData\Oracle\Java\javapath;C:\Program Files (x86)\Intel\iCLS Client\;C:\Program Files\Intel\iCLS Client\;C:\Windows\system32;C:\Windows;C:\Windows\System32\Wbem;C:\Windows\System32\WindowsPowerShell\v1.0\;C:\Program Files (x86)\Acer\abFiles\;C:\Program Files\Intel\Intel(R) Management Engine Components\DAL;C:\Program Files (x86)\Intel\Intel(R) Management Engine Components\DAL;C:\Program Files\Intel\Intel(R) Management Engine Components\IPT;C:\Program Files (x86)\Intel\Intel(R) Management Engine Components\IPT;C:\WINDOWS\system32;C:\WINDOWS;C:\WINDOWS\System32\Wbem;C:\WINDOWS\System32\WindowsPowerShell\v1.0\;C:\Program Files (x86)\GtkSharp\2.12\bin;D:\Programmes\Brackets\command;C:\Program Files (x86)\Skype\Phone\;C:\Program Files (x86)\NVIDIA Corporation\PhysX\Common;C:\Program Files\apache-maven-3.3.9\bin;C:\WINDOWS\system32;C:\WINDOWS;C:\WINDOWS\System32\Wbem;C:\WINDOWS\System32\WindowsPowerShell\v1.0\;C:\Program Files (x86)\IVI Foundation\VISA\WinNT\Bin;C:\Users\Nathan\Desktop\CMPMVS_0_6_0;C:\Users\Nathan\AppData\Local\Microsoft\WindowsApps;
USERNAME=Nathan
OS=Windows_NT
PROCESSOR_IDENTIFIER=Intel64 Family 6 Model 60 Stepping 3, GenuineIntel



---------------  S Y S T E M  ---------------

OS: Windows 10.0 , 64 bit Build 14393 (10.0.14393.0)

CPU:total 8 (4 cores per cpu, 2 threads per core) family 6 model 60 stepping 3, cmov, cx8, fxsr, mmx, sse, sse2, sse3, ssse3, sse4.1, sse4.2, popcnt, avx, avx2, aes, clmul, erms, lzcnt, ht, tsc, tscinvbit, bmi1, bmi2

Memory: 4k page, physical 16698648k(10064984k free), swap 19713304k(11264372k free)

vm_info: Java HotSpot(TM) 64-Bit Server VM (25.51-b03) for windows-amd64 JRE (1.8.0_51-b16), built on Jun  8 2015 18:03:07 by "java_re" with MS VC++ 10.0 (VS2010)

time: Thu Feb 16 16:25:22 2017
elapsed time: 180 seconds (0d 0h 3m 0s)

