#
# A fatal error has been detected by the Java Runtime Environment:
#
#  EXCEPTION_ACCESS_VIOLATION (0xc0000005) at pc=0x00007ffa732b6006, pid=6884, tid=20100
#
# JRE version: Java(TM) SE Runtime Environment (8.0_51-b16) (build 1.8.0_51-b16)
# Java VM: Java HotSpot(TM) 64-Bit Server VM (25.51-b03 mixed mode windows-amd64 compressed oops)
# Problematic frame:
# C  [xboxcontroller64.dll+0x6006]
#
# Failed to write core dump. Minidumps are not enabled by default on client versions of Windows
#
# If you would like to submit a bug report, please visit:
#   http://bugreport.java.com/bugreport/crash.jsp
# The crash happened outside the Java Virtual Machine in native code.
# See problematic frame for where to report the bug.
#

---------------  T H R E A D  ---------------

Current thread (0x000000001e89a000):  JavaThread "AWT-EventQueue-0" [_thread_in_native, id=20100, stack(0x00000000298b0000,0x00000000299b0000)]

siginfo: ExceptionCode=0xc0000005, reading address 0x0000000000000690

Registers:
RAX=0x000000002758b8a0, RBX=0x0000000000000009, RCX=0x000000001f3a09f8, RDX=0x000000001f6b9040
RSP=0x00000000299ade70, RBP=0x00000000000003e8, RSI=0x0000000000000009, RDI=0x000000001f787a20
R8 =0x0000000000000000, R9 =0x0000000000000009, R10=0x0000000000000000, R11=0x000000005f7f7bb0
R12=0x0000000000000000, R13=0x0000000028610848, R14=0x00000000299adf78, R15=0x000000001e89a000
RIP=0x00007ffa732b6006, EFLAGS=0x0000000000010246

Top of Stack: (sp=0x00000000299ade70)
0x00000000299ade70:   0000000028bf77a8 0000000002ab67c9
0x00000000299ade80:   0000000000000000 000000001e89a000
0x00000000299ade90:   000000002758b8a0 00000006c121c6b0
0x00000000299adea0:   0000000028bf77a8 0000000002ab6937
0x00000000299adeb0:   00000000299adf40 0000000028610848
0x00000000299adec0:   00000006c121c6b0 0000000002ab651d
0x00000000299aded0:   000000001e89a000 0000000028610848
0x00000000299adee0:   00000006c121c6b0 000000001e89a000
0x00000000299adef0:   0000000000000009 00000006c121c6b0
0x00000000299adf00:   00000000299adef0 0000000028610848
0x00000000299adf10:   00000000299adf78 0000000028614170
0x00000000299adf20:   0000000000000000 0000000028610848
0x00000000299adf30:   0000000000000000 00000000299adf60
0x00000000299adf40:   00000000299adfc0 0000000002aa7730
0x00000000299adf50:   0000000000000000 0000000002aaf976
0x00000000299adf60:   0000000000000009 0000000027585d50 

Instructions: (pc=0x00007ffa732b6006)
0x00007ffa732b5fe6:   48 63 57 68 48 8b 47 30 3b de 48 8d 14 50 0f 4c
0x00007ffa732b5ff6:   f3 45 33 c0 48 89 54 24 20 48 8b 57 10 44 8b ce
0x00007ffa732b6006:   41 ff 92 90 06 00 00 01 77 68 8b 47 68 3b 47 5c
0x00007ffa732b6016:   75 05 33 c0 89 47 68 29 77 6c 8b c6 48 8b 6c 24 


Register to memory mapping:

RAX=0x000000002758b8a0 is an unknown value
RBX=0x0000000000000009 is an unknown value
RCX=0x000000001f3a09f8 is an unknown value
RDX=0x000000001f6b9040 is a global jni handle
RSP=0x00000000299ade70 is pointing into the stack for thread: 0x000000001e89a000
RBP=0x00000000000003e8 is an unknown value
RSI=0x0000000000000009 is an unknown value
RDI=0x000000001f787a20 is an unknown value
R8 =0x0000000000000000 is an unknown value
R9 =0x0000000000000009 is an unknown value
R10=0x0000000000000000 is an unknown value
R11=0x000000005f7f7bb0 is an unknown value
R12=0x0000000000000000 is an unknown value
R13={method} {0x0000000028610850} 'nativeReadBuf' '(JI)I' in 'ch/aplu/jaw/NativeHandler'
R14=0x00000000299adf78 is pointing into the stack for thread: 0x000000001e89a000
R15=0x000000001e89a000 is a thread


Stack: [0x00000000298b0000,0x00000000299b0000],  sp=0x00000000299ade70,  free space=1015k
Native frames: (J=compiled Java code, j=interpreted, Vv=VM code, C=native code)
C  [xboxcontroller64.dll+0x6006]
C  0x0000000002ab6937

Java frames: (J=compiled Java code, j=interpreted, Vv=VM code)
j  ch.aplu.jaw.NativeHandler.nativeReadBuf(JI)I+0
j  ch.aplu.jaw.NativeHandler.readBuf(I)I+33
J 2720 C1 ch.aplu.xboxcontroller.XboxController.readData()Lch/aplu/xboxcontroller/ControllerState; (290 bytes) @ 0x0000000002d3a55c [0x0000000002d3a280+0x2dc]
J 2718 C1 ch.aplu.xboxcontroller.XboxController$1.actionPerformed(Ljava/awt/event/ActionEvent;)V (1099 bytes) @ 0x0000000002db7ef4 [0x0000000002db7e20+0xd4]
J 2717 C1 javax.swing.Timer.fireActionPerformed(Ljava/awt/event/ActionEvent;)V (46 bytes) @ 0x0000000002baeb0c [0x0000000002bae8a0+0x26c]
J 2714 C1 javax.swing.Timer$DoPostEvent.run()V (95 bytes) @ 0x0000000002d71e54 [0x0000000002d71020+0xe34]
J 2713 C1 java.awt.event.InvocationEvent.dispatch()V (69 bytes) @ 0x0000000002c50254 [0x0000000002c50040+0x214]
J 2710 C1 java.awt.EventQueue.dispatchEventImpl(Ljava/awt/AWTEvent;Ljava/lang/Object;)V (149 bytes) @ 0x0000000002de6e74 [0x0000000002de53c0+0x1ab4]
J 2630 C1 java.awt.EventQueue$3.run()Ljava/lang/Void; (60 bytes) @ 0x0000000002dac6dc [0x0000000002dac4c0+0x21c]
J 2629 C1 java.awt.EventQueue$3.run()Ljava/lang/Object; (5 bytes) @ 0x0000000002bad7cc [0x0000000002bad740+0x8c]
v  ~StubRoutines::call_stub
J 1190  java.security.AccessController.doPrivileged(Ljava/security/PrivilegedAction;Ljava/security/AccessControlContext;)Ljava/lang/Object; (0 bytes) @ 0x0000000002ecf166 [0x0000000002ecf100+0x66]
J 2620 C1 java.awt.EventQueue.dispatchEvent(Ljava/awt/AWTEvent;)V (80 bytes) @ 0x0000000002d3f804 [0x0000000002d3ef40+0x8c4]
J 2471 C1 java.awt.EventDispatchThread.pumpOneEventForFilters(I)V (295 bytes) @ 0x00000000031c9ad4 [0x00000000031c7d80+0x1d54]
j  java.awt.EventDispatchThread.pumpEventsForFilter(ILjava/awt/Conditional;Ljava/awt/EventFilter;)V+35
j  java.awt.EventDispatchThread.pumpEventsForHierarchy(ILjava/awt/Conditional;Ljava/awt/Component;)V+11
j  java.awt.EventDispatchThread.pumpEvents(ILjava/awt/Conditional;)V+4
j  java.awt.EventDispatchThread.pumpEvents(Ljava/awt/Conditional;)V+3
j  java.awt.EventDispatchThread.run()V+9
v  ~StubRoutines::call_stub

---------------  P R O C E S S  ---------------

Java Threads: ( => current thread )
  0x000000001f20e800 JavaThread "DestroyJavaVM" [_thread_blocked, id=5268, stack(0x00000000028a0000,0x00000000029a0000)]
=>0x000000001e89a000 JavaThread "AWT-EventQueue-0" [_thread_in_native, id=20100, stack(0x00000000298b0000,0x00000000299b0000)]
  0x000000001e899000 JavaThread "AWT-Windows" daemon [_thread_in_native, id=8536, stack(0x00000000297b0000,0x00000000298b0000)]
  0x000000001e898800 JavaThread "AWT-Shutdown" [_thread_blocked, id=15220, stack(0x00000000296b0000,0x00000000297b0000)]
  0x000000001e897800 JavaThread "Java2D Disposer" daemon [_thread_blocked, id=13084, stack(0x00000000295b0000,0x00000000296b0000)]
  0x000000001e897000 JavaThread "TimerQueue" daemon [_thread_blocked, id=5672, stack(0x00000000294b0000,0x00000000295b0000)]
  0x000000001e896000 JavaThread "Thread-6" [_thread_in_native, id=9392, stack(0x0000000028eb0000,0x0000000028fb0000)]
  0x000000001e894000 JavaThread "RMI TCP Connection(2)-192.168.2.2" daemon [_thread_in_native, id=10916, stack(0x0000000028cb0000,0x0000000028db0000)]
  0x0000000027487000 JavaThread "JMX server connection timeout 22" daemon [_thread_blocked, id=21004, stack(0x00000000289b0000,0x0000000028ab0000)]
  0x0000000027485000 JavaThread "RMI Scheduler(0)" daemon [_thread_blocked, id=22084, stack(0x00000000288b0000,0x00000000289b0000)]
  0x000000001f7a4800 JavaThread "RMI TCP Connection(idle)" daemon [_thread_blocked, id=2396, stack(0x00000000287b0000,0x00000000288b0000)]
  0x000000001f929800 JavaThread "RMI TCP Accept-0" daemon [_thread_in_native, id=3788, stack(0x00000000283b0000,0x00000000284b0000)]
  0x000000001f715800 JavaThread "Prism Font Disposer" daemon [_thread_blocked, id=6000, stack(0x00000000264e0000,0x00000000265e0000)]
  0x000000001f474000 JavaThread "Thread-3" daemon [_thread_in_native, id=20916, stack(0x0000000024310000,0x0000000024410000)]
  0x000000001f3a0000 JavaThread "Thread-1" daemon [_thread_blocked, id=5440, stack(0x000000001fb50000,0x000000001fc50000)]
  0x000000001e61d000 JavaThread "Service Thread" daemon [_thread_blocked, id=11200, stack(0x000000001ef50000,0x000000001f050000)]
  0x000000001e58a800 JavaThread "C1 CompilerThread3" daemon [_thread_blocked, id=8248, stack(0x000000001ee50000,0x000000001ef50000)]
  0x000000001e581800 JavaThread "C2 CompilerThread2" daemon [_thread_blocked, id=7768, stack(0x000000001ed50000,0x000000001ee50000)]
  0x000000001e57f800 JavaThread "C2 CompilerThread1" daemon [_thread_blocked, id=21804, stack(0x000000001ec50000,0x000000001ed50000)]
  0x000000001e57c000 JavaThread "C2 CompilerThread0" daemon [_thread_blocked, id=1744, stack(0x000000001eb50000,0x000000001ec50000)]
  0x000000001e579000 JavaThread "Attach Listener" daemon [_thread_blocked, id=21584, stack(0x000000001ea50000,0x000000001eb50000)]
  0x000000001e578000 JavaThread "Signal Dispatcher" daemon [_thread_blocked, id=19752, stack(0x000000001e950000,0x000000001ea50000)]
  0x0000000002a9c800 JavaThread "Finalizer" daemon [_thread_blocked, id=10192, stack(0x000000001e450000,0x000000001e550000)]
  0x0000000002a96000 JavaThread "Reference Handler" daemon [_thread_blocked, id=6868, stack(0x000000001e350000,0x000000001e450000)]

Other Threads:
  0x000000001c559000 VMThread [stack: 0x000000001e250000,0x000000001e350000] [id=10376]
  0x000000001e626000 WatcherThread [stack: 0x000000001f050000,0x000000001f150000] [id=18996]

VM state:not at safepoint (normal execution)

VM Mutex/Monitor currently owned by a thread: None

Heap:
 PSYoungGen      total 76288K, used 9832K [0x000000076b100000, 0x0000000770600000, 0x00000007c0000000)
  eden space 65536K, 15% used [0x000000076b100000,0x000000076ba9a180,0x000000076f100000)
  from space 10752K, 0% used [0x000000076fb80000,0x000000076fb80000,0x0000000770600000)
  to   space 10752K, 0% used [0x000000076f100000,0x000000076f100000,0x000000076fb80000)
 ParOldGen       total 73728K, used 7873K [0x00000006c1200000, 0x00000006c5a00000, 0x000000076b100000)
  object space 73728K, 10% used [0x00000006c1200000,0x00000006c19b0788,0x00000006c5a00000)
 Metaspace       used 22290K, capacity 23344K, committed 23600K, reserved 1069056K
  class space    used 3097K, capacity 3327K, committed 3376K, reserved 1048576K

Card table byte_map: [0x0000000011e60000,0x0000000012660000] byte_map_base: 0x000000000e857000

Marking Bits: (ParMarkBitMap*) 0x000000005fdd4040
 Begin Bits: [0x00000000133b0000, 0x0000000017368000)
 End Bits:   [0x0000000017368000, 0x000000001b320000)

Polling page: 0x0000000001080000

CodeCache: size=245760Kb used=7865Kb max_used=7881Kb free=237894Kb
 bounds [0x0000000002aa0000, 0x0000000003270000, 0x0000000011aa0000]
 total_blobs=3302 nmethods=2562 adapters=651
 compilation: enabled

Compilation events (10 events):
Event: 45.311 Thread 0x000000001e58a800 2755       3       java.io.ObjectStreamClass$FieldReflector::setPrimFieldValues (329 bytes)
Event: 45.314 Thread 0x000000001e58a800 nmethod 2755 0x0000000002dc3a10 code [0x0000000002dc3c40, 0x0000000002dc4698]
Event: 45.314 Thread 0x000000001e58a800 2757   !   3       java.io.ObjectInputStream::readSerialData (292 bytes)
Event: 45.318 Thread 0x000000001e58a800 nmethod 2757 0x0000000002d8a790 code [0x0000000002d8aaa0, 0x0000000002d8c268]
Event: 45.319 Thread 0x000000001e58a800 2758       3       java.io.ObjectStreamClass$FieldReflector::setObjFieldValues (248 bytes)
Event: 45.323 Thread 0x000000001e58a800 nmethod 2758 0x0000000003261d10 code [0x0000000003262080, 0x00000000032640d8]
Event: 45.323 Thread 0x000000001e58a800 2756   !   3       java.io.ObjectStreamClass::newInstance (37 bytes)
Event: 45.324 Thread 0x000000001e58a800 nmethod 2756 0x0000000002e3b310 code [0x0000000002e3b4a0, 0x0000000002e3b908]
Event: 45.923 Thread 0x000000001e58a800 2760   !   3       java.awt.event.InvocationEvent::finishedDispatching (53 bytes)
Event: 45.923 Thread 0x000000001e58a800 nmethod 2760 0x0000000002c34590 code [0x0000000002c34720, 0x0000000002c34c38]

GC Heap History (8 events):
Event: 6.728 GC heap before
{Heap before GC invocations=1 (full 0):
 PSYoungGen      total 76288K, used 55791K [0x000000076b100000, 0x0000000770600000, 0x00000007c0000000)
  eden space 65536K, 85% used [0x000000076b100000,0x000000076e77bd70,0x000000076f100000)
  from space 10752K, 0% used [0x000000076fb80000,0x000000076fb80000,0x0000000770600000)
  to   space 10752K, 0% used [0x000000076f100000,0x000000076f100000,0x000000076fb80000)
 ParOldGen       total 175104K, used 0K [0x00000006c1200000, 0x00000006cbd00000, 0x000000076b100000)
  object space 175104K, 0% used [0x00000006c1200000,0x00000006c1200000,0x00000006cbd00000)
 Metaspace       used 20389K, capacity 21256K, committed 21296K, reserved 1067008K
  class space    used 2909K, capacity 3097K, committed 3120K, reserved 1048576K
Event: 6.736 GC heap after
Heap after GC invocations=1 (full 0):
 PSYoungGen      total 76288K, used 10142K [0x000000076b100000, 0x0000000770600000, 0x00000007c0000000)
  eden space 65536K, 0% used [0x000000076b100000,0x000000076b100000,0x000000076f100000)
  from space 10752K, 94% used [0x000000076f100000,0x000000076fae79a0,0x000000076fb80000)
  to   space 10752K, 0% used [0x000000076fb80000,0x000000076fb80000,0x0000000770600000)
 ParOldGen       total 175104K, used 88K [0x00000006c1200000, 0x00000006cbd00000, 0x000000076b100000)
  object space 175104K, 0% used [0x00000006c1200000,0x00000006c1216010,0x00000006cbd00000)
 Metaspace       used 20389K, capacity 21256K, committed 21296K, reserved 1067008K
  class space    used 2909K, capacity 3097K, committed 3120K, reserved 1048576K
}
Event: 6.737 GC heap before
{Heap before GC invocations=2 (full 1):
 PSYoungGen      total 76288K, used 10142K [0x000000076b100000, 0x0000000770600000, 0x00000007c0000000)
  eden space 65536K, 0% used [0x000000076b100000,0x000000076b100000,0x000000076f100000)
  from space 10752K, 94% used [0x000000076f100000,0x000000076fae79a0,0x000000076fb80000)
  to   space 10752K, 0% used [0x000000076fb80000,0x000000076fb80000,0x0000000770600000)
 ParOldGen       total 175104K, used 88K [0x00000006c1200000, 0x00000006cbd00000, 0x000000076b100000)
  object space 175104K, 0% used [0x00000006c1200000,0x00000006c1216010,0x00000006cbd00000)
 Metaspace       used 20389K, capacity 21256K, committed 21296K, reserved 1067008K
  class space    used 2909K, capacity 3097K, committed 3120K, reserved 1048576K
Event: 6.762 GC heap after
Heap after GC invocations=2 (full 1):
 PSYoungGen      total 76288K, used 0K [0x000000076b100000, 0x0000000770600000, 0x00000007c0000000)
  eden space 65536K, 0% used [0x000000076b100000,0x000000076b100000,0x000000076f100000)
  from space 10752K, 0% used [0x000000076f100000,0x000000076f100000,0x000000076fb80000)
  to   space 10752K, 0% used [0x000000076fb80000,0x000000076fb80000,0x0000000770600000)
 ParOldGen       total 73728K, used 7989K [0x00000006c1200000, 0x00000006c5a00000, 0x000000076b100000)
  object space 73728K, 10% used [0x00000006c1200000,0x00000006c19cd4d0,0x00000006c5a00000)
 Metaspace       used 20389K, capacity 21256K, committed 21296K, reserved 1067008K
  class space    used 2909K, capacity 3097K, committed 3120K, reserved 1048576K
}
Event: 29.579 GC heap before
{Heap before GC invocations=3 (full 1):
 PSYoungGen      total 76288K, used 12113K [0x000000076b100000, 0x0000000770600000, 0x00000007c0000000)
  eden space 65536K, 18% used [0x000000076b100000,0x000000076bcd4618,0x000000076f100000)
  from space 10752K, 0% used [0x000000076f100000,0x000000076f100000,0x000000076fb80000)
  to   space 10752K, 0% used [0x000000076fb80000,0x000000076fb80000,0x0000000770600000)
 ParOldGen       total 73728K, used 7989K [0x00000006c1200000, 0x00000006c5a00000, 0x000000076b100000)
  object space 73728K, 10% used [0x00000006c1200000,0x00000006c19cd4d0,0x00000006c5a00000)
 Metaspace       used 22060K, capacity 22994K, committed 23088K, reserved 1069056K
  class space    used 3092K, capacity 3320K, committed 3376K, reserved 1048576K
Event: 29.582 GC heap after
Heap after GC invocations=3 (full 1):
 PSYoungGen      total 76288K, used 416K [0x000000076b100000, 0x0000000770600000, 0x00000007c0000000)
  eden space 65536K, 0% used [0x000000076b100000,0x000000076b100000,0x000000076f100000)
  from space 10752K, 3% used [0x000000076fb80000,0x000000076fbe8000,0x0000000770600000)
  to   space 10752K, 0% used [0x000000076f100000,0x000000076f100000,0x000000076fb80000)
 ParOldGen       total 73728K, used 7997K [0x00000006c1200000, 0x00000006c5a00000, 0x000000076b100000)
  object space 73728K, 10% used [0x00000006c1200000,0x00000006c19cf4d0,0x00000006c5a00000)
 Metaspace       used 22060K, capacity 22994K, committed 23088K, reserved 1069056K
  class space    used 3092K, capacity 3320K, committed 3376K, reserved 1048576K
}
Event: 29.582 GC heap before
{Heap before GC invocations=4 (full 2):
 PSYoungGen      total 76288K, used 416K [0x000000076b100000, 0x0000000770600000, 0x00000007c0000000)
  eden space 65536K, 0% used [0x000000076b100000,0x000000076b100000,0x000000076f100000)
  from space 10752K, 3% used [0x000000076fb80000,0x000000076fbe8000,0x0000000770600000)
  to   space 10752K, 0% used [0x000000076f100000,0x000000076f100000,0x000000076fb80000)
 ParOldGen       total 73728K, used 7997K [0x00000006c1200000, 0x00000006c5a00000, 0x000000076b100000)
  object space 73728K, 10% used [0x00000006c1200000,0x00000006c19cf4d0,0x00000006c5a00000)
 Metaspace       used 22060K, capacity 22994K, committed 23088K, reserved 1069056K
  class space    used 3092K, capacity 3320K, committed 3376K, reserved 1048576K
Event: 29.674 GC heap after
Heap after GC invocations=4 (full 2):
 PSYoungGen      total 76288K, used 0K [0x000000076b100000, 0x0000000770600000, 0x00000007c0000000)
  eden space 65536K, 0% used [0x000000076b100000,0x000000076b100000,0x000000076f100000)
  from space 10752K, 0% used [0x000000076fb80000,0x000000076fb80000,0x0000000770600000)
  to   space 10752K, 0% used [0x000000076f100000,0x000000076f100000,0x000000076fb80000)
 ParOldGen       total 73728K, used 7873K [0x00000006c1200000, 0x00000006c5a00000, 0x000000076b100000)
  object space 73728K, 10% used [0x00000006c1200000,0x00000006c19b0788,0x00000006c5a00000)
 Metaspace       used 22060K, capacity 22994K, committed 23088K, reserved 1069056K
  class space    used 3092K, capacity 3320K, committed 3376K, reserved 1048576K
}

Deoptimization events (10 events):
Event: 2.972 Thread 0x000000001e579000 Uncommon trap: reason=class_check action=maybe_recompile pc=0x0000000002e64094 method=java.util.HashMap.putVal(ILjava/lang/Object;Ljava/lang/Object;ZZ)Ljava/lang/Object; @ 253
Event: 2.972 Thread 0x000000001e579000 Uncommon trap: reason=class_check action=maybe_recompile pc=0x0000000002e64094 method=java.util.HashMap.putVal(ILjava/lang/Object;Ljava/lang/Object;ZZ)Ljava/lang/Object; @ 253
Event: 2.977 Thread 0x000000001e579000 Uncommon trap: reason=class_check action=maybe_recompile pc=0x0000000002e65778 method=java.util.HashMap.putVal(ILjava/lang/Object;Ljava/lang/Object;ZZ)Ljava/lang/Object; @ 253
Event: 6.766 Thread 0x000000001e897000 Uncommon trap: reason=unstable_if action=reinterpret pc=0x0000000002e39498 method=java.lang.ref.SoftReference.get()Ljava/lang/Object; @ 17
Event: 6.771 Thread 0x000000001f3a0800 Uncommon trap: reason=unstable_if action=reinterpret pc=0x0000000003006aac method=java.io.ByteArrayInputStream.read()I @ 8
Event: 6.771 Thread 0x000000001f3a0800 Uncommon trap: reason=class_check action=maybe_recompile pc=0x0000000002e664f0 method=java.io.FilterInputStream.read()I @ 4
Event: 6.771 Thread 0x000000001f3a0800 Uncommon trap: reason=class_check action=maybe_recompile pc=0x0000000002e664f0 method=java.io.FilterInputStream.read()I @ 4
Event: 6.771 Thread 0x000000001f3a0800 Uncommon trap: reason=class_check action=maybe_recompile pc=0x0000000002e664f0 method=java.io.FilterInputStream.read()I @ 4
Event: 6.771 Thread 0x000000001f3a0800 Uncommon trap: reason=class_check action=maybe_recompile pc=0x0000000002e664f0 method=java.io.FilterInputStream.read()I @ 4
Event: 6.775 Thread 0x000000001f3a0800 Uncommon trap: reason=unstable_if action=reinterpret pc=0x0000000002f2d69c method=java.lang.ref.ReferenceQueue.poll()Ljava/lang/ref/Reference; @ 4

Internal exceptions (10 events):
Event: 3.257 Thread 0x000000001f7a4800 Exception <a 'java/lang/NoSuchMethodError': <clinit>> (0x000000076de077f0) thrown at [C:\re\workspace\8-2-build-windows-amd64-cygwin\jdk8u51\3951\hotspot\src\share\vm\prims\jni.cpp, line 1598]
Event: 3.262 Thread 0x000000001f7a4800 Exception <a 'java/lang/NoSuchMethodError': <clinit>> (0x000000076de168f8) thrown at [C:\re\workspace\8-2-build-windows-amd64-cygwin\jdk8u51\3951\hotspot\src\share\vm\prims\jni.cpp, line 1598]
Event: 3.263 Thread 0x000000001f7a4800 Exception <a 'java/lang/NoSuchMethodError': <clinit>> (0x000000076de24490) thrown at [C:\re\workspace\8-2-build-windows-amd64-cygwin\jdk8u51\3951\hotspot\src\share\vm\prims\jni.cpp, line 1598]
Event: 3.263 Thread 0x000000001f7a4800 Exception <a 'java/lang/NoSuchMethodError': <clinit>> (0x000000076de24da8) thrown at [C:\re\workspace\8-2-build-windows-amd64-cygwin\jdk8u51\3951\hotspot\src\share\vm\prims\jni.cpp, line 1598]
Event: 3.264 Thread 0x000000001f7a4800 Exception <a 'java/lang/NoSuchMethodError': <clinit>> (0x000000076de31508) thrown at [C:\re\workspace\8-2-build-windows-amd64-cygwin\jdk8u51\3951\hotspot\src\share\vm\prims\jni.cpp, line 1598]
Event: 3.264 Thread 0x000000001f7a4800 Exception <a 'java/lang/NoSuchMethodError': <clinit>> (0x000000076de320b0) thrown at [C:\re\workspace\8-2-build-windows-amd64-cygwin\jdk8u51\3951\hotspot\src\share\vm\prims\jni.cpp, line 1598]
Event: 3.264 Thread 0x000000001f7a4800 Exception <a 'java/lang/NoSuchMethodError': <clinit>> (0x000000076de32c28) thrown at [C:\re\workspace\8-2-build-windows-amd64-cygwin\jdk8u51\3951\hotspot\src\share\vm\prims\jni.cpp, line 1598]
Event: 4.276 Thread 0x000000001f7a4800 Exception <a 'java/lang/NoSuchMethodError': <clinit>> (0x000000076de7cfc0) thrown at [C:\re\workspace\8-2-build-windows-amd64-cygwin\jdk8u51\3951\hotspot\src\share\vm\prims\jni.cpp, line 1598]
Event: 6.710 Thread 0x000000001f3a0800 Exception <a 'java/io/FileNotFoundException'> (0x000000076e3827c0) thrown at [C:\re\workspace\8-2-build-windows-amd64-cygwin\jdk8u51\3951\hotspot\src\share\vm\prims\jni.cpp, line 709]
Event: 27.578 Thread 0x000000001e895800 Exception <a 'java/net/ConnectException': Connection timed out: connect> (0x000000076bb8cc08) thrown at [C:\re\workspace\8-2-build-windows-amd64-cygwin\jdk8u51\3951\hotspot\src\share\vm\prims\jni.cpp, line 735]

Events (10 events):
Event: 45.323 Thread 0x000000001e58a800 flushing nmethod 0x0000000002e392d0
Event: 45.323 Thread 0x000000001e58a800 flushing nmethod 0x0000000002e799d0
Event: 45.324 Thread 0x000000001e58a800 flushing nmethod 0x0000000002eb4e90
Event: 45.324 Thread 0x000000001e58a800 flushing nmethod 0x0000000002eb7bd0
Event: 45.324 Thread 0x000000001e58a800 flushing nmethod 0x0000000002ee12d0
Event: 45.324 Thread 0x000000001e58a800 flushing nmethod 0x0000000002ef0d10
Event: 45.324 Thread 0x000000001e58a800 flushing nmethod 0x0000000002ef4050
Event: 45.924 Thread 0x000000001e58a800 flushing nmethod 0x0000000002f2d510
Event: 46.312 Executing VM operation: ThreadDump
Event: 46.312 Executing VM operation: ThreadDump done


Dynamic libraries:
0x00007ff6250d0000 - 0x00007ff625107000 	C:\Program Files\Java\jdk1.8.0_51\jre\bin\java.exe
0x00007ffa7a8d0000 - 0x00007ffa7aaa1000 	C:\WINDOWS\SYSTEM32\ntdll.dll
0x00007ffa78130000 - 0x00007ffa781db000 	C:\WINDOWS\System32\KERNEL32.DLL
0x00007ffa777b0000 - 0x00007ffa779cd000 	C:\WINDOWS\System32\KERNELBASE.dll
0x00007ffa7a6f0000 - 0x00007ffa7a792000 	C:\WINDOWS\System32\ADVAPI32.dll
0x00007ffa79c20000 - 0x00007ffa79cbe000 	C:\WINDOWS\System32\msvcrt.dll
0x00007ffa79cc0000 - 0x00007ffa79d19000 	C:\WINDOWS\System32\sechost.dll
0x00007ffa7a050000 - 0x00007ffa7a171000 	C:\WINDOWS\System32\RPCRT4.dll
0x00007ffa79890000 - 0x00007ffa799f5000 	C:\WINDOWS\System32\USER32.dll
0x00007ffa77d90000 - 0x00007ffa77dae000 	C:\WINDOWS\System32\win32u.dll
0x00007ffa79be0000 - 0x00007ffa79c14000 	C:\WINDOWS\System32\GDI32.dll
0x00007ffa77c00000 - 0x00007ffa77d82000 	C:\WINDOWS\System32\gdi32full.dll
0x00007ffa6af50000 - 0x00007ffa6b1c9000 	C:\WINDOWS\WinSxS\amd64_microsoft.windows.common-controls_6595b64144ccf1df_6.0.14393.447_none_42191651c6827bb3\COMCTL32.dll
0x00007ffa77e60000 - 0x00007ffa78128000 	C:\WINDOWS\System32\combase.dll
0x00007ffa77600000 - 0x00007ffa776f5000 	C:\WINDOWS\System32\ucrtbase.dll
0x00007ffa774a0000 - 0x00007ffa7750a000 	C:\WINDOWS\System32\bcryptPrimitives.dll
0x00007ffa79a60000 - 0x00007ffa79a8e000 	C:\WINDOWS\System32\IMM32.DLL
0x000000005f4f0000 - 0x000000005f5c2000 	C:\Program Files\Java\jdk1.8.0_51\jre\bin\msvcr100.dll
0x000000005f5d0000 - 0x000000005fe53000 	C:\Program Files\Java\jdk1.8.0_51\jre\bin\server\jvm.dll
0x00007ffa79bd0000 - 0x00007ffa79bd8000 	C:\WINDOWS\System32\PSAPI.DLL
0x00007ffa69800000 - 0x00007ffa6980a000 	C:\WINDOWS\SYSTEM32\VERSION.dll
0x00007ffa6f900000 - 0x00007ffa6f909000 	C:\WINDOWS\SYSTEM32\WSOCK32.dll
0x00007ffa74dc0000 - 0x00007ffa74de3000 	C:\WINDOWS\SYSTEM32\WINMM.dll
0x00007ffa7a680000 - 0x00007ffa7a6ea000 	C:\WINDOWS\System32\WS2_32.dll
0x00000000010c0000 - 0x00000000010eb000 	C:\WINDOWS\SYSTEM32\WINMMBASE.dll
0x00007ffa77510000 - 0x00007ffa77552000 	C:\WINDOWS\System32\cfgmgr32.dll
0x0000000061160000 - 0x000000006116f000 	C:\Program Files\Java\jdk1.8.0_51\jre\bin\verify.dll
0x0000000060fc0000 - 0x0000000060fe9000 	C:\Program Files\Java\jdk1.8.0_51\jre\bin\java.dll
0x0000000060fa0000 - 0x0000000060fb6000 	C:\Program Files\Java\jdk1.8.0_51\jre\bin\zip.dll
0x00007ffa781e0000 - 0x00007ffa796e9000 	C:\WINDOWS\System32\SHELL32.dll
0x00007ffa76dc0000 - 0x00007ffa7749a000 	C:\WINDOWS\System32\windows.storage.dll
0x00007ffa76d60000 - 0x00007ffa76dac000 	C:\WINDOWS\System32\powrprof.dll
0x00007ffa7a870000 - 0x00007ffa7a8c2000 	C:\WINDOWS\System32\shlwapi.dll
0x00007ffa76d30000 - 0x00007ffa76d3f000 	C:\WINDOWS\System32\kernel.appcore.dll
0x00007ffa77700000 - 0x00007ffa777a9000 	C:\WINDOWS\System32\shcore.dll
0x00007ffa76d40000 - 0x00007ffa76d54000 	C:\WINDOWS\System32\profapi.dll
0x000000005f0b0000 - 0x000000005f0dc000 	C:\Program Files\Java\jdk1.8.0_51\jre\bin\prism_d3d.dll
0x00007ffa46fc0000 - 0x00007ffa4714d000 	C:\WINDOWS\system32\d3d9.dll
0x00007ffa746d0000 - 0x00007ffa746f6000 	C:\WINDOWS\SYSTEM32\dwmapi.dll
0x00007ffa75410000 - 0x00007ffa754a5000 	C:\WINDOWS\system32\uxtheme.dll
0x00007ffa79f90000 - 0x00007ffa7a04f000 	C:\WINDOWS\System32\OLEAUT32.dll
0x00007ffa77560000 - 0x00007ffa775fc000 	C:\WINDOWS\System32\msvcp_win.dll
0x00007ffa79a90000 - 0x00007ffa79bc7000 	C:\WINDOWS\System32\ole32.dll
0x000000005f060000 - 0x000000005f0a1000 	C:\Program Files\Java\jdk1.8.0_51\jre\bin\glass.dll
0x00007ffa79d20000 - 0x00007ffa79e1a000 	C:\WINDOWS\System32\COMDLG32.dll
0x00007ffa79e30000 - 0x00007ffa79f8b000 	C:\WINDOWS\System32\MSCTF.dll
0x0000000060950000 - 0x0000000060965000 	C:\Program Files\Java\jdk1.8.0_51\jre\bin\javafx_font.dll
0x00007ffa60b90000 - 0x00007ffa60df9000 	C:\WINDOWS\SYSTEM32\dwrite.dll
0x00007ffa7a5e0000 - 0x00007ffa7a67f000 	C:\WINDOWS\System32\clbcatq.dll
0x00007ffa6d380000 - 0x00007ffa6d528000 	C:\WINDOWS\SYSTEM32\WindowsCodecs.dll
0x00007ffa69330000 - 0x00007ffa69379000 	C:\WINDOWS\system32\dataexchange.dll
0x00007ffa733c0000 - 0x00007ffa73676000 	C:\WINDOWS\system32\d3d11.dll
0x00007ffa741d0000 - 0x00007ffa74321000 	C:\WINDOWS\system32\dcomp.dll
0x00007ffa75cc0000 - 0x00007ffa75d5f000 	C:\WINDOWS\system32\dxgi.dll
0x00007ffa75760000 - 0x00007ffa7587c000 	C:\WINDOWS\system32\twinapi.appcore.dll
0x00007ffa76910000 - 0x00007ffa7693b000 	C:\WINDOWS\system32\bcrypt.dll
0x000000005f100000 - 0x000000005f111000 	C:\Program Files\Java\jdk1.8.0_51\jre\bin\prism_common.dll
0x0000000060f80000 - 0x0000000060f9a000 	C:\Program Files\Java\jdk1.8.0_51\jre\bin\net.dll
0x00007ffa76660000 - 0x00007ffa766bc000 	C:\WINDOWS\system32\mswsock.dll
0x00007ffa76440000 - 0x00007ffa764e0000 	C:\WINDOWS\SYSTEM32\DNSAPI.dll
0x00007ffa79e20000 - 0x00007ffa79e28000 	C:\WINDOWS\System32\NSI.dll
0x00007ffa763f0000 - 0x00007ffa76428000 	C:\WINDOWS\SYSTEM32\IPHLPAPI.DLL
0x0000000062000000 - 0x0000000062026000 	C:\Program Files\Bonjour\mdnsNSP.dll
0x00007ffa6eab0000 - 0x00007ffa6eaba000 	C:\Windows\System32\rasadhlp.dll
0x00007ffa711f0000 - 0x00007ffa7125a000 	C:\WINDOWS\System32\fwpuclnt.dll
0x0000000061150000 - 0x000000006115d000 	C:\Program Files\Java\jdk1.8.0_51\jre\bin\management.dll
0x0000000060f60000 - 0x0000000060f71000 	C:\Program Files\Java\jdk1.8.0_51\jre\bin\nio.dll
0x00007ffa76800000 - 0x00007ffa76817000 	C:\WINDOWS\SYSTEM32\CRYPTSP.dll
0x00007ffa76270000 - 0x00007ffa762a3000 	C:\WINDOWS\system32\rsaenh.dll
0x00007ffa764e0000 - 0x00007ffa764ff000 	C:\WINDOWS\SYSTEM32\USERENV.dll
0x00007ffa76820000 - 0x00007ffa7682b000 	C:\WINDOWS\SYSTEM32\CRYPTBASE.dll
0x00007ffa72920000 - 0x00007ffa72936000 	C:\WINDOWS\SYSTEM32\dhcpcsvc6.DLL
0x00007ffa728f0000 - 0x00007ffa7290a000 	C:\WINDOWS\SYSTEM32\dhcpcsvc.DLL
0x00007ffa66c80000 - 0x00007ffa66c96000 	C:\WINDOWS\system32\napinsp.dll
0x00007ffa62900000 - 0x00007ffa6291a000 	C:\WINDOWS\system32\pnrpnsp.dll
0x00007ffa74ee0000 - 0x00007ffa74ef8000 	C:\WINDOWS\system32\NLAapi.dll
0x00007ffa65f10000 - 0x00007ffa65f1e000 	C:\WINDOWS\System32\winrnr.dll
0x00007ffa60fb0000 - 0x00007ffa60fc5000 	C:\WINDOWS\System32\wshbth.dll
0x00007ffa732b0000 - 0x00007ffa732c1000 	C:\Users\Nathan\Documents\NetBeansProjects\panorabot\panorabotClient\xboxcontroller64.dll
0x00007ffa75240000 - 0x00007ffa75247000 	C:\WINDOWS\SYSTEM32\XINPUT9_1_0.dll
0x0000000061170000 - 0x0000000061208000 	C:\WINDOWS\SYSTEM32\MSVCP100.dll
0x00007ffa74b20000 - 0x00007ffa74b2e000 	C:\WINDOWS\SYSTEM32\XInput1_4.dll
0x00007ffa75a00000 - 0x00007ffa75a28000 	C:\WINDOWS\SYSTEM32\DEVOBJ.dll
0x000000005f350000 - 0x000000005f4e8000 	C:\Program Files\Java\jdk1.8.0_51\jre\bin\awt.dll
0x00007ffa75080000 - 0x00007ffa750fa000 	C:\WINDOWS\SYSTEM32\apphelp.dll
0x00007ffa66cd0000 - 0x00007ffa66e62000 	C:\WINDOWS\SYSTEM32\dbghelp.dll

VM Arguments:
jvm_args: -Dfile.encoding=UTF-8 
java_command: panorabotClient.ihm.panorabotClient
java_class_path (initial): C:\Users\Nathan\Documents\NetBeansProjects\panorabot\panorabotClient\lib\XboxController.jar;C:\Users\Nathan\Documents\NetBeansProjects\panorabot\panorabotClient\lib\aplu5.jar;C:\Users\Nathan\Documents\NetBeansProjects\panorabot\panorabotClient\lib\jSSC-2.8.0-Release;C:\Users\Nathan\Documents\NetBeansProjects\panorabot\panorabotClient\lib\jaw.jar;C:\Users\Nathan\Documents\NetBeansProjects\panorabot\panorabotClient\lib\OpenImaj\BezierUtils-1.0.0.jar;C:\Users\Nathan\Documents\NetBeansProjects\panorabot\panorabotClient\lib\OpenImaj\FaceTracker-1.3.1.jar;C:\Users\Nathan\Documents\NetBeansProjects\panorabot\panorabotClient\lib\OpenImaj\IREval-1.3.1.jar;C:\Users\Nathan\Documents\NetBeansProjects\panorabot\panorabotClient\lib\OpenImaj\ImprovedArgs4J-1.3.1.jar;C:\Users\Nathan\Documents\NetBeansProjects\panorabot\panorabotClient\lib\OpenImaj\JTransforms-1.3.1.jar;C:\Users\Nathan\Documents\NetBeansProjects\panorabot\panorabotClient\lib\OpenImaj\Jama-1.0.2.jar;C:\Users\Nathan\Documents\NetBeansProjects\panorabot\panorabotClient\lib\OpenImaj\MatrixLib-1.3.1.jar;C:\Users\Nathan\Documents\NetBeansProjects\panorabot\panorabotClient\lib\OpenImaj\animation-1.3.1.jar;C:\Users\Nathan\Documents\NetBeansProjects\panorabot\panorabotClient\lib\OpenImaj\apache-commons-sanselan.jar;C:\Users\Nathan\Documents\NetBeansProjects\panorabot\panorabotClient\lib\OpenImaj\apache-jakarta-commons-httpclient.jar;C:\Users\Nathan\Documents\NetBeansProjects\panorabot\panorabotClient\lib\OpenImaj\apache-logging-log4j.jar;C:\Users\Nathan\Documents\NetBeansProjects\panorabot\panorabotClient\lib\OpenImaj\arpack-combo-0.1.jar;C:\Users\Nathan\Documents\NetBeansProjects\panorabot\panorabotClient\lib\OpenImaj\bridj-0.6.2.jar;C:\Users\Nathan\Documents\NetBeansProjects\panorabot\panorabotClient\lib\OpenImaj\clustering-1.3.1.jar;C:\Users\Nathan\Documents\NetBeansProjects\panorabot\panorabotClient\lib\OpenImaj\colt-1.2.0.jar;C:\Users\Nathan\Documents\NetBeansProjects\panorabot\panorabotClie
Launcher Type: SUN_STANDARD

Environment Variables:
JAVA_HOME=C:\Program Files\Java\jdk1.8.0_51
PATH=C:\ProgramData\Oracle\Java\javapath;C:\Program Files (x86)\Intel\iCLS Client\;C:\Program Files\Intel\iCLS Client\;C:\Windows\system32;C:\Windows;C:\Windows\System32\Wbem;C:\Windows\System32\WindowsPowerShell\v1.0\;C:\Program Files (x86)\Acer\abFiles\;C:\Program Files\Intel\Intel(R) Management Engine Components\DAL;C:\Program Files (x86)\Intel\Intel(R) Management Engine Components\DAL;C:\Program Files\Intel\Intel(R) Management Engine Components\IPT;C:\Program Files (x86)\Intel\Intel(R) Management Engine Components\IPT;C:\WINDOWS\system32;C:\WINDOWS;C:\WINDOWS\System32\Wbem;C:\WINDOWS\System32\WindowsPowerShell\v1.0\;C:\Program Files (x86)\GtkSharp\2.12\bin;D:\Programmes\Brackets\command;C:\Program Files (x86)\Skype\Phone\;C:\Program Files (x86)\NVIDIA Corporation\PhysX\Common;C:\Program Files\apache-maven-3.3.9\bin;C:\WINDOWS\system32;C:\WINDOWS;C:\WINDOWS\System32\Wbem;C:\WINDOWS\System32\WindowsPowerShell\v1.0\;C:\Program Files (x86)\IVI Foundation\VISA\WinNT\Bin;C:\Users\Nathan\Desktop\CMPMVS_0_6_0;C:\Users\Nathan\AppData\Local\Microsoft\WindowsApps;
USERNAME=Nathan
OS=Windows_NT
PROCESSOR_IDENTIFIER=Intel64 Family 6 Model 60 Stepping 3, GenuineIntel



---------------  S Y S T E M  ---------------

OS: Windows 10.0 , 64 bit Build 14393 (10.0.14393.0)

CPU:total 8 (4 cores per cpu, 2 threads per core) family 6 model 60 stepping 3, cmov, cx8, fxsr, mmx, sse, sse2, sse3, ssse3, sse4.1, sse4.2, popcnt, avx, avx2, aes, clmul, erms, lzcnt, ht, tsc, tscinvbit, bmi1, bmi2

Memory: 4k page, physical 16698648k(11341472k free), swap 19713304k(13327352k free)

vm_info: Java HotSpot(TM) 64-Bit Server VM (25.51-b03) for windows-amd64 JRE (1.8.0_51-b16), built on Jun  8 2015 18:03:07 by "java_re" with MS VC++ 10.0 (VS2010)

time: Tue Feb 21 09:28:07 2017
elapsed time: 47 seconds (0d 0h 0m 47s)

