#
# A fatal error has been detected by the Java Runtime Environment:
#
#  EXCEPTION_ACCESS_VIOLATION (0xc0000005) at pc=0x000000005f68a088, pid=21240, tid=15284
#
# JRE version: Java(TM) SE Runtime Environment (8.0_51-b16) (build 1.8.0_51-b16)
# Java VM: Java HotSpot(TM) 64-Bit Server VM (25.51-b03 mixed mode windows-amd64 compressed oops)
# Problematic frame:
# V  [jvm.dll+0x15a088]
#
# Failed to write core dump. Minidumps are not enabled by default on client versions of Windows
#
# If you would like to submit a bug report, please visit:
#   http://bugreport.java.com/bugreport/crash.jsp
# The crash happened outside the Java Virtual Machine in native code.
# See problematic frame for where to report the bug.
#

---------------  T H R E A D  ---------------

Current thread (0x000000001f300000):  JavaThread "AWT-EventQueue-0" [_thread_in_native, id=15284, stack(0x0000000027970000,0x0000000027a70000)]

siginfo: ExceptionCode=0xc0000005, writing address 0x0000000000000270

Registers:
RAX=0x000000000000dead, RBX=0x0000000000000000, RCX=0x000000001ed72800, RDX=0x000000001bf64da0
RSP=0x0000000027a6e050, RBP=0x000000001bf64da0, RSI=0x0000000000000000, RDI=0x0000000000000009
R8 =0x0000000000000000, R9 =0x0000000000000009, R10=0x000000005fcc0d50, R11=0x000000005f757bb0
R12=0x0000000000000000, R13=0x00000000242e0828, R14=0x0000000027a6e1b8, R15=0x000000001f300000
RIP=0x000000005f68a088, EFLAGS=0x0000000000010246

Top of Stack: (sp=0x0000000027a6e050)
0x0000000027a6e050:   00000000242e0828 0000000027a6e1b8
0x0000000027a6e060:   000000001f22d100 000000005f5e9836
0x0000000027a6e070:   0000000027a6e828 000000001f300000
0x0000000027a6e080:   0000000027a6e218 0000000002641943
0x0000000027a6e090:   00000000242e0828 000000001f300000
0x0000000027a6e0a0:   000000001f4f3210 00007ffa6fea600d
0x0000000027a6e0b0:   0000000000000009 00000000000003e8
0x0000000027a6e0c0:   0000000000000009 000000001f300000
0x0000000027a6e0d0:   000000001f51bfb0 0000000003b6ff03
0x0000000027a6e0e0:   0000000002627730 0000000002636937
0x0000000027a6e0f0:   0000000027a6e180 00000000242e0828
0x0000000027a6e100:   0000000003b6ff03 000000000263651d
0x0000000027a6e110:   000000001f300000 00000000242e0828
0x0000000027a6e120:   0000000003b6ff03 000000001f300000
0x0000000027a6e130:   0000000000000001 000000076d86b530
0x0000000027a6e140:   0000000027a6e130 00000000242e0828 

Instructions: (pc=0x000000005f68a088)
0x000000005f68a068:   8b ea 3d ab de 00 00 74 17 8b 83 88 02 00 00 3d
0x000000005f68a078:   ac de 00 00 74 0a 48 8b cb e8 7a fb 0d 00 33 db
0x000000005f68a088:   c7 83 70 02 00 00 05 00 00 00 83 3d df 09 6a 00
0x000000005f68a098:   01 75 09 80 3d 41 fc 69 00 00 74 18 80 3d 39 fc 


Register to memory mapping:

RAX=0x000000000000dead is an unknown value
RBX=0x0000000000000000 is an unknown value
RCX=0x000000001ed72800 is an unknown value
RDX=0x000000001bf64da0 is a global jni handle
RSP=0x0000000027a6e050 is pointing into the stack for thread: 0x000000001f300000
RBP=0x000000001bf64da0 is a global jni handle
RSI=0x0000000000000000 is an unknown value
RDI=0x0000000000000009 is an unknown value
R8 =0x0000000000000000 is an unknown value
R9 =0x0000000000000009 is an unknown value
R10=0x000000005fcc0d50 is an unknown value
R11=0x000000005f757bb0 is an unknown value
R12=0x0000000000000000 is an unknown value
R13={method} {0x00000000242e0830} 'nativeReadBuf' '(JI)I' in 'ch/aplu/jaw/NativeHandler'
R14=0x0000000027a6e1b8 is pointing into the stack for thread: 0x000000001f300000
R15=0x000000001f300000 is a thread


Stack: [0x0000000027970000,0x0000000027a70000],  sp=0x0000000027a6e050,  free space=1016k
Native frames: (J=compiled Java code, j=interpreted, Vv=VM code, C=native code)
V  [jvm.dll+0x15a088]
C  [xboxcontroller64.dll+0x600d]
C  0x0000000002636937

Java frames: (J=compiled Java code, j=interpreted, Vv=VM code)
j  ch.aplu.jaw.NativeHandler.nativeReadBuf(JI)I+0
j  ch.aplu.jaw.NativeHandler.readBuf(I)I+33
j  ch.aplu.xboxcontroller.XboxController.readData()Lch/aplu/xboxcontroller/ControllerState;+15
j  ch.aplu.xboxcontroller.XboxController.access$000(Lch/aplu/xboxcontroller/XboxController;)Lch/aplu/xboxcontroller/ControllerState;+1
j  ch.aplu.xboxcontroller.XboxController$1.actionPerformed(Ljava/awt/event/ActionEvent;)V+4
j  javax.swing.Timer.fireActionPerformed(Ljava/awt/event/ActionEvent;)V+34
j  javax.swing.Timer$DoPostEvent.run()V+74
j  java.awt.event.InvocationEvent.dispatch()V+47
j  java.awt.EventQueue.dispatchEventImpl(Ljava/awt/AWTEvent;Ljava/lang/Object;)V+21
j  java.awt.EventQueue.access$500(Ljava/awt/EventQueue;Ljava/awt/AWTEvent;Ljava/lang/Object;)V+3
j  java.awt.EventQueue$3.run()Ljava/lang/Void;+32
j  java.awt.EventQueue$3.run()Ljava/lang/Object;+1
v  ~StubRoutines::call_stub
J 1189  java.security.AccessController.doPrivileged(Ljava/security/PrivilegedAction;Ljava/security/AccessControlContext;)Ljava/lang/Object; (0 bytes) @ 0x0000000002a3e1a6 [0x0000000002a3e140+0x66]
J 1856 C1 java.security.ProtectionDomain$1.doIntersectionPrivilege(Ljava/security/PrivilegedAction;Ljava/security/AccessControlContext;Ljava/security/AccessControlContext;)Ljava/lang/Object; (32 bytes) @ 0x0000000002bb5884 [0x0000000002bb5580+0x304]
j  java.awt.EventQueue.dispatchEvent(Ljava/awt/AWTEvent;)V+46
J 1863 C1 java.awt.EventDispatchThread.pumpOneEventForFilters(I)V (295 bytes) @ 0x0000000002bb9a94 [0x0000000002bb7d40+0x1d54]
j  java.awt.EventDispatchThread.pumpEventsForFilter(ILjava/awt/Conditional;Ljava/awt/EventFilter;)V+35
j  java.awt.EventDispatchThread.pumpEventsForHierarchy(ILjava/awt/Conditional;Ljava/awt/Component;)V+11
j  java.awt.EventDispatchThread.pumpEvents(ILjava/awt/Conditional;)V+4
j  java.awt.EventDispatchThread.pumpEvents(Ljava/awt/Conditional;)V+3
j  java.awt.EventDispatchThread.run()V+9
v  ~StubRoutines::call_stub

---------------  P R O C E S S  ---------------

Java Threads: ( => current thread )
  0x000000001f2ff000 JavaThread "DestroyJavaVM" [_thread_blocked, id=9028, stack(0x0000000002380000,0x0000000002480000)]
=>0x000000001f300000 JavaThread "AWT-EventQueue-0" [_thread_in_native, id=15284, stack(0x0000000027970000,0x0000000027a70000)]
  0x000000001f2f6000 JavaThread "AWT-Windows" daemon [_thread_in_native, id=9512, stack(0x0000000027870000,0x0000000027970000)]
  0x000000001f303000 JavaThread "AWT-Shutdown" [_thread_blocked, id=18240, stack(0x0000000027770000,0x0000000027870000)]
  0x000000001f302000 JavaThread "Java2D Disposer" daemon [_thread_blocked, id=9588, stack(0x0000000027670000,0x0000000027770000)]
  0x000000001f56d800 JavaThread "TimerQueue" daemon [_thread_blocked, id=11464, stack(0x0000000027570000,0x0000000027670000)]
  0x000000001f51b800 JavaThread "Thread-5" [_thread_in_native, id=18220, stack(0x0000000026f70000,0x0000000027070000)]
  0x000000001f264000 JavaThread "Prism Font Disposer" daemon [_thread_blocked, id=3120, stack(0x0000000025f70000,0x0000000026070000)]
  0x000000001eefb800 JavaThread "Thread-3" daemon [_thread_in_native, id=7820, stack(0x0000000023e80000,0x0000000023f80000)]
  0x000000001e463000 JavaThread "Thread-1" daemon [_thread_blocked, id=19220, stack(0x000000001f6f0000,0x000000001f7f0000)]
  0x000000001e0c2000 JavaThread "Service Thread" daemon [_thread_blocked, id=19340, stack(0x000000001ea70000,0x000000001eb70000)]
  0x000000001e0a8800 JavaThread "C1 CompilerThread3" daemon [_thread_blocked, id=21256, stack(0x000000001e970000,0x000000001ea70000)]
  0x000000001e0a3000 JavaThread "C2 CompilerThread2" daemon [_thread_blocked, id=20300, stack(0x000000001e870000,0x000000001e970000)]
  0x000000001e0a1800 JavaThread "C2 CompilerThread1" daemon [_thread_blocked, id=20916, stack(0x000000001e770000,0x000000001e870000)]
  0x000000001e099800 JavaThread "C2 CompilerThread0" daemon [_thread_blocked, id=17992, stack(0x000000001e670000,0x000000001e770000)]
  0x000000001e096800 JavaThread "Attach Listener" daemon [_thread_blocked, id=14428, stack(0x000000001e570000,0x000000001e670000)]
  0x000000001e095800 JavaThread "Signal Dispatcher" daemon [_thread_blocked, id=17520, stack(0x000000001e470000,0x000000001e570000)]
  0x000000000261a000 JavaThread "Finalizer" daemon [_thread_blocked, id=14032, stack(0x000000001df70000,0x000000001e070000)]
  0x000000001c08d800 JavaThread "Reference Handler" daemon [_thread_blocked, id=9960, stack(0x000000001de70000,0x000000001df70000)]

Other Threads:
  0x000000001c089000 VMThread [stack: 0x000000001dd70000,0x000000001de70000] [id=14000]
  0x000000001e0c2800 WatcherThread [stack: 0x000000001eb70000,0x000000001ec70000] [id=9568]

VM state:not at safepoint (normal execution)

VM Mutex/Monitor currently owned by a thread: None

Heap:
 PSYoungGen      total 76288K, used 50556K [0x000000076b100000, 0x0000000770600000, 0x00000007c0000000)
  eden space 65536K, 77% used [0x000000076b100000,0x000000076e25f120,0x000000076f100000)
  from space 10752K, 0% used [0x000000076fb80000,0x000000076fb80000,0x0000000770600000)
  to   space 10752K, 0% used [0x000000076f100000,0x000000076f100000,0x000000076fb80000)
 ParOldGen       total 175104K, used 0K [0x00000006c1200000, 0x00000006cbd00000, 0x000000076b100000)
  object space 175104K, 0% used [0x00000006c1200000,0x00000006c1200000,0x00000006cbd00000)
 Metaspace       used 18320K, capacity 19102K, committed 19328K, reserved 1064960K
  class space    used 2638K, capacity 2838K, committed 2944K, reserved 1048576K

Card table byte_map: [0x00000000119e0000,0x00000000121e0000] byte_map_base: 0x000000000e3d7000

Marking Bits: (ParMarkBitMap*) 0x000000005fd34040
 Begin Bits: [0x0000000012f30000, 0x0000000016ee8000)
 End Bits:   [0x0000000016ee8000, 0x000000001aea0000)

Polling page: 0x0000000000bf0000

CodeCache: size=245760Kb used=5745Kb max_used=5745Kb free=240014Kb
 bounds [0x0000000002620000, 0x0000000002bc0000, 0x0000000011620000]
 total_blobs=2562 nmethods=1866 adapters=608
 compilation: enabled

Compilation events (10 events):
Event: 15.453 Thread 0x000000001e0a8800 1863   !   3       java.awt.EventDispatchThread::pumpOneEventForFilters (295 bytes)
Event: 15.459 Thread 0x000000001e0a8800 nmethod 1863 0x0000000002bb7950 code [0x0000000002bb7d40, 0x0000000002bba368]
Event: 15.459 Thread 0x000000001e0a8800 1862       3       java.util.concurrent.locks.AbstractQueuedSynchronizer$ConditionObject::signalAll (33 bytes)
Event: 15.460 Thread 0x000000001e0a8800 nmethod 1862 0x0000000002bbbfd0 code [0x0000000002bbc160, 0x0000000002bbc4e8]
Event: 15.503 Thread 0x000000001e0a8800 1864       3       java.util.PriorityQueue::poll (64 bytes)
Event: 15.504 Thread 0x000000001e0a8800 nmethod 1864 0x0000000002bbc610 code [0x0000000002bbc7a0, 0x0000000002bbcc78]
Event: 15.504 Thread 0x000000001e0a8800 1865       3       javax.swing.Timer::post (36 bytes)
Event: 15.505 Thread 0x000000001e0a8800 nmethod 1865 0x0000000002bbce50 code [0x0000000002bbd000, 0x0000000002bbd658]
Event: 15.505 Thread 0x000000001e0a8800 1866       3       javax.swing.TimerQueue$DelayedTimer::setTime (6 bytes)
Event: 15.505 Thread 0x000000001e0a8800 nmethod 1866 0x0000000002bbd8d0 code [0x0000000002bbda20, 0x0000000002bbdb90]

GC Heap History (0 events):
No events

Deoptimization events (10 events):
Event: 0.540 Thread 0x000000001ed72800 Uncommon trap: reason=speculate_class_check action=maybe_recompile pc=0x00000000029489ac method=com.sun.javafx.css.BitSet.containsAll(Ljava/util/Collection;)Z @ 18
Event: 0.540 Thread 0x000000001ed72800 Uncommon trap: reason=speculate_class_check action=maybe_recompile pc=0x00000000029489ac method=com.sun.javafx.css.BitSet.containsAll(Ljava/util/Collection;)Z @ 18
Event: 0.557 Thread 0x000000001ed72800 Uncommon trap: reason=unstable_if action=reinterpret pc=0x0000000002962fb4 method=java.lang.String.regionMatches(ZILjava/lang/String;II)Z @ 123
Event: 0.569 Thread 0x000000001ed72800 Uncommon trap: reason=class_check action=maybe_recompile pc=0x0000000002748154 method=java.lang.String.equals(Ljava/lang/Object;)Z @ 8
Event: 0.657 Thread 0x000000001ed72800 Uncommon trap: reason=unstable_if action=reinterpret pc=0x00000000029b57f8 method=jdk.internal.org.objectweb.asm.Type.getArgumentsAndReturnSizes(Ljava/lang/String;)I @ 47
Event: 2.485 Thread 0x000000001ed72800 Uncommon trap: reason=unstable_if action=reinterpret pc=0x0000000002aaa0ac method=java.io.ByteArrayInputStream.read()I @ 8
Event: 2.485 Thread 0x000000001ed72800 Uncommon trap: reason=class_check action=maybe_recompile pc=0x00000000029dc7f0 method=java.io.FilterInputStream.read()I @ 4
Event: 2.485 Thread 0x000000001ed72800 Uncommon trap: reason=class_check action=maybe_recompile pc=0x00000000029dc7f0 method=java.io.FilterInputStream.read()I @ 4
Event: 2.485 Thread 0x000000001ed72800 Uncommon trap: reason=class_check action=maybe_recompile pc=0x00000000029dc7f0 method=java.io.FilterInputStream.read()I @ 4
Event: 2.485 Thread 0x000000001ed72800 Uncommon trap: reason=class_check action=maybe_recompile pc=0x00000000029dc7f0 method=java.io.FilterInputStream.read()I @ 4

Internal exceptions (10 events):
Event: 0.115 Thread 0x000000000251e000 Exception <a 'java/lang/NullPointerException'> (0x000000076b5dea30) thrown at [C:\re\workspace\8-2-build-windows-amd64-cygwin\jdk8u51\3951\hotspot\src\share\vm\interpreter\linkResolver.cpp, line 1178]
Event: 0.278 Thread 0x000000001ed72800 Exception <a 'java/lang/NullPointerException'> (0x000000076c2f30d0) thrown at [C:\re\workspace\8-2-build-windows-amd64-cygwin\jdk8u51\3951\hotspot\src\share\vm\interpreter\linkResolver.cpp, line 1178]
Event: 0.278 Thread 0x000000001ed72800 Exception <a 'java/lang/NullPointerException'> (0x000000076c2f30d0) thrown at [C:\re\workspace\8-2-build-windows-amd64-cygwin\jdk8u51\3951\hotspot\src\share\vm\prims\jvm.cpp, line 1386]
Event: 0.316 Thread 0x000000001ed72800 Exception <a 'java/lang/ArrayIndexOutOfBoundsException': 78> (0x000000076c4885b0) thrown at [C:\re\workspace\8-2-build-windows-amd64-cygwin\jdk8u51\3951\hotspot\src\share\vm\interpreter\interpreterRuntime.cpp, line 366]
Event: 0.316 Thread 0x000000001ed72800 Exception <a 'java/lang/ArrayIndexOutOfBoundsException': 18> (0x000000076c4893d8) thrown at [C:\re\workspace\8-2-build-windows-amd64-cygwin\jdk8u51\3951\hotspot\src\share\vm\interpreter\interpreterRuntime.cpp, line 366]
Event: 0.317 Thread 0x000000001ed72800 Exception <a 'java/lang/ArrayIndexOutOfBoundsException': 86> (0x000000076c48a6d0) thrown at [C:\re\workspace\8-2-build-windows-amd64-cygwin\jdk8u51\3951\hotspot\src\share\vm\interpreter\interpreterRuntime.cpp, line 366]
Event: 0.320 Thread 0x000000001ed72800 Exception <a 'java/lang/ArrayIndexOutOfBoundsException'> (0x000000076c4a34e0) thrown at [C:\re\workspace\8-2-build-windows-amd64-cygwin\jdk8u51\3951\hotspot\src\share\vm\runtime\sharedRuntime.cpp, line 605]
Event: 0.363 Thread 0x000000001ed72800 Exception <a 'java/lang/ArrayIndexOutOfBoundsException'> (0x000000076c753d40) thrown at [C:\re\workspace\8-2-build-windows-amd64-cygwin\jdk8u51\3951\hotspot\src\share\vm\runtime\sharedRuntime.cpp, line 605]
Event: 0.445 Thread 0x000000001ed72800 Implicit null exception at 0x00000000028e8f35 to 0x00000000028e9161
Event: 2.455 Thread 0x000000001ed72800 Exception <a 'java/io/FileNotFoundException'> (0x000000076d89ec58) thrown at [C:\re\workspace\8-2-build-windows-amd64-cygwin\jdk8u51\3951\hotspot\src\share\vm\prims\jni.cpp, line 709]

Events (10 events):
Event: 10.769 loading class javafx/application/Application done
Event: 10.771 loading class com/sun/javafx/tk/quantum/QuantumRenderer
Event: 10.771 loading class com/sun/javafx/tk/quantum/QuantumRenderer done
Event: 10.772 loading class com/sun/javafx/tk/quantum/QuantumToolkit
Event: 10.772 loading class com/sun/javafx/tk/quantum/QuantumToolkit done
Event: 10.772 Thread 0x000000001edef000 Thread exited: 0x000000001edef000
Event: 10.772 Thread 0x000000000251e000 Thread exited: 0x000000000251e000
Event: 10.772 Thread 0x000000001f2ff000 Thread added: 0x000000001f2ff000
Event: 10.773 Thread 0x000000001ed72800 Thread exited: 0x000000001ed72800
Event: 10.778 Thread 0x000000001e449800 Thread exited: 0x000000001e449800


Dynamic libraries:
0x00007ff7d0260000 - 0x00007ff7d0297000 	C:\Program Files\Java\jdk1.8.0_51\jre\bin\java.exe
0x00007ffa7a8d0000 - 0x00007ffa7aaa1000 	C:\WINDOWS\SYSTEM32\ntdll.dll
0x00007ffa78130000 - 0x00007ffa781db000 	C:\WINDOWS\System32\KERNEL32.DLL
0x00007ffa777b0000 - 0x00007ffa779cd000 	C:\WINDOWS\System32\KERNELBASE.dll
0x00007ffa7a6f0000 - 0x00007ffa7a792000 	C:\WINDOWS\System32\ADVAPI32.dll
0x00007ffa79c20000 - 0x00007ffa79cbe000 	C:\WINDOWS\System32\msvcrt.dll
0x00007ffa79cc0000 - 0x00007ffa79d19000 	C:\WINDOWS\System32\sechost.dll
0x00007ffa7a050000 - 0x00007ffa7a171000 	C:\WINDOWS\System32\RPCRT4.dll
0x00007ffa79890000 - 0x00007ffa799f5000 	C:\WINDOWS\System32\USER32.dll
0x00007ffa77d90000 - 0x00007ffa77dae000 	C:\WINDOWS\System32\win32u.dll
0x00007ffa79be0000 - 0x00007ffa79c14000 	C:\WINDOWS\System32\GDI32.dll
0x00007ffa77c00000 - 0x00007ffa77d82000 	C:\WINDOWS\System32\gdi32full.dll
0x00007ffa6af50000 - 0x00007ffa6b1c9000 	C:\WINDOWS\WinSxS\amd64_microsoft.windows.common-controls_6595b64144ccf1df_6.0.14393.447_none_42191651c6827bb3\COMCTL32.dll
0x00007ffa77e60000 - 0x00007ffa78128000 	C:\WINDOWS\System32\combase.dll
0x00007ffa77600000 - 0x00007ffa776f5000 	C:\WINDOWS\System32\ucrtbase.dll
0x00007ffa774a0000 - 0x00007ffa7750a000 	C:\WINDOWS\System32\bcryptPrimitives.dll
0x00007ffa79a60000 - 0x00007ffa79a8e000 	C:\WINDOWS\System32\IMM32.DLL
0x000000005f450000 - 0x000000005f522000 	C:\Program Files\Java\jdk1.8.0_51\jre\bin\msvcr100.dll
0x000000005f530000 - 0x000000005fdb3000 	C:\Program Files\Java\jdk1.8.0_51\jre\bin\server\jvm.dll
0x00007ffa79bd0000 - 0x00007ffa79bd8000 	C:\WINDOWS\System32\PSAPI.DLL
0x00007ffa68600000 - 0x00007ffa68609000 	C:\WINDOWS\SYSTEM32\WSOCK32.dll
0x00007ffa74dc0000 - 0x00007ffa74de3000 	C:\WINDOWS\SYSTEM32\WINMM.dll
0x00007ffa69800000 - 0x00007ffa6980a000 	C:\WINDOWS\SYSTEM32\VERSION.dll
0x00007ffa7a680000 - 0x00007ffa7a6ea000 	C:\WINDOWS\System32\WS2_32.dll
0x0000000000bc0000 - 0x0000000000beb000 	C:\WINDOWS\SYSTEM32\WINMMBASE.dll
0x00007ffa77510000 - 0x00007ffa77552000 	C:\WINDOWS\System32\cfgmgr32.dll
0x0000000061190000 - 0x000000006119f000 	C:\Program Files\Java\jdk1.8.0_51\jre\bin\verify.dll
0x0000000061120000 - 0x0000000061149000 	C:\Program Files\Java\jdk1.8.0_51\jre\bin\java.dll
0x0000000061100000 - 0x0000000061116000 	C:\Program Files\Java\jdk1.8.0_51\jre\bin\zip.dll
0x00007ffa781e0000 - 0x00007ffa796e9000 	C:\WINDOWS\System32\SHELL32.dll
0x00007ffa76dc0000 - 0x00007ffa7749a000 	C:\WINDOWS\System32\windows.storage.dll
0x00007ffa76d60000 - 0x00007ffa76dac000 	C:\WINDOWS\System32\powrprof.dll
0x00007ffa7a870000 - 0x00007ffa7a8c2000 	C:\WINDOWS\System32\shlwapi.dll
0x00007ffa76d30000 - 0x00007ffa76d3f000 	C:\WINDOWS\System32\kernel.appcore.dll
0x00007ffa77700000 - 0x00007ffa777a9000 	C:\WINDOWS\System32\shcore.dll
0x00007ffa76d40000 - 0x00007ffa76d54000 	C:\WINDOWS\System32\profapi.dll
0x00000000611e0000 - 0x000000006120c000 	C:\Program Files\Java\jdk1.8.0_51\jre\bin\prism_d3d.dll
0x00007ffa4fb90000 - 0x00007ffa4fd1d000 	C:\WINDOWS\system32\d3d9.dll
0x00007ffa746d0000 - 0x00007ffa746f6000 	C:\WINDOWS\SYSTEM32\dwmapi.dll
0x00007ffa75410000 - 0x00007ffa754a5000 	C:\WINDOWS\system32\uxtheme.dll
0x00007ffa79f90000 - 0x00007ffa7a04f000 	C:\WINDOWS\System32\OLEAUT32.dll
0x00007ffa77560000 - 0x00007ffa775fc000 	C:\WINDOWS\System32\msvcp_win.dll
0x00007ffa79a90000 - 0x00007ffa79bc7000 	C:\WINDOWS\System32\ole32.dll
0x000000005f200000 - 0x000000005f241000 	C:\Program Files\Java\jdk1.8.0_51\jre\bin\glass.dll
0x00007ffa79d20000 - 0x00007ffa79e1a000 	C:\WINDOWS\System32\COMDLG32.dll
0x00007ffa79e30000 - 0x00007ffa79f8b000 	C:\WINDOWS\System32\MSCTF.dll
0x000000005f0f0000 - 0x000000005f105000 	C:\Program Files\Java\jdk1.8.0_51\jre\bin\javafx_font.dll
0x00007ffa60b90000 - 0x00007ffa60df9000 	C:\WINDOWS\SYSTEM32\dwrite.dll
0x00007ffa7a5e0000 - 0x00007ffa7a67f000 	C:\WINDOWS\System32\clbcatq.dll
0x00007ffa6d380000 - 0x00007ffa6d528000 	C:\WINDOWS\SYSTEM32\WindowsCodecs.dll
0x00007ffa69160000 - 0x00007ffa691a9000 	C:\WINDOWS\system32\dataexchange.dll
0x00007ffa733c0000 - 0x00007ffa73676000 	C:\WINDOWS\system32\d3d11.dll
0x00007ffa741d0000 - 0x00007ffa74321000 	C:\WINDOWS\system32\dcomp.dll
0x00007ffa75cc0000 - 0x00007ffa75d5f000 	C:\WINDOWS\system32\dxgi.dll
0x00007ffa75760000 - 0x00007ffa7587c000 	C:\WINDOWS\system32\twinapi.appcore.dll
0x00007ffa76910000 - 0x00007ffa7693b000 	C:\WINDOWS\system32\bcrypt.dll
0x000000005f0d0000 - 0x000000005f0e1000 	C:\Program Files\Java\jdk1.8.0_51\jre\bin\prism_common.dll
0x00007ffa6fea0000 - 0x00007ffa6feb1000 	C:\Users\Nathan\Documents\NetBeansProjects\panorabot\panorabotClient\xboxcontroller64.dll
0x000000005ff20000 - 0x000000005ffb8000 	C:\WINDOWS\SYSTEM32\MSVCP100.dll
0x00007ffa73180000 - 0x00007ffa73187000 	C:\WINDOWS\SYSTEM32\XINPUT9_1_0.dll
0x00007ffa730b0000 - 0x00007ffa730be000 	C:\WINDOWS\SYSTEM32\XInput1_4.dll
0x00007ffa75a00000 - 0x00007ffa75a28000 	C:\WINDOWS\SYSTEM32\DEVOBJ.dll
0x000000005f2b0000 - 0x000000005f448000 	C:\Program Files\Java\jdk1.8.0_51\jre\bin\awt.dll
0x00007ffa75080000 - 0x00007ffa750fa000 	C:\WINDOWS\SYSTEM32\apphelp.dll
0x00007ffa66cd0000 - 0x00007ffa66e62000 	C:\WINDOWS\SYSTEM32\dbghelp.dll

VM Arguments:
jvm_args: -Dfile.encoding=UTF-8 
java_command: panorabotClient.ihm.panorabotClient
java_class_path (initial): C:\Users\Nathan\Documents\NetBeansProjects\panorabot\panorabotClient\lib\XboxController.jar;C:\Users\Nathan\Documents\NetBeansProjects\panorabot\panorabotClient\lib\aplu5.jar;C:\Users\Nathan\Documents\NetBeansProjects\panorabot\panorabotClient\lib\jSSC-2.8.0-Release;C:\Users\Nathan\Documents\NetBeansProjects\panorabot\panorabotClient\lib\jaw.jar;C:\Users\Nathan\Documents\NetBeansProjects\panorabot\panorabotClient\build\classes
Launcher Type: SUN_STANDARD

Environment Variables:
JAVA_HOME=C:\Program Files\Java\jdk1.8.0_51
PATH=C:\ProgramData\Oracle\Java\javapath;C:\Program Files (x86)\Intel\iCLS Client\;C:\Program Files\Intel\iCLS Client\;C:\Windows\system32;C:\Windows;C:\Windows\System32\Wbem;C:\Windows\System32\WindowsPowerShell\v1.0\;C:\Program Files (x86)\Acer\abFiles\;C:\Program Files\Intel\Intel(R) Management Engine Components\DAL;C:\Program Files (x86)\Intel\Intel(R) Management Engine Components\DAL;C:\Program Files\Intel\Intel(R) Management Engine Components\IPT;C:\Program Files (x86)\Intel\Intel(R) Management Engine Components\IPT;C:\WINDOWS\system32;C:\WINDOWS;C:\WINDOWS\System32\Wbem;C:\WINDOWS\System32\WindowsPowerShell\v1.0\;C:\Program Files (x86)\GtkSharp\2.12\bin;D:\Programmes\Brackets\command;C:\Program Files (x86)\Skype\Phone\;C:\Program Files (x86)\NVIDIA Corporation\PhysX\Common;C:\Program Files\apache-maven-3.3.9\bin;C:\WINDOWS\system32;C:\WINDOWS;C:\WINDOWS\System32\Wbem;C:\WINDOWS\System32\WindowsPowerShell\v1.0\;C:\Program Files (x86)\IVI Foundation\VISA\WinNT\Bin;C:\Users\Nathan\Desktop\CMPMVS_0_6_0;C:\Users\Nathan\AppData\Local\Microsoft\WindowsApps;
USERNAME=Nathan
OS=Windows_NT
PROCESSOR_IDENTIFIER=Intel64 Family 6 Model 60 Stepping 3, GenuineIntel



---------------  S Y S T E M  ---------------

OS: Windows 10.0 , 64 bit Build 14393 (10.0.14393.0)

CPU:total 8 (4 cores per cpu, 2 threads per core) family 6 model 60 stepping 3, cmov, cx8, fxsr, mmx, sse, sse2, sse3, ssse3, sse4.1, sse4.2, popcnt, avx, avx2, aes, clmul, erms, lzcnt, ht, tsc, tscinvbit, bmi1, bmi2

Memory: 4k page, physical 16698648k(9983564k free), swap 19713304k(11173620k free)

vm_info: Java HotSpot(TM) 64-Bit Server VM (25.51-b03) for windows-amd64 JRE (1.8.0_51-b16), built on Jun  8 2015 18:03:07 by "java_re" with MS VC++ 10.0 (VS2010)

time: Mon Feb 20 16:07:21 2017
elapsed time: 15 seconds (0d 0h 0m 15s)

