#
# A fatal error has been detected by the Java Runtime Environment:
#
#  EXCEPTION_ACCESS_VIOLATION (0xc0000005) at pc=0x0000000050ada088, pid=6000, tid=12332
#
# JRE version: Java(TM) SE Runtime Environment (8.0_51-b16) (build 1.8.0_51-b16)
# Java VM: Java HotSpot(TM) 64-Bit Server VM (25.51-b03 mixed mode windows-amd64 compressed oops)
# Problematic frame:
# V  [jvm.dll+0x15a088]
#
# Failed to write core dump. Minidumps are not enabled by default on client versions of Windows
#
# If you would like to submit a bug report, please visit:
#   http://bugreport.java.com/bugreport/crash.jsp
# The crash happened outside the Java Virtual Machine in native code.
# See problematic frame for where to report the bug.
#

---------------  T H R E A D  ---------------

Current thread (0x000000001edeb800):  JavaThread "AWT-EventQueue-0" [_thread_in_native, id=12332, stack(0x0000000028300000,0x0000000028400000)]

siginfo: ExceptionCode=0xc0000005, writing address 0x0000000000000270

Registers:
RAX=0x000000000000dead, RBX=0x0000000000000000, RCX=0x000000001f8f3000, RDX=0x000000001f8f51f0
RSP=0x00000000283fdf70, RBP=0x000000001f8f51f0, RSI=0x0000000000000000, RDI=0x0000000000000009
R8 =0x0000000000000000, R9 =0x0000000000000009, R10=0x0000000051110d50, R11=0x0000000050ba7bb0
R12=0x0000000000000000, R13=0x00000000275e6ac0, R14=0x00000000283fe0d8, R15=0x000000001edeb800
RIP=0x0000000050ada088, EFLAGS=0x0000000000010246

Top of Stack: (sp=0x00000000283fdf70)
0x00000000283fdf70:   00000000283ff100 00000000283ff104
0x00000000283fdf80:   0000000000001502 0000000050f81c50
0x00000000283fdf90:   000000001edeb800 0000000002daec70
0x00000000283fdfa0:   00000000276342d8 000000001edeb800
0x00000000283fdfb0:   00000000283ff110 00000000283ff114
0x00000000283fdfc0:   000000001fb73020 00007ffc94da600d
0x00000000283fdfd0:   0000000000000009 00000000000003e8
0x00000000283fdfe0:   0000000000000009 0000000003626c68
0x00000000283fdff0:   000000001fd3829c 00000000283ff124
0x00000000283fe000:   0000000029494710 0000000003056937
0x00000000283fe010:   00000000283fe0a0 00000000275e6ac0
0x00000000283fe020:   00000006c1683988 000000001edeb800
0x00000000283fe030:   0000000000000000 0000000050b93585
0x00000000283fe040:   000097483d427049 00000000283fe210
0x00000000283fe050:   0000000000000019 00000006c1683988
0x00000000283fe060:   00000000283fe050 0000000000000000 

Instructions: (pc=0x0000000050ada088)
0x0000000050ada068:   8b ea 3d ab de 00 00 74 17 8b 83 88 02 00 00 3d
0x0000000050ada078:   ac de 00 00 74 0a 48 8b cb e8 7a fb 0d 00 33 db
0x0000000050ada088:   c7 83 70 02 00 00 05 00 00 00 83 3d df 09 6a 00
0x0000000050ada098:   01 75 09 80 3d 41 fc 69 00 00 74 18 80 3d 39 fc 


Register to memory mapping:

RAX=0x000000000000dead is an unknown value
RBX=0x0000000000000000 is an unknown value
RCX=0x000000001f8f3000 is an unknown value
RDX=0x000000001f8f51f0 is a global jni handle
RSP=0x00000000283fdf70 is pointing into the stack for thread: 0x000000001edeb800
RBP=0x000000001f8f51f0 is a global jni handle
RSI=0x0000000000000000 is an unknown value
RDI=0x0000000000000009 is an unknown value
R8 =0x0000000000000000 is an unknown value
R9 =0x0000000000000009 is an unknown value
R10=0x0000000051110d50 is an unknown value
R11=0x0000000050ba7bb0 is an unknown value
R12=0x0000000000000000 is an unknown value
R13={method} {0x00000000275e6ac8} 'nativeReadBuf' '(JI)I' in 'ch/aplu/jaw/NativeHandler'
R14=0x00000000283fe0d8 is pointing into the stack for thread: 0x000000001edeb800
R15=0x000000001edeb800 is a thread


Stack: [0x0000000028300000,0x0000000028400000],  sp=0x00000000283fdf70,  free space=1015k
Native frames: (J=compiled Java code, j=interpreted, Vv=VM code, C=native code)
V  [jvm.dll+0x15a088]
C  [xboxcontroller64.dll+0x600d]
C  0x0000000003056937

Java frames: (J=compiled Java code, j=interpreted, Vv=VM code)
j  ch.aplu.jaw.NativeHandler.nativeReadBuf(JI)I+0
j  ch.aplu.jaw.NativeHandler.readBuf(I)I+33
J 2304 C1 ch.aplu.xboxcontroller.XboxController.readData()Lch/aplu/xboxcontroller/ControllerState; (290 bytes) @ 0x00000000037165fc [0x0000000003716320+0x2dc]
J 2302 C1 ch.aplu.xboxcontroller.XboxController$1.actionPerformed(Ljava/awt/event/ActionEvent;)V (1099 bytes) @ 0x000000000370d334 [0x000000000370d260+0xd4]
J 2301 C1 javax.swing.Timer.fireActionPerformed(Ljava/awt/event/ActionEvent;)V (46 bytes) @ 0x000000000370adcc [0x000000000370ab60+0x26c]
J 2298 C1 javax.swing.Timer$DoPostEvent.run()V (95 bytes) @ 0x000000000371512c [0x00000000037143e0+0xd4c]
J 2297 C1 java.awt.event.InvocationEvent.dispatch()V (69 bytes) @ 0x000000000370a394 [0x000000000370a180+0x214]
J 2287 C1 java.awt.EventQueue.dispatchEventImpl(Ljava/awt/AWTEvent;Ljava/lang/Object;)V (149 bytes) @ 0x0000000003704ab4 [0x0000000003703000+0x1ab4]
J 2285 C1 java.awt.EventQueue$3.run()Ljava/lang/Void; (60 bytes) @ 0x000000000370279c [0x0000000003702580+0x21c]
J 2284 C1 java.awt.EventQueue$3.run()Ljava/lang/Object; (5 bytes) @ 0x000000000316ab8c [0x000000000316ab00+0x8c]
v  ~StubRoutines::call_stub
J 1220  java.security.AccessController.doPrivileged(Ljava/security/PrivilegedAction;Ljava/security/AccessControlContext;)Ljava/lang/Object; (0 bytes) @ 0x00000000034811a6 [0x0000000003481140+0x66]
J 2277 C1 java.awt.EventQueue.dispatchEvent(Ljava/awt/AWTEvent;)V (80 bytes) @ 0x0000000003700d84 [0x00000000037004c0+0x8c4]
J 2266 C1 java.awt.EventDispatchThread.pumpOneEventForFilters(I)V (295 bytes) @ 0x00000000036f2914 [0x00000000036f0bc0+0x1d54]
j  java.awt.EventDispatchThread.pumpEventsForFilter(ILjava/awt/Conditional;Ljava/awt/EventFilter;)V+35
j  java.awt.EventDispatchThread.pumpEventsForHierarchy(ILjava/awt/Conditional;Ljava/awt/Component;)V+11
j  java.awt.EventDispatchThread.pumpEvents(ILjava/awt/Conditional;)V+4
j  java.awt.EventDispatchThread.pumpEvents(Ljava/awt/Conditional;)V+3
j  java.awt.EventDispatchThread.run()V+9
v  ~StubRoutines::call_stub

---------------  P R O C E S S  ---------------

Java Threads: ( => current thread )
  0x000000001ede7000 JavaThread "DestroyJavaVM" [_thread_blocked, id=12516, stack(0x0000000002e40000,0x0000000002f40000)]
=>0x000000001edeb800 JavaThread "AWT-EventQueue-0" [_thread_in_native, id=12332, stack(0x0000000028300000,0x0000000028400000)]
  0x000000001edea000 JavaThread "AWT-Windows" daemon [_thread_in_native, id=12088, stack(0x0000000028200000,0x0000000028300000)]
  0x000000001fd2a800 JavaThread "AWT-Shutdown" [_thread_blocked, id=12848, stack(0x0000000028100000,0x0000000028200000)]
  0x000000001fd29800 JavaThread "Java2D Disposer" daemon [_thread_blocked, id=7424, stack(0x0000000028000000,0x0000000028100000)]
  0x000000001fd3a800 JavaThread "TimerQueue" daemon [_thread_blocked, id=1224, stack(0x0000000027f00000,0x0000000028000000)]
  0x000000001fd5f800 JavaThread "Thread-4" [_thread_in_native, id=6480, stack(0x00000000278c0000,0x00000000279c0000)]
  0x000000001fc9c000 JavaThread "Prism Font Disposer" daemon [_thread_blocked, id=1112, stack(0x00000000268b0000,0x00000000269b0000)]
  0x000000001f95e800 JavaThread "Thread-2" daemon [_thread_in_native, id=9820, stack(0x0000000024860000,0x0000000024960000)]
  0x000000001f8f0000 JavaThread "Thread-1" daemon [_thread_blocked, id=10364, stack(0x00000000200d0000,0x00000000201d0000)]
  0x000000001eb67800 JavaThread "Service Thread" daemon [_thread_blocked, id=840, stack(0x000000001f4a0000,0x000000001f5a0000)]
  0x000000001eadb800 JavaThread "C1 CompilerThread3" daemon [_thread_blocked, id=5432, stack(0x000000001f3a0000,0x000000001f4a0000)]
  0x000000001ead2000 JavaThread "C2 CompilerThread2" daemon [_thread_blocked, id=1476, stack(0x000000001f2a0000,0x000000001f3a0000)]
  0x000000001eacf800 JavaThread "C2 CompilerThread1" daemon [_thread_blocked, id=1544, stack(0x000000001f1a0000,0x000000001f2a0000)]
  0x000000001eacb800 JavaThread "C2 CompilerThread0" daemon [_thread_blocked, id=13860, stack(0x000000001f0a0000,0x000000001f1a0000)]
  0x000000001eac8000 JavaThread "Attach Listener" daemon [_thread_blocked, id=2792, stack(0x000000001efa0000,0x000000001f0a0000)]
  0x000000001eac7000 JavaThread "Signal Dispatcher" daemon [_thread_blocked, id=3688, stack(0x000000001eea0000,0x000000001efa0000)]
  0x000000000303b800 JavaThread "Finalizer" daemon [_thread_blocked, id=15736, stack(0x000000001e9a0000,0x000000001eaa0000)]
  0x000000001caad800 JavaThread "Reference Handler" daemon [_thread_blocked, id=14552, stack(0x000000001e8a0000,0x000000001e9a0000)]

Other Threads:
  0x000000001caa9000 VMThread [stack: 0x000000001e7a0000,0x000000001e8a0000] [id=9884]
  0x000000001eaf3000 WatcherThread [stack: 0x000000001f5a0000,0x000000001f6a0000] [id=12392]

VM state:not at safepoint (normal execution)

VM Mutex/Monitor currently owned by a thread: None

Heap:
 PSYoungGen      total 76288K, used 3686K [0x000000076b100000, 0x0000000770600000, 0x00000007c0000000)
  eden space 65536K, 5% used [0x000000076b100000,0x000000076b499858,0x000000076f100000)
  from space 10752K, 0% used [0x000000076f100000,0x000000076f100000,0x000000076fb80000)
  to   space 10752K, 0% used [0x000000076fb80000,0x000000076fb80000,0x0000000770600000)
 ParOldGen       total 175104K, used 7411K [0x00000006c1200000, 0x00000006cbd00000, 0x000000076b100000)
  object space 175104K, 4% used [0x00000006c1200000,0x00000006c193cc00,0x00000006cbd00000)
 Metaspace       used 20031K, capacity 20896K, committed 20992K, reserved 1067008K
  class space    used 2785K, capacity 2997K, committed 3072K, reserved 1048576K

Card table byte_map: [0x0000000012400000,0x0000000012c00000] byte_map_base: 0x000000000edf7000

Marking Bits: (ParMarkBitMap*) 0x0000000051184040
 Begin Bits: [0x0000000013950000, 0x0000000017908000)
 End Bits:   [0x0000000017908000, 0x000000001b8c0000)

Polling page: 0x0000000002c50000

CodeCache: size=245760Kb used=7278Kb max_used=7290Kb free=238481Kb
 bounds [0x0000000003040000, 0x0000000003770000, 0x0000000012040000]
 total_blobs=3073 nmethods=2361 adapters=623
 compilation: enabled

Compilation events (10 events):
Event: 91.477 Thread 0x000000001eadb800 2390       3       sun.awt.AWTAutoShutdown::isReadyToShutdown (37 bytes)
Event: 91.477 Thread 0x000000001eadb800 nmethod 2390 0x000000000374d010 code [0x000000000374d1a0, 0x000000000374d558]
Event: 91.579 Thread 0x000000001eacf800 2391       4       java.util.IdentityHashMap::isEmpty (13 bytes)
Event: 91.579 Thread 0x000000001eacb800 2392       4       java.util.concurrent.locks.AbstractQueuedSynchronizer$ConditionObject::addConditionWaiter (64 bytes)
Event: 91.579 Thread 0x000000001eacf800 nmethod 2391 0x000000000374cdd0 code [0x000000000374cf00, 0x000000000374cf78]
Event: 91.581 Thread 0x000000001eacb800 nmethod 2392 0x000000000374ca90 code [0x000000000374cbe0, 0x000000000374cd18]
Event: 96.161 Thread 0x000000001ead2000 2393       4       javax.swing.TimerQueue::now (8 bytes)
Event: 96.161 Thread 0x000000001ead2000 nmethod 2393 0x000000000374c7d0 code [0x000000000374c900, 0x000000000374c958]
Event: 96.212 Thread 0x000000001eacf800 2394   !   4       sun.awt.PostEventQueue::flush (168 bytes)
Event: 96.213 Thread 0x000000001eacf800 nmethod 2394 0x0000000003761c10 code [0x0000000003761d60, 0x0000000003761ff8]

GC Heap History (8 events):
Event: 6.496 GC heap before
{Heap before GC invocations=1 (full 0):
 PSYoungGen      total 76288K, used 65536K [0x000000076b100000, 0x0000000770600000, 0x00000007c0000000)
  eden space 65536K, 100% used [0x000000076b100000,0x000000076f100000,0x000000076f100000)
  from space 10752K, 0% used [0x000000076fb80000,0x000000076fb80000,0x0000000770600000)
  to   space 10752K, 0% used [0x000000076f100000,0x000000076f100000,0x000000076fb80000)
 ParOldGen       total 175104K, used 0K [0x00000006c1200000, 0x00000006cbd00000, 0x000000076b100000)
  object space 175104K, 0% used [0x00000006c1200000,0x00000006c1200000,0x00000006cbd00000)
 Metaspace       used 19391K, capacity 20238K, committed 20480K, reserved 1067008K
  class space    used 2754K, capacity 2954K, committed 3072K, reserved 1048576K
Event: 6.517 GC heap after
Heap after GC invocations=1 (full 0):
 PSYoungGen      total 76288K, used 10751K [0x000000076b100000, 0x0000000770600000, 0x00000007c0000000)
  eden space 65536K, 0% used [0x000000076b100000,0x000000076b100000,0x000000076f100000)
  from space 10752K, 99% used [0x000000076f100000,0x000000076fb7fe00,0x000000076fb80000)
  to   space 10752K, 0% used [0x000000076fb80000,0x000000076fb80000,0x0000000770600000)
 ParOldGen       total 175104K, used 2444K [0x00000006c1200000, 0x00000006cbd00000, 0x000000076b100000)
  object space 175104K, 1% used [0x00000006c1200000,0x00000006c1463318,0x00000006cbd00000)
 Metaspace       used 19391K, capacity 20238K, committed 20480K, reserved 1067008K
  class space    used 2754K, capacity 2954K, committed 3072K, reserved 1048576K
}
Event: 12.033 GC heap before
{Heap before GC invocations=2 (full 0):
 PSYoungGen      total 76288K, used 76043K [0x000000076b100000, 0x0000000770600000, 0x00000007c0000000)
  eden space 65536K, 99% used [0x000000076b100000,0x000000076f0c31b0,0x000000076f100000)
  from space 10752K, 99% used [0x000000076f100000,0x000000076fb7fe00,0x000000076fb80000)
  to   space 10752K, 0% used [0x000000076fb80000,0x000000076fb80000,0x0000000770600000)
 ParOldGen       total 175104K, used 2444K [0x00000006c1200000, 0x00000006cbd00000, 0x000000076b100000)
  object space 175104K, 1% used [0x00000006c1200000,0x00000006c1463318,0x00000006cbd00000)
 Metaspace       used 19549K, capacity 20366K, committed 20736K, reserved 1067008K
  class space    used 2756K, capacity 2954K, committed 3072K, reserved 1048576K
Event: 12.071 GC heap after
Heap after GC invocations=2 (full 0):
 PSYoungGen      total 76288K, used 10749K [0x000000076b100000, 0x0000000770600000, 0x00000007c0000000)
  eden space 65536K, 0% used [0x000000076b100000,0x000000076b100000,0x000000076f100000)
  from space 10752K, 99% used [0x000000076fb80000,0x00000007705ff5a0,0x0000000770600000)
  to   space 10752K, 0% used [0x000000076f100000,0x000000076f100000,0x000000076fb80000)
 ParOldGen       total 175104K, used 28547K [0x00000006c1200000, 0x00000006cbd00000, 0x000000076b100000)
  object space 175104K, 16% used [0x00000006c1200000,0x00000006c2de0c88,0x00000006cbd00000)
 Metaspace       used 19549K, capacity 20366K, committed 20736K, reserved 1067008K
  class space    used 2756K, capacity 2954K, committed 3072K, reserved 1048576K
}
Event: 61.906 GC heap before
{Heap before GC invocations=3 (full 0):
 PSYoungGen      total 76288K, used 57748K [0x000000076b100000, 0x0000000770600000, 0x00000007c0000000)
  eden space 65536K, 71% used [0x000000076b100000,0x000000076dee5d10,0x000000076f100000)
  from space 10752K, 99% used [0x000000076fb80000,0x00000007705ff5a0,0x0000000770600000)
  to   space 10752K, 0% used [0x000000076f100000,0x000000076f100000,0x000000076fb80000)
 ParOldGen       total 175104K, used 28547K [0x00000006c1200000, 0x00000006cbd00000, 0x000000076b100000)
  object space 175104K, 16% used [0x00000006c1200000,0x00000006c2de0c88,0x00000006cbd00000)
 Metaspace       used 20016K, capacity 20870K, committed 20992K, reserved 1067008K
  class space    used 2780K, capacity 2990K, committed 3072K, reserved 1048576K
Event: 61.919 GC heap after
Heap after GC invocations=3 (full 0):
 PSYoungGen      total 76288K, used 4871K [0x000000076b100000, 0x0000000770600000, 0x00000007c0000000)
  eden space 65536K, 0% used [0x000000076b100000,0x000000076b100000,0x000000076f100000)
  from space 10752K, 45% used [0x000000076f100000,0x000000076f5c1d40,0x000000076fb80000)
  to   space 10752K, 0% used [0x000000076fb80000,0x000000076fb80000,0x0000000770600000)
 ParOldGen       total 175104K, used 28555K [0x00000006c1200000, 0x00000006cbd00000, 0x000000076b100000)
  object space 175104K, 16% used [0x00000006c1200000,0x00000006c2de2c88,0x00000006cbd00000)
 Metaspace       used 20016K, capacity 20870K, committed 20992K, reserved 1067008K
  class space    used 2780K, capacity 2990K, committed 3072K, reserved 1048576K
}
Event: 61.919 GC heap before
{Heap before GC invocations=4 (full 1):
 PSYoungGen      total 76288K, used 4871K [0x000000076b100000, 0x0000000770600000, 0x00000007c0000000)
  eden space 65536K, 0% used [0x000000076b100000,0x000000076b100000,0x000000076f100000)
  from space 10752K, 45% used [0x000000076f100000,0x000000076f5c1d40,0x000000076fb80000)
  to   space 10752K, 0% used [0x000000076fb80000,0x000000076fb80000,0x0000000770600000)
 ParOldGen       total 175104K, used 28555K [0x00000006c1200000, 0x00000006cbd00000, 0x000000076b100000)
  object space 175104K, 16% used [0x00000006c1200000,0x00000006c2de2c88,0x00000006cbd00000)
 Metaspace       used 20016K, capacity 20870K, committed 20992K, reserved 1067008K
  class space    used 2780K, capacity 2990K, committed 3072K, reserved 1048576K
Event: 62.009 GC heap after
Heap after GC invocations=4 (full 1):
 PSYoungGen      total 76288K, used 0K [0x000000076b100000, 0x0000000770600000, 0x00000007c0000000)
  eden space 65536K, 0% used [0x000000076b100000,0x000000076b100000,0x000000076f100000)
  from space 10752K, 0% used [0x000000076f100000,0x000000076f100000,0x000000076fb80000)
  to   space 10752K, 0% used [0x000000076fb80000,0x000000076fb80000,0x0000000770600000)
 ParOldGen       total 175104K, used 7411K [0x00000006c1200000, 0x00000006cbd00000, 0x000000076b100000)
  object space 175104K, 4% used [0x00000006c1200000,0x00000006c193cc00,0x00000006cbd00000)
 Metaspace       used 20016K, capacity 20870K, committed 20992K, reserved 1067008K
  class space    used 2780K, capacity 2990K, committed 3072K, reserved 1048576K
}

Deoptimization events (10 events):
Event: 5.909 Thread 0x000000001fd1a800 Uncommon trap: reason=unstable_if action=reinterpret pc=0x00000000035a8a90 method=java.awt.image.BufferedImage.setRGB(IIII[III)V @ 16
Event: 6.538 Thread 0x000000001f8d2800 Uncommon trap: reason=unstable_if action=reinterpret pc=0x00000000034d299c method=java.lang.ref.ReferenceQueue.poll()Ljava/lang/ref/Reference; @ 4
Event: 6.538 Thread 0x000000001f8d2800 Uncommon trap: reason=unstable_if action=reinterpret pc=0x00000000033e7f14 method=java.lang.ref.ReferenceQueue.poll()Ljava/lang/ref/Reference; @ 4
Event: 10.201 Thread 0x000000001edeb800 Uncommon trap: reason=unstable_if action=reinterpret pc=0x00000000033e01d8 method=java.lang.ref.SoftReference.get()Ljava/lang/Object; @ 17
Event: 16.680 Thread 0x000000001fd1a800 Uncommon trap: reason=unstable_if action=reinterpret pc=0x000000000362befc method=java.net.SocketInputStream.read([BIII)I @ 86
Event: 59.428 Thread 0x000000001edeb800 Uncommon trap: reason=unstable_if action=reinterpret pc=0x000000000334ac24 method=java.lang.String.indexOf([CII[CIII)I @ 3
Event: 61.518 Thread 0x000000001f8f3000 Uncommon trap: reason=unstable_if action=reinterpret pc=0x0000000003720bac method=javafx.scene.Node.impl_intersectsBounds(Lcom/sun/javafx/geom/PickRay;)D @ 814
Event: 61.518 Thread 0x000000001f8f3000 Uncommon trap: reason=unstable_if action=reinterpret pc=0x000000000374fcfc method=javafx.scene.Node.impl_pickNode(Lcom/sun/javafx/geom/PickRay;Lcom/sun/javafx/scene/input/PickResultChooser;)V @ 4
Event: 61.519 Thread 0x000000001f8f3000 Uncommon trap: reason=unstable_if action=reinterpret pc=0x0000000003723470 method=javafx.scene.Node.impl_pickNode(Lcom/sun/javafx/geom/PickRay;Lcom/sun/javafx/scene/input/PickResultChooser;)V @ 4
Event: 90.405 Thread 0x000000001fd2a800 Uncommon trap: reason=unstable_if action=reinterpret pc=0x000000000375bb98 method=sun.awt.AWTAutoShutdown.isReadyToShutdown()Z @ 4

Internal exceptions (10 events):
Event: 1.644 Thread 0x000000001f8f3000 Exception <a 'java/lang/ArrayIndexOutOfBoundsException'> (0x000000076c8c0118) thrown at [C:\re\workspace\8-2-build-windows-amd64-cygwin\jdk8u51\3951\hotspot\src\share\vm\runtime\sharedRuntime.cpp, line 605]
Event: 1.985 Thread 0x000000001f8f3000 Implicit null exception at 0x00000000032e1b75 to 0x00000000032e1d6d
Event: 4.794 Thread 0x000000001f8f3000 Exception <a 'java/io/FileNotFoundException'> (0x000000076dae8fa8) thrown at [C:\re\workspace\8-2-build-windows-amd64-cygwin\jdk8u51\3951\hotspot\src\share\vm\prims\jni.cpp, line 709]
Event: 5.704 Thread 0x000000001fd1a800 Implicit null exception at 0x0000000003261756 to 0x0000000003261a99
Event: 5.874 Thread 0x000000001fd1a800 Implicit null exception at 0x000000000358c7d9 to 0x000000000358c8b1
Event: 59.404 Thread 0x000000001edeb800 Exception <a 'java/net/SocketException': Software caused connection abort: socket write error> (0x000000076b1eff68) thrown at [C:\re\workspace\8-2-build-windows-amd64-cygwin\jdk8u51\3951\hotspot\src\share\vm\prims\jni.cpp, line 735]
Event: 59.411 Thread 0x000000001edeb800 Exception <a 'java/net/SocketException': Software caused connection abort: socket write error> (0x000000076b209320) thrown at [C:\re\workspace\8-2-build-windows-amd64-cygwin\jdk8u51\3951\hotspot\src\share\vm\prims\jni.cpp, line 735]
Event: 60.116 Thread 0x000000001edeb800 Exception <a 'java/net/SocketException': Software caused connection abort: socket write error> (0x000000076debb1d0) thrown at [C:\re\workspace\8-2-build-windows-amd64-cygwin\jdk8u51\3951\hotspot\src\share\vm\prims\jni.cpp, line 735]
Event: 60.167 Thread 0x000000001edeb800 Exception <a 'java/net/SocketException': Software caused connection abort: socket write error> (0x000000076decf168) thrown at [C:\re\workspace\8-2-build-windows-amd64-cygwin\jdk8u51\3951\hotspot\src\share\vm\prims\jni.cpp, line 735]
Event: 61.906 Thread 0x000000001f8f3000 Exception <a 'java/net/SocketException': Socket closed> (0x000000076de50170) thrown at [C:\re\workspace\8-2-build-windows-amd64-cygwin\jdk8u51\3951\hotspot\src\share\vm\prims\jni.cpp, line 735]

Events (10 events):
Event: 62.070 loading class com/sun/javafx/tk/quantum/QuantumToolkit
Event: 62.070 loading class com/sun/javafx/tk/quantum/QuantumToolkit done
Event: 62.070 Thread 0x000000001f964000 Thread exited: 0x000000001f964000
Event: 62.071 Thread 0x0000000002f43800 Thread exited: 0x0000000002f43800
Event: 62.071 Thread 0x000000001ede7000 Thread added: 0x000000001ede7000
Event: 62.072 Thread 0x000000001f8f3000 Thread exited: 0x000000001f8f3000
Event: 62.120 Thread 0x000000001f8d2800 Thread exited: 0x000000001f8d2800
Event: 90.405 Thread 0x000000001fd2a800 Uncommon trap: trap_request=0xffffff65 fr.pc=0x000000000375bb98
Event: 90.405 Thread 0x000000001fd2a800 DEOPT PACKING pc=0x000000000375bb98 sp=0x00000000281ff480
Event: 90.405 Thread 0x000000001fd2a800 DEOPT UNPACKING pc=0x000000000308582a sp=0x00000000281ff428 mode 2


Dynamic libraries:
0x00007ff7c2050000 - 0x00007ff7c2087000 	C:\Program Files\Java\jdk1.8.0_51\jre\bin\java.exe
0x00007ffc9bfa0000 - 0x00007ffc9c171000 	C:\WINDOWS\SYSTEM32\ntdll.dll
0x00007ffc9b290000 - 0x00007ffc9b33b000 	C:\WINDOWS\System32\KERNEL32.DLL
0x00007ffc98c90000 - 0x00007ffc98ead000 	C:\WINDOWS\System32\KERNELBASE.dll
0x00007ffc9b030000 - 0x00007ffc9b0d2000 	C:\WINDOWS\System32\ADVAPI32.dll
0x00007ffc9b360000 - 0x00007ffc9b3fe000 	C:\WINDOWS\System32\msvcrt.dll
0x00007ffc9bed0000 - 0x00007ffc9bf29000 	C:\WINDOWS\System32\sechost.dll
0x00007ffc9b0f0000 - 0x00007ffc9b211000 	C:\WINDOWS\System32\RPCRT4.dll
0x00007ffc9bd00000 - 0x00007ffc9be65000 	C:\WINDOWS\System32\USER32.dll
0x00007ffc98540000 - 0x00007ffc9855e000 	C:\WINDOWS\System32\win32u.dll
0x00007ffc9b220000 - 0x00007ffc9b254000 	C:\WINDOWS\System32\GDI32.dll
0x00007ffc98eb0000 - 0x00007ffc99032000 	C:\WINDOWS\System32\gdi32full.dll
0x00007ffc8f300000 - 0x00007ffc8f579000 	C:\WINDOWS\WinSxS\amd64_microsoft.windows.common-controls_6595b64144ccf1df_6.0.14393.447_none_42191651c6827bb3\COMCTL32.dll
0x00007ffc9b400000 - 0x00007ffc9b6c8000 	C:\WINDOWS\System32\combase.dll
0x00007ffc993d0000 - 0x00007ffc994c5000 	C:\WINDOWS\System32\ucrtbase.dll
0x00007ffc992c0000 - 0x00007ffc9932a000 	C:\WINDOWS\System32\bcryptPrimitives.dll
0x00007ffc9b260000 - 0x00007ffc9b28e000 	C:\WINDOWS\System32\IMM32.DLL
0x0000000051430000 - 0x0000000051502000 	C:\Program Files\Java\jdk1.8.0_51\jre\bin\msvcr100.dll
0x0000000050980000 - 0x0000000051203000 	C:\Program Files\Java\jdk1.8.0_51\jre\bin\server\jvm.dll
0x00007ffc9abe0000 - 0x00007ffc9abe8000 	C:\WINDOWS\System32\PSAPI.DLL
0x00007ffc96630000 - 0x00007ffc96653000 	C:\WINDOWS\SYSTEM32\WINMM.dll
0x00007ffc8b430000 - 0x00007ffc8b439000 	C:\WINDOWS\SYSTEM32\WSOCK32.dll
0x00007ffc91b90000 - 0x00007ffc91b9a000 	C:\WINDOWS\SYSTEM32\VERSION.dll
0x00007ffc9bf30000 - 0x00007ffc9bf9a000 	C:\WINDOWS\System32\WS2_32.dll
0x0000000002c80000 - 0x0000000002cab000 	C:\WINDOWS\SYSTEM32\WINMMBASE.dll
0x00007ffc98560000 - 0x00007ffc985a2000 	C:\WINDOWS\System32\cfgmgr32.dll
0x00000000528f0000 - 0x00000000528ff000 	C:\Program Files\Java\jdk1.8.0_51\jre\bin\verify.dll
0x0000000052430000 - 0x0000000052459000 	C:\Program Files\Java\jdk1.8.0_51\jre\bin\java.dll
0x00000000513d0000 - 0x00000000513e6000 	C:\Program Files\Java\jdk1.8.0_51\jre\bin\zip.dll
0x00007ffc995d0000 - 0x00007ffc9aad9000 	C:\WINDOWS\System32\SHELL32.dll
0x00007ffc985b0000 - 0x00007ffc98c8a000 	C:\WINDOWS\System32\windows.storage.dll
0x00007ffc98420000 - 0x00007ffc9846c000 	C:\WINDOWS\System32\powrprof.dll
0x00007ffc9be70000 - 0x00007ffc9bec2000 	C:\WINDOWS\System32\shlwapi.dll
0x00007ffc98410000 - 0x00007ffc9841f000 	C:\WINDOWS\System32\kernel.appcore.dll
0x00007ffc98490000 - 0x00007ffc98539000 	C:\WINDOWS\System32\shcore.dll
0x00007ffc98470000 - 0x00007ffc98484000 	C:\WINDOWS\System32\profapi.dll
0x0000000050610000 - 0x000000005063c000 	C:\Program Files\Java\jdk1.8.0_51\jre\bin\prism_d3d.dll
0x00007ffc64490000 - 0x00007ffc6461d000 	C:\WINDOWS\system32\d3d9.dll
0x00007ffc96160000 - 0x00007ffc96186000 	C:\WINDOWS\SYSTEM32\dwmapi.dll
0x00007ffc96ae0000 - 0x00007ffc96b75000 	C:\WINDOWS\system32\uxtheme.dll
0x00007ffc9bb00000 - 0x00007ffc9bbbf000 	C:\WINDOWS\System32\OLEAUT32.dll
0x00007ffc99330000 - 0x00007ffc993cc000 	C:\WINDOWS\System32\msvcp_win.dll
0x00007ffc9bbc0000 - 0x00007ffc9bcf7000 	C:\WINDOWS\System32\ole32.dll
0x0000000050560000 - 0x00000000505a1000 	C:\Program Files\Java\jdk1.8.0_51\jre\bin\glass.dll
0x00007ffc9aae0000 - 0x00007ffc9abda000 	C:\WINDOWS\System32\COMDLG32.dll
0x00007ffc9acb0000 - 0x00007ffc9ae0b000 	C:\WINDOWS\System32\MSCTF.dll
0x00000000505f0000 - 0x0000000050605000 	C:\Program Files\Java\jdk1.8.0_51\jre\bin\javafx_font.dll
0x00007ffc912a0000 - 0x00007ffc91509000 	C:\WINDOWS\SYSTEM32\dwrite.dll
0x00007ffc99530000 - 0x00007ffc995cf000 	C:\WINDOWS\System32\clbcatq.dll
0x00007ffc8dc30000 - 0x00007ffc8ddd8000 	C:\WINDOWS\SYSTEM32\WindowsCodecs.dll
0x00007ffc8aa70000 - 0x00007ffc8aab9000 	C:\WINDOWS\system32\dataexchange.dll
0x00007ffc94ac0000 - 0x00007ffc94d76000 	C:\WINDOWS\system32\d3d11.dll
0x00007ffc957e0000 - 0x00007ffc95931000 	C:\WINDOWS\system32\dcomp.dll
0x00007ffc97390000 - 0x00007ffc9742f000 	C:\WINDOWS\system32\dxgi.dll
0x00007ffc96e30000 - 0x00007ffc96f4c000 	C:\WINDOWS\system32\twinapi.appcore.dll
0x00007ffc97fe0000 - 0x00007ffc9800b000 	C:\WINDOWS\system32\bcrypt.dll
0x0000000050540000 - 0x0000000050551000 	C:\Program Files\Java\jdk1.8.0_51\jre\bin\prism_common.dll
0x00000000513b0000 - 0x00000000513ca000 	C:\Program Files\Java\jdk1.8.0_51\jre\bin\net.dll
0x00007ffc97d30000 - 0x00007ffc97d8c000 	C:\WINDOWS\system32\mswsock.dll
0x00007ffc94da0000 - 0x00007ffc94db1000 	C:\Users\Nathan\Documents\NetBeansProjects\panorabot\panorabotClient\xboxcontroller64.dll
0x0000000052460000 - 0x00000000524f8000 	C:\WINDOWS\SYSTEM32\MSVCP100.dll
0x00007ffc96710000 - 0x00007ffc96717000 	C:\WINDOWS\SYSTEM32\XINPUT9_1_0.dll
0x00007ffc941f0000 - 0x00007ffc941fe000 	C:\WINDOWS\SYSTEM32\XInput1_4.dll
0x00007ffc970d0000 - 0x00007ffc970f8000 	C:\WINDOWS\SYSTEM32\DEVOBJ.dll
0x00000000507e0000 - 0x0000000050978000 	C:\Program Files\Java\jdk1.8.0_51\jre\bin\awt.dll
0x00007ffc96690000 - 0x00007ffc9670a000 	C:\WINDOWS\SYSTEM32\apphelp.dll
0x00007ffc873e0000 - 0x00007ffc87572000 	C:\WINDOWS\SYSTEM32\dbghelp.dll

VM Arguments:
jvm_args: -Dfile.encoding=UTF-8 
java_command: panorabotClient.ihm.panorabotClient
java_class_path (initial): C:\Users\Nathan\Documents\NetBeansProjects\panorabot\panorabotClient\lib\XboxController.jar;C:\Users\Nathan\Documents\NetBeansProjects\panorabot\panorabotClient\lib\aplu5.jar;C:\Users\Nathan\Documents\NetBeansProjects\panorabot\panorabotClient\lib\jSSC-2.8.0-Release;C:\Users\Nathan\Documents\NetBeansProjects\panorabot\panorabotClient\lib\jaw.jar;C:\Users\Nathan\Documents\NetBeansProjects\panorabot\panorabotClient\lib\OpenImaj\BezierUtils-1.0.0.jar;C:\Users\Nathan\Documents\NetBeansProjects\panorabot\panorabotClient\lib\OpenImaj\FaceTracker-1.3.1.jar;C:\Users\Nathan\Documents\NetBeansProjects\panorabot\panorabotClient\lib\OpenImaj\IREval-1.3.1.jar;C:\Users\Nathan\Documents\NetBeansProjects\panorabot\panorabotClient\lib\OpenImaj\ImprovedArgs4J-1.3.1.jar;C:\Users\Nathan\Documents\NetBeansProjects\panorabot\panorabotClient\lib\OpenImaj\JTransforms-1.3.1.jar;C:\Users\Nathan\Documents\NetBeansProjects\panorabot\panorabotClient\lib\OpenImaj\Jama-1.0.2.jar;C:\Users\Nathan\Documents\NetBeansProjects\panorabot\panorabotClient\lib\OpenImaj\MatrixLib-1.3.1.jar;C:\Users\Nathan\Documents\NetBeansProjects\panorabot\panorabotClient\lib\OpenImaj\animation-1.3.1.jar;C:\Users\Nathan\Documents\NetBeansProjects\panorabot\panorabotClient\lib\OpenImaj\apache-commons-sanselan.jar;C:\Users\Nathan\Documents\NetBeansProjects\panorabot\panorabotClient\lib\OpenImaj\apache-jakarta-commons-httpclient.jar;C:\Users\Nathan\Documents\NetBeansProjects\panorabot\panorabotClient\lib\OpenImaj\apache-logging-log4j.jar;C:\Users\Nathan\Documents\NetBeansProjects\panorabot\panorabotClient\lib\OpenImaj\arpack-combo-0.1.jar;C:\Users\Nathan\Documents\NetBeansProjects\panorabot\panorabotClient\lib\OpenImaj\bridj-0.6.2.jar;C:\Users\Nathan\Documents\NetBeansProjects\panorabot\panorabotClient\lib\OpenImaj\clustering-1.3.1.jar;C:\Users\Nathan\Documents\NetBeansProjects\panorabot\panorabotClient\lib\OpenImaj\colt-1.2.0.jar;C:\Users\Nathan\Documents\NetBeansProjects\panorabot\panorabotClie
Launcher Type: SUN_STANDARD

Environment Variables:
JAVA_HOME=C:\Program Files\Java\jdk1.8.0_51
PATH=C:\ProgramData\Oracle\Java\javapath;C:\Program Files (x86)\Intel\iCLS Client\;C:\Program Files\Intel\iCLS Client\;C:\Windows\system32;C:\Windows;C:\Windows\System32\Wbem;C:\Windows\System32\WindowsPowerShell\v1.0\;C:\Program Files (x86)\Acer\abFiles\;C:\Program Files\Intel\Intel(R) Management Engine Components\DAL;C:\Program Files (x86)\Intel\Intel(R) Management Engine Components\DAL;C:\Program Files\Intel\Intel(R) Management Engine Components\IPT;C:\Program Files (x86)\Intel\Intel(R) Management Engine Components\IPT;C:\WINDOWS\system32;C:\WINDOWS;C:\WINDOWS\System32\Wbem;C:\WINDOWS\System32\WindowsPowerShell\v1.0\;C:\Program Files (x86)\GtkSharp\2.12\bin;D:\Programmes\Brackets\command;C:\Program Files (x86)\Skype\Phone\;C:\Program Files (x86)\NVIDIA Corporation\PhysX\Common;C:\Program Files\apache-maven-3.3.9\bin;C:\WINDOWS\system32;C:\WINDOWS;C:\WINDOWS\System32\Wbem;C:\WINDOWS\System32\WindowsPowerShell\v1.0\;C:\Program Files (x86)\IVI Foundation\VISA\WinNT\Bin;C:\Users\Nathan\Desktop\CMPMVS_0_6_0;C:\Users\Nathan\AppData\Local\Microsoft\WindowsApps;
USERNAME=Nathan
OS=Windows_NT
PROCESSOR_IDENTIFIER=Intel64 Family 6 Model 60 Stepping 3, GenuineIntel



---------------  S Y S T E M  ---------------

OS: Windows 10.0 , 64 bit Build 14393 (10.0.14393.0)

CPU:total 8 (4 cores per cpu, 2 threads per core) family 6 model 60 stepping 3, cmov, cx8, fxsr, mmx, sse, sse2, sse3, ssse3, sse4.1, sse4.2, popcnt, avx, avx2, aes, clmul, erms, lzcnt, ht, tsc, tscinvbit, bmi1, bmi2

Memory: 4k page, physical 16698648k(10619316k free), swap 19189016k(12248088k free)

vm_info: Java HotSpot(TM) 64-Bit Server VM (25.51-b03) for windows-amd64 JRE (1.8.0_51-b16), built on Jun  8 2015 18:03:07 by "java_re" with MS VC++ 10.0 (VS2010)

time: Mon Mar 06 10:15:23 2017
elapsed time: 1034 seconds (0d 0h 17m 14s)

