#
# A fatal error has been detected by the Java Runtime Environment:
#
#  EXCEPTION_ACCESS_VIOLATION (0xc0000005) at pc=0x0000000000000000, pid=20812, tid=19864
#
# JRE version: Java(TM) SE Runtime Environment (8.0_51-b16) (build 1.8.0_51-b16)
# Java VM: Java HotSpot(TM) 64-Bit Server VM (25.51-b03 mixed mode windows-amd64 compressed oops)
# Problematic frame:
# C  0x0000000000000000
#
# Failed to write core dump. Minidumps are not enabled by default on client versions of Windows
#
# If you would like to submit a bug report, please visit:
#   http://bugreport.java.com/bugreport/crash.jsp
# The crash happened outside the Java Virtual Machine in native code.
# See problematic frame for where to report the bug.
#

---------------  T H R E A D  ---------------

Current thread (0x0000000027c0a800):  JavaThread "AWT-EventQueue-0" [_thread_in_native, id=19864, stack(0x0000000028e80000,0x0000000028f80000)]

siginfo: ExceptionCode=0xc0000005, ExceptionInformation=0x0000000000000008 0x0000000000000000

Registers:
RAX=0x000000001f7a6340, RBX=0x0000000000000009, RCX=0x000000001f3e09f8, RDX=0x0000000002b14e88
RSP=0x0000000028f7dcc8, RBP=0x00000000000003e8, RSI=0x0000000000000009, RDI=0x000000001f793d00
R8 =0x0000000000000000, R9 =0x0000000000000009, R10=0x000000001f3e0ad0, R11=0x000000005f7f7bb0
R12=0x0000000000000000, R13=0x00000000271f7448, R14=0x0000000028f7ddd8, R15=0x0000000027c0a800
RIP=0x0000000000000000, EFLAGS=0x0000000000010246

Top of Stack: (sp=0x0000000028f7dcc8)
0x0000000028f7dcc8:   00007ffa6a3b600d 0000000002b47730
0x0000000028f7dcd8:   0000000002b567c9 0000000027c0a800
0x0000000028f7dce8:   0000000027c0a800 000000001f7a6340
0x0000000028f7dcf8:   0000000003b594d9 0000000002b47730
0x0000000028f7dd08:   0000000002b56937 0000000028f7dda0
0x0000000028f7dd18:   00000000271f7448 0000000003b594d9
0x0000000028f7dd28:   0000000002b5651d 0000000027c0a800
0x0000000028f7dd38:   00000000271f7448 0000000003b594d9
0x0000000028f7dd48:   0000000027c0a800 0000000000000011
0x0000000028f7dd58:   00000006c141e260 0000000028f7dd50
0x0000000028f7dd68:   00000000271f7448 0000000028f7ddd8
0x0000000028f7dd78:   00000000271fad70 0000000000000000
0x0000000028f7dd88:   00000000271f7448 0000000000000000
0x0000000028f7dd98:   0000000028f7ddc0 0000000028f7de20
0x0000000028f7dda8:   0000000002b47730 0000000000000000
0x0000000028f7ddb8:   0000000002b4f976 0000000000000009 

Instructions: (pc=0x0000000000000000)
0xffffffffffffffe0:   


Register to memory mapping:

RAX=0x000000001f7a6340 is an unknown value
RBX=0x0000000000000009 is an unknown value
RCX=0x000000001f3e09f8 is an unknown value
RDX=0x0000000002b14e88 is a global jni handle
RSP=0x0000000028f7dcc8 is pointing into the stack for thread: 0x0000000027c0a800
RBP=0x00000000000003e8 is an unknown value
RSI=0x0000000000000009 is an unknown value
RDI=0x000000001f793d00 is an unknown value
R8 =0x0000000000000000 is an unknown value
R9 =0x0000000000000009 is an unknown value
R10=0x000000001f3e0ad0 is an unknown value
R11=0x000000005f7f7bb0 is an unknown value
R12=0x0000000000000000 is an unknown value
R13={method} {0x00000000271f7450} 'nativeReadBuf' '(JI)I' in 'ch/aplu/jaw/NativeHandler'
R14=0x0000000028f7ddd8 is pointing into the stack for thread: 0x0000000027c0a800
R15=0x0000000027c0a800 is a thread


Stack: [0x0000000028e80000,0x0000000028f80000],  sp=0x0000000028f7dcc8,  free space=1015k
Native frames: (J=compiled Java code, j=interpreted, Vv=VM code, C=native code)

Java frames: (J=compiled Java code, j=interpreted, Vv=VM code)
j  ch.aplu.jaw.NativeHandler.nativeReadBuf(JI)I+0
j  ch.aplu.jaw.NativeHandler.readBuf(I)I+33
j  ch.aplu.xboxcontroller.XboxController.readData()Lch/aplu/xboxcontroller/ControllerState;+15
j  ch.aplu.xboxcontroller.XboxController.access$000(Lch/aplu/xboxcontroller/XboxController;)Lch/aplu/xboxcontroller/ControllerState;+1
j  ch.aplu.xboxcontroller.XboxController$1.actionPerformed(Ljava/awt/event/ActionEvent;)V+4
j  javax.swing.Timer.fireActionPerformed(Ljava/awt/event/ActionEvent;)V+34
j  javax.swing.Timer$DoPostEvent.run()V+74
j  java.awt.event.InvocationEvent.dispatch()V+47
j  java.awt.EventQueue.dispatchEventImpl(Ljava/awt/AWTEvent;Ljava/lang/Object;)V+21
j  java.awt.EventQueue.access$500(Ljava/awt/EventQueue;Ljava/awt/AWTEvent;Ljava/lang/Object;)V+3
j  java.awt.EventQueue$3.run()Ljava/lang/Void;+32
j  java.awt.EventQueue$3.run()Ljava/lang/Object;+1
v  ~StubRoutines::call_stub
J 1253  java.security.AccessController.doPrivileged(Ljava/security/PrivilegedAction;Ljava/security/AccessControlContext;)Ljava/lang/Object; (0 bytes) @ 0x0000000002f9f9a6 [0x0000000002f9f940+0x66]
J 2394 C1 java.awt.EventQueue.dispatchEvent(Ljava/awt/AWTEvent;)V (80 bytes) @ 0x0000000002d15804 [0x0000000002d14f40+0x8c4]
J 2067 C1 java.awt.EventDispatchThread.pumpOneEventForFilters(I)V (295 bytes) @ 0x0000000003185014 [0x00000000031832c0+0x1d54]
j  java.awt.EventDispatchThread.pumpEventsForFilter(ILjava/awt/Conditional;Ljava/awt/EventFilter;)V+35
j  java.awt.EventDispatchThread.pumpEventsForHierarchy(ILjava/awt/Conditional;Ljava/awt/Component;)V+11
j  java.awt.EventDispatchThread.pumpEvents(ILjava/awt/Conditional;)V+4
j  java.awt.EventDispatchThread.pumpEvents(Ljava/awt/Conditional;)V+3
j  java.awt.EventDispatchThread.run()V+9
v  ~StubRoutines::call_stub

---------------  P R O C E S S  ---------------

Java Threads: ( => current thread )
  0x0000000027c0f000 JavaThread "RMI TCP Connection(3)-192.168.2.2" daemon [_thread_in_native, id=22136, stack(0x0000000029d80000,0x0000000029e80000)]
  0x0000000027c0e000 JavaThread "RMI TCP Connection(2)-192.168.2.2" daemon [_thread_in_native, id=22448, stack(0x0000000029c80000,0x0000000029d80000)]
  0x0000000027c09000 JavaThread "JMX server connection timeout 31" daemon [_thread_blocked, id=11332, stack(0x0000000029980000,0x0000000029a80000)]
  0x0000000027c0d800 JavaThread "RMI Scheduler(0)" daemon [_thread_blocked, id=21188, stack(0x0000000029880000,0x0000000029980000)]
  0x0000000027c0c000 JavaThread "RMI TCP Connection(1)-192.168.2.2" daemon [_thread_in_native, id=7496, stack(0x0000000029780000,0x0000000029880000)]
  0x0000000027c0b000 JavaThread "RMI TCP Accept-0" daemon [_thread_in_native, id=18000, stack(0x0000000029580000,0x0000000029680000)]
  0x0000000027c0c800 JavaThread "DestroyJavaVM" [_thread_blocked, id=6024, stack(0x00000000028d0000,0x00000000029d0000)]
=>0x0000000027c0a800 JavaThread "AWT-EventQueue-0" [_thread_in_native, id=19864, stack(0x0000000028e80000,0x0000000028f80000)]
  0x0000000027c08000 JavaThread "AWT-Windows" daemon [_thread_in_native, id=5012, stack(0x0000000028d80000,0x0000000028e80000)]
  0x000000001f7d3800 JavaThread "AWT-Shutdown" [_thread_blocked, id=10152, stack(0x0000000028c80000,0x0000000028d80000)]
  0x000000001f7d2800 JavaThread "Java2D Disposer" daemon [_thread_blocked, id=16148, stack(0x0000000028b80000,0x0000000028c80000)]
  0x000000001f7af800 JavaThread "TimerQueue" daemon [_thread_blocked, id=12340, stack(0x0000000027ab0000,0x0000000027bb0000)]
  0x000000001f7a5800 JavaThread "Thread-4" [_thread_in_native, id=3020, stack(0x00000000274b0000,0x00000000275b0000)]
  0x000000001f74f800 JavaThread "Prism Font Disposer" daemon [_thread_blocked, id=12144, stack(0x00000000264b0000,0x00000000265b0000)]
  0x000000001f497800 JavaThread "Thread-3" daemon [_thread_in_native, id=9748, stack(0x0000000024320000,0x0000000024420000)]
  0x000000001f3dd800 JavaThread "Thread-1" daemon [_thread_blocked, id=4904, stack(0x000000001fb80000,0x000000001fc80000)]
  0x000000001e5d3800 JavaThread "Service Thread" daemon [_thread_blocked, id=5568, stack(0x000000001ef80000,0x000000001f080000)]
  0x000000001e5bb000 JavaThread "C1 CompilerThread3" daemon [_thread_blocked, id=16608, stack(0x000000001ee80000,0x000000001ef80000)]
  0x000000001e5ac000 JavaThread "C2 CompilerThread2" daemon [_thread_blocked, id=13148, stack(0x000000001ed80000,0x000000001ee80000)]
  0x000000001e5aa800 JavaThread "C2 CompilerThread1" daemon [_thread_blocked, id=20912, stack(0x000000001ec80000,0x000000001ed80000)]
  0x000000001e5b9000 JavaThread "C2 CompilerThread0" daemon [_thread_blocked, id=11348, stack(0x000000001eb80000,0x000000001ec80000)]
  0x000000001e5b5000 JavaThread "Attach Listener" daemon [_thread_blocked, id=1912, stack(0x000000001ea80000,0x000000001eb80000)]
  0x000000001e5b4000 JavaThread "Signal Dispatcher" daemon [_thread_blocked, id=17800, stack(0x000000001e980000,0x000000001ea80000)]
  0x0000000002b3c800 JavaThread "Finalizer" daemon [_thread_blocked, id=2428, stack(0x000000001e480000,0x000000001e580000)]
  0x0000000002b35800 JavaThread "Reference Handler" daemon [_thread_blocked, id=4432, stack(0x000000001e380000,0x000000001e480000)]

Other Threads:
  0x000000001c5a9000 VMThread [stack: 0x000000001e280000,0x000000001e380000] [id=6520]
  0x000000001e5d6000 WatcherThread [stack: 0x000000001f080000,0x000000001f180000] [id=6064]

VM state:not at safepoint (normal execution)

VM Mutex/Monitor currently owned by a thread: None

Heap:
 PSYoungGen      total 76288K, used 12396K [0x000000076b100000, 0x0000000770600000, 0x00000007c0000000)
  eden space 65536K, 18% used [0x000000076b100000,0x000000076bd1b100,0x000000076f100000)
  from space 10752K, 0% used [0x000000076fb80000,0x000000076fb80000,0x0000000770600000)
  to   space 10752K, 0% used [0x000000076f100000,0x000000076f100000,0x000000076fb80000)
 ParOldGen       total 175104K, used 12333K [0x00000006c1200000, 0x00000006cbd00000, 0x000000076b100000)
  object space 175104K, 7% used [0x00000006c1200000,0x00000006c1e0b650,0x00000006cbd00000)
 Metaspace       used 22577K, capacity 23560K, committed 23680K, reserved 1069056K
  class space    used 3145K, capacity 3369K, committed 3456K, reserved 1048576K

Card table byte_map: [0x0000000011f00000,0x0000000012700000] byte_map_base: 0x000000000e8f7000

Marking Bits: (ParMarkBitMap*) 0x000000005fdd4040
 Begin Bits: [0x0000000013450000, 0x0000000017408000)
 End Bits:   [0x0000000017408000, 0x000000001b3c0000)

Polling page: 0x0000000000c90000

CodeCache: size=245760Kb used=7247Kb max_used=7259Kb free=238512Kb
 bounds [0x0000000002b40000, 0x0000000003260000, 0x0000000011b40000]
 total_blobs=3136 nmethods=2385 adapters=662
 compilation: enabled

Compilation events (10 events):
Event: 21.308 Thread 0x000000001e5bb000 nmethod 2414 0x0000000003254d10 code [0x0000000003254ec0, 0x00000000032552d8]
Event: 21.308 Thread 0x000000001e5bb000 2415       3       java.io.ObjectOutputStream::writeString (74 bytes)
Event: 21.309 Thread 0x000000001e5ac000 nmethod 2409 0x0000000002d13e10 code [0x0000000002d13f40, 0x0000000002d14018]
Event: 21.309 Thread 0x000000001e5ac000 2416       4       java.util.concurrent.ConcurrentHashMap::get (162 bytes)
Event: 21.310 Thread 0x000000001e5bb000 nmethod 2415 0x0000000003257150 code [0x0000000003257380, 0x0000000003257bb8]
Event: 21.310 Thread 0x000000001e5bb000 2417       3       java.io.Bits::putLong (86 bytes)
Event: 21.311 Thread 0x000000001e5bb000 nmethod 2417 0x0000000003256b90 code [0x0000000003256d00, 0x0000000003256f90]
Event: 21.312 Thread 0x000000001e5b9000 nmethod 2411 0x0000000003259a10 code [0x0000000003259b60, 0x0000000003259cb8]
Event: 21.316 Thread 0x000000001e5aa800 nmethod 2412 0x0000000003259410 code [0x0000000003259560, 0x0000000003259838]
Event: 21.319 Thread 0x000000001e5ac000 nmethod 2416 0x0000000003258d10 code [0x0000000003258e60, 0x0000000003259158]

GC Heap History (6 events):
Event: 3.145 GC heap before
{Heap before GC invocations=1 (full 0):
 PSYoungGen      total 76288K, used 65536K [0x000000076b100000, 0x0000000770600000, 0x00000007c0000000)
  eden space 65536K, 100% used [0x000000076b100000,0x000000076f100000,0x000000076f100000)
  from space 10752K, 0% used [0x000000076fb80000,0x000000076fb80000,0x0000000770600000)
  to   space 10752K, 0% used [0x000000076f100000,0x000000076f100000,0x000000076fb80000)
 ParOldGen       total 175104K, used 0K [0x00000006c1200000, 0x00000006cbd00000, 0x000000076b100000)
  object space 175104K, 0% used [0x00000006c1200000,0x00000006c1200000,0x00000006cbd00000)
 Metaspace       used 19377K, capacity 20136K, committed 20480K, reserved 1067008K
  class space    used 2741K, capacity 2949K, committed 3072K, reserved 1048576K
Event: 3.166 GC heap after
Heap after GC invocations=1 (full 0):
 PSYoungGen      total 76288K, used 10739K [0x000000076b100000, 0x0000000770600000, 0x00000007c0000000)
  eden space 65536K, 0% used [0x000000076b100000,0x000000076b100000,0x000000076f100000)
  from space 10752K, 99% used [0x000000076f100000,0x000000076fb7cff0,0x000000076fb80000)
  to   space 10752K, 0% used [0x000000076fb80000,0x000000076fb80000,0x0000000770600000)
 ParOldGen       total 175104K, used 2459K [0x00000006c1200000, 0x00000006cbd00000, 0x000000076b100000)
  object space 175104K, 1% used [0x00000006c1200000,0x00000006c1466f38,0x00000006cbd00000)
 Metaspace       used 19377K, capacity 20136K, committed 20480K, reserved 1067008K
  class space    used 2741K, capacity 2949K, committed 3072K, reserved 1048576K
}
Event: 4.554 GC heap before
{Heap before GC invocations=2 (full 0):
 PSYoungGen      total 76288K, used 32640K [0x000000076b100000, 0x0000000770600000, 0x00000007c0000000)
  eden space 65536K, 33% used [0x000000076b100000,0x000000076c6630b0,0x000000076f100000)
  from space 10752K, 99% used [0x000000076f100000,0x000000076fb7cff0,0x000000076fb80000)
  to   space 10752K, 0% used [0x000000076fb80000,0x000000076fb80000,0x0000000770600000)
 ParOldGen       total 175104K, used 2459K [0x00000006c1200000, 0x00000006cbd00000, 0x000000076b100000)
  object space 175104K, 1% used [0x00000006c1200000,0x00000006c1466f38,0x00000006cbd00000)
 Metaspace       used 19448K, capacity 20268K, committed 20480K, reserved 1067008K
  class space    used 2741K, capacity 2949K, committed 3072K, reserved 1048576K
Event: 4.559 GC heap after
Heap after GC invocations=2 (full 0):
 PSYoungGen      total 76288K, used 10383K [0x000000076b100000, 0x0000000770600000, 0x00000007c0000000)
  eden space 65536K, 0% used [0x000000076b100000,0x000000076b100000,0x000000076f100000)
  from space 10752K, 96% used [0x000000076fb80000,0x00000007705a3ff0,0x0000000770600000)
  to   space 10752K, 0% used [0x000000076f100000,0x000000076f100000,0x000000076fb80000)
 ParOldGen       total 175104K, used 2467K [0x00000006c1200000, 0x00000006cbd00000, 0x000000076b100000)
  object space 175104K, 1% used [0x00000006c1200000,0x00000006c1468f38,0x00000006cbd00000)
 Metaspace       used 19448K, capacity 20268K, committed 20480K, reserved 1067008K
  class space    used 2741K, capacity 2949K, committed 3072K, reserved 1048576K
}
Event: 4.559 GC heap before
{Heap before GC invocations=3 (full 1):
 PSYoungGen      total 76288K, used 10383K [0x000000076b100000, 0x0000000770600000, 0x00000007c0000000)
  eden space 65536K, 0% used [0x000000076b100000,0x000000076b100000,0x000000076f100000)
  from space 10752K, 96% used [0x000000076fb80000,0x00000007705a3ff0,0x0000000770600000)
  to   space 10752K, 0% used [0x000000076f100000,0x000000076f100000,0x000000076fb80000)
 ParOldGen       total 175104K, used 2467K [0x00000006c1200000, 0x00000006cbd00000, 0x000000076b100000)
  object space 175104K, 1% used [0x00000006c1200000,0x00000006c1468f38,0x00000006cbd00000)
 Metaspace       used 19448K, capacity 20268K, committed 20480K, reserved 1067008K
  class space    used 2741K, capacity 2949K, committed 3072K, reserved 1048576K
Event: 4.588 GC heap after
Heap after GC invocations=3 (full 1):
 PSYoungGen      total 76288K, used 0K [0x000000076b100000, 0x0000000770600000, 0x00000007c0000000)
  eden space 65536K, 0% used [0x000000076b100000,0x000000076b100000,0x000000076f100000)
  from space 10752K, 0% used [0x000000076fb80000,0x000000076fb80000,0x0000000770600000)
  to   space 10752K, 0% used [0x000000076f100000,0x000000076f100000,0x000000076fb80000)
 ParOldGen       total 175104K, used 12333K [0x00000006c1200000, 0x00000006cbd00000, 0x000000076b100000)
  object space 175104K, 7% used [0x00000006c1200000,0x00000006c1e0b650,0x00000006cbd00000)
 Metaspace       used 19448K, capacity 20268K, committed 20480K, reserved 1067008K
  class space    used 2741K, capacity 2949K, committed 3072K, reserved 1048576K
}

Deoptimization events (10 events):
Event: 17.952 Thread 0x000000001e5b5000 Uncommon trap: reason=unstable_if action=reinterpret pc=0x00000000030085b8 method=sun.net.www.ParseUtil.encodePath(Ljava/lang/String;Z)Ljava/lang/String; @ 145
Event: 17.960 Thread 0x000000001e5b5000 Uncommon trap: reason=unstable_if action=reinterpret pc=0x0000000002e47f64 method=java.lang.String.indexOf([CII[CIII)I @ 3
Event: 17.979 Thread 0x000000001e5b5000 Uncommon trap: reason=class_check action=maybe_recompile pc=0x0000000002f04494 method=java.util.HashMap.putVal(ILjava/lang/Object;Ljava/lang/Object;ZZ)Ljava/lang/Object; @ 253
Event: 17.981 Thread 0x000000001e5b5000 Uncommon trap: reason=class_check action=maybe_recompile pc=0x0000000002f04494 method=java.util.HashMap.putVal(ILjava/lang/Object;Ljava/lang/Object;ZZ)Ljava/lang/Object; @ 253
Event: 17.986 Thread 0x000000001e5b5000 Uncommon trap: reason=class_check action=maybe_recompile pc=0x0000000002f04494 method=java.util.HashMap.putVal(ILjava/lang/Object;Ljava/lang/Object;ZZ)Ljava/lang/Object; @ 253
Event: 17.986 Thread 0x000000001e5b5000 Uncommon trap: reason=class_check action=maybe_recompile pc=0x0000000002f04494 method=java.util.HashMap.putVal(ILjava/lang/Object;Ljava/lang/Object;ZZ)Ljava/lang/Object; @ 253
Event: 17.990 Thread 0x000000001e5b5000 Uncommon trap: reason=class_check action=maybe_recompile pc=0x0000000002efd5f8 method=java.util.HashMap.putVal(ILjava/lang/Object;Ljava/lang/Object;ZZ)Ljava/lang/Object; @ 253
Event: 18.254 Thread 0x0000000027c0c000 Uncommon trap: reason=class_check action=maybe_recompile pc=0x0000000003167510 method=java.io.ObjectInputStream$PeekInputStream.read([BII)I @ 20
Event: 18.254 Thread 0x0000000027c0c000 Uncommon trap: reason=class_check action=maybe_recompile pc=0x0000000003167510 method=java.io.ObjectInputStream$PeekInputStream.read([BII)I @ 20
Event: 18.254 Thread 0x0000000027c0c000 Uncommon trap: reason=unstable_if action=reinterpret pc=0x0000000003167aa0 method=java.io.ObjectInputStream$PeekInputStream.read([BII)I @ 10

Internal exceptions (10 events):
Event: 18.259 Thread 0x0000000027c0c000 Exception <a 'java/lang/NoSuchMethodError': <clinit>> (0x000000076babbed8) thrown at [C:\re\workspace\8-2-build-windows-amd64-cygwin\jdk8u51\3951\hotspot\src\share\vm\prims\jni.cpp, line 1598]
Event: 18.262 Thread 0x0000000027c0c000 Exception <a 'java/lang/ClassNotFoundException': javax/management/remote/rmi/RMIConnectionImpl_Skel> (0x000000076bac0d80) thrown at [C:\re\workspace\8-2-build-windows-amd64-cygwin\jdk8u51\3951\hotspot\src\share\vm\classfile\systemDictionary.cpp, line 210]
Event: 18.276 Thread 0x0000000027c0c000 Exception <a 'java/lang/NoSuchMethodError': <clinit>> (0x000000076bb80570) thrown at [C:\re\workspace\8-2-build-windows-amd64-cygwin\jdk8u51\3951\hotspot\src\share\vm\prims\jni.cpp, line 1598]
Event: 18.277 Thread 0x0000000027c0c000 Exception <a 'java/lang/NoSuchMethodError': <clinit>> (0x000000076bb8e108) thrown at [C:\re\workspace\8-2-build-windows-amd64-cygwin\jdk8u51\3951\hotspot\src\share\vm\prims\jni.cpp, line 1598]
Event: 18.277 Thread 0x0000000027c0c000 Exception <a 'java/lang/NoSuchMethodError': <clinit>> (0x000000076bb8ea20) thrown at [C:\re\workspace\8-2-build-windows-amd64-cygwin\jdk8u51\3951\hotspot\src\share\vm\prims\jni.cpp, line 1598]
Event: 18.280 Thread 0x0000000027c0c000 Exception <a 'java/lang/NoSuchMethodError': <clinit>> (0x000000076bba9390) thrown at [C:\re\workspace\8-2-build-windows-amd64-cygwin\jdk8u51\3951\hotspot\src\share\vm\prims\jni.cpp, line 1598]
Event: 18.280 Thread 0x0000000027c0c000 Exception <a 'java/lang/NoSuchMethodError': <clinit>> (0x000000076bba9f38) thrown at [C:\re\workspace\8-2-build-windows-amd64-cygwin\jdk8u51\3951\hotspot\src\share\vm\prims\jni.cpp, line 1598]
Event: 18.280 Thread 0x0000000027c0c000 Exception <a 'java/lang/NoSuchMethodError': <clinit>> (0x000000076bbaaab0) thrown at [C:\re\workspace\8-2-build-windows-amd64-cygwin\jdk8u51\3951\hotspot\src\share\vm\prims\jni.cpp, line 1598]
Event: 19.297 Thread 0x0000000027c0c000 Exception <a 'java/lang/NoSuchMethodError': <clinit>> (0x000000076bbf8fd0) thrown at [C:\re\workspace\8-2-build-windows-amd64-cygwin\jdk8u51\3951\hotspot\src\share\vm\prims\jni.cpp, line 1598]
Event: 19.333 Thread 0x0000000027c0c000 Exception <a 'java/lang/NoSuchMethodError': <clinit>> (0x000000076bc2c758) thrown at [C:\re\workspace\8-2-build-windows-amd64-cygwin\jdk8u51\3951\hotspot\src\share\vm\prims\jni.cpp, line 1598]

Events (10 events):
Event: 20.297 Thread 0x000000001e5ac000 flushing nmethod 0x0000000002c854d0
Event: 20.297 Thread 0x000000001e5ac000 flushing nmethod 0x0000000002c86390
Event: 20.297 Thread 0x000000001e5ac000 flushing nmethod 0x0000000002c86a50
Event: 20.297 Thread 0x000000001e5ac000 flushing nmethod 0x0000000002c879d0
Event: 20.297 Thread 0x000000001e5ac000 flushing nmethod 0x0000000002c89bd0
Event: 20.300 Thread 0x000000001e5bb000 flushing nmethod 0x0000000002c9f850
Event: 20.300 Thread 0x000000001e5bb000 flushing nmethod 0x0000000002cffe50
Event: 20.300 Thread 0x000000001e5bb000 flushing nmethod 0x0000000002d13c10
Event: 21.299 Executing VM operation: ThreadDump
Event: 21.300 Executing VM operation: ThreadDump done


Dynamic libraries:
0x00007ff6250d0000 - 0x00007ff625107000 	C:\Program Files\Java\jdk1.8.0_51\jre\bin\java.exe
0x00007ffa7a8d0000 - 0x00007ffa7aaa1000 	C:\WINDOWS\SYSTEM32\ntdll.dll
0x00007ffa78130000 - 0x00007ffa781db000 	C:\WINDOWS\System32\KERNEL32.DLL
0x00007ffa777b0000 - 0x00007ffa779cd000 	C:\WINDOWS\System32\KERNELBASE.dll
0x00007ffa7a6f0000 - 0x00007ffa7a792000 	C:\WINDOWS\System32\ADVAPI32.dll
0x00007ffa79c20000 - 0x00007ffa79cbe000 	C:\WINDOWS\System32\msvcrt.dll
0x00007ffa79cc0000 - 0x00007ffa79d19000 	C:\WINDOWS\System32\sechost.dll
0x00007ffa7a050000 - 0x00007ffa7a171000 	C:\WINDOWS\System32\RPCRT4.dll
0x00007ffa79890000 - 0x00007ffa799f5000 	C:\WINDOWS\System32\USER32.dll
0x00007ffa77d90000 - 0x00007ffa77dae000 	C:\WINDOWS\System32\win32u.dll
0x00007ffa79be0000 - 0x00007ffa79c14000 	C:\WINDOWS\System32\GDI32.dll
0x00007ffa77c00000 - 0x00007ffa77d82000 	C:\WINDOWS\System32\gdi32full.dll
0x00007ffa6af50000 - 0x00007ffa6b1c9000 	C:\WINDOWS\WinSxS\amd64_microsoft.windows.common-controls_6595b64144ccf1df_6.0.14393.447_none_42191651c6827bb3\COMCTL32.dll
0x00007ffa77e60000 - 0x00007ffa78128000 	C:\WINDOWS\System32\combase.dll
0x00007ffa77600000 - 0x00007ffa776f5000 	C:\WINDOWS\System32\ucrtbase.dll
0x00007ffa774a0000 - 0x00007ffa7750a000 	C:\WINDOWS\System32\bcryptPrimitives.dll
0x00007ffa79a60000 - 0x00007ffa79a8e000 	C:\WINDOWS\System32\IMM32.DLL
0x000000005f4f0000 - 0x000000005f5c2000 	C:\Program Files\Java\jdk1.8.0_51\jre\bin\msvcr100.dll
0x000000005f5d0000 - 0x000000005fe53000 	C:\Program Files\Java\jdk1.8.0_51\jre\bin\server\jvm.dll
0x00007ffa79bd0000 - 0x00007ffa79bd8000 	C:\WINDOWS\System32\PSAPI.DLL
0x00007ffa6f900000 - 0x00007ffa6f909000 	C:\WINDOWS\SYSTEM32\WSOCK32.dll
0x00007ffa74dc0000 - 0x00007ffa74de3000 	C:\WINDOWS\SYSTEM32\WINMM.dll
0x00007ffa69800000 - 0x00007ffa6980a000 	C:\WINDOWS\SYSTEM32\VERSION.dll
0x00007ffa7a680000 - 0x00007ffa7a6ea000 	C:\WINDOWS\System32\WS2_32.dll
0x0000000000c50000 - 0x0000000000c7b000 	C:\WINDOWS\SYSTEM32\WINMMBASE.dll
0x00007ffa77510000 - 0x00007ffa77552000 	C:\WINDOWS\System32\cfgmgr32.dll
0x0000000061160000 - 0x000000006116f000 	C:\Program Files\Java\jdk1.8.0_51\jre\bin\verify.dll
0x0000000060fc0000 - 0x0000000060fe9000 	C:\Program Files\Java\jdk1.8.0_51\jre\bin\java.dll
0x0000000060fa0000 - 0x0000000060fb6000 	C:\Program Files\Java\jdk1.8.0_51\jre\bin\zip.dll
0x00007ffa781e0000 - 0x00007ffa796e9000 	C:\WINDOWS\System32\SHELL32.dll
0x00007ffa76dc0000 - 0x00007ffa7749a000 	C:\WINDOWS\System32\windows.storage.dll
0x00007ffa76d60000 - 0x00007ffa76dac000 	C:\WINDOWS\System32\powrprof.dll
0x00007ffa7a870000 - 0x00007ffa7a8c2000 	C:\WINDOWS\System32\shlwapi.dll
0x00007ffa76d30000 - 0x00007ffa76d3f000 	C:\WINDOWS\System32\kernel.appcore.dll
0x00007ffa77700000 - 0x00007ffa777a9000 	C:\WINDOWS\System32\shcore.dll
0x00007ffa76d40000 - 0x00007ffa76d54000 	C:\WINDOWS\System32\profapi.dll
0x000000005f0f0000 - 0x000000005f11c000 	C:\Program Files\Java\jdk1.8.0_51\jre\bin\prism_d3d.dll
0x00007ffa46fc0000 - 0x00007ffa4714d000 	C:\WINDOWS\system32\d3d9.dll
0x00007ffa746d0000 - 0x00007ffa746f6000 	C:\WINDOWS\SYSTEM32\dwmapi.dll
0x00007ffa75410000 - 0x00007ffa754a5000 	C:\WINDOWS\system32\uxtheme.dll
0x00007ffa79f90000 - 0x00007ffa7a04f000 	C:\WINDOWS\System32\OLEAUT32.dll
0x00007ffa77560000 - 0x00007ffa775fc000 	C:\WINDOWS\System32\msvcp_win.dll
0x00007ffa79a90000 - 0x00007ffa79bc7000 	C:\WINDOWS\System32\ole32.dll
0x000000005f0a0000 - 0x000000005f0e1000 	C:\Program Files\Java\jdk1.8.0_51\jre\bin\glass.dll
0x00007ffa79d20000 - 0x00007ffa79e1a000 	C:\WINDOWS\System32\COMDLG32.dll
0x00007ffa79e30000 - 0x00007ffa79f8b000 	C:\WINDOWS\System32\MSCTF.dll
0x0000000060950000 - 0x0000000060965000 	C:\Program Files\Java\jdk1.8.0_51\jre\bin\javafx_font.dll
0x00007ffa60b90000 - 0x00007ffa60df9000 	C:\WINDOWS\SYSTEM32\dwrite.dll
0x00007ffa7a5e0000 - 0x00007ffa7a67f000 	C:\WINDOWS\System32\clbcatq.dll
0x00007ffa6d380000 - 0x00007ffa6d528000 	C:\WINDOWS\SYSTEM32\WindowsCodecs.dll
0x00007ffa69330000 - 0x00007ffa69379000 	C:\WINDOWS\system32\dataexchange.dll
0x00007ffa733c0000 - 0x00007ffa73676000 	C:\WINDOWS\system32\d3d11.dll
0x00007ffa741d0000 - 0x00007ffa74321000 	C:\WINDOWS\system32\dcomp.dll
0x00007ffa75cc0000 - 0x00007ffa75d5f000 	C:\WINDOWS\system32\dxgi.dll
0x00007ffa75760000 - 0x00007ffa7587c000 	C:\WINDOWS\system32\twinapi.appcore.dll
0x00007ffa76910000 - 0x00007ffa7693b000 	C:\WINDOWS\system32\bcrypt.dll
0x000000005f080000 - 0x000000005f091000 	C:\Program Files\Java\jdk1.8.0_51\jre\bin\prism_common.dll
0x0000000060f80000 - 0x0000000060f9a000 	C:\Program Files\Java\jdk1.8.0_51\jre\bin\net.dll
0x00007ffa76660000 - 0x00007ffa766bc000 	C:\WINDOWS\system32\mswsock.dll
0x00007ffa6a3b0000 - 0x00007ffa6a3c1000 	C:\Users\Nathan\Documents\NetBeansProjects\panorabot\panorabotClient\xboxcontroller64.dll
0x0000000061170000 - 0x0000000061208000 	C:\WINDOWS\SYSTEM32\MSVCP100.dll
0x00007ffa73230000 - 0x00007ffa73237000 	C:\WINDOWS\SYSTEM32\XINPUT9_1_0.dll
0x00007ffa68730000 - 0x00007ffa6873e000 	C:\WINDOWS\SYSTEM32\XInput1_4.dll
0x00007ffa75a00000 - 0x00007ffa75a28000 	C:\WINDOWS\SYSTEM32\DEVOBJ.dll
0x000000005f350000 - 0x000000005f4e8000 	C:\Program Files\Java\jdk1.8.0_51\jre\bin\awt.dll
0x00007ffa75080000 - 0x00007ffa750fa000 	C:\WINDOWS\SYSTEM32\apphelp.dll
0x00007ffa76440000 - 0x00007ffa764e0000 	C:\WINDOWS\SYSTEM32\DNSAPI.dll
0x00007ffa79e20000 - 0x00007ffa79e28000 	C:\WINDOWS\System32\NSI.dll
0x00007ffa763f0000 - 0x00007ffa76428000 	C:\WINDOWS\SYSTEM32\IPHLPAPI.DLL
0x0000000062000000 - 0x0000000062026000 	C:\Program Files\Bonjour\mdnsNSP.dll
0x00007ffa6eab0000 - 0x00007ffa6eaba000 	C:\Windows\System32\rasadhlp.dll
0x00007ffa711f0000 - 0x00007ffa7125a000 	C:\WINDOWS\System32\fwpuclnt.dll
0x0000000061150000 - 0x000000006115d000 	C:\Program Files\Java\jdk1.8.0_51\jre\bin\management.dll
0x0000000060f60000 - 0x0000000060f71000 	C:\Program Files\Java\jdk1.8.0_51\jre\bin\nio.dll
0x00007ffa76800000 - 0x00007ffa76817000 	C:\WINDOWS\SYSTEM32\CRYPTSP.dll
0x00007ffa76270000 - 0x00007ffa762a3000 	C:\WINDOWS\system32\rsaenh.dll
0x00007ffa764e0000 - 0x00007ffa764ff000 	C:\WINDOWS\SYSTEM32\USERENV.dll
0x00007ffa76820000 - 0x00007ffa7682b000 	C:\WINDOWS\SYSTEM32\CRYPTBASE.dll
0x00007ffa72920000 - 0x00007ffa72936000 	C:\WINDOWS\SYSTEM32\dhcpcsvc6.DLL
0x00007ffa728f0000 - 0x00007ffa7290a000 	C:\WINDOWS\SYSTEM32\dhcpcsvc.DLL
0x00007ffa66c80000 - 0x00007ffa66c96000 	C:\WINDOWS\system32\napinsp.dll
0x00007ffa62900000 - 0x00007ffa6291a000 	C:\WINDOWS\system32\pnrpnsp.dll
0x00007ffa74ee0000 - 0x00007ffa74ef8000 	C:\WINDOWS\system32\NLAapi.dll
0x00007ffa65f10000 - 0x00007ffa65f1e000 	C:\WINDOWS\System32\winrnr.dll
0x00007ffa60fb0000 - 0x00007ffa60fc5000 	C:\WINDOWS\System32\wshbth.dll
0x00007ffa66cd0000 - 0x00007ffa66e62000 	C:\WINDOWS\SYSTEM32\dbghelp.dll

VM Arguments:
jvm_args: -Dfile.encoding=UTF-8 
java_command: panorabotClient.ihm.panorabotClient
java_class_path (initial): C:\Users\Nathan\Documents\NetBeansProjects\panorabot\panorabotClient\lib\XboxController.jar;C:\Users\Nathan\Documents\NetBeansProjects\panorabot\panorabotClient\lib\aplu5.jar;C:\Users\Nathan\Documents\NetBeansProjects\panorabot\panorabotClient\lib\jSSC-2.8.0-Release;C:\Users\Nathan\Documents\NetBeansProjects\panorabot\panorabotClient\lib\jaw.jar;C:\Users\Nathan\Documents\NetBeansProjects\panorabot\panorabotClient\lib\OpenImaj\BezierUtils-1.0.0.jar;C:\Users\Nathan\Documents\NetBeansProjects\panorabot\panorabotClient\lib\OpenImaj\FaceTracker-1.3.1.jar;C:\Users\Nathan\Documents\NetBeansProjects\panorabot\panorabotClient\lib\OpenImaj\IREval-1.3.1.jar;C:\Users\Nathan\Documents\NetBeansProjects\panorabot\panorabotClient\lib\OpenImaj\ImprovedArgs4J-1.3.1.jar;C:\Users\Nathan\Documents\NetBeansProjects\panorabot\panorabotClient\lib\OpenImaj\JTransforms-1.3.1.jar;C:\Users\Nathan\Documents\NetBeansProjects\panorabot\panorabotClient\lib\OpenImaj\Jama-1.0.2.jar;C:\Users\Nathan\Documents\NetBeansProjects\panorabot\panorabotClient\lib\OpenImaj\MatrixLib-1.3.1.jar;C:\Users\Nathan\Documents\NetBeansProjects\panorabot\panorabotClient\lib\OpenImaj\animation-1.3.1.jar;C:\Users\Nathan\Documents\NetBeansProjects\panorabot\panorabotClient\lib\OpenImaj\apache-commons-sanselan.jar;C:\Users\Nathan\Documents\NetBeansProjects\panorabot\panorabotClient\lib\OpenImaj\apache-jakarta-commons-httpclient.jar;C:\Users\Nathan\Documents\NetBeansProjects\panorabot\panorabotClient\lib\OpenImaj\apache-logging-log4j.jar;C:\Users\Nathan\Documents\NetBeansProjects\panorabot\panorabotClient\lib\OpenImaj\arpack-combo-0.1.jar;C:\Users\Nathan\Documents\NetBeansProjects\panorabot\panorabotClient\lib\OpenImaj\bridj-0.6.2.jar;C:\Users\Nathan\Documents\NetBeansProjects\panorabot\panorabotClient\lib\OpenImaj\clustering-1.3.1.jar;C:\Users\Nathan\Documents\NetBeansProjects\panorabot\panorabotClient\lib\OpenImaj\colt-1.2.0.jar;C:\Users\Nathan\Documents\NetBeansProjects\panorabot\panorabotClie
Launcher Type: SUN_STANDARD

Environment Variables:
JAVA_HOME=C:\Program Files\Java\jdk1.8.0_51
PATH=C:\ProgramData\Oracle\Java\javapath;C:\Program Files (x86)\Intel\iCLS Client\;C:\Program Files\Intel\iCLS Client\;C:\Windows\system32;C:\Windows;C:\Windows\System32\Wbem;C:\Windows\System32\WindowsPowerShell\v1.0\;C:\Program Files (x86)\Acer\abFiles\;C:\Program Files\Intel\Intel(R) Management Engine Components\DAL;C:\Program Files (x86)\Intel\Intel(R) Management Engine Components\DAL;C:\Program Files\Intel\Intel(R) Management Engine Components\IPT;C:\Program Files (x86)\Intel\Intel(R) Management Engine Components\IPT;C:\WINDOWS\system32;C:\WINDOWS;C:\WINDOWS\System32\Wbem;C:\WINDOWS\System32\WindowsPowerShell\v1.0\;C:\Program Files (x86)\GtkSharp\2.12\bin;D:\Programmes\Brackets\command;C:\Program Files (x86)\Skype\Phone\;C:\Program Files (x86)\NVIDIA Corporation\PhysX\Common;C:\Program Files\apache-maven-3.3.9\bin;C:\WINDOWS\system32;C:\WINDOWS;C:\WINDOWS\System32\Wbem;C:\WINDOWS\System32\WindowsPowerShell\v1.0\;C:\Program Files (x86)\IVI Foundation\VISA\WinNT\Bin;C:\Users\Nathan\Desktop\CMPMVS_0_6_0;C:\Users\Nathan\AppData\Local\Microsoft\WindowsApps;
USERNAME=Nathan
OS=Windows_NT
PROCESSOR_IDENTIFIER=Intel64 Family 6 Model 60 Stepping 3, GenuineIntel



---------------  S Y S T E M  ---------------

OS: Windows 10.0 , 64 bit Build 14393 (10.0.14393.0)

CPU:total 8 (4 cores per cpu, 2 threads per core) family 6 model 60 stepping 3, cmov, cx8, fxsr, mmx, sse, sse2, sse3, ssse3, sse4.1, sse4.2, popcnt, avx, avx2, aes, clmul, erms, lzcnt, ht, tsc, tscinvbit, bmi1, bmi2

Memory: 4k page, physical 16698648k(11315360k free), swap 19713304k(13321732k free)

vm_info: Java HotSpot(TM) 64-Bit Server VM (25.51-b03) for windows-amd64 JRE (1.8.0_51-b16), built on Jun  8 2015 18:03:07 by "java_re" with MS VC++ 10.0 (VS2010)

time: Tue Feb 21 09:13:55 2017
elapsed time: 21 seconds (0d 0h 0m 21s)

