#
# A fatal error has been detected by the Java Runtime Environment:
#
#  EXCEPTION_ACCESS_VIOLATION (0xc0000005) at pc=0x000007fefa0c4efe, pid=4464, tid=0x0000000000000554
#
# JRE version: Java(TM) SE Runtime Environment (8.0_92-b14) (build 1.8.0_92-b14)
# Java VM: Java HotSpot(TM) 64-Bit Server VM (25.92-b14 mixed mode windows-amd64 compressed oops)
# Problematic frame:
# C  [OpenIMAJGrabber.dll+0x4efe]
#
# Failed to write core dump. Minidumps are not enabled by default on client versions of Windows
#
# If you would like to submit a bug report, please visit:
#   http://bugreport.java.com/bugreport/crash.jsp
# The crash happened outside the Java Virtual Machine in native code.
# See problematic frame for where to report the bug.
#

---------------  T H R E A D  ---------------

Current thread (0x00000000578f9800):  JavaThread "Finalizer" daemon [_thread_in_native, id=1364, stack(0x00000000588e0000,0x00000000589e0000)]

siginfo: ExceptionCode=0xc0000005, reading address 0x0000000000000000

Registers:
RAX=0x0000000000000000, RBX=0x0000000059307d30, RCX=0x0000000000000000, RDX=0x0000000000000000
RSP=0x00000000589deb38, RBP=0x00000000589deb90, RSI=0x0000000059307850, RDI=0x00000000589deb90
R8 =0x00000000000000b4, R9 =0x0000000000000000, R10=0x0000000061258d00, R11=0x0000000000000002
R12=0x00000000593054e0, R13=0x00000000589dec80, R14=0x00000000589dec80, R15=0x00000000589ded70
RIP=0x000007fefa0c4efe, EFLAGS=0x0000000000010246

Top of Stack: (sp=0x00000000589deb38)
0x00000000589deb38:   000007fefa0c17c5 0000000000000000
0x00000000589deb48:   0000000000000000 00000000593054e0
0x00000000589deb58:   00000000578f9800 00000000593054e0
0x00000000589deb68:   000007fefa2b95be 0000000059307d30
0x00000000589deb78:   0000000000000140 00000000000000b4
0x00000000589deb88:   0000000000000000 00000000578f99f8
0x00000000589deb98:   00000000589dec80 0000000000000000
0x00000000589deba8:   000007fefa2b3541 00000000589dec80
0x00000000589debb8:   00000000593054e0 00000000578f99f8
0x00000000589debc8:   00000000593051b0 00000000593054e0
0x00000000589debd8:   000007fefa2b1c30 0000000059f3bf60
0x00000000589debe8:   00000000589decd0 00000000593051b0
0x00000000589debf8:   00000000578f99f8 0000000059f3bf00
0x00000000589dec08:   0000000060210b00 0000000000000000
0x00000000589dec18:   00000000593054e0 00000000589ddcb0
0x00000000589dec28:   000000006195a085 00000000578f9800 

Instructions: (pc=0x000007fefa0c4efe)
0x000007fefa0c4ede:   00 8a 44 24 21 48 83 c4 38 c3 cc cc cc cc cc cc
0x000007fefa0c4eee:   cc cc 89 54 24 10 48 89 4c 24 08 48 8b 44 24 08
0x000007fefa0c4efe:   8b 00 39 44 24 10 7d 23 48 63 4c 24 10 48 8b 44
0x000007fefa0c4f0e:   24 08 48 8b 84 c8 98 00 00 00 0f b6 80 8a 00 00 


Register to memory mapping:

RAX=0x0000000000000000 is an unknown value
RBX=0x0000000059307d30 is an unknown value
RCX=0x0000000000000000 is an unknown value
RDX=0x0000000000000000 is an unknown value
RSP=0x00000000589deb38 is pointing into the stack for thread: 0x00000000578f9800
RBP=0x00000000589deb90 is pointing into the stack for thread: 0x00000000578f9800
RSI=0x0000000059307850 is an unknown value
RDI=0x00000000589deb90 is pointing into the stack for thread: 0x00000000578f9800
R8 =0x00000000000000b4 is an unknown value
R9 =0x0000000000000000 is an unknown value
R10={method} {0x0000000061258d08} 'getAddress' '(Lorg/bridj/NativeObject;Ljava/lang/Class;)J' in 'org/bridj/Pointer'
R11=0x0000000000000002 is an unknown value
R12=0x00000000593054e0 is an unknown value
R13=0x00000000589dec80 is pointing into the stack for thread: 0x00000000578f9800
R14=0x00000000589dec80 is pointing into the stack for thread: 0x00000000578f9800
R15=0x00000000589ded70 is pointing into the stack for thread: 0x00000000578f9800


Stack: [0x00000000588e0000,0x00000000589e0000],  sp=0x00000000589deb38,  free space=1018k
Native frames: (J=compiled Java code, j=interpreted, Vv=VM code, C=native code)
C  [OpenIMAJGrabber.dll+0x4efe]

Java frames: (J=compiled Java code, j=interpreted, Vv=VM code)
j  org.openimaj.video.capture.OpenIMAJGrabber.stopSession()V+0
j  org.openimaj.video.capture.VideoCapture.stopCapture()V+16
j  org.openimaj.video.capture.VideoCapture.close()V+1
j  org.openimaj.video.capture.VideoCapture.finalize()V+1
J 1076 C1 java.lang.ref.Finalizer.runFinalizer(Lsun/misc/JavaLangAccess;)V (62 bytes) @ 0x0000000002e23cec [0x0000000002e23780+0x56c]
J 1075 C1 java.lang.ref.Finalizer.access$100(Ljava/lang/ref/Finalizer;Lsun/misc/JavaLangAccess;)V (6 bytes) @ 0x0000000002e1875c [0x0000000002e18700+0x5c]
j  java.lang.ref.Finalizer$FinalizerThread.run()V+45
v  ~StubRoutines::call_stub

---------------  P R O C E S S  ---------------

Java Threads: ( => current thread )
  0x000000005901e000 JavaThread "DestroyJavaVM" [_thread_blocked, id=9096, stack(0x0000000002690000,0x0000000002790000)]
  0x0000000059060800 JavaThread "InputLogin" [_thread_in_Java, id=2352, stack(0x00000000610b0000,0x00000000611b0000)]
  0x000000005905d000 JavaThread "Input" [_thread_in_Java, id=7072, stack(0x0000000060fb0000,0x00000000610b0000)]
  0x0000000059d89800 JavaThread "Prism Font Disposer" daemon [_thread_blocked, id=9160, stack(0x000000005e3d0000,0x000000005e4d0000)]
  0x00000000599b5000 JavaThread "Thread-3" daemon [_thread_in_native, id=9164, stack(0x000000005c030000,0x000000005c130000)]
  0x0000000059979000 JavaThread "Thread-1" daemon [_thread_blocked, id=8080, stack(0x000000005a770000,0x000000005a870000)]
  0x0000000058f04000 JavaThread "Service Thread" daemon [_thread_blocked, id=8464, stack(0x00000000596e0000,0x00000000597e0000)]
  0x0000000058e82000 JavaThread "C1 CompilerThread2" daemon [_thread_blocked, id=9052, stack(0x0000000059500000,0x0000000059600000)]
  0x0000000058e81000 JavaThread "C2 CompilerThread1" daemon [_thread_blocked, id=8328, stack(0x0000000059340000,0x0000000059440000)]
  0x0000000057919000 JavaThread "C2 CompilerThread0" daemon [_thread_blocked, id=9120, stack(0x0000000058d80000,0x0000000058e80000)]
  0x0000000057914800 JavaThread "Attach Listener" daemon [_thread_blocked, id=6072, stack(0x0000000058be0000,0x0000000058ce0000)]
  0x0000000057913000 JavaThread "Signal Dispatcher" daemon [_thread_blocked, id=7656, stack(0x0000000058a00000,0x0000000058b00000)]
=>0x00000000578f9800 JavaThread "Finalizer" daemon [_thread_in_native, id=1364, stack(0x00000000588e0000,0x00000000589e0000)]
  0x00000000578b2800 JavaThread "Reference Handler" daemon [_thread_blocked, id=8232, stack(0x0000000058620000,0x0000000058720000)]

Other Threads:
  0x00000000578ab000 VMThread [stack: 0x00000000587a0000,0x00000000588a0000] [id=7760]
  0x0000000058f1d000 WatcherThread [stack: 0x0000000059840000,0x0000000059940000] [id=1692]

VM state:not at safepoint (normal execution)

VM Mutex/Monitor currently owned by a thread: None

Heap:
 PSYoungGen      total 220672K, used 70097K [0x00000000d5f80000, 0x00000000f9080000, 0x0000000100000000)
  eden space 220160K, 31% used [0x00000000d5f80000,0x00000000da3ec430,0x00000000e3680000)
  from space 512K, 6% used [0x00000000f9000000,0x00000000f9008000,0x00000000f9080000)
  to   space 512K, 0% used [0x00000000f8f80000,0x00000000f8f80000,0x00000000f9000000)
 ParOldGen       total 87552K, used 19110K [0x0000000081e00000, 0x0000000087380000, 0x00000000d5f80000)
  object space 87552K, 21% used [0x0000000081e00000,0x00000000830a9bd0,0x0000000087380000)
 Metaspace       used 19382K, capacity 20218K, committed 20480K, reserved 1067008K
  class space    used 2554K, capacity 2748K, committed 2816K, reserved 1048576K

Card table byte_map: [0x0000000011e20000,0x0000000012220000] byte_map_base: 0x0000000011a11000

Marking Bits: (ParMarkBitMap*) 0x00000000620464f0
 Begin Bits: [0x0000000012c10000, 0x0000000014b98000)
 End Bits:   [0x0000000014b98000, 0x0000000016b20000)

Polling page: 0x0000000000140000

CodeCache: size=245760Kb used=6978Kb max_used=6978Kb free=238781Kb
 bounds [0x0000000002a60000, 0x0000000003140000, 0x0000000011a60000]
 total_blobs=2964 nmethods=2290 adapters=585
 compilation: enabled

Compilation events (10 events):
Event: 49.352 Thread 0x0000000058e82000 2590       3       javafx.geometry.Point3D::<init> (26 bytes)
Event: 49.352 Thread 0x0000000058e82000 nmethod 2590 0x0000000002e53b90 code [0x0000000002e53ce0, 0x0000000002e53eb0]
Event: 50.255 Thread 0x0000000058e82000 2591       3       com.sun.prism.impl.shape.NativePiscesRasterizer::getMaskData (621 bytes)
Event: 50.257 Thread 0x0000000058e82000 nmethod 2591 0x00000000031348d0 code [0x0000000003134de0, 0x0000000003137e08]
Event: 50.708 Thread 0x0000000058e82000 2592       1       com.sun.glass.ui.Application::hasWindowManager (2 bytes)
Event: 50.709 Thread 0x0000000058e82000 nmethod 2592 0x0000000002e538d0 code [0x0000000002e53a20, 0x0000000002e53b30]
Event: 50.711 Thread 0x0000000058e82000 2593       3       java.lang.invoke.MethodHandles$Lookup::checkAccess (250 bytes)
Event: 50.712 Thread 0x0000000058e82000 nmethod 2593 0x00000000031324d0 code [0x0000000003132780, 0x0000000003133fc8]
Event: 50.713 Thread 0x0000000058e82000 2594       3       java.lang.invoke.ConstantCallSite::getTarget (20 bytes)
Event: 50.713 Thread 0x0000000058e82000 nmethod 2594 0x0000000003132010 code [0x0000000003132180, 0x00000000031323e8]

GC Heap History (10 events):
Event: 50.910 GC heap before
{Heap before GC invocations=486 (full 1):
 PSYoungGen      total 180224K, used 179744K [0x00000000d5f80000, 0x00000000f9080000, 0x0000000100000000)
  eden space 179712K, 100% used [0x00000000d5f80000,0x00000000e0f00000,0x00000000e0f00000)
  from space 512K, 6% used [0x00000000f9000000,0x00000000f9008000,0x00000000f9080000)
  to   space 512K, 0% used [0x00000000f8f80000,0x00000000f8f80000,0x00000000f9000000)
 ParOldGen       total 87552K, used 19110K [0x0000000081e00000, 0x0000000087380000, 0x00000000d5f80000)
  object space 87552K, 21% used [0x0000000081e00000,0x00000000830a9bd0,0x0000000087380000)
 Metaspace       used 19382K, capacity 20218K, committed 20480K, reserved 1067008K
  class space    used 2554K, capacity 2748K, committed 2816K, reserved 1048576K
Event: 50.910 GC heap after
Heap after GC invocations=486 (full 1):
 PSYoungGen      total 173056K, used 0K [0x00000000d5f80000, 0x00000000f9080000, 0x0000000100000000)
  eden space 172544K, 0% used [0x00000000d5f80000,0x00000000d5f80000,0x00000000e0800000)
  from space 512K, 0% used [0x00000000f8f80000,0x00000000f8f80000,0x00000000f9000000)
  to   space 512K, 0% used [0x00000000f9000000,0x00000000f9000000,0x00000000f9080000)
 ParOldGen       total 87552K, used 19110K [0x0000000081e00000, 0x0000000087380000, 0x00000000d5f80000)
  object space 87552K, 21% used [0x0000000081e00000,0x00000000830a9bd0,0x0000000087380000)
 Metaspace       used 19382K, capacity 20218K, committed 20480K, reserved 1067008K
  class space    used 2554K, capacity 2748K, committed 2816K, reserved 1048576K
}
Event: 50.971 GC heap before
{Heap before GC invocations=487 (full 1):
 PSYoungGen      total 173056K, used 172544K [0x00000000d5f80000, 0x00000000f9080000, 0x0000000100000000)
  eden space 172544K, 100% used [0x00000000d5f80000,0x00000000e0800000,0x00000000e0800000)
  from space 512K, 0% used [0x00000000f8f80000,0x00000000f8f80000,0x00000000f9000000)
  to   space 512K, 0% used [0x00000000f9000000,0x00000000f9000000,0x00000000f9080000)
 ParOldGen       total 87552K, used 19110K [0x0000000081e00000, 0x0000000087380000, 0x00000000d5f80000)
  object space 87552K, 21% used [0x0000000081e00000,0x00000000830a9bd0,0x0000000087380000)
 Metaspace       used 19382K, capacity 20218K, committed 20480K, reserved 1067008K
  class space    used 2554K, capacity 2748K, committed 2816K, reserved 1048576K
Event: 50.972 GC heap after
Heap after GC invocations=487 (full 1):
 PSYoungGen      total 165888K, used 32K [0x00000000d5f80000, 0x00000000f9080000, 0x0000000100000000)
  eden space 165376K, 0% used [0x00000000d5f80000,0x00000000d5f80000,0x00000000e0100000)
  from space 512K, 6% used [0x00000000f9000000,0x00000000f9008000,0x00000000f9080000)
  to   space 512K, 0% used [0x00000000f8f80000,0x00000000f8f80000,0x00000000f9000000)
 ParOldGen       total 87552K, used 19110K [0x0000000081e00000, 0x0000000087380000, 0x00000000d5f80000)
  object space 87552K, 21% used [0x0000000081e00000,0x00000000830a9bd0,0x0000000087380000)
 Metaspace       used 19382K, capacity 20218K, committed 20480K, reserved 1067008K
  class space    used 2554K, capacity 2748K, committed 2816K, reserved 1048576K
}
Event: 51.030 GC heap before
{Heap before GC invocations=488 (full 1):
 PSYoungGen      total 165888K, used 165408K [0x00000000d5f80000, 0x00000000f9080000, 0x0000000100000000)
  eden space 165376K, 100% used [0x00000000d5f80000,0x00000000e0100000,0x00000000e0100000)
  from space 512K, 6% used [0x00000000f9000000,0x00000000f9008000,0x00000000f9080000)
  to   space 512K, 0% used [0x00000000f8f80000,0x00000000f8f80000,0x00000000f9000000)
 ParOldGen       total 87552K, used 19110K [0x0000000081e00000, 0x0000000087380000, 0x00000000d5f80000)
  object space 87552K, 21% used [0x0000000081e00000,0x00000000830a9bd0,0x0000000087380000)
 Metaspace       used 19382K, capacity 20218K, committed 20480K, reserved 1067008K
  class space    used 2554K, capacity 2748K, committed 2816K, reserved 1048576K
Event: 51.030 GC heap after
Heap after GC invocations=488 (full 1):
 PSYoungGen      total 159232K, used 32K [0x00000000d5f80000, 0x00000000f9080000, 0x0000000100000000)
  eden space 158720K, 0% used [0x00000000d5f80000,0x00000000d5f80000,0x00000000dfa80000)
  from space 512K, 6% used [0x00000000f8f80000,0x00000000f8f88000,0x00000000f9000000)
  to   space 512K, 0% used [0x00000000f9000000,0x00000000f9000000,0x00000000f9080000)
 ParOldGen       total 87552K, used 19110K [0x0000000081e00000, 0x0000000087380000, 0x00000000d5f80000)
  object space 87552K, 21% used [0x0000000081e00000,0x00000000830a9bd0,0x0000000087380000)
 Metaspace       used 19382K, capacity 20218K, committed 20480K, reserved 1067008K
  class space    used 2554K, capacity 2748K, committed 2816K, reserved 1048576K
}
Event: 51.086 GC heap before
{Heap before GC invocations=489 (full 1):
 PSYoungGen      total 159232K, used 158752K [0x00000000d5f80000, 0x00000000f9080000, 0x0000000100000000)
  eden space 158720K, 100% used [0x00000000d5f80000,0x00000000dfa80000,0x00000000dfa80000)
  from space 512K, 6% used [0x00000000f8f80000,0x00000000f8f88000,0x00000000f9000000)
  to   space 512K, 0% used [0x00000000f9000000,0x00000000f9000000,0x00000000f9080000)
 ParOldGen       total 87552K, used 19110K [0x0000000081e00000, 0x0000000087380000, 0x00000000d5f80000)
  object space 87552K, 21% used [0x0000000081e00000,0x00000000830a9bd0,0x0000000087380000)
 Metaspace       used 19382K, capacity 20218K, committed 20480K, reserved 1067008K
  class space    used 2554K, capacity 2748K, committed 2816K, reserved 1048576K
Event: 51.087 GC heap after
Heap after GC invocations=489 (full 1):
 PSYoungGen      total 153088K, used 32K [0x00000000d5f80000, 0x00000000f9080000, 0x0000000100000000)
  eden space 152576K, 0% used [0x00000000d5f80000,0x00000000d5f80000,0x00000000df480000)
  from space 512K, 6% used [0x00000000f9000000,0x00000000f9008000,0x00000000f9080000)
  to   space 512K, 0% used [0x00000000f8f80000,0x00000000f8f80000,0x00000000f9000000)
 ParOldGen       total 87552K, used 19110K [0x0000000081e00000, 0x0000000087380000, 0x00000000d5f80000)
  object space 87552K, 21% used [0x0000000081e00000,0x00000000830a9bd0,0x0000000087380000)
 Metaspace       used 19382K, capacity 20218K, committed 20480K, reserved 1067008K
  class space    used 2554K, capacity 2748K, committed 2816K, reserved 1048576K
}
Event: 51.141 GC heap before
{Heap before GC invocations=490 (full 1):
 PSYoungGen      total 153088K, used 152608K [0x00000000d5f80000, 0x00000000f9080000, 0x0000000100000000)
  eden space 152576K, 100% used [0x00000000d5f80000,0x00000000df480000,0x00000000df480000)
  from space 512K, 6% used [0x00000000f9000000,0x00000000f9008000,0x00000000f9080000)
  to   space 512K, 0% used [0x00000000f8f80000,0x00000000f8f80000,0x00000000f9000000)
 ParOldGen       total 87552K, used 19110K [0x0000000081e00000, 0x0000000087380000, 0x00000000d5f80000)
  object space 87552K, 21% used [0x0000000081e00000,0x00000000830a9bd0,0x0000000087380000)
 Metaspace       used 19382K, capacity 20218K, committed 20480K, reserved 1067008K
  class space    used 2554K, capacity 2748K, committed 2816K, reserved 1048576K
Event: 51.141 GC heap after
Heap after GC invocations=490 (full 1):
 PSYoungGen      total 183808K, used 0K [0x00000000d5f80000, 0x00000000f9080000, 0x0000000100000000)
  eden space 183296K, 0% used [0x00000000d5f80000,0x00000000d5f80000,0x00000000e1280000)
  from space 512K, 0% used [0x00000000f8f80000,0x00000000f8f80000,0x00000000f9000000)
  to   space 512K, 0% used [0x00000000f9000000,0x00000000f9000000,0x00000000f9080000)
 ParOldGen       total 87552K, used 19110K [0x0000000081e00000, 0x0000000087380000, 0x00000000d5f80000)
  object space 87552K, 21% used [0x0000000081e00000,0x00000000830a9bd0,0x0000000087380000)
 Metaspace       used 19382K, capacity 20218K, committed 20480K, reserved 1067008K
  class space    used 2554K, capacity 2748K, committed 2816K, reserved 1048576K
}

Deoptimization events (10 events):
Event: 14.349 Thread 0x000000005901f000 Uncommon trap: reason=unstable_if action=reinterpret pc=0x0000000002f951d4 method=java.io.BufferedReader.readLine(Z)Ljava/lang/String; @ 192
Event: 14.349 Thread 0x000000005901f000 Uncommon trap: reason=class_check action=maybe_recompile pc=0x0000000002b6e674 method=sun.nio.cs.UTF_8.updatePositions(Ljava/nio/Buffer;ILjava/nio/Buffer;I)V @ 3
Event: 14.349 Thread 0x000000005901f000 Uncommon trap: reason=class_check action=maybe_recompile pc=0x0000000002b6e674 method=sun.nio.cs.UTF_8.updatePositions(Ljava/nio/Buffer;ILjava/nio/Buffer;I)V @ 3
Event: 14.350 Thread 0x000000005901f000 Uncommon trap: reason=unstable_if action=reinterpret pc=0x0000000002fb1d94 method=java.net.SocketInputStream.read([BIII)I @ 4
Event: 14.532 Thread 0x000000005901f000 Uncommon trap: reason=unstable_if action=reinterpret pc=0x0000000002f92cdc method=java.net.SocketInputStream.read([BIII)I @ 4
Event: 25.634 Thread 0x000000005901e000 Uncommon trap: reason=unloaded action=reinterpret pc=0x0000000002f5cca0 method=org.openimaj.video.capture.VideoCapture.getNextFrame()Lorg/openimaj/image/MBFImage; @ 25
Event: 34.826 Thread 0x0000000059970800 Uncommon trap: reason=unstable_if action=reinterpret pc=0x0000000002e094bc method=java.lang.Math.round(D)J @ 48
Event: 34.828 Thread 0x0000000059942800 Uncommon trap: reason=unstable_if action=reinterpret pc=0x0000000002beed4c method=java.lang.Math.round(F)I @ 36
Event: 50.720 Thread 0x0000000059970800 Uncommon trap: reason=unstable_if action=reinterpret pc=0x0000000002e09484 method=java.util.concurrent.locks.ReentrantLock$NonfairSync.lock()V @ 6
Event: 50.721 Thread 0x0000000059970800 Uncommon trap: reason=unstable_if action=reinterpret pc=0x0000000002cb21f0 method=java.util.concurrent.locks.ReentrantLock$Sync.tryRelease(I)Z @ 28

Internal exceptions (10 events):
Event: 10.022 Thread 0x0000000059ca7000 Exception <a 'java/lang/NoSuchMethodError': apply> (0x00000000d6a39920) thrown at [D:\re\workspace\8-2-build-windows-amd64-cygwin\jdk8u92\6642\hotspot\src\share\vm\prims\jni.cpp, line 1613]
Event: 10.029 Thread 0x0000000059ca7000 Exception <a 'java/lang/NoSuchMethodError': getNumDevices> (0x00000000d6a58480) thrown at [D:\re\workspace\8-2-build-windows-amd64-cygwin\jdk8u92\6642\hotspot\src\share\vm\prims\jni.cpp, line 1613]
Event: 10.029 Thread 0x0000000059ca7000 Exception <a 'java/lang/NoSuchMethodError': getDevice> (0x00000000d6a586e0) thrown at [D:\re\workspace\8-2-build-windows-amd64-cygwin\jdk8u92\6642\hotspot\src\share\vm\prims\jni.cpp, line 1613]
Event: 10.030 Thread 0x0000000059ca7000 Exception <a 'java/lang/NoSuchMethodError': getName> (0x00000000d6a5ec90) thrown at [D:\re\workspace\8-2-build-windows-amd64-cygwin\jdk8u92\6642\hotspot\src\share\vm\prims\jni.cpp, line 1613]
Event: 10.030 Thread 0x0000000059ca7000 Exception <a 'java/lang/NoSuchMethodError': getIdentifier> (0x00000000d6a5eef8) thrown at [D:\re\workspace\8-2-build-windows-amd64-cygwin\jdk8u92\6642\hotspot\src\share\vm\prims\jni.cpp, line 1613]
Event: 10.336 Thread 0x0000000059ca7000 Implicit null exception at 0x0000000002c73646 to 0x0000000002c73965
Event: 10.630 Thread 0x000000005901e000 Exception <a 'java/lang/NoSuchMethodError': <clinit>> (0x00000000d703aff8) thrown at [D:\re\workspace\8-2-build-windows-amd64-cygwin\jdk8u92\6642\hotspot\src\share\vm\prims\jni.cpp, line 1613]
Event: 50.659 Thread 0x000000005901f000 Exception <a 'java/net/SocketException': Socket closed> (0x00000000e0d3ad78) thrown at [D:\re\workspace\8-2-build-windows-amd64-cygwin\jdk8u92\6642\hotspot\src\share\vm\prims\jni.cpp, line 735]
Event: 50.660 Thread 0x0000000059020000 Exception <a 'java/net/SocketException': Socket closed> (0x00000000e0d3b578) thrown at [D:\re\workspace\8-2-build-windows-amd64-cygwin\jdk8u92\6642\hotspot\src\share\vm\prims\jni.cpp, line 735]
Event: 50.660 Thread 0x0000000059ca7000 Exception <a 'java/net/SocketException': socket closed> (0x00000000e0d9d230) thrown at [D:\re\workspace\8-2-build-windows-amd64-cygwin\jdk8u92\6642\hotspot\src\share\vm\prims\jni.cpp, line 735]

Events (10 events):
Event: 50.971 Executing VM operation: ParallelGCFailedAllocation
Event: 50.972 Executing VM operation: ParallelGCFailedAllocation done
Event: 51.030 Executing VM operation: ParallelGCFailedAllocation
Event: 51.030 Executing VM operation: ParallelGCFailedAllocation done
Event: 51.086 Executing VM operation: ParallelGCFailedAllocation
Event: 51.087 Executing VM operation: ParallelGCFailedAllocation done
Event: 51.141 Executing VM operation: ParallelGCFailedAllocation
Event: 51.142 Executing VM operation: ParallelGCFailedAllocation done
Event: 51.169 Executing VM operation: RevokeBias
Event: 51.169 Executing VM operation: RevokeBias done


Dynamic libraries:
0x000000013f240000 - 0x000000013f277000 	C:\Program Files\Java\jdk1.8.0_92\jre\bin\java.exe
0x00000000775a0000 - 0x000000007774a000 	C:\WINDOWS\SYSTEM32\ntdll.dll
0x0000000077380000 - 0x000000007749f000 	C:\WINDOWS\system32\kernel32.dll
0x000007fefd620000 - 0x000007fefd68a000 	C:\WINDOWS\system32\KERNELBASE.dll
0x000007fefe320000 - 0x000007fefe3fb000 	C:\WINDOWS\system32\ADVAPI32.dll
0x000007fefda40000 - 0x000007fefdadf000 	C:\WINDOWS\system32\msvcrt.dll
0x000007fefd6b0000 - 0x000007fefd6cf000 	C:\WINDOWS\SYSTEM32\sechost.dll
0x000007feff780000 - 0x000007feff8ad000 	C:\WINDOWS\system32\RPCRT4.dll
0x00000000774a0000 - 0x000000007759a000 	C:\WINDOWS\system32\USER32.dll
0x000007fefe4a0000 - 0x000007fefe507000 	C:\WINDOWS\system32\GDI32.dll
0x000007fefe170000 - 0x000007fefe17e000 	C:\WINDOWS\system32\LPK.dll
0x000007fefd7e0000 - 0x000007fefd8aa000 	C:\WINDOWS\system32\USP10.dll
0x000007fefc160000 - 0x000007fefc354000 	C:\WINDOWS\WinSxS\amd64_microsoft.windows.common-controls_6595b64144ccf1df_6.0.7601.18837_none_fa3b1e3d17594757\COMCTL32.dll
0x000007fefe2a0000 - 0x000007fefe311000 	C:\WINDOWS\system32\SHLWAPI.dll
0x000007fefe7e0000 - 0x000007fefe80e000 	C:\WINDOWS\system32\IMM32.DLL
0x000007fefd6d0000 - 0x000007fefd7d9000 	C:\WINDOWS\system32\MSCTF.dll
0x000000006dda0000 - 0x000000006de72000 	C:\Program Files\Java\jdk1.8.0_92\jre\bin\msvcr100.dll
0x0000000061830000 - 0x00000000620c6000 	C:\Program Files\Java\jdk1.8.0_92\jre\bin\server\jvm.dll
0x000007fef8bc0000 - 0x000007fef8bc9000 	C:\WINDOWS\system32\WSOCK32.dll
0x000007fefe510000 - 0x000007fefe55d000 	C:\WINDOWS\system32\WS2_32.dll
0x000007fefe560000 - 0x000007fefe568000 	C:\WINDOWS\system32\NSI.dll
0x000007fefa690000 - 0x000007fefa6cb000 	C:\WINDOWS\system32\WINMM.dll
0x000007fefbf70000 - 0x000007fefbf7c000 	C:\WINDOWS\system32\VERSION.dll
0x0000000077770000 - 0x0000000077777000 	C:\WINDOWS\system32\PSAPI.DLL
0x000000006e590000 - 0x000000006e59f000 	C:\Program Files\Java\jdk1.8.0_92\jre\bin\verify.dll
0x000000006e360000 - 0x000000006e389000 	C:\Program Files\Java\jdk1.8.0_92\jre\bin\java.dll
0x000000006e3f0000 - 0x000000006e406000 	C:\Program Files\Java\jdk1.8.0_92\jre\bin\zip.dll
0x000007fefe9f0000 - 0x000007feff779000 	C:\WINDOWS\system32\SHELL32.dll
0x000007fefe570000 - 0x000007fefe773000 	C:\WINDOWS\system32\ole32.dll
0x000007fefd2e0000 - 0x000007fefd2ef000 	C:\WINDOWS\system32\profapi.dll
0x000007fef2710000 - 0x000007fef27ff000 	C:\Program Files\Java\jdk1.8.0_92\jre\bin\msvcr120.dll
0x000007fefa0e0000 - 0x000007fefa186000 	C:\Program Files\Java\jdk1.8.0_92\jre\bin\msvcp120.dll
0x00000000748e0000 - 0x0000000074902000 	C:\Program Files\Java\jdk1.8.0_92\jre\bin\prism_d3d.dll
0x000007fef32d0000 - 0x000007fef34cf000 	C:\WINDOWS\system32\d3d9.dll
0x000007fef32c0000 - 0x000007fef32c7000 	C:\WINDOWS\system32\d3d8thk.dll
0x000007fefaef0000 - 0x000007fefaf08000 	C:\WINDOWS\system32\dwmapi.dll
0x000007fefb0b0000 - 0x000007fefb106000 	C:\WINDOWS\system32\uxtheme.dll
0x000000006e630000 - 0x000000006e673000 	C:\Program Files\Java\jdk1.8.0_92\jre\bin\glass.dll
0x000007fefe200000 - 0x000007fefe297000 	C:\WINDOWS\system32\COMDLG32.dll
0x000007fefdae0000 - 0x000007fefdbba000 	C:\WINDOWS\system32\OLEAUT32.dll
0x000007fefd170000 - 0x000007fefd17f000 	C:\WINDOWS\system32\CRYPTBASE.dll
0x000007fef67b0000 - 0x000007fef67c2000 	C:\WINDOWS\SysWOW64\LskHook64.dll
0x0000000071100000 - 0x0000000071125000 	C:\Users\ReyL03\.jssc\windows\jSSC-2.8_x86_64.dll
0x000000006e3d0000 - 0x000000006e3ea000 	C:\Program Files\Java\jdk1.8.0_92\jre\bin\net.dll
0x000007fefcab0000 - 0x000007fefcb05000 	C:\WINDOWS\system32\mswsock.dll
0x000007fefcaa0000 - 0x000007fefcaa7000 	C:\WINDOWS\System32\wship6.dll
0x00000000748c0000 - 0x00000000748d4000 	C:\Program Files\Java\jdk1.8.0_92\jre\bin\javafx_font.dll
0x000007fef1ad0000 - 0x000007fef1c67000 	C:\WINDOWS\system32\dwrite.dll
0x000007fefe400000 - 0x000007fefe499000 	C:\WINDOWS\system32\CLBCatQ.DLL
0x000007fefad40000 - 0x000007fefaea1000 	C:\WINDOWS\system32\WindowsCodecs.dll
0x000007fefd110000 - 0x000007fefd167000 	C:\WINDOWS\system32\apphelp.dll
0x000007fef00f0000 - 0x000007fef0138000 	C:\Program Files (x86)\Dropbox\Client\DropboxExt64.14.0.dll
0x000007feea7c0000 - 0x000007feea880000 	C:\Program Files (x86)\Google\Drive\googledrivesync64.dll
0x0000000074ec0000 - 0x0000000074f93000 	C:\WINDOWS\WinSxS\amd64_microsoft.vc90.crt_1fc8b3b9a1e18e3b_9.0.30729.6161_none_08e61857a83bc251\MSVCP90.dll
0x0000000074fa0000 - 0x0000000075043000 	C:\WINDOWS\WinSxS\amd64_microsoft.vc90.crt_1fc8b3b9a1e18e3b_9.0.30729.6161_none_08e61857a83bc251\MSVCR90.dll
0x00000000748a0000 - 0x00000000748b1000 	C:\Program Files\Java\jdk1.8.0_92\jre\bin\prism_common.dll
0x000007fefcb10000 - 0x000007fefcb28000 	C:\WINDOWS\system32\CRYPTSP.dll
0x000007fefc810000 - 0x000007fefc857000 	C:\WINDOWS\system32\rsaenh.dll
0x000007fefd2f0000 - 0x000007fefd30e000 	C:\WINDOWS\system32\USERENV.dll
0x000007fefbf40000 - 0x000007fefbf67000 	C:\WINDOWS\system32\IPHLPAPI.DLL
0x000007fefbf30000 - 0x000007fefbf3b000 	C:\WINDOWS\system32\WINNSI.DLL
0x000007fefa930000 - 0x000007fefa941000 	C:\WINDOWS\system32\dhcpcsvc6.DLL
0x000007fefa950000 - 0x000007fefa968000 	C:\WINDOWS\system32\dhcpcsvc.DLL
0x000000006e340000 - 0x000000006e351000 	C:\Program Files\Java\jdk1.8.0_92\jre\bin\nio.dll
0x000007fefa2b0000 - 0x000007fefa2d9000 	C:\Users\ReyL03\AppData\Local\Temp\BridJExtractedLibraries3029631478614106322\bridj.dll
0x000007fefa0c0000 - 0x000007fefa0d4000 	C:\Users\ReyL03\AppData\Local\Temp\BridJExtractedLibraries3029631478614106322\OpenIMAJGrabber.dll
0x0000000059440000 - 0x00000000594d8000 	C:\WINDOWS\system32\MSVCP100.dll
0x000007fef9920000 - 0x000007fef9936000 	C:\Windows\system32\devenum.dll
0x000007fefe810000 - 0x000007fefe9e7000 	C:\WINDOWS\system32\setupapi.dll
0x000007fefd590000 - 0x000007fefd5c6000 	C:\WINDOWS\system32\CFGMGR32.dll
0x000007fefd320000 - 0x000007fefd33a000 	C:\WINDOWS\system32\DEVOBJ.dll
0x000007fefbae0000 - 0x000007fefbb0d000 	C:\WINDOWS\system32\ntmarta.dll
0x000007fefe780000 - 0x000007fefe7d2000 	C:\WINDOWS\system32\WLDAP32.dll
0x000007fefd5e0000 - 0x000007fefd61b000 	C:\WINDOWS\system32\WINTRUST.dll
0x000007fefd370000 - 0x000007fefd4dd000 	C:\WINDOWS\system32\CRYPT32.dll
0x000007fefd2d0000 - 0x000007fefd2df000 	C:\WINDOWS\system32\MSASN1.dll
0x000007fefb400000 - 0x000007fefb40d000 	C:\WINDOWS\system32\msdmo.dll
0x000007fef2c70000 - 0x000007fef2c9f000 	C:\Windows\system32\qcap.dll
0x000007fee4e70000 - 0x000007fee5023000 	C:\Windows\system32\quartz.dll
0x000007fee9b30000 - 0x000007fee9b71000 	C:\Windows\system32\ksproxy.ax
0x0000000074d30000 - 0x0000000074d36000 	C:\Windows\system32\ksuser.dll
0x000007fef2c40000 - 0x000007fef2c64000 	C:\Windows\system32\kswdmcap.ax
0x000007fee50c0000 - 0x000007fee521c000 	C:\Windows\system32\MFC42.dll
0x000007fef7790000 - 0x000007fef7841000 	C:\Windows\system32\ODBC32.dll
0x0000000072970000 - 0x00000000729a8000 	C:\Windows\system32\odbcint.dll
0x000007fef3150000 - 0x000007fef3164000 	C:\WINDOWS\system32\ksxbar.ax
0x000007fee4dd0000 - 0x000007fee4e6b000 	C:\Windows\System32\qedit.dll
0x000007feea3f0000 - 0x000007feea419000 	C:\Windows\System32\MSVFW32.dll
0x000007fefc420000 - 0x000007fefc636000 	C:\WINDOWS\WinSxS\amd64_microsoft.windows.gdiplus_6595b64144ccf1df_1.1.7601.23545_none_14599ab28b920323\gdiplus.dll
0x000007fee2450000 - 0x000007fee2541000 	C:\WINDOWS\system32\DDRAW.dll
0x000007fef2050000 - 0x000007fef2058000 	C:\WINDOWS\system32\DCIMAN32.dll
0x000007fef9470000 - 0x000007fef9595000 	C:\WINDOWS\system32\dbghelp.dll

VM Arguments:
jvm_args: -Dfile.encoding=UTF-8 
java_command: C:\panorabotServer\dist\run353601674\panorabotServer.jar
java_class_path (initial): C:\panorabotServer\dist\run353601674\panorabotServer.jar
Launcher Type: SUN_STANDARD

Environment Variables:
PATH=C:\Program Files\Common Files\Microsoft Shared\Windows Live;C:\Program Files (x86)\Common Files\Microsoft Shared\Windows Live;C:\ProgramData\Oracle\Java\javapath;C:\WINDOWS\system32;C:\WINDOWS;C:\WINDOWS\System32\Wbem;C:\Program Files (x86)\Microsoft Application Virtualization Client;C:\WINDOWS\System32\WindowsPowerShell\v1.0\;C:\Program Files (x86)\Brackets\command;C:\Program Files (x86)\Windows Live\Shared;C:\WINDOWS\system32\wbem;C:\Program Files (x86)\IVT Corporation\BlueSoleil\Mobile;C:\Program Files (x86)\IVI Foundation\VISA\WinNT\Bin
USERNAME=ReyL03
OS=Windows_NT
PROCESSOR_IDENTIFIER=Intel64 Family 6 Model 58 Stepping 9, GenuineIntel



---------------  S Y S T E M  ---------------

OS: Windows 7 , 64 bit Build 7601 (6.1.7601.23572)

CPU:total 4 (4 cores per cpu, 1 threads per core) family 6 model 58 stepping 9, cmov, cx8, fxsr, mmx, sse, sse2, sse3, ssse3, sse4.1, sse4.2, popcnt, avx, aes, clmul, erms, tsc, tscinvbit, tscinv

Memory: 4k page, physical 8259664k(3880104k free), swap 16517468k(11704596k free)

vm_info: Java HotSpot(TM) 64-Bit Server VM (25.92-b14) for windows-amd64 JRE (1.8.0_92-b14), built on Mar 31 2016 21:03:04 by "java_re" with MS VC++ 10.0 (VS2010)

time: Fri Feb 24 09:03:39 2017
elapsed time: 51 seconds (0d 0h 0m 51s)

